Build started 1/2/2025 4:50:13 AM.
     1>Project "C:\Users\maik\Desktop\VxKex\VxKexLdr\VxKexLdr.vcxproj" on node 8 (rebuild target(s)).
     1>_PrepareForClean:
         Deleting file "x64\Release\VxKexLdr.lastbuildstate".
       InitializeBuildStatus:
         Creating "x64\Release\VxKexLdr.unsuccessfulbuild" because "AlwaysCreate" was specified.
       ClCompile:
         C:\Program Files (x86)\Microsoft Visual Studio 10.0\VC\bin\x86_amd64\CL.exe /c /I"C:\Users\maik\Desktop\VxKex\\00-Common Headers" /Zi /nologo /W3 /WX /MP /O1 /Oi /Os /Oy /GL /D WIN32 /D NDEBUG /D _WINDOWS /D _UNICODE /D UNICODE /Gm- /MD /GS- /Gy /fp:precise /Zc:wchar_t /Zc:forScope /Fo"x64\Release\\" /Fd"x64\Release\vc100.pdb" /Gz /TC /errorReport:prompt creaproc.c gui.c main.c
         creaproc.c
         gui.c
         main.c
       ResourceCompile:
         C:\Program Files (x86)\Microsoft SDKs\Windows\v7.0A\bin\rc.exe /D _UNICODE /D UNICODE /l"0x0409" /I"C:\Users\maik\Desktop\VxKex\\00-Common Headers" /nologo /fo"x64\Release\VxKexLdr.res" VxKexLdr.rc 
       Link:
         C:\Program Files (x86)\Microsoft Visual Studio 10.0\VC\bin\x86_amd64\link.exe /ERRORREPORT:PROMPT /OUT:"C:\Users\maik\Desktop\VxKex\x64\Release\VxKexLdr.exe" /INCREMENTAL:NO /NOLOGO /LIBPATH:C:\Users\maik\Desktop\VxKex\x64\Release\ /LIBPATH:"C:\Users\maik\Desktop\VxKex\\00-Import Libraries" Delayimp.lib /DELAYLOAD:ole32.dll /DELAYLOAD:comdlg32.dll /DELAYLOAD:user32.dll /DELAYLOAD:shell32.dll /DELAYLOAD:comctl32.dll /DELAYLOAD:gdi32.dll /MANIFEST /ManifestFile:"x64\Release\VxKexLdr.exe.intermediate.manifest" /MANIFESTUAC:"level='asInvoker' uiAccess='false'" /DEBUG /PDB:"C:\Users\maik\Desktop\VxKex\x64\Release\VxKexLdr.pdb" /SUBSYSTEM:WINDOWS /OPT:REF /OPT:ICF /LTCG /TLBID:1 /RELEASE /DYNAMICBASE /NXCOMPAT /IMPLIB:"C:\Users\maik\Desktop\VxKex\x64\Release\VxKexLdr.lib" /MACHINE:X64 x64\Release\VxKexLdr.res
         x64\Release\creaproc.obj
         x64\Release\gui.obj
         x64\Release\main.obj
         Generating code
         Finished generating code
         VxKexLdr.vcxproj -> C:\Users\maik\Desktop\VxKex\x64\Release\VxKexLdr.exe
       Manifest:
         C:\Program Files (x86)\Microsoft SDKs\Windows\v7.0A\bin\mt.exe /nologo /verbose /outputresource:"C:\Users\maik\Desktop\VxKex\x64\Release\VxKexLdr.exe;#1" /manifest x64\Release\VxKexLdr.exe.intermediate.manifest "C:\Program Files (x86)\Microsoft Visual Studio 10.0\VC\Include\Manifest\dpiaware.manifest"
       FinalizeBuildStatus:
         Deleting file "x64\Release\VxKexLdr.unsuccessfulbuild".
         Touching "x64\Release\VxKexLdr.lastbuildstate".
     1>Done Building Project "C:\Users\maik\Desktop\VxKex\VxKexLdr\VxKexLdr.vcxproj" (rebuild target(s)).

Build succeeded.

Time Elapsed 00:00:05.02
