C:\Users\maik\Desktop\VxKex\VxKexLdr\x64\Release\CL.10784.read.1.tlog
C:\Users\maik\Desktop\VxKex\VxKexLdr\x64\Release\CL.10784.write.1.tlog
C:\Users\maik\Desktop\VxKex\VxKexLdr\x64\Release\CL.4476.read.1.tlog
C:\Users\maik\Desktop\VxKex\VxKexLdr\x64\Release\CL.4476.write.1.tlog
C:\Users\maik\Desktop\VxKex\VxKexLdr\x64\Release\CL.7588.read.1.tlog
C:\Users\maik\Desktop\VxKex\VxKexLdr\x64\Release\CL.7588.write.1.tlog
C:\Users\maik\Desktop\VxKex\VxKexLdr\x64\Release\cl.command.1.tlog
C:\Users\maik\Desktop\VxKex\VxKexLdr\x64\Release\CL.read.1.tlog
C:\Users\maik\Desktop\VxKex\VxKexLdr\x64\Release\cl.write.1.tlog
C:\Users\maik\Desktop\VxKex\VxKexLdr\x64\Release\creaproc.obj
C:\Users\maik\Desktop\VxKex\VxKexLdr\x64\Release\gui.obj
C:\Users\maik\Desktop\VxKex\VxKexLdr\x64\Release\link.command.1.tlog
C:\Users\maik\Desktop\VxKex\VxKexLdr\x64\Release\link.read.1.tlog
C:\Users\maik\Desktop\VxKex\VxKexLdr\x64\Release\link.write.1.tlog
C:\Users\maik\Desktop\VxKex\VxKexLdr\x64\Release\link-cvtres.read.1.tlog
C:\Users\maik\Desktop\VxKex\VxKexLdr\x64\Release\link-cvtres.write.1.tlog
C:\Users\maik\Desktop\VxKex\VxKexLdr\x64\Release\main.obj
C:\Users\maik\Desktop\VxKex\VxKexLdr\x64\Release\mt.command.1.tlog
C:\Users\maik\Desktop\VxKex\VxKexLdr\x64\Release\mt.read.1.tlog
C:\Users\maik\Desktop\VxKex\VxKexLdr\x64\Release\mt.write.1.tlog
C:\Users\maik\Desktop\VxKex\VxKexLdr\x64\Release\rc.command.1.tlog
C:\Users\maik\Desktop\VxKex\VxKexLdr\x64\Release\rc.read.1.tlog
C:\Users\maik\Desktop\VxKex\VxKexLdr\x64\Release\rc.write.1.tlog
C:\USERS\MAIK\DESKTOP\VXKEX\VXKEXLDR\X64\RELEASE\VC100.PDB
C:\USERS\MAIK\DESKTOP\VXKEX\VXKEXLDR\X64\RELEASE\VXKEXLDR.EXE.INTERMEDIATE.MANIFEST
C:\USERS\MAIK\DESKTOP\VXKEX\VXKEXLDR\X64\RELEASE\VXKEXLDR.RES
C:\Users\maik\Desktop\VxKex\VxKexLdr\x64\Release\VxKexLdr.write.1.tlog
C:\USERS\MAIK\DESKTOP\VXKEX\X64\RELEASE\VXKEXLDR.EXE
C:\USERS\MAIK\DESKTOP\VXKEX\X64\RELEASE\VXKEXLDR.PDB
