C:\Users\maik\Desktop\VxKex\KexW32ML\x64\Release\CL.10788.read.1.tlog
C:\Users\maik\Desktop\VxKex\KexW32ML\x64\Release\CL.10788.write.1.tlog
C:\Users\maik\Desktop\VxKex\KexW32ML\x64\Release\CL.12580.read.1.tlog
C:\Users\maik\Desktop\VxKex\KexW32ML\x64\Release\CL.12580.write.1.tlog
C:\Users\maik\Desktop\VxKex\KexW32ML\x64\Release\CL.13248.read.1.tlog
C:\Users\maik\Desktop\VxKex\KexW32ML\x64\Release\CL.13248.write.1.tlog
C:\Users\maik\Desktop\VxKex\KexW32ML\x64\Release\CL.7976.read.1.tlog
C:\Users\maik\Desktop\VxKex\KexW32ML\x64\Release\CL.7976.write.1.tlog
C:\Users\maik\Desktop\VxKex\KexW32ML\x64\Release\cl.command.1.tlog
C:\Users\maik\Desktop\VxKex\KexW32ML\x64\Release\CL.read.1.tlog
C:\Users\maik\Desktop\VxKex\KexW32ML\x64\Release\cl.write.1.tlog
C:\Users\maik\Desktop\VxKex\KexW32ML\x64\Release\file.obj
C:\Users\maik\Desktop\VxKex\KexW32ML\x64\Release\kexw32ml.obj
C:\Users\maik\Desktop\VxKex\KexW32ML\x64\Release\KexW32ML.write.1.tlog
C:\Users\maik\Desktop\VxKex\KexW32ML\x64\Release\lib.command.1.tlog
C:\Users\maik\Desktop\VxKex\KexW32ML\x64\Release\Lib-link.read.1.tlog
C:\Users\maik\Desktop\VxKex\KexW32ML\x64\Release\Lib-link.write.1.tlog
C:\Users\maik\Desktop\VxKex\KexW32ML\x64\Release\registry.obj
C:\Users\maik\Desktop\VxKex\KexW32ML\x64\Release\txapi.obj
C:\USERS\MAIK\DESKTOP\VXKEX\KEXW32ML\X64\RELEASE\VC100.PDB
C:\USERS\MAIK\DESKTOP\VXKEX\X64\RELEASE\KEXW32ML.LIB
