Build started 2/17/2025 1:56:17 PM.
     1>Project "C:\Users\maik\Desktop\VxKex-main\KexW32ML\KexW32ML.vcxproj" on node 4 (build target(s)).
     1>InitializeBuildStatus:
         Creating "x64\Release\KexW32ML.unsuccessfulbuild" because "AlwaysCreate" was specified.
       ClCompile:
         C:\Program Files (x86)\Microsoft Visual Studio 10.0\VC\bin\x86_amd64\CL.exe /c /I"C:\Users\maik\Desktop\VxKex-main\\00-Common Headers" /Zi /nologo /W3 /WX /MP /O1 /Ob1 /Oi /Os /Oy /GL /D WIN32 /D NDEBUG /D _WINDOWS /D _USRDLL /D KEXW32ML_EXPORTS /D _UNICODE /D UNICODE /Gm- /MD /GS- /Gy /fp:precise /Zc:wchar_t /Zc:forScope /Fo"x64\Release\\" /Fd"x64\Release\vc100.pdb" /Gz /TC /errorReport:prompt file.c kexw32ml.c registry.c txapi.c
         file.c
         kexw32ml.c
         registry.c
         txapi.c
       Lib:
         C:\Program Files (x86)\Microsoft Visual Studio 10.0\VC\bin\x86_amd64\Lib.exe /OUT:"C:\Users\maik\Desktop\VxKex-main\x64\Release\KexW32ML.lib" /LIBPATH:"C:\Users\maik\Desktop\VxKex-main\\00-Import Libraries" /NOLOGO /NODEFAULTLIB /LTCG x64\Release\file.obj
         x64\Release\kexw32ml.obj
         x64\Release\registry.obj
         x64\Release\txapi.obj
         KexW32ML.vcxproj -> C:\Users\maik\Desktop\VxKex-main\x64\Release\KexW32ML.lib
       FinalizeBuildStatus:
         Deleting file "x64\Release\KexW32ML.unsuccessfulbuild".
         Touching "x64\Release\KexW32ML.lastbuildstate".
     1>Done Building Project "C:\Users\maik\Desktop\VxKex-main\KexW32ML\KexW32ML.vcxproj" (build target(s)).

Build succeeded.

Time Elapsed 00:00:00.31
