C:\Users\maik\Desktop\VxKex-main\01-Extended DLLs\KxCom\Release\actfact.obj
C:\Users\maik\Desktop\VxKex-main\01-Extended DLLs\KxCom\Release\CL.10388.read.1.tlog
C:\Users\maik\Desktop\VxKex-main\01-Extended DLLs\KxCom\Release\CL.10388.write.1.tlog
C:\Users\maik\Desktop\VxKex-main\01-Extended DLLs\KxCom\Release\CL.10508.read.1.tlog
C:\Users\maik\Desktop\VxKex-main\01-Extended DLLs\KxCom\Release\CL.10508.write.1.tlog
C:\Users\maik\Desktop\VxKex-main\01-Extended DLLs\KxCom\Release\CL.11260.read.1.tlog
C:\Users\maik\Desktop\VxKex-main\01-Extended DLLs\KxCom\Release\CL.11260.write.1.tlog
C:\Users\maik\Desktop\VxKex-main\01-Extended DLLs\KxCom\Release\CL.11576.read.1.tlog
C:\Users\maik\Desktop\VxKex-main\01-Extended DLLs\KxCom\Release\CL.11576.write.1.tlog
C:\Users\maik\Desktop\VxKex-main\01-Extended DLLs\KxCom\Release\CL.11688.read.1.tlog
C:\Users\maik\Desktop\VxKex-main\01-Extended DLLs\KxCom\Release\CL.11688.write.1.tlog
C:\Users\maik\Desktop\VxKex-main\01-Extended DLLs\KxCom\Release\CL.11868.read.1.tlog
C:\Users\maik\Desktop\VxKex-main\01-Extended DLLs\KxCom\Release\CL.11868.write.1.tlog
C:\Users\maik\Desktop\VxKex-main\01-Extended DLLs\KxCom\Release\CL.12028.read.1.tlog
C:\Users\maik\Desktop\VxKex-main\01-Extended DLLs\KxCom\Release\CL.12028.write.1.tlog
C:\Users\maik\Desktop\VxKex-main\01-Extended DLLs\KxCom\Release\CL.12044.read.1.tlog
C:\Users\maik\Desktop\VxKex-main\01-Extended DLLs\KxCom\Release\CL.12044.write.1.tlog
C:\Users\maik\Desktop\VxKex-main\01-Extended DLLs\KxCom\Release\CL.12060.read.1.tlog
C:\Users\maik\Desktop\VxKex-main\01-Extended DLLs\KxCom\Release\CL.12060.write.1.tlog
C:\Users\maik\Desktop\VxKex-main\01-Extended DLLs\KxCom\Release\CL.12096.read.1.tlog
C:\Users\maik\Desktop\VxKex-main\01-Extended DLLs\KxCom\Release\CL.12096.write.1.tlog
C:\Users\maik\Desktop\VxKex-main\01-Extended DLLs\KxCom\Release\CL.12144.read.1.tlog
C:\Users\maik\Desktop\VxKex-main\01-Extended DLLs\KxCom\Release\CL.12144.write.1.tlog
C:\Users\maik\Desktop\VxKex-main\01-Extended DLLs\KxCom\Release\CL.12176.read.1.tlog
C:\Users\maik\Desktop\VxKex-main\01-Extended DLLs\KxCom\Release\CL.12176.write.1.tlog
C:\Users\maik\Desktop\VxKex-main\01-Extended DLLs\KxCom\Release\CL.12232.read.1.tlog
C:\Users\maik\Desktop\VxKex-main\01-Extended DLLs\KxCom\Release\CL.12232.write.1.tlog
C:\Users\maik\Desktop\VxKex-main\01-Extended DLLs\KxCom\Release\CL.5236.read.1.tlog
C:\Users\maik\Desktop\VxKex-main\01-Extended DLLs\KxCom\Release\CL.5236.write.1.tlog
C:\Users\maik\Desktop\VxKex-main\01-Extended DLLs\KxCom\Release\CL.8080.read.1.tlog
C:\Users\maik\Desktop\VxKex-main\01-Extended DLLs\KxCom\Release\CL.8080.write.1.tlog
C:\Users\maik\Desktop\VxKex-main\01-Extended DLLs\KxCom\Release\cl.command.1.tlog
C:\Users\maik\Desktop\VxKex-main\01-Extended DLLs\KxCom\Release\CL.read.1.tlog
C:\Users\maik\Desktop\VxKex-main\01-Extended DLLs\KxCom\Release\cl.write.1.tlog
C:\Users\maik\Desktop\VxKex-main\01-Extended DLLs\KxCom\Release\dllmain.obj
C:\Users\maik\Desktop\VxKex-main\01-Extended DLLs\KxCom\Release\forwards.obj
C:\Users\maik\Desktop\VxKex-main\01-Extended DLLs\KxCom\Release\glprstat.obj
C:\USERS\MAIK\DESKTOP\VXKEX-MAIN\01-EXTENDED DLLS\KXCOM\RELEASE\KXCOM.RES
C:\Users\maik\Desktop\VxKex-main\01-Extended DLLs\KxCom\Release\KxCom.write.1.tlog
C:\Users\maik\Desktop\VxKex-main\01-Extended DLLs\KxCom\Release\launcher.obj
C:\Users\maik\Desktop\VxKex-main\01-Extended DLLs\KxCom\Release\link.command.1.tlog
C:\Users\maik\Desktop\VxKex-main\01-Extended DLLs\KxCom\Release\link.read.1.tlog
C:\Users\maik\Desktop\VxKex-main\01-Extended DLLs\KxCom\Release\link.write.1.tlog
C:\Users\maik\Desktop\VxKex-main\01-Extended DLLs\KxCom\Release\link-cvtres.read.1.tlog
C:\Users\maik\Desktop\VxKex-main\01-Extended DLLs\KxCom\Release\link-cvtres.write.1.tlog
C:\Users\maik\Desktop\VxKex-main\01-Extended DLLs\KxCom\Release\mta.obj
C:\Users\maik\Desktop\VxKex-main\01-Extended DLLs\KxCom\Release\rc.command.1.tlog
C:\Users\maik\Desktop\VxKex-main\01-Extended DLLs\KxCom\Release\rc.read.1.tlog
C:\Users\maik\Desktop\VxKex-main\01-Extended DLLs\KxCom\Release\rc.write.1.tlog
C:\Users\maik\Desktop\VxKex-main\01-Extended DLLs\KxCom\Release\roapi.obj
C:\Users\maik\Desktop\VxKex-main\01-Extended DLLs\KxCom\Release\robuffer.obj
C:\Users\maik\Desktop\VxKex-main\01-Extended DLLs\KxCom\Release\roerror.obj
C:\Users\maik\Desktop\VxKex-main\01-Extended DLLs\KxCom\Release\rofactry.obj
C:\Users\maik\Desktop\VxKex-main\01-Extended DLLs\KxCom\Release\roinit.obj
C:\Users\maik\Desktop\VxKex-main\01-Extended DLLs\KxCom\Release\uisettings.obj
C:\Users\maik\Desktop\VxKex-main\01-Extended DLLs\KxCom\Release\uiview.obj
C:\Users\maik\Desktop\VxKex-main\01-Extended DLLs\KxCom\Release\uri.obj
C:\USERS\MAIK\DESKTOP\VXKEX-MAIN\01-EXTENDED DLLS\KXCOM\RELEASE\VC100.PDB
C:\Users\maik\Desktop\VxKex-main\01-Extended DLLs\KxCom\Release\winrt.obj
C:\USERS\MAIK\DESKTOP\VXKEX-MAIN\RELEASE\KXCOM.DLL
C:\Users\maik\Desktop\VxKex-main\Release\KxCom.exp
C:\Users\maik\Desktop\VxKex-main\Release\KxCom.lib
C:\USERS\MAIK\DESKTOP\VXKEX-MAIN\RELEASE\KXCOM.PDB
