C:\Users\maik\Desktop\VxKex\VxKexLdr\x64\Debug\CL.1272.read.1.tlog
C:\Users\maik\Desktop\VxKex\VxKexLdr\x64\Debug\CL.1272.write.1.tlog
C:\Users\maik\Desktop\VxKex\VxKexLdr\x64\Debug\CL.14924.read.1.tlog
C:\Users\maik\Desktop\VxKex\VxKexLdr\x64\Debug\CL.14924.write.1.tlog
C:\Users\maik\Desktop\VxKex\VxKexLdr\x64\Debug\CL.8500.read.1.tlog
C:\Users\maik\Desktop\VxKex\VxKexLdr\x64\Debug\CL.8500.write.1.tlog
C:\Users\maik\Desktop\VxKex\VxKexLdr\x64\Debug\cl.command.1.tlog
C:\Users\maik\Desktop\VxKex\VxKexLdr\x64\Debug\CL.read.1.tlog
C:\Users\maik\Desktop\VxKex\VxKexLdr\x64\Debug\cl.write.1.tlog
C:\Users\maik\Desktop\VxKex\VxKexLdr\x64\Debug\creaproc.obj
C:\Users\maik\Desktop\VxKex\VxKexLdr\x64\Debug\gui.obj
C:\Users\maik\Desktop\VxKex\VxKexLdr\x64\Debug\link.command.1.tlog
C:\Users\maik\Desktop\VxKex\VxKexLdr\x64\Debug\link.read.1.tlog
C:\Users\maik\Desktop\VxKex\VxKexLdr\x64\Debug\link.write.1.tlog
C:\Users\maik\Desktop\VxKex\VxKexLdr\x64\Debug\link-cvtres.read.1.tlog
C:\Users\maik\Desktop\VxKex\VxKexLdr\x64\Debug\link-cvtres.write.1.tlog
C:\Users\maik\Desktop\VxKex\VxKexLdr\x64\Debug\main.obj
C:\Users\maik\Desktop\VxKex\VxKexLdr\x64\Debug\mt.command.1.tlog
C:\Users\maik\Desktop\VxKex\VxKexLdr\x64\Debug\mt.read.1.tlog
C:\Users\maik\Desktop\VxKex\VxKexLdr\x64\Debug\mt.write.1.tlog
C:\Users\maik\Desktop\VxKex\VxKexLdr\x64\Debug\rc.command.1.tlog
C:\Users\maik\Desktop\VxKex\VxKexLdr\x64\Debug\rc.read.1.tlog
C:\Users\maik\Desktop\VxKex\VxKexLdr\x64\Debug\rc.write.1.tlog
C:\USERS\MAIK\DESKTOP\VXKEX\VXKEXLDR\X64\DEBUG\VC100.PDB
C:\USERS\MAIK\DESKTOP\VXKEX\VXKEXLDR\X64\DEBUG\VXKEXLDR.EXE.INTERMEDIATE.MANIFEST
C:\USERS\MAIK\DESKTOP\VXKEX\VXKEXLDR\X64\DEBUG\VXKEXLDR.RES
C:\Users\maik\Desktop\VxKex\VxKexLdr\x64\Debug\VxKexLdr.write.1.tlog
C:\USERS\MAIK\DESKTOP\VXKEX\X64\DEBUG\VXKEXLDR.EXE
C:\USERS\MAIK\DESKTOP\VXKEX\X64\DEBUG\VXKEXLDR.PDB
