C:\Users\maik\Desktop\VxKex-main\01-Extended DLLs\KxNt\Debug\CL.10572.read.1.tlog
C:\Users\maik\Desktop\VxKex-main\01-Extended DLLs\KxNt\Debug\CL.10572.write.1.tlog
C:\Users\maik\Desktop\VxKex-main\01-Extended DLLs\KxNt\Debug\CL.10688.read.1.tlog
C:\Users\maik\Desktop\VxKex-main\01-Extended DLLs\KxNt\Debug\CL.10688.write.1.tlog
C:\Users\maik\Desktop\VxKex-main\01-Extended DLLs\KxNt\Debug\cl.command.1.tlog
C:\Users\maik\Desktop\VxKex-main\01-Extended DLLs\KxNt\Debug\CL.read.1.tlog
C:\Users\maik\Desktop\VxKex-main\01-Extended DLLs\KxNt\Debug\cl.write.1.tlog
C:\Users\maik\Desktop\VxKex-main\01-Extended DLLs\KxNt\Debug\dllmain.obj
C:\Users\maik\Desktop\VxKex-main\01-Extended DLLs\KxNt\Debug\forwards.obj
C:\USERS\MAIK\DESKTOP\VXKEX-MAIN\01-EXTENDED DLLS\KXNT\DEBUG\KXNT.RES
C:\Users\maik\Desktop\VxKex-main\01-Extended DLLs\KxNt\Debug\KxNt.write.1.tlog
C:\Users\maik\Desktop\VxKex-main\01-Extended DLLs\KxNt\Debug\link.command.1.tlog
C:\Users\maik\Desktop\VxKex-main\01-Extended DLLs\KxNt\Debug\link.read.1.tlog
C:\Users\maik\Desktop\VxKex-main\01-Extended DLLs\KxNt\Debug\link.write.1.tlog
C:\Users\maik\Desktop\VxKex-main\01-Extended DLLs\KxNt\Debug\link-cvtres.read.1.tlog
C:\Users\maik\Desktop\VxKex-main\01-Extended DLLs\KxNt\Debug\link-cvtres.write.1.tlog
C:\Users\maik\Desktop\VxKex-main\01-Extended DLLs\KxNt\Debug\rc.command.1.tlog
C:\Users\maik\Desktop\VxKex-main\01-Extended DLLs\KxNt\Debug\rc.read.1.tlog
C:\Users\maik\Desktop\VxKex-main\01-Extended DLLs\KxNt\Debug\rc.write.1.tlog
C:\USERS\MAIK\DESKTOP\VXKEX-MAIN\01-EXTENDED DLLS\KXNT\DEBUG\VC100.PDB
C:\USERS\MAIK\DESKTOP\VXKEX-MAIN\DEBUG\KXNT.DLL
C:\Users\maik\Desktop\VxKex-main\Debug\KxNt.exp
C:\Users\maik\Desktop\VxKex-main\Debug\KxNt.lib
C:\USERS\MAIK\DESKTOP\VXKEX-MAIN\DEBUG\KXNT.PDB
