C:\Users\maik\Desktop\VxKex\01-Extended DLLs\KxMi\x64\Debug\CL.10912.read.1.tlog
C:\Users\maik\Desktop\VxKex\01-Extended DLLs\KxMi\x64\Debug\CL.10912.write.1.tlog
C:\Users\maik\Desktop\VxKex\01-Extended DLLs\KxMi\x64\Debug\CL.16176.read.1.tlog
C:\Users\maik\Desktop\VxKex\01-Extended DLLs\KxMi\x64\Debug\CL.16176.write.1.tlog
C:\Users\maik\Desktop\VxKex\01-Extended DLLs\KxMi\x64\Debug\CL.16812.read.1.tlog
C:\Users\maik\Desktop\VxKex\01-Extended DLLs\KxMi\x64\Debug\CL.16812.write.1.tlog
C:\Users\maik\Desktop\VxKex\01-Extended DLLs\KxMi\x64\Debug\CL.17744.read.1.tlog
C:\Users\maik\Desktop\VxKex\01-Extended DLLs\KxMi\x64\Debug\CL.17744.write.1.tlog
C:\Users\maik\Desktop\VxKex\01-Extended DLLs\KxMi\x64\Debug\CL.4680.read.1.tlog
C:\Users\maik\Desktop\VxKex\01-Extended DLLs\KxMi\x64\Debug\CL.4680.write.1.tlog
C:\Users\maik\Desktop\VxKex\01-Extended DLLs\KxMi\x64\Debug\CL.7740.read.1.tlog
C:\Users\maik\Desktop\VxKex\01-Extended DLLs\KxMi\x64\Debug\CL.7740.write.1.tlog
C:\Users\maik\Desktop\VxKex\01-Extended DLLs\KxMi\x64\Debug\cl.command.1.tlog
C:\Users\maik\Desktop\VxKex\01-Extended DLLs\KxMi\x64\Debug\CL.read.1.tlog
C:\Users\maik\Desktop\VxKex\01-Extended DLLs\KxMi\x64\Debug\cl.write.1.tlog
C:\Users\maik\Desktop\VxKex\01-Extended DLLs\KxMi\x64\Debug\dllmain.obj
C:\Users\maik\Desktop\VxKex\01-Extended DLLs\KxMi\x64\Debug\forwards.obj
C:\USERS\MAIK\DESKTOP\VXKEX\01-EXTENDED DLLS\KXMI\X64\DEBUG\KXMI.RES
C:\Users\maik\Desktop\VxKex\01-Extended DLLs\KxMi\x64\Debug\KxMi.write.1.tlog
C:\Users\maik\Desktop\VxKex\01-Extended DLLs\KxMi\x64\Debug\link.command.1.tlog
C:\Users\maik\Desktop\VxKex\01-Extended DLLs\KxMi\x64\Debug\link.read.1.tlog
C:\Users\maik\Desktop\VxKex\01-Extended DLLs\KxMi\x64\Debug\link.write.1.tlog
C:\Users\maik\Desktop\VxKex\01-Extended DLLs\KxMi\x64\Debug\link-cvtres.read.1.tlog
C:\Users\maik\Desktop\VxKex\01-Extended DLLs\KxMi\x64\Debug\link-cvtres.write.1.tlog
C:\Users\maik\Desktop\VxKex\01-Extended DLLs\KxMi\x64\Debug\powrprof.obj
C:\Users\maik\Desktop\VxKex\01-Extended DLLs\KxMi\x64\Debug\rc.command.1.tlog
C:\Users\maik\Desktop\VxKex\01-Extended DLLs\KxMi\x64\Debug\rc.read.1.tlog
C:\Users\maik\Desktop\VxKex\01-Extended DLLs\KxMi\x64\Debug\rc.write.1.tlog
C:\Users\maik\Desktop\VxKex\01-Extended DLLs\KxMi\x64\Debug\userenv.obj
C:\USERS\MAIK\DESKTOP\VXKEX\01-EXTENDED DLLS\KXMI\X64\DEBUG\VC100.PDB
C:\Users\maik\Desktop\VxKex\01-Extended DLLs\KxMi\x64\Debug\verspoof.obj
C:\Users\maik\Desktop\VxKex\01-Extended DLLs\KxMi\x64\Debug\wldp.obj
C:\USERS\MAIK\DESKTOP\VXKEX\X64\DEBUG\KXMI.DLL
C:\Users\maik\Desktop\VxKex\x64\Debug\KxMi.exp
C:\Users\maik\Desktop\VxKex\x64\Debug\KxMi.lib
C:\USERS\MAIK\DESKTOP\VXKEX\X64\DEBUG\KXMI.PDB
