C:\Users\maik\Desktop\VxKex\01-Extended DLLs\KxAdvapi\x64\Debug\CL.11576.read.1.tlog
C:\Users\maik\Desktop\VxKex\01-Extended DLLs\KxAdvapi\x64\Debug\CL.11576.write.1.tlog
C:\Users\maik\Desktop\VxKex\01-Extended DLLs\KxAdvapi\x64\Debug\CL.15636.read.1.tlog
C:\Users\maik\Desktop\VxKex\01-Extended DLLs\KxAdvapi\x64\Debug\CL.15636.write.1.tlog
C:\Users\maik\Desktop\VxKex\01-Extended DLLs\KxAdvapi\x64\Debug\cl.command.1.tlog
C:\Users\maik\Desktop\VxKex\01-Extended DLLs\KxAdvapi\x64\Debug\CL.read.1.tlog
C:\Users\maik\Desktop\VxKex\01-Extended DLLs\KxAdvapi\x64\Debug\cl.write.1.tlog
C:\Users\maik\Desktop\VxKex\01-Extended DLLs\KxAdvapi\x64\Debug\dllmain.obj
C:\Users\maik\Desktop\VxKex\01-Extended DLLs\KxAdvapi\x64\Debug\forwards.obj
C:\USERS\MAIK\DESKTOP\VXKEX\01-EXTENDED DLLS\KXADVAPI\X64\DEBUG\KXADVAPI.RES
C:\Users\maik\Desktop\VxKex\01-Extended DLLs\KxAdvapi\x64\Debug\KxAdvapi.write.1.tlog
C:\Users\maik\Desktop\VxKex\01-Extended DLLs\KxAdvapi\x64\Debug\link.command.1.tlog
C:\Users\maik\Desktop\VxKex\01-Extended DLLs\KxAdvapi\x64\Debug\link.read.1.tlog
C:\Users\maik\Desktop\VxKex\01-Extended DLLs\KxAdvapi\x64\Debug\link.write.1.tlog
C:\Users\maik\Desktop\VxKex\01-Extended DLLs\KxAdvapi\x64\Debug\link-cvtres.read.1.tlog
C:\Users\maik\Desktop\VxKex\01-Extended DLLs\KxAdvapi\x64\Debug\link-cvtres.write.1.tlog
C:\Users\maik\Desktop\VxKex\01-Extended DLLs\KxAdvapi\x64\Debug\rc.command.1.tlog
C:\Users\maik\Desktop\VxKex\01-Extended DLLs\KxAdvapi\x64\Debug\rc.read.1.tlog
C:\Users\maik\Desktop\VxKex\01-Extended DLLs\KxAdvapi\x64\Debug\rc.write.1.tlog
C:\USERS\MAIK\DESKTOP\VXKEX\01-EXTENDED DLLS\KXADVAPI\X64\DEBUG\VC100.PDB
C:\USERS\MAIK\DESKTOP\VXKEX\X64\DEBUG\KXADVAPI.DLL
C:\Users\maik\Desktop\VxKex\x64\Debug\KxAdvapi.exp
C:\Users\maik\Desktop\VxKex\x64\Debug\KxAdvapi.lib
C:\USERS\MAIK\DESKTOP\VXKEX\X64\DEBUG\KXADVAPI.PDB
