Build started 1/1/2025 7:45:34 PM.
     1>Project "C:\Users\maik\Desktop\VxKex\01-Extended DLLs\KxAdvapi\KxAdvapi.vcxproj" on node 5 (build target(s)).
     1>InitializeBuildStatus:
         Creating "x64\Debug\KxAdvapi.unsuccessfulbuild" because "AlwaysCreate" was specified.
       ClCompile:
         All outputs are up-to-date.
       ResourceCompile:
         C:\Program Files (x86)\Microsoft SDKs\Windows\v7.0A\bin\rc.exe /D _UNICODE /D UNICODE /l"0x0409" /I"C:\Users\maik\Desktop\VxKex\\00-Common Headers" /nologo /fo"x64\Debug\kxadvapi.res" kxadvapi.rc 
       Link:
         C:\Program Files (x86)\Microsoft Visual Studio 10.0\VC\bin\x86_amd64\link.exe /ERRORREPORT:PROMPT /OUT:"C:\Users\maik\Desktop\VxKex\x64\Debug\KxAdvapi.dll" /INCREMENTAL:NO /NOLOGO /LIBPATH:C:\Users\maik\Desktop\VxKex\x64\Debug\ /LIBPATH:"C:\Users\maik\Desktop\VxKex\\00-Import Libraries" /WX /DEF:"kxadvapi.def" /MANIFEST:NO /DEBUG /PDB:"C:\Users\maik\Desktop\VxKex\x64\Debug\KxAdvapi.pdb" /SUBSYSTEM:WINDOWS /TLBID:1 /RELEASE /DYNAMICBASE /NXCOMPAT /IMPLIB:"C:\Users\maik\Desktop\VxKex\x64\Debug\KxAdvapi.lib" /MACHINE:X64 /DLL x64\Debug\kxadvapi.res
         x64\Debug\dllmain.obj
         x64\Debug\forwards.obj
            Creating library C:\Users\maik\Desktop\VxKex\x64\Debug\KxAdvapi.lib and object C:\Users\maik\Desktop\VxKex\x64\Debug\KxAdvapi.exp
         KxAdvapi.vcxproj -> C:\Users\maik\Desktop\VxKex\x64\Debug\KxAdvapi.dll
       FinalizeBuildStatus:
         Deleting file "x64\Debug\KxAdvapi.unsuccessfulbuild".
         Touching "x64\Debug\KxAdvapi.lastbuildstate".
     1>Done Building Project "C:\Users\maik\Desktop\VxKex\01-Extended DLLs\KxAdvapi\KxAdvapi.vcxproj" (build target(s)).

Build succeeded.

Time Elapsed 00:00:00.29
