Build started 3/24/2025 12:13:13 AM.
     1>Project "C:\Users\maik\Desktop\VxKex-main\01-Extended DLLs\KxUia\KxUia.vcxproj" on node 5 (build target(s)).
     1>InitializeBuildStatus:
         Creating "Release\KxUia.unsuccessfulbuild" because "AlwaysCreate" was specified.
       ClCompile:
         C:\Program Files (x86)\Microsoft Visual Studio 10.0\VC\bin\CL.exe /c /I"C:\Users\maik\Desktop\VxKex-main\\00-Common Headers" /Zi /nologo /W3 /WX /MP /O1 /Ob1 /Oi /Os /Oy /GL /D WIN32 /D NDEBUG /D _WINDOWS /D _USRDLL /D KXUIA_EXPORTS /D _WINDLL /D _UNICODE /D UNICODE /GF /Gm- /MD /GS- /Gy /fp:precise /Zc:wchar_t /Zc:forScope /Fo"Release\\" /Fd"Release\vc100.pdb" /Gz /TC /analyze- /errorReport:prompt dllmain.c
         dllmain.c
       ResourceCompile:
         All outputs are up-to-date.
       Link:
         C:\Program Files (x86)\Microsoft Visual Studio 10.0\VC\bin\link.exe /ERRORREPORT:PROMPT /OUT:"C:\Users\maik\Desktop\VxKex-main\Release\KxUia.dll" /INCREMENTAL:NO /NOLOGO /LIBPATH:"C:\Users\maik\Desktop\VxKex-main\Release\\" /LIBPATH:"C:\Users\maik\Desktop\VxKex-main\\00-Import Libraries" /WX /DEF:"kxuia.def" /MANIFEST:NO /DEBUG /PDB:"C:\Users\maik\Desktop\VxKex-main\Release\KxUia.pdb" /SUBSYSTEM:WINDOWS /OPT:REF /OPT:ICF /LTCG /TLBID:1 /RELEASE /DYNAMICBASE /NXCOMPAT /IMPLIB:"C:\Users\maik\Desktop\VxKex-main\Release\KxUia.lib" /MACHINE:X86 /DLL Release\kxuia.res
         Release\dllmain.obj
         Release\forwards.obj
         Release\uia.obj
            Creating library C:\Users\maik\Desktop\VxKex-main\Release\KxUia.lib and object C:\Users\maik\Desktop\VxKex-main\Release\KxUia.exp
         Generating code
         Finished generating code
         KxUia.vcxproj -> C:\Users\maik\Desktop\VxKex-main\Release\KxUia.dll
       FinalizeBuildStatus:
         Deleting file "Release\KxUia.unsuccessfulbuild".
         Touching "Release\KxUia.lastbuildstate".
     1>Done Building Project "C:\Users\maik\Desktop\VxKex-main\01-Extended DLLs\KxUia\KxUia.vcxproj" (build target(s)).

Build succeeded.

Time Elapsed 00:00:02.18
