C:\Users\maik\Desktop\VxKex\01-Extended DLLs\KxUia\Release\CL.15584.read.1.tlog
C:\Users\maik\Desktop\VxKex\01-Extended DLLs\KxUia\Release\CL.15584.write.1.tlog
C:\Users\maik\Desktop\VxKex\01-Extended DLLs\KxUia\Release\CL.16228.read.1.tlog
C:\Users\maik\Desktop\VxKex\01-Extended DLLs\KxUia\Release\CL.16228.write.1.tlog
C:\Users\maik\Desktop\VxKex\01-Extended DLLs\KxUia\Release\CL.17272.read.1.tlog
C:\Users\maik\Desktop\VxKex\01-Extended DLLs\KxUia\Release\CL.17272.write.1.tlog
C:\Users\maik\Desktop\VxKex\01-Extended DLLs\KxUia\Release\cl.command.1.tlog
C:\Users\maik\Desktop\VxKex\01-Extended DLLs\KxUia\Release\CL.read.1.tlog
C:\Users\maik\Desktop\VxKex\01-Extended DLLs\KxUia\Release\cl.write.1.tlog
C:\USERS\MAIK\DESKTOP\VXKEX\01-EXTENDED DLLS\KXUIA\RELEASE\DLLMAIN.OBJ
C:\USERS\MAIK\DESKTOP\VXKEX\01-EXTENDED DLLS\KXUIA\RELEASE\FORWARDS.OBJ
C:\USERS\MAIK\DESKTOP\VXKEX\01-EXTENDED DLLS\KXUIA\RELEASE\KXUIA.RES
C:\Users\maik\Desktop\VxKex\01-Extended DLLs\KxUia\Release\KxUia.write.1.tlog
C:\Users\maik\Desktop\VxKex\01-Extended DLLs\KxUia\Release\link.command.1.tlog
C:\Users\maik\Desktop\VxKex\01-Extended DLLs\KxUia\Release\link.read.1.tlog
C:\Users\maik\Desktop\VxKex\01-Extended DLLs\KxUia\Release\link.write.1.tlog
C:\Users\maik\Desktop\VxKex\01-Extended DLLs\KxUia\Release\link-cvtres.read.1.tlog
C:\Users\maik\Desktop\VxKex\01-Extended DLLs\KxUia\Release\link-cvtres.write.1.tlog
C:\Users\maik\Desktop\VxKex\01-Extended DLLs\KxUia\Release\rc.command.1.tlog
C:\Users\maik\Desktop\VxKex\01-Extended DLLs\KxUia\Release\rc.read.1.tlog
C:\Users\maik\Desktop\VxKex\01-Extended DLLs\KxUia\Release\rc.write.1.tlog
C:\Users\maik\Desktop\VxKex\01-Extended DLLs\KxUia\Release\uia.obj
C:\USERS\MAIK\DESKTOP\VXKEX\01-EXTENDED DLLS\KXUIA\RELEASE\VC100.PDB
C:\USERS\MAIK\DESKTOP\VXKEX\RELEASE\KXUIA.DLL
C:\Users\maik\Desktop\VxKex\Release\KxUia.exp
C:\Users\maik\Desktop\VxKex\Release\KxUia.lib
C:\USERS\MAIK\DESKTOP\VXKEX\RELEASE\KXUIA.PDB
