C:\Users\maik\Desktop\VxKex\KexShlEx\x64\Debug\ckxshlex.obj
C:\Users\maik\Desktop\VxKex\KexShlEx\x64\Debug\CL.10152.read.1.tlog
C:\Users\maik\Desktop\VxKex\KexShlEx\x64\Debug\CL.10152.write.1.tlog
C:\Users\maik\Desktop\VxKex\KexShlEx\x64\Debug\CL.12564.read.1.tlog
C:\Users\maik\Desktop\VxKex\KexShlEx\x64\Debug\CL.12564.write.1.tlog
C:\Users\maik\Desktop\VxKex\KexShlEx\x64\Debug\CL.13148.read.1.tlog
C:\Users\maik\Desktop\VxKex\KexShlEx\x64\Debug\CL.13148.write.1.tlog
C:\Users\maik\Desktop\VxKex\KexShlEx\x64\Debug\CL.18448.read.1.tlog
C:\Users\maik\Desktop\VxKex\KexShlEx\x64\Debug\CL.18448.write.1.tlog
C:\Users\maik\Desktop\VxKex\KexShlEx\x64\Debug\CL.8548.read.1.tlog
C:\Users\maik\Desktop\VxKex\KexShlEx\x64\Debug\CL.8548.write.1.tlog
C:\Users\maik\Desktop\VxKex\KexShlEx\x64\Debug\cl.command.1.tlog
C:\Users\maik\Desktop\VxKex\KexShlEx\x64\Debug\CL.read.1.tlog
C:\Users\maik\Desktop\VxKex\KexShlEx\x64\Debug\cl.write.1.tlog
C:\Users\maik\Desktop\VxKex\KexShlEx\x64\Debug\clsfctry.obj
C:\Users\maik\Desktop\VxKex\KexShlEx\x64\Debug\dllmain.obj
C:\Users\maik\Desktop\VxKex\KexShlEx\x64\Debug\gui.obj
C:\USERS\MAIK\DESKTOP\VXKEX\KEXSHLEX\X64\DEBUG\KEXSHLEX.RES
C:\Users\maik\Desktop\VxKex\KexShlEx\x64\Debug\KexShlEx.write.1.tlog
C:\Users\maik\Desktop\VxKex\KexShlEx\x64\Debug\link.command.1.tlog
C:\Users\maik\Desktop\VxKex\KexShlEx\x64\Debug\link.read.1.tlog
C:\Users\maik\Desktop\VxKex\KexShlEx\x64\Debug\link.write.1.tlog
C:\Users\maik\Desktop\VxKex\KexShlEx\x64\Debug\link-cvtres.read.1.tlog
C:\Users\maik\Desktop\VxKex\KexShlEx\x64\Debug\link-cvtres.write.1.tlog
C:\Users\maik\Desktop\VxKex\KexShlEx\x64\Debug\lnkfile.obj
C:\Users\maik\Desktop\VxKex\KexShlEx\x64\Debug\rc.command.1.tlog
C:\Users\maik\Desktop\VxKex\KexShlEx\x64\Debug\rc.read.1.tlog
C:\Users\maik\Desktop\VxKex\KexShlEx\x64\Debug\rc.write.1.tlog
C:\USERS\MAIK\DESKTOP\VXKEX\KEXSHLEX\X64\DEBUG\VC100.PDB
C:\USERS\MAIK\DESKTOP\VXKEX\X64\DEBUG\KEXSHLEX.DLL
C:\Users\maik\Desktop\VxKex\x64\Debug\KexShlEx.exp
C:\Users\maik\Desktop\VxKex\x64\Debug\KexShlEx.lib
C:\USERS\MAIK\DESKTOP\VXKEX\X64\DEBUG\KEXSHLEX.PDB
