Build started 2/17/2025 2:01:02 PM.
     1>Project "C:\Users\maik\Desktop\VxKex-main\KexShlEx\KexShlEx.vcxproj" on node 4 (build target(s)).
     1>InitializeBuildStatus:
         Creating "x64\Debug\KexShlEx.unsuccessfulbuild" because "AlwaysCreate" was specified.
       ClCompile:
         All outputs are up-to-date.
       ResourceCompile:
         All outputs are up-to-date.
       Link:
         C:\Program Files (x86)\Microsoft Visual Studio 10.0\VC\bin\x86_amd64\link.exe /ERRORREPORT:PROMPT /OUT:"C:\Users\maik\Desktop\VxKex-main\x64\Debug\KexShlEx.dll" /INCREMENTAL:NO /NOLOGO /LIBPATH:"C:\Users\maik\Desktop\VxKex-main\\00-Import Libraries" /LIBPATH:"C:\Users\maik\Desktop\VxKex-main\x64\Debug\\" /DEF:"KexShlEx.def" /MANIFEST:NO /DEBUG /PDB:"C:\Users\maik\Desktop\VxKex-main\x64\Debug\KexShlEx.pdb" /SUBSYSTEM:WINDOWS /TLBID:1 /RELEASE /DYNAMICBASE /NXCOMPAT /IMPLIB:"C:\Users\maik\Desktop\VxKex-main\x64\Debug\KexShlEx.lib" /MACHINE:X64 /DLL x64\Debug\KexShlEx.res
         x64\Debug\ckxshlex.obj
         x64\Debug\clsfctry.obj
         x64\Debug\dllmain.obj
         x64\Debug\gui.obj
         x64\Debug\lnkfile.obj
            Creating library C:\Users\maik\Desktop\VxKex-main\x64\Debug\KexShlEx.lib and object C:\Users\maik\Desktop\VxKex-main\x64\Debug\KexShlEx.exp
         KexShlEx.vcxproj -> C:\Users\maik\Desktop\VxKex-main\x64\Debug\KexShlEx.dll
       FinalizeBuildStatus:
         Deleting file "x64\Debug\KexShlEx.unsuccessfulbuild".
         Touching "x64\Debug\KexShlEx.lastbuildstate".
     1>Done Building Project "C:\Users\maik\Desktop\VxKex-main\KexShlEx\KexShlEx.vcxproj" (build target(s)).

Build succeeded.

Time Elapsed 00:00:00.13
