C:\Users\maik\Desktop\VxKex\KexCfg\Release\CL.12604.read.1.tlog
C:\Users\maik\Desktop\VxKex\KexCfg\Release\CL.12604.write.1.tlog
C:\Users\maik\Desktop\VxKex\KexCfg\Release\CL.14116.read.1.tlog
C:\Users\maik\Desktop\VxKex\KexCfg\Release\CL.14116.write.1.tlog
C:\Users\maik\Desktop\VxKex\KexCfg\Release\CL.16284.read.1.tlog
C:\Users\maik\Desktop\VxKex\KexCfg\Release\CL.16284.write.1.tlog
C:\Users\maik\Desktop\VxKex\KexCfg\Release\CL.16432.read.1.tlog
C:\Users\maik\Desktop\VxKex\KexCfg\Release\CL.16432.write.1.tlog
C:\Users\maik\Desktop\VxKex\KexCfg\Release\CL.17484.read.1.tlog
C:\Users\maik\Desktop\VxKex\KexCfg\Release\CL.17484.write.1.tlog
C:\Users\maik\Desktop\VxKex\KexCfg\Release\CL.17844.read.1.tlog
C:\Users\maik\Desktop\VxKex\KexCfg\Release\CL.17844.write.1.tlog
C:\Users\maik\Desktop\VxKex\KexCfg\Release\CL.18964.read.1.tlog
C:\Users\maik\Desktop\VxKex\KexCfg\Release\CL.18964.write.1.tlog
C:\Users\maik\Desktop\VxKex\KexCfg\Release\CL.4660.read.1.tlog
C:\Users\maik\Desktop\VxKex\KexCfg\Release\CL.4660.write.1.tlog
C:\Users\maik\Desktop\VxKex\KexCfg\Release\cl.command.1.tlog
C:\Users\maik\Desktop\VxKex\KexCfg\Release\CL.read.1.tlog
C:\Users\maik\Desktop\VxKex\KexCfg\Release\cl.write.1.tlog
C:\USERS\MAIK\DESKTOP\VXKEX\KEXCFG\RELEASE\CMDLINE.OBJ
C:\USERS\MAIK\DESKTOP\VXKEX\KEXCFG\RELEASE\GUI.OBJ
C:\USERS\MAIK\DESKTOP\VXKEX\KEXCFG\RELEASE\KEXCFG.EXE.INTERMEDIATE.MANIFEST
C:\USERS\MAIK\DESKTOP\VXKEX\KEXCFG\RELEASE\KEXCFG.RES
C:\Users\maik\Desktop\VxKex\KexCfg\Release\KexCfg.write.1.tlog
C:\Users\maik\Desktop\VxKex\KexCfg\Release\link.command.1.tlog
C:\Users\maik\Desktop\VxKex\KexCfg\Release\link.read.1.tlog
C:\Users\maik\Desktop\VxKex\KexCfg\Release\link.write.1.tlog
C:\Users\maik\Desktop\VxKex\KexCfg\Release\link-cvtres.read.1.tlog
C:\Users\maik\Desktop\VxKex\KexCfg\Release\link-cvtres.write.1.tlog
C:\USERS\MAIK\DESKTOP\VXKEX\KEXCFG\RELEASE\MAIN.OBJ
C:\Users\maik\Desktop\VxKex\KexCfg\Release\mt.command.1.tlog
C:\Users\maik\Desktop\VxKex\KexCfg\Release\mt.read.1.tlog
C:\Users\maik\Desktop\VxKex\KexCfg\Release\mt.write.1.tlog
C:\Users\maik\Desktop\VxKex\KexCfg\Release\rc.command.1.tlog
C:\Users\maik\Desktop\VxKex\KexCfg\Release\rc.read.1.tlog
C:\Users\maik\Desktop\VxKex\KexCfg\Release\rc.write.1.tlog
C:\USERS\MAIK\DESKTOP\VXKEX\KEXCFG\RELEASE\UTIL.OBJ
C:\USERS\MAIK\DESKTOP\VXKEX\KEXCFG\RELEASE\VC100.PDB
C:\USERS\MAIK\DESKTOP\VXKEX\RELEASE\KEXCFG.EXE
C:\USERS\MAIK\DESKTOP\VXKEX\RELEASE\KEXCFG.PDB
