Build started 1/2/2025 4:48:51 AM.
     1>Project "C:\Users\maik\Desktop\VxKex\KexCfg\KexCfg.vcxproj" on node 7 (rebuild target(s)).
     1>_PrepareForClean:
         Deleting file "Release\KexCfg.lastbuildstate".
       InitializeBuildStatus:
         Creating "Release\KexCfg.unsuccessfulbuild" because "AlwaysCreate" was specified.
       ClCompile:
         C:\Program Files (x86)\Microsoft Visual Studio 10.0\VC\bin\CL.exe /c /I"C:\Users\maik\Desktop\VxKex\\00-Common Headers" /Zi /nologo /W3 /WX /MP /O1 /Ob1 /Oi /Os /Oy /GL /D WIN32 /D NDEBUG /D _WINDOWS /D _UNICODE /D UNICODE /Gm- /GS- /Gy /fp:precise /Zc:wchar_t /Zc:forScope /Fo"Release\\" /Fd"Release\vc100.pdb" /Gz /TC /analyze- /errorReport:prompt cmdline.c gui.c main.c util.c
         cmdline.c
         gui.c
         main.c
         util.c
       ResourceCompile:
         C:\Program Files (x86)\Microsoft SDKs\Windows\v7.0A\bin\rc.exe /D _UNICODE /D UNICODE /l"0x0409" /I"C:\Users\maik\Desktop\VxKex\\00-Common Headers" /nologo /fo"Release\KexCfg.res" KexCfg.rc 
       Link:
         C:\Program Files (x86)\Microsoft Visual Studio 10.0\VC\bin\link.exe /ERRORREPORT:PROMPT /OUT:"C:\Users\maik\Desktop\VxKex\Release\KexCfg.exe" /INCREMENTAL:NO /NOLOGO /LIBPATH:C:\Users\maik\Desktop\VxKex\Release\ /LIBPATH:"C:\Users\maik\Desktop\VxKex\\00-Import Libraries" Delayimp.lib /DELAYLOAD:wtsapi32.dll /DELAYLOAD:uxtheme.dll /DELAYLOAD:user32.dll /DELAYLOAD:shell32.dll /DELAYLOAD:ole32.dll /DELAYLOAD:oleaut32.dll /DELAYLOAD:comctl32.dll /DELAYLOAD:comdlg32.dll /MANIFEST /ManifestFile:"Release\KexCfg.exe.intermediate.manifest" /MANIFESTUAC:"level='asInvoker' uiAccess='false'" /DEBUG /PDB:"C:\Users\maik\Desktop\VxKex\Release\KexCfg.pdb" /SUBSYSTEM:WINDOWS /OPT:REF /OPT:ICF /LTCG /TLBID:1 /ENTRY:"EntryPoint" /RELEASE /DYNAMICBASE /NXCOMPAT /IMPLIB:"C:\Users\maik\Desktop\VxKex\Release\KexCfg.lib" /MACHINE:X86 Release\KexCfg.res
         Release\cmdline.obj
         Release\gui.obj
         Release\main.obj
         Release\util.obj
         Generating code
         Finished generating code
         KexCfg.vcxproj -> C:\Users\maik\Desktop\VxKex\Release\KexCfg.exe
       Manifest:
         C:\Program Files (x86)\Microsoft SDKs\Windows\v7.0A\bin\mt.exe /nologo /verbose /outputresource:"C:\Users\maik\Desktop\VxKex\Release\KexCfg.exe;#1" /manifest Release\KexCfg.exe.intermediate.manifest "C:\Program Files (x86)\Microsoft Visual Studio 10.0\VC\Include\Manifest\dpiaware.manifest"
       FinalizeBuildStatus:
         Deleting file "Release\KexCfg.unsuccessfulbuild".
         Touching "Release\KexCfg.lastbuildstate".
     1>Done Building Project "C:\Users\maik\Desktop\VxKex\KexCfg\KexCfg.vcxproj" (rebuild target(s)).

Build succeeded.

Time Elapsed 00:00:04.70
