Build started 3/24/2025 12:12:38 AM.
     1>Project "C:\Users\maik\Desktop\VxKex-main\01-Extended DLLs\KxUser\KxUser.vcxproj" on node 3 (build target(s)).
     1>InitializeBuildStatus:
         Creating "x64\Release\KxUser.unsuccessfulbuild" because "AlwaysCreate" was specified.
       ClCompile:
         C:\Program Files (x86)\Microsoft Visual Studio 10.0\VC\bin\x86_amd64\CL.exe /c /I"C:\Users\maik\Desktop\VxKex-main\\00-Common Headers" /Zi /nologo /W3 /WX /MP /O1 /Ob1 /Oi /Os /Oy /GL /D WIN32 /D NDEBUG /D _WINDOWS /D _USRDLL /D KXUSER_EXPORTS /D _WINDLL /D _UNICODE /D UNICODE /Gm- /MD /GS- /Gy /fp:precise /Zc:wchar_t /Zc:forScope /Fo"x64\Release\\" /Fd"x64\Release\vc100.pdb" /Gz /TC /errorReport:prompt "..\..\..\VxKex-NEXT-main\01-Extended DLLs\KxUser\autorot.c" "..\..\..\VxKex-NEXT-main\01-Extended DLLs\KxUser\blutooth.c" "..\..\..\VxKex-NEXT-main\01-Extended DLLs\KxUser\dllmain.c" "..\..\..\VxKex-NEXT-main\01-Extended DLLs\KxUser\misc.c" "..\..\..\VxKex-NEXT-main\01-Extended DLLs\KxUser\pointer.c" "..\..\..\VxKex-NEXT-main\01-Extended DLLs\KxUser\pwrnotfy.c" "..\..\..\VxKex-NEXT-main\01-Extended DLLs\KxUser\scaling.c" "..\..\..\VxKex-NEXT-main\01-Extended DLLs\KxUser\sysmetrc.c" "..\..\..\VxKex-NEXT-main\01-Extended DLLs\KxUser\timer.c"
         autorot.c
         blutooth.c
         dllmain.c
         misc.c
         pointer.c
         pwrnotfy.c
         scaling.c
         sysmetrc.c
         timer.c
       ResourceCompile:
         All outputs are up-to-date.
       Link:
         C:\Program Files (x86)\Microsoft Visual Studio 10.0\VC\bin\x86_amd64\link.exe /ERRORREPORT:PROMPT /OUT:"C:\Users\maik\Desktop\VxKex-main\x64\Release\KxUser.dll" /INCREMENTAL:NO /NOLOGO /LIBPATH:"C:\Users\maik\Desktop\VxKex-main\x64\Release\\" /LIBPATH:"C:\Users\maik\Desktop\VxKex-main\\00-Import Libraries" /DEF:"kxuser.def" /MANIFEST:NO /DEBUG /PDB:"C:\Users\maik\Desktop\VxKex-main\x64\Release\KxUser.pdb" /SUBSYSTEM:WINDOWS /OPT:REF /OPT:ICF /LTCG /TLBID:1 /ENTRY:"DllMain" /RELEASE /DYNAMICBASE /NXCOMPAT /IMPLIB:"C:\Users\maik\Desktop\VxKex-main\x64\Release\KxUser.lib" /MACHINE:X64 /DLL x64\Release\KxUser.res
         x64\Release\autorot.obj
         x64\Release\blutooth.obj
         x64\Release\dllmain.obj
         x64\Release\forwards.obj
         x64\Release\misc.obj
         x64\Release\pointer.obj
         x64\Release\pwrnotfy.obj
         x64\Release\scaling.obj
         x64\Release\sysmetrc.obj
         x64\Release\timer.obj /ignore:4104 /ignore:4197 
            Creating library C:\Users\maik\Desktop\VxKex-main\x64\Release\KxUser.lib and object C:\Users\maik\Desktop\VxKex-main\x64\Release\KxUser.exp
         Generating code
         Finished generating code
         KxUser.vcxproj -> C:\Users\maik\Desktop\VxKex-main\x64\Release\KxUser.dll
       FinalizeBuildStatus:
         Deleting file "x64\Release\KxUser.unsuccessfulbuild".
         Touching "x64\Release\KxUser.lastbuildstate".
     1>Done Building Project "C:\Users\maik\Desktop\VxKex-main\01-Extended DLLs\KxUser\KxUser.vcxproj" (build target(s)).

Build succeeded.

Time Elapsed 00:00:01.88
