C:\Users\maik\Desktop\VxKex\01-Extended DLLs\KxUser\x64\Release\autorot.obj
C:\Users\maik\Desktop\VxKex\01-Extended DLLs\KxUser\x64\Release\blutooth.obj
C:\Users\maik\Desktop\VxKex\01-Extended DLLs\KxUser\x64\Release\CL.10092.read.1.tlog
C:\Users\maik\Desktop\VxKex\01-Extended DLLs\KxUser\x64\Release\CL.10092.write.1.tlog
C:\Users\maik\Desktop\VxKex\01-Extended DLLs\KxUser\x64\Release\CL.11476.read.1.tlog
C:\Users\maik\Desktop\VxKex\01-Extended DLLs\KxUser\x64\Release\CL.11476.write.1.tlog
C:\Users\maik\Desktop\VxKex\01-Extended DLLs\KxUser\x64\Release\CL.12352.read.1.tlog
C:\Users\maik\Desktop\VxKex\01-Extended DLLs\KxUser\x64\Release\CL.12352.write.1.tlog
C:\Users\maik\Desktop\VxKex\01-Extended DLLs\KxUser\x64\Release\CL.4612.read.1.tlog
C:\Users\maik\Desktop\VxKex\01-Extended DLLs\KxUser\x64\Release\CL.4612.write.1.tlog
C:\Users\maik\Desktop\VxKex\01-Extended DLLs\KxUser\x64\Release\CL.8256.read.1.tlog
C:\Users\maik\Desktop\VxKex\01-Extended DLLs\KxUser\x64\Release\CL.8256.write.1.tlog
C:\Users\maik\Desktop\VxKex\01-Extended DLLs\KxUser\x64\Release\CL.8636.read.1.tlog
C:\Users\maik\Desktop\VxKex\01-Extended DLLs\KxUser\x64\Release\CL.8636.write.1.tlog
C:\Users\maik\Desktop\VxKex\01-Extended DLLs\KxUser\x64\Release\CL.8952.read.1.tlog
C:\Users\maik\Desktop\VxKex\01-Extended DLLs\KxUser\x64\Release\CL.8952.write.1.tlog
C:\Users\maik\Desktop\VxKex\01-Extended DLLs\KxUser\x64\Release\CL.8964.read.1.tlog
C:\Users\maik\Desktop\VxKex\01-Extended DLLs\KxUser\x64\Release\CL.8964.write.1.tlog
C:\Users\maik\Desktop\VxKex\01-Extended DLLs\KxUser\x64\Release\cl.command.1.tlog
C:\Users\maik\Desktop\VxKex\01-Extended DLLs\KxUser\x64\Release\CL.read.1.tlog
C:\Users\maik\Desktop\VxKex\01-Extended DLLs\KxUser\x64\Release\cl.write.1.tlog
C:\Users\maik\Desktop\VxKex\01-Extended DLLs\KxUser\x64\Release\dllmain.obj
C:\Users\maik\Desktop\VxKex\01-Extended DLLs\KxUser\x64\Release\forwards.obj
C:\USERS\MAIK\DESKTOP\VXKEX\01-EXTENDED DLLS\KXUSER\X64\RELEASE\KXUSER.RES
C:\Users\maik\Desktop\VxKex\01-Extended DLLs\KxUser\x64\Release\KxUser.write.1.tlog
C:\Users\maik\Desktop\VxKex\01-Extended DLLs\KxUser\x64\Release\link.command.1.tlog
C:\Users\maik\Desktop\VxKex\01-Extended DLLs\KxUser\x64\Release\link.read.1.tlog
C:\Users\maik\Desktop\VxKex\01-Extended DLLs\KxUser\x64\Release\link.write.1.tlog
C:\Users\maik\Desktop\VxKex\01-Extended DLLs\KxUser\x64\Release\link-cvtres.read.1.tlog
C:\Users\maik\Desktop\VxKex\01-Extended DLLs\KxUser\x64\Release\link-cvtres.write.1.tlog
C:\Users\maik\Desktop\VxKex\01-Extended DLLs\KxUser\x64\Release\misc.obj
C:\Users\maik\Desktop\VxKex\01-Extended DLLs\KxUser\x64\Release\pointer.obj
C:\Users\maik\Desktop\VxKex\01-Extended DLLs\KxUser\x64\Release\pwrnotfy.obj
C:\Users\maik\Desktop\VxKex\01-Extended DLLs\KxUser\x64\Release\rc.command.1.tlog
C:\Users\maik\Desktop\VxKex\01-Extended DLLs\KxUser\x64\Release\rc.read.1.tlog
C:\Users\maik\Desktop\VxKex\01-Extended DLLs\KxUser\x64\Release\rc.write.1.tlog
C:\Users\maik\Desktop\VxKex\01-Extended DLLs\KxUser\x64\Release\scaling.obj
C:\Users\maik\Desktop\VxKex\01-Extended DLLs\KxUser\x64\Release\sysmetrc.obj
C:\Users\maik\Desktop\VxKex\01-Extended DLLs\KxUser\x64\Release\timer.obj
C:\USERS\MAIK\DESKTOP\VXKEX\01-EXTENDED DLLS\KXUSER\X64\RELEASE\VC100.PDB
C:\USERS\MAIK\DESKTOP\VXKEX\X64\RELEASE\KXUSER.DLL
C:\Users\maik\Desktop\VxKex\x64\Release\KxUser.exp
C:\Users\maik\Desktop\VxKex\x64\Release\KxUser.lib
C:\USERS\MAIK\DESKTOP\VXKEX\X64\RELEASE\KXUSER.PDB
