C:\USERS\MAIK\DESKTOP\VXKEX\DEBUG\VXKEXLDR.EXE
C:\USERS\MAIK\DESKTOP\VXKEX\DEBUG\VXKEXLDR.PDB
C:\Users\maik\Desktop\VxKex\VxKexLdr\Debug\CL.14516.read.1.tlog
C:\Users\maik\Desktop\VxKex\VxKexLdr\Debug\CL.14516.write.1.tlog
C:\Users\maik\Desktop\VxKex\VxKexLdr\Debug\CL.15600.read.1.tlog
C:\Users\maik\Desktop\VxKex\VxKexLdr\Debug\CL.15600.write.1.tlog
C:\Users\maik\Desktop\VxKex\VxKexLdr\Debug\CL.16572.read.1.tlog
C:\Users\maik\Desktop\VxKex\VxKexLdr\Debug\CL.16572.write.1.tlog
C:\Users\maik\Desktop\VxKex\VxKexLdr\Debug\CL.16948.read.1.tlog
C:\Users\maik\Desktop\VxKex\VxKexLdr\Debug\CL.16948.write.1.tlog
C:\Users\maik\Desktop\VxKex\VxKexLdr\Debug\CL.17128.read.1.tlog
C:\Users\maik\Desktop\VxKex\VxKexLdr\Debug\CL.17128.write.1.tlog
C:\Users\maik\Desktop\VxKex\VxKexLdr\Debug\CL.5720.read.1.tlog
C:\Users\maik\Desktop\VxKex\VxKexLdr\Debug\CL.5720.write.1.tlog
C:\Users\maik\Desktop\VxKex\VxKexLdr\Debug\cl.command.1.tlog
C:\Users\maik\Desktop\VxKex\VxKexLdr\Debug\CL.read.1.tlog
C:\Users\maik\Desktop\VxKex\VxKexLdr\Debug\cl.write.1.tlog
C:\USERS\MAIK\DESKTOP\VXKEX\VXKEXLDR\DEBUG\CREAPROC.OBJ
C:\USERS\MAIK\DESKTOP\VXKEX\VXKEXLDR\DEBUG\GUI.OBJ
C:\Users\maik\Desktop\VxKex\VxKexLdr\Debug\link.command.1.tlog
C:\Users\maik\Desktop\VxKex\VxKexLdr\Debug\link.read.1.tlog
C:\Users\maik\Desktop\VxKex\VxKexLdr\Debug\link.write.1.tlog
C:\Users\maik\Desktop\VxKex\VxKexLdr\Debug\link-cvtres.read.1.tlog
C:\Users\maik\Desktop\VxKex\VxKexLdr\Debug\link-cvtres.write.1.tlog
C:\USERS\MAIK\DESKTOP\VXKEX\VXKEXLDR\DEBUG\MAIN.OBJ
C:\Users\maik\Desktop\VxKex\VxKexLdr\Debug\mt.command.1.tlog
C:\Users\maik\Desktop\VxKex\VxKexLdr\Debug\mt.read.1.tlog
C:\Users\maik\Desktop\VxKex\VxKexLdr\Debug\mt.write.1.tlog
C:\Users\maik\Desktop\VxKex\VxKexLdr\Debug\rc.command.1.tlog
C:\Users\maik\Desktop\VxKex\VxKexLdr\Debug\rc.read.1.tlog
C:\Users\maik\Desktop\VxKex\VxKexLdr\Debug\rc.write.1.tlog
C:\USERS\MAIK\DESKTOP\VXKEX\VXKEXLDR\DEBUG\VC100.PDB
C:\USERS\MAIK\DESKTOP\VXKEX\VXKEXLDR\DEBUG\VXKEXLDR.EXE.INTERMEDIATE.MANIFEST
C:\USERS\MAIK\DESKTOP\VXKEX\VXKEXLDR\DEBUG\VXKEXLDR.RES
C:\Users\maik\Desktop\VxKex\VxKexLdr\Debug\VxKexLdr.write.1.tlog
