Build started 2/17/2025 2:01:26 PM.
     1>Project "C:\Users\maik\Desktop\VxKex-main\VxKexLdr\VxKexLdr.vcxproj" on node 10 (build target(s)).
     1>InitializeBuildStatus:
         Creating "Debug\VxKexLdr.unsuccessfulbuild" because "AlwaysCreate" was specified.
       ClCompile:
         All outputs are up-to-date.
       ResourceCompile:
         C:\Program Files (x86)\Microsoft SDKs\Windows\v7.0A\bin\rc.exe /D _UNICODE /D UNICODE /l"0x0409" /I"C:\Users\maik\Desktop\VxKex-main\\00-Common Headers" /nologo /fo"Debug\VxKexLdr.res" VxKexLdr.rc 
       Link:
         C:\Program Files (x86)\Microsoft Visual Studio 10.0\VC\bin\link.exe /ERRORREPORT:PROMPT /OUT:"C:\Users\maik\Desktop\VxKex-main\Debug\VxKexLdr.exe" /INCREMENTAL:NO /NOLOGO /LIBPATH:"C:\Users\maik\Desktop\VxKex-main\Debug\\" /LIBPATH:"C:\Users\maik\Desktop\VxKex-main\\00-Import Libraries" Delayimp.lib /DELAYLOAD:ole32.dll /DELAYLOAD:comdlg32.dll /DELAYLOAD:user32.dll /DELAYLOAD:shell32.dll /DELAYLOAD:comctl32.dll /DELAYLOAD:gdi32.dll /MANIFEST /ManifestFile:"Debug\VxKexLdr.exe.intermediate.manifest" /MANIFESTUAC:"level='asInvoker' uiAccess='false'" /DEBUG /PDB:"C:\Users\maik\Desktop\VxKex-main\Debug\VxKexLdr.pdb" /SUBSYSTEM:WINDOWS /TLBID:1 /RELEASE /DYNAMICBASE /NXCOMPAT /IMPLIB:"C:\Users\maik\Desktop\VxKex-main\Debug\VxKexLdr.lib" /MACHINE:X86 Debug\VxKexLdr.res
         Debug\creaproc.obj
         Debug\gui.obj
         Debug\main.obj
         VxKexLdr.vcxproj -> C:\Users\maik\Desktop\VxKex-main\Debug\VxKexLdr.exe
       Manifest:
         C:\Program Files (x86)\Microsoft SDKs\Windows\v7.0A\bin\mt.exe /nologo /verbose /outputresource:"C:\Users\maik\Desktop\VxKex-main\Debug\VxKexLdr.exe;#1" /manifest Debug\VxKexLdr.exe.intermediate.manifest "C:\Program Files (x86)\Microsoft Visual Studio 10.0\VC\Include\Manifest\dpiaware.manifest"
       FinalizeBuildStatus:
         Deleting file "Debug\VxKexLdr.unsuccessfulbuild".
         Touching "Debug\VxKexLdr.lastbuildstate".
     1>Done Building Project "C:\Users\maik\Desktop\VxKex-main\VxKexLdr\VxKexLdr.vcxproj" (build target(s)).

Build succeeded.

Time Elapsed 00:00:00.21
