C:\USERS\MAIK\DESKTOP\VXKEX-MAIN\DEBUG\KEXW32ML.LIB
C:\Users\maik\Desktop\VxKex-main\KexW32ML\Debug\CL.11768.read.1.tlog
C:\Users\maik\Desktop\VxKex-main\KexW32ML\Debug\CL.11768.write.1.tlog
C:\Users\maik\Desktop\VxKex-main\KexW32ML\Debug\CL.11776.read.1.tlog
C:\Users\maik\Desktop\VxKex-main\KexW32ML\Debug\CL.11776.write.1.tlog
C:\Users\maik\Desktop\VxKex-main\KexW32ML\Debug\CL.11784.read.1.tlog
C:\Users\maik\Desktop\VxKex-main\KexW32ML\Debug\CL.11784.write.1.tlog
C:\Users\maik\Desktop\VxKex-main\KexW32ML\Debug\CL.11792.read.1.tlog
C:\Users\maik\Desktop\VxKex-main\KexW32ML\Debug\CL.11792.write.1.tlog
C:\Users\maik\Desktop\VxKex-main\KexW32ML\Debug\cl.command.1.tlog
C:\Users\maik\Desktop\VxKex-main\KexW32ML\Debug\CL.read.1.tlog
C:\Users\maik\Desktop\VxKex-main\KexW32ML\Debug\cl.write.1.tlog
C:\Users\maik\Desktop\VxKex-main\KexW32ML\Debug\file.obj
C:\Users\maik\Desktop\VxKex-main\KexW32ML\Debug\kexw32ml.obj
C:\Users\maik\Desktop\VxKex-main\KexW32ML\Debug\KexW32ML.write.1.tlog
C:\Users\maik\Desktop\VxKex-main\KexW32ML\Debug\lib.command.1.tlog
C:\Users\maik\Desktop\VxKex-main\KexW32ML\Debug\Lib-link.read.1.tlog
C:\Users\maik\Desktop\VxKex-main\KexW32ML\Debug\Lib-link.write.1.tlog
C:\Users\maik\Desktop\VxKex-main\KexW32ML\Debug\registry.obj
C:\Users\maik\Desktop\VxKex-main\KexW32ML\Debug\txapi.obj
C:\USERS\MAIK\DESKTOP\VXKEX-MAIN\KEXW32ML\DEBUG\VC100.PDB
