Build started 1/1/2025 7:34:12 PM.
     1>Project "C:\Users\maik\Desktop\VxKex\KexGui\KexGui.vcxproj" on node 3 (build target(s)).
     1>InitializeBuildStatus:
         Creating "x64\Release\KexGui.unsuccessfulbuild" because "AlwaysCreate" was specified.
       ClCompile:
         All outputs are up-to-date.
       Lib:
         C:\Program Files (x86)\Microsoft Visual Studio 10.0\VC\bin\x86_amd64\Lib.exe /OUT:"C:\Users\maik\Desktop\VxKex\x64\Release\KexGui.lib" /LIBPATH:"C:\Users\maik\Desktop\VxKex\\00-Import Libraries" /NOLOGO /NODEFAULTLIB /MACHINE:X64 /LTCG x64\Release\ctlsx.obj
         x64\Release\dpi.obj
         x64\Release\fldrpkr.obj
         x64\Release\kexgui.obj
         x64\Release\locale.obj
         x64\Release\msgbox.obj
         x64\Release\shprops.obj
         x64\Release\window.obj
         x64\Release\wndx.obj
         KexGui.vcxproj -> C:\Users\maik\Desktop\VxKex\x64\Release\KexGui.lib
       FinalizeBuildStatus:
         Deleting file "x64\Release\KexGui.unsuccessfulbuild".
         Touching "x64\Release\KexGui.lastbuildstate".
     1>Done Building Project "C:\Users\maik\Desktop\VxKex\KexGui\KexGui.vcxproj" (build target(s)).

Build succeeded.

Time Elapsed 00:00:00.06
