C:\Users\maik\Desktop\VxKex\KexGui\x64\Release\CL.11184.read.1.tlog
C:\Users\maik\Desktop\VxKex\KexGui\x64\Release\CL.11184.write.1.tlog
C:\Users\maik\Desktop\VxKex\KexGui\x64\Release\CL.12544.read.1.tlog
C:\Users\maik\Desktop\VxKex\KexGui\x64\Release\CL.12544.write.1.tlog
C:\Users\maik\Desktop\VxKex\KexGui\x64\Release\CL.15456.read.1.tlog
C:\Users\maik\Desktop\VxKex\KexGui\x64\Release\CL.15456.write.1.tlog
C:\Users\maik\Desktop\VxKex\KexGui\x64\Release\CL.15932.read.1.tlog
C:\Users\maik\Desktop\VxKex\KexGui\x64\Release\CL.15932.write.1.tlog
C:\Users\maik\Desktop\VxKex\KexGui\x64\Release\CL.16040.read.1.tlog
C:\Users\maik\Desktop\VxKex\KexGui\x64\Release\CL.16040.write.1.tlog
C:\Users\maik\Desktop\VxKex\KexGui\x64\Release\CL.16108.read.1.tlog
C:\Users\maik\Desktop\VxKex\KexGui\x64\Release\CL.16108.write.1.tlog
C:\Users\maik\Desktop\VxKex\KexGui\x64\Release\CL.16116.read.1.tlog
C:\Users\maik\Desktop\VxKex\KexGui\x64\Release\CL.16116.write.1.tlog
C:\Users\maik\Desktop\VxKex\KexGui\x64\Release\CL.16128.read.1.tlog
C:\Users\maik\Desktop\VxKex\KexGui\x64\Release\CL.16128.write.1.tlog
C:\Users\maik\Desktop\VxKex\KexGui\x64\Release\CL.16216.read.1.tlog
C:\Users\maik\Desktop\VxKex\KexGui\x64\Release\CL.16216.write.1.tlog
C:\Users\maik\Desktop\VxKex\KexGui\x64\Release\CL.16376.read.1.tlog
C:\Users\maik\Desktop\VxKex\KexGui\x64\Release\CL.16376.write.1.tlog
C:\Users\maik\Desktop\VxKex\KexGui\x64\Release\CL.17116.read.1.tlog
C:\Users\maik\Desktop\VxKex\KexGui\x64\Release\CL.17116.write.1.tlog
C:\Users\maik\Desktop\VxKex\KexGui\x64\Release\CL.17644.read.1.tlog
C:\Users\maik\Desktop\VxKex\KexGui\x64\Release\CL.17644.write.1.tlog
C:\Users\maik\Desktop\VxKex\KexGui\x64\Release\CL.4436.read.1.tlog
C:\Users\maik\Desktop\VxKex\KexGui\x64\Release\CL.4436.write.1.tlog
C:\Users\maik\Desktop\VxKex\KexGui\x64\Release\CL.4492.read.1.tlog
C:\Users\maik\Desktop\VxKex\KexGui\x64\Release\CL.4492.write.1.tlog
C:\Users\maik\Desktop\VxKex\KexGui\x64\Release\CL.7096.read.1.tlog
C:\Users\maik\Desktop\VxKex\KexGui\x64\Release\CL.7096.write.1.tlog
C:\Users\maik\Desktop\VxKex\KexGui\x64\Release\CL.9072.read.1.tlog
C:\Users\maik\Desktop\VxKex\KexGui\x64\Release\CL.9072.write.1.tlog
C:\Users\maik\Desktop\VxKex\KexGui\x64\Release\cl.command.1.tlog
C:\Users\maik\Desktop\VxKex\KexGui\x64\Release\CL.read.1.tlog
C:\Users\maik\Desktop\VxKex\KexGui\x64\Release\cl.write.1.tlog
C:\USERS\MAIK\DESKTOP\VXKEX\KEXGUI\X64\RELEASE\CTLSX.OBJ
C:\USERS\MAIK\DESKTOP\VXKEX\KEXGUI\X64\RELEASE\DPI.OBJ
C:\USERS\MAIK\DESKTOP\VXKEX\KEXGUI\X64\RELEASE\FLDRPKR.OBJ
C:\USERS\MAIK\DESKTOP\VXKEX\KEXGUI\X64\RELEASE\KEXGUI.OBJ
C:\Users\maik\Desktop\VxKex\KexGui\x64\Release\KexGui.write.1.tlog
C:\Users\maik\Desktop\VxKex\KexGui\x64\Release\lib.command.1.tlog
C:\Users\maik\Desktop\VxKex\KexGui\x64\Release\Lib-link.read.1.tlog
C:\Users\maik\Desktop\VxKex\KexGui\x64\Release\Lib-link.write.1.tlog
C:\USERS\MAIK\DESKTOP\VXKEX\KEXGUI\X64\RELEASE\LOCALE.OBJ
C:\USERS\MAIK\DESKTOP\VXKEX\KEXGUI\X64\RELEASE\MSGBOX.OBJ
C:\USERS\MAIK\DESKTOP\VXKEX\KEXGUI\X64\RELEASE\SHPROPS.OBJ
C:\USERS\MAIK\DESKTOP\VXKEX\KEXGUI\X64\RELEASE\VC100.PDB
C:\USERS\MAIK\DESKTOP\VXKEX\KEXGUI\X64\RELEASE\WINDOW.OBJ
C:\USERS\MAIK\DESKTOP\VXKEX\KEXGUI\X64\RELEASE\WNDX.OBJ
C:\USERS\MAIK\DESKTOP\VXKEX\X64\RELEASE\KEXGUI.LIB
