C:\Users\maik\Desktop\VxKex\01-Extended DLLs\KxCryp\x64\Debug\bcrypt.obj
C:\Users\maik\Desktop\VxKex\01-Extended DLLs\KxCryp\x64\Debug\CL.10748.read.1.tlog
C:\Users\maik\Desktop\VxKex\01-Extended DLLs\KxCryp\x64\Debug\CL.10748.write.1.tlog
C:\Users\maik\Desktop\VxKex\01-Extended DLLs\KxCryp\x64\Debug\CL.10800.read.1.tlog
C:\Users\maik\Desktop\VxKex\01-Extended DLLs\KxCryp\x64\Debug\CL.10800.write.1.tlog
C:\Users\maik\Desktop\VxKex\01-Extended DLLs\KxCryp\x64\Debug\CL.14528.read.1.tlog
C:\Users\maik\Desktop\VxKex\01-Extended DLLs\KxCryp\x64\Debug\CL.14528.write.1.tlog
C:\Users\maik\Desktop\VxKex\01-Extended DLLs\KxCryp\x64\Debug\CL.5280.read.1.tlog
C:\Users\maik\Desktop\VxKex\01-Extended DLLs\KxCryp\x64\Debug\CL.5280.write.1.tlog
C:\Users\maik\Desktop\VxKex\01-Extended DLLs\KxCryp\x64\Debug\CL.9656.read.1.tlog
C:\Users\maik\Desktop\VxKex\01-Extended DLLs\KxCryp\x64\Debug\CL.9656.write.1.tlog
C:\Users\maik\Desktop\VxKex\01-Extended DLLs\KxCryp\x64\Debug\cl.command.1.tlog
C:\Users\maik\Desktop\VxKex\01-Extended DLLs\KxCryp\x64\Debug\CL.read.1.tlog
C:\Users\maik\Desktop\VxKex\01-Extended DLLs\KxCryp\x64\Debug\cl.write.1.tlog
C:\Users\maik\Desktop\VxKex\01-Extended DLLs\KxCryp\x64\Debug\dllmain.obj
C:\Users\maik\Desktop\VxKex\01-Extended DLLs\KxCryp\x64\Debug\forwards.obj
C:\USERS\MAIK\DESKTOP\VXKEX\01-EXTENDED DLLS\KXCRYP\X64\DEBUG\KXCRYP.RES
C:\Users\maik\Desktop\VxKex\01-Extended DLLs\KxCryp\x64\Debug\KxCryp.write.1.tlog
C:\Users\maik\Desktop\VxKex\01-Extended DLLs\KxCryp\x64\Debug\link.command.1.tlog
C:\Users\maik\Desktop\VxKex\01-Extended DLLs\KxCryp\x64\Debug\link.read.1.tlog
C:\Users\maik\Desktop\VxKex\01-Extended DLLs\KxCryp\x64\Debug\link.write.1.tlog
C:\Users\maik\Desktop\VxKex\01-Extended DLLs\KxCryp\x64\Debug\link-cvtres.read.1.tlog
C:\Users\maik\Desktop\VxKex\01-Extended DLLs\KxCryp\x64\Debug\link-cvtres.write.1.tlog
C:\Users\maik\Desktop\VxKex\01-Extended DLLs\KxCryp\x64\Debug\rc.command.1.tlog
C:\Users\maik\Desktop\VxKex\01-Extended DLLs\KxCryp\x64\Debug\rc.read.1.tlog
C:\Users\maik\Desktop\VxKex\01-Extended DLLs\KxCryp\x64\Debug\rc.write.1.tlog
C:\Users\maik\Desktop\VxKex\01-Extended DLLs\KxCryp\x64\Debug\rng.obj
C:\Users\maik\Desktop\VxKex\01-Extended DLLs\KxCryp\x64\Debug\schannel.obj
C:\USERS\MAIK\DESKTOP\VXKEX\01-EXTENDED DLLS\KXCRYP\X64\DEBUG\VC100.PDB
C:\USERS\MAIK\DESKTOP\VXKEX\X64\DEBUG\KXCRYP.DLL
C:\Users\maik\Desktop\VxKex\x64\Debug\KxCryp.exp
C:\Users\maik\Desktop\VxKex\x64\Debug\KxCryp.lib
C:\USERS\MAIK\DESKTOP\VXKEX\X64\DEBUG\KXCRYP.PDB
