Build started 3/10/2025 3:03:44 AM.
     1>Project "C:\Users\maik\Desktop\VxKex-main\01-Extended DLLs\KxCryp\KxCryp.vcxproj" on node 4 (build target(s)).
     1>InitializeBuildStatus:
         Touching "x64\Debug\KxCryp.unsuccessfulbuild".
       ClCompile:
         All outputs are up-to-date.
       ResourceCompile:
         All outputs are up-to-date.
       Link:
         C:\Program Files (x86)\Microsoft Visual Studio 10.0\VC\bin\x86_amd64\link.exe /ERRORREPORT:PROMPT /OUT:"C:\Users\maik\Desktop\VxKex-main\x64\Debug\KxCryp.dll" /INCREMENTAL:NO /NOLOGO /LIBPATH:"C:\Users\maik\Desktop\VxKex-main\x64\Debug\\" /LIBPATH:"C:\Users\maik\Desktop\VxKex-main\\00-Import Libraries" /WX /DEF:"kxcryp.def" /MANIFEST:NO /DEBUG /PDB:"C:\Users\maik\Desktop\VxKex-main\x64\Debug\KxCryp.pdb" /SUBSYSTEM:WINDOWS /TLBID:1 /RELEASE /DYNAMICBASE /NXCOMPAT /IMPLIB:"C:\Users\maik\Desktop\VxKex-main\x64\Debug\KxCryp.lib" /MACHINE:X64 /DLL x64\Debug\kxcryp.res
         x64\Debug\bcrypt.obj
         x64\Debug\dllmain.obj
         x64\Debug\forwards.obj
         x64\Debug\rng.obj
         x64\Debug\schannel.obj
            Creating library C:\Users\maik\Desktop\VxKex-main\x64\Debug\KxCryp.lib and object C:\Users\maik\Desktop\VxKex-main\x64\Debug\KxCryp.exp
         KxCryp.vcxproj -> C:\Users\maik\Desktop\VxKex-main\x64\Debug\KxCryp.dll
       FinalizeBuildStatus:
         Deleting file "x64\Debug\KxCryp.unsuccessfulbuild".
         Touching "x64\Debug\KxCryp.lastbuildstate".
     1>Done Building Project "C:\Users\maik\Desktop\VxKex-main\01-Extended DLLs\KxCryp\KxCryp.vcxproj" (build target(s)).

Build succeeded.

Time Elapsed 00:00:00.26
