C:\Users\maik\Desktop\VxKex-main\KexW32ML\Release\CL.11808.read.1.tlog
C:\Users\maik\Desktop\VxKex-main\KexW32ML\Release\CL.11808.write.1.tlog
C:\Users\maik\Desktop\VxKex-main\KexW32ML\Release\CL.7876.read.1.tlog
C:\Users\maik\Desktop\VxKex-main\KexW32ML\Release\CL.7876.write.1.tlog
C:\Users\maik\Desktop\VxKex-main\KexW32ML\Release\CL.9076.read.1.tlog
C:\Users\maik\Desktop\VxKex-main\KexW32ML\Release\CL.9076.write.1.tlog
C:\Users\maik\Desktop\VxKex-main\KexW32ML\Release\CL.9876.read.1.tlog
C:\Users\maik\Desktop\VxKex-main\KexW32ML\Release\CL.9876.write.1.tlog
C:\Users\maik\Desktop\VxKex-main\KexW32ML\Release\cl.command.1.tlog
C:\Users\maik\Desktop\VxKex-main\KexW32ML\Release\CL.read.1.tlog
C:\Users\maik\Desktop\VxKex-main\KexW32ML\Release\cl.write.1.tlog
C:\Users\maik\Desktop\VxKex-main\KexW32ML\Release\file.obj
C:\Users\maik\Desktop\VxKex-main\KexW32ML\Release\kexw32ml.obj
C:\Users\maik\Desktop\VxKex-main\KexW32ML\Release\KexW32ML.write.1.tlog
C:\Users\maik\Desktop\VxKex-main\KexW32ML\Release\lib.command.1.tlog
C:\Users\maik\Desktop\VxKex-main\KexW32ML\Release\Lib-link.read.1.tlog
C:\Users\maik\Desktop\VxKex-main\KexW32ML\Release\Lib-link.write.1.tlog
C:\Users\maik\Desktop\VxKex-main\KexW32ML\Release\registry.obj
C:\Users\maik\Desktop\VxKex-main\KexW32ML\Release\txapi.obj
C:\USERS\MAIK\DESKTOP\VXKEX-MAIN\KEXW32ML\RELEASE\VC100.PDB
C:\USERS\MAIK\DESKTOP\VXKEX-MAIN\RELEASE\KEXW32ML.LIB
