C:\Users\maik\Desktop\VxKex\01-Extended DLLs\KxNet\Release\CL.13620.read.1.tlog
C:\Users\maik\Desktop\VxKex\01-Extended DLLs\KxNet\Release\CL.13620.write.1.tlog
C:\Users\maik\Desktop\VxKex\01-Extended DLLs\KxNet\Release\CL.16008.read.1.tlog
C:\Users\maik\Desktop\VxKex\01-Extended DLLs\KxNet\Release\CL.16008.write.1.tlog
C:\Users\maik\Desktop\VxKex\01-Extended DLLs\KxNet\Release\CL.17380.read.1.tlog
C:\Users\maik\Desktop\VxKex\01-Extended DLLs\KxNet\Release\CL.17380.write.1.tlog
C:\Users\maik\Desktop\VxKex\01-Extended DLLs\KxNet\Release\CL.18000.read.1.tlog
C:\Users\maik\Desktop\VxKex\01-Extended DLLs\KxNet\Release\CL.18000.write.1.tlog
C:\Users\maik\Desktop\VxKex\01-Extended DLLs\KxNet\Release\CL.18056.read.1.tlog
C:\Users\maik\Desktop\VxKex\01-Extended DLLs\KxNet\Release\CL.18056.write.1.tlog
C:\Users\maik\Desktop\VxKex\01-Extended DLLs\KxNet\Release\CL.4192.read.1.tlog
C:\Users\maik\Desktop\VxKex\01-Extended DLLs\KxNet\Release\CL.4192.write.1.tlog
C:\Users\maik\Desktop\VxKex\01-Extended DLLs\KxNet\Release\CL.6020.read.1.tlog
C:\Users\maik\Desktop\VxKex\01-Extended DLLs\KxNet\Release\CL.6020.write.1.tlog
C:\Users\maik\Desktop\VxKex\01-Extended DLLs\KxNet\Release\CL.6096.read.1.tlog
C:\Users\maik\Desktop\VxKex\01-Extended DLLs\KxNet\Release\CL.6096.write.1.tlog
C:\Users\maik\Desktop\VxKex\01-Extended DLLs\KxNet\Release\CL.7932.read.1.tlog
C:\Users\maik\Desktop\VxKex\01-Extended DLLs\KxNet\Release\CL.7932.write.1.tlog
C:\Users\maik\Desktop\VxKex\01-Extended DLLs\KxNet\Release\cl.command.1.tlog
C:\Users\maik\Desktop\VxKex\01-Extended DLLs\KxNet\Release\CL.read.1.tlog
C:\Users\maik\Desktop\VxKex\01-Extended DLLs\KxNet\Release\cl.write.1.tlog
C:\USERS\MAIK\DESKTOP\VXKEX\01-EXTENDED DLLS\KXNET\RELEASE\DLLMAIN.OBJ
C:\USERS\MAIK\DESKTOP\VXKEX\01-EXTENDED DLLS\KXNET\RELEASE\DNS.OBJ
C:\Users\maik\Desktop\VxKex\01-Extended DLLs\KxNet\Release\forwards.obj
C:\USERS\MAIK\DESKTOP\VXKEX\01-EXTENDED DLLS\KXNET\RELEASE\KXNET.RES
C:\Users\maik\Desktop\VxKex\01-Extended DLLs\KxNet\Release\KxNet.write.1.tlog
C:\Users\maik\Desktop\VxKex\01-Extended DLLs\KxNet\Release\link.command.1.tlog
C:\Users\maik\Desktop\VxKex\01-Extended DLLs\KxNet\Release\link.read.1.tlog
C:\Users\maik\Desktop\VxKex\01-Extended DLLs\KxNet\Release\link.write.1.tlog
C:\Users\maik\Desktop\VxKex\01-Extended DLLs\KxNet\Release\link-cvtres.read.1.tlog
C:\Users\maik\Desktop\VxKex\01-Extended DLLs\KxNet\Release\link-cvtres.write.1.tlog
C:\Users\maik\Desktop\VxKex\01-Extended DLLs\KxNet\Release\rc.command.1.tlog
C:\Users\maik\Desktop\VxKex\01-Extended DLLs\KxNet\Release\rc.read.1.tlog
C:\Users\maik\Desktop\VxKex\01-Extended DLLs\KxNet\Release\rc.write.1.tlog
C:\USERS\MAIK\DESKTOP\VXKEX\01-EXTENDED DLLS\KXNET\RELEASE\VC100.PDB
C:\USERS\MAIK\DESKTOP\VXKEX\01-EXTENDED DLLS\KXNET\RELEASE\WINHTTP.OBJ
C:\USERS\MAIK\DESKTOP\VXKEX\01-EXTENDED DLLS\KXNET\RELEASE\WINSOCK.OBJ
C:\USERS\MAIK\DESKTOP\VXKEX\RELEASE\KXNET.DLL
C:\Users\maik\Desktop\VxKex\Release\KxNet.exp
C:\Users\maik\Desktop\VxKex\Release\KxNet.lib
C:\USERS\MAIK\DESKTOP\VXKEX\RELEASE\KXNET.PDB
