Build started 1/1/2025 7:45:26 PM.
     1>Project "C:\Users\maik\Desktop\VxKex\01-Extended DLLs\KxNet\KxNet.vcxproj" on node 9 (build target(s)).
     1>InitializeBuildStatus:
         Creating "Release\KxNet.unsuccessfulbuild" because "AlwaysCreate" was specified.
       ClCompile:
         All outputs are up-to-date.
       ResourceCompile:
         C:\Program Files (x86)\Microsoft SDKs\Windows\v7.0A\bin\rc.exe /D _UNICODE /D UNICODE /l"0x0409" /I"C:\Users\maik\Desktop\VxKex\\00-Common Headers" /nologo /fo"Release\kxnet.res" kxnet.rc 
       Link:
         C:\Program Files (x86)\Microsoft Visual Studio 10.0\VC\bin\link.exe /ERRORREPORT:PROMPT /OUT:"C:\Users\maik\Desktop\VxKex\Release\KxNet.dll" /INCREMENTAL:NO /NOLOGO /LIBPATH:C:\Users\maik\Desktop\VxKex\Release\ /LIBPATH:"C:\Users\maik\Desktop\VxKex\\00-Import Libraries" /WX /DEF:"kxnet.def" /MANIFEST:NO /DEBUG /PDB:"C:\Users\maik\Desktop\VxKex\Release\KxNet.pdb" /SUBSYSTEM:WINDOWS /OPT:REF /OPT:ICF /LTCG /TLBID:1 /RELEASE /DYNAMICBASE /NXCOMPAT /IMPLIB:"C:\Users\maik\Desktop\VxKex\Release\KxNet.lib" /MACHINE:X86 /DLL Release\kxnet.res
         Release\dllmain.obj
         Release\dns.obj
         Release\forwards.obj
         Release\winhttp.obj
         Release\winsock.obj
            Creating library C:\Users\maik\Desktop\VxKex\Release\KxNet.lib and object C:\Users\maik\Desktop\VxKex\Release\KxNet.exp
         Generating code
         Finished generating code
         KxNet.vcxproj -> C:\Users\maik\Desktop\VxKex\Release\KxNet.dll
       FinalizeBuildStatus:
         Deleting file "Release\KxNet.unsuccessfulbuild".
         Touching "Release\KxNet.lastbuildstate".
     1>Done Building Project "C:\Users\maik\Desktop\VxKex\01-Extended DLLs\KxNet\KxNet.vcxproj" (build target(s)).

Build succeeded.

Time Elapsed 00:00:00.91
