Build started 1/2/2025 4:50:16 AM.
     1>Project "C:\Users\maik\Desktop\VxKex\01-Development Utilities\KexExprt\KexExprt.vcxproj" on node 6 (rebuild target(s)).
     1>_PrepareForClean:
         Deleting file "x64\Debug\KexExprt.lastbuildstate".
       InitializeBuildStatus:
         Creating "x64\Debug\KexExprt.unsuccessfulbuild" because "AlwaysCreate" was specified.
       ClCompile:
         C:\Program Files (x86)\Microsoft Visual Studio 10.0\VC\bin\x86_amd64\CL.exe /c /I"C:\Users\maik\Desktop\VxKex\\00-Common Headers" /Zi /nologo /W3 /WX /MP /Od /D WIN32 /D _DEBUG /D _WINDOWS /D _UNICODE /D UNICODE /Gm- /EHsc /MDd /GS- /fp:precise /Zc:wchar_t /Zc:forScope /Fo"x64\Debug\\" /Fd"x64\Debug\vc100.pdb" /Gd /TC /errorReport:prompt dump.c kexexprt.c
         dump.c
         kexexprt.c
       ResourceCompile:
         C:\Program Files (x86)\Microsoft SDKs\Windows\v7.0A\bin\rc.exe /D _UNICODE /D UNICODE /l"0x0409" /I"C:\Users\maik\Desktop\VxKex\\00-Common Headers" /nologo /fo"x64\Debug\KexExprt.res" KexExprt.rc 
       Link:
         C:\Program Files (x86)\Microsoft Visual Studio 10.0\VC\bin\x86_amd64\link.exe /ERRORREPORT:PROMPT /OUT:"C:\Users\maik\Desktop\VxKex\x64\Debug\KexExprt.exe" /INCREMENTAL:NO /NOLOGO /LIBPATH:C:\Users\maik\Desktop\VxKex\x64\Debug\ /LIBPATH:"C:\Users\maik\Desktop\VxKex\\00-Import Libraries" /MANIFEST /ManifestFile:"x64\Debug\KexExprt.exe.intermediate.manifest" /MANIFESTUAC:"level='asInvoker' uiAccess='false'" /DEBUG /PDB:"C:\Users\maik\Desktop\VxKex\x64\Debug\KexExprt.pdb" /SUBSYSTEM:WINDOWS /TLBID:1 /DYNAMICBASE /NXCOMPAT /IMPLIB:"C:\Users\maik\Desktop\VxKex\x64\Debug\KexExprt.lib" /MACHINE:X64 x64\Debug\KexExprt.res
         x64\Debug\dump.obj
         x64\Debug\kexexprt.obj
         KexExprt.vcxproj -> C:\Users\maik\Desktop\VxKex\x64\Debug\KexExprt.exe
       Manifest:
         C:\Program Files (x86)\Microsoft SDKs\Windows\v7.0A\bin\mt.exe /nologo /verbose /outputresource:"C:\Users\maik\Desktop\VxKex\x64\Debug\KexExprt.exe;#1" /manifest x64\Debug\KexExprt.exe.intermediate.manifest
       FinalizeBuildStatus:
         Deleting file "x64\Debug\KexExprt.unsuccessfulbuild".
         Touching "x64\Debug\KexExprt.lastbuildstate".
     1>Done Building Project "C:\Users\maik\Desktop\VxKex\01-Development Utilities\KexExprt\KexExprt.vcxproj" (rebuild target(s)).

Build succeeded.

Time Elapsed 00:00:01.68
