C:\Users\maik\Desktop\VxKex\01-Development Utilities\KexExprt\x64\Debug\CL.10236.read.1.tlog
C:\Users\maik\Desktop\VxKex\01-Development Utilities\KexExprt\x64\Debug\CL.10236.write.1.tlog
C:\Users\maik\Desktop\VxKex\01-Development Utilities\KexExprt\x64\Debug\CL.9872.read.1.tlog
C:\Users\maik\Desktop\VxKex\01-Development Utilities\KexExprt\x64\Debug\CL.9872.write.1.tlog
C:\Users\maik\Desktop\VxKex\01-Development Utilities\KexExprt\x64\Debug\cl.command.1.tlog
C:\Users\maik\Desktop\VxKex\01-Development Utilities\KexExprt\x64\Debug\CL.read.1.tlog
C:\Users\maik\Desktop\VxKex\01-Development Utilities\KexExprt\x64\Debug\cl.write.1.tlog
C:\Users\maik\Desktop\VxKex\01-Development Utilities\KexExprt\x64\Debug\dump.obj
C:\USERS\MAIK\DESKTOP\VXKEX\01-DEVELOPMENT UTILITIES\KEXEXPRT\X64\DEBUG\KEXEXPRT.EXE.INTERMEDIATE.MANIFEST
C:\Users\maik\Desktop\VxKex\01-Development Utilities\KexExprt\x64\Debug\kexexprt.obj
C:\USERS\MAIK\DESKTOP\VXKEX\01-DEVELOPMENT UTILITIES\KEXEXPRT\X64\DEBUG\KEXEXPRT.RES
C:\Users\maik\Desktop\VxKex\01-Development Utilities\KexExprt\x64\Debug\KexExprt.write.1.tlog
C:\Users\maik\Desktop\VxKex\01-Development Utilities\KexExprt\x64\Debug\link.command.1.tlog
C:\Users\maik\Desktop\VxKex\01-Development Utilities\KexExprt\x64\Debug\link.read.1.tlog
C:\Users\maik\Desktop\VxKex\01-Development Utilities\KexExprt\x64\Debug\link.write.1.tlog
C:\Users\maik\Desktop\VxKex\01-Development Utilities\KexExprt\x64\Debug\link-cvtres.read.1.tlog
C:\Users\maik\Desktop\VxKex\01-Development Utilities\KexExprt\x64\Debug\link-cvtres.write.1.tlog
C:\Users\maik\Desktop\VxKex\01-Development Utilities\KexExprt\x64\Debug\mt.command.1.tlog
C:\Users\maik\Desktop\VxKex\01-Development Utilities\KexExprt\x64\Debug\mt.read.1.tlog
C:\Users\maik\Desktop\VxKex\01-Development Utilities\KexExprt\x64\Debug\mt.write.1.tlog
C:\Users\maik\Desktop\VxKex\01-Development Utilities\KexExprt\x64\Debug\rc.command.1.tlog
C:\Users\maik\Desktop\VxKex\01-Development Utilities\KexExprt\x64\Debug\rc.read.1.tlog
C:\Users\maik\Desktop\VxKex\01-Development Utilities\KexExprt\x64\Debug\rc.write.1.tlog
C:\USERS\MAIK\DESKTOP\VXKEX\01-DEVELOPMENT UTILITIES\KEXEXPRT\X64\DEBUG\VC100.PDB
C:\USERS\MAIK\DESKTOP\VXKEX\X64\DEBUG\KEXEXPRT.EXE
C:\USERS\MAIK\DESKTOP\VXKEX\X64\DEBUG\KEXEXPRT.PDB
