Build started 1/2/2025 4:50:11 AM.
     1>Project "C:\Users\maik\Desktop\VxKex\01-Extended DLLs\KxMi\KxMi.vcxproj" on node 4 (rebuild target(s)).
     1>_PrepareForClean:
         Deleting file "x64\Release\KxMi.lastbuildstate".
       InitializeBuildStatus:
         Creating "x64\Release\KxMi.unsuccessfulbuild" because "AlwaysCreate" was specified.
       ClCompile:
         C:\Program Files (x86)\Microsoft Visual Studio 10.0\VC\bin\x86_amd64\CL.exe /c /I"C:\Users\maik\Desktop\VxKex\\00-Common Headers" /Zi /nologo /W3 /WX /MP /O2 /Oi /GL /D WIN32 /D NDEBUG /D _WINDOWS /D _USRDLL /D KXMI_EXPORTS /D _WINDLL /D _UNICODE /D UNICODE /GF /Gm- /MD /GS- /Gy /fp:precise /Zc:wchar_t /Zc:forScope /Fo"x64\Release\\" /Fd"x64\Release\vc100.pdb" /Gz /TC /errorReport:prompt dllmain.c forwards.c powrprof.c userenv.c verspoof.c wldp.c
         dllmain.c
         forwards.c
         powrprof.c
         userenv.c
         verspoof.c
         wldp.c
       ResourceCompile:
         C:\Program Files (x86)\Microsoft SDKs\Windows\v7.0A\bin\rc.exe /D _UNICODE /D UNICODE /l"0x0409" /I"C:\Users\maik\Desktop\VxKex\\00-Common Headers" /nologo /fo"x64\Release\kxmi.res" kxmi.rc 
       Link:
         C:\Program Files (x86)\Microsoft Visual Studio 10.0\VC\bin\x86_amd64\link.exe /ERRORREPORT:PROMPT /OUT:"C:\Users\maik\Desktop\VxKex\x64\Release\KxMi.dll" /INCREMENTAL:NO /NOLOGO /LIBPATH:C:\Users\maik\Desktop\VxKex\x64\Release\ /LIBPATH:"C:\Users\maik\Desktop\VxKex\\00-Import Libraries" /WX /DEF:"kxmi.def" /MANIFEST:NO /DEBUG /PDB:"C:\Users\maik\Desktop\VxKex\x64\Release\KxMi.pdb" /SUBSYSTEM:WINDOWS /OPT:REF /OPT:ICF /LTCG /TLBID:1 /RELEASE /DYNAMICBASE /NXCOMPAT /IMPLIB:"C:\Users\maik\Desktop\VxKex\x64\Release\KxMi.lib" /MACHINE:X64 /DLL x64\Release\kxmi.res
         x64\Release\dllmain.obj
         x64\Release\forwards.obj
         x64\Release\powrprof.obj
         x64\Release\userenv.obj
         x64\Release\verspoof.obj
         x64\Release\wldp.obj
            Creating library C:\Users\maik\Desktop\VxKex\x64\Release\KxMi.lib and object C:\Users\maik\Desktop\VxKex\x64\Release\KxMi.exp
         Generating code
         Finished generating code
         KxMi.vcxproj -> C:\Users\maik\Desktop\VxKex\x64\Release\KxMi.dll
       FinalizeBuildStatus:
         Deleting file "x64\Release\KxMi.unsuccessfulbuild".
         Touching "x64\Release\KxMi.lastbuildstate".
     1>Done Building Project "C:\Users\maik\Desktop\VxKex\01-Extended DLLs\KxMi\KxMi.vcxproj" (rebuild target(s)).

Build succeeded.

Time Elapsed 00:00:04.48
