C:\Users\maik\Desktop\VxKex\01-Extended DLLs\KxMi\x64\Release\CL.10784.read.1.tlog
C:\Users\maik\Desktop\VxKex\01-Extended DLLs\KxMi\x64\Release\CL.10784.write.1.tlog
C:\Users\maik\Desktop\VxKex\01-Extended DLLs\KxMi\x64\Release\CL.12580.read.1.tlog
C:\Users\maik\Desktop\VxKex\01-Extended DLLs\KxMi\x64\Release\CL.12580.write.1.tlog
C:\Users\maik\Desktop\VxKex\01-Extended DLLs\KxMi\x64\Release\CL.12612.read.1.tlog
C:\Users\maik\Desktop\VxKex\01-Extended DLLs\KxMi\x64\Release\CL.12612.write.1.tlog
C:\Users\maik\Desktop\VxKex\01-Extended DLLs\KxMi\x64\Release\CL.13204.read.1.tlog
C:\Users\maik\Desktop\VxKex\01-Extended DLLs\KxMi\x64\Release\CL.13204.write.1.tlog
C:\Users\maik\Desktop\VxKex\01-Extended DLLs\KxMi\x64\Release\CL.4156.read.1.tlog
C:\Users\maik\Desktop\VxKex\01-Extended DLLs\KxMi\x64\Release\CL.4156.write.1.tlog
C:\Users\maik\Desktop\VxKex\01-Extended DLLs\KxMi\x64\Release\CL.6628.read.1.tlog
C:\Users\maik\Desktop\VxKex\01-Extended DLLs\KxMi\x64\Release\CL.6628.write.1.tlog
C:\Users\maik\Desktop\VxKex\01-Extended DLLs\KxMi\x64\Release\cl.command.1.tlog
C:\Users\maik\Desktop\VxKex\01-Extended DLLs\KxMi\x64\Release\CL.read.1.tlog
C:\Users\maik\Desktop\VxKex\01-Extended DLLs\KxMi\x64\Release\cl.write.1.tlog
C:\Users\maik\Desktop\VxKex\01-Extended DLLs\KxMi\x64\Release\dllmain.obj
C:\Users\maik\Desktop\VxKex\01-Extended DLLs\KxMi\x64\Release\forwards.obj
C:\USERS\MAIK\DESKTOP\VXKEX\01-EXTENDED DLLS\KXMI\X64\RELEASE\KXMI.RES
C:\Users\maik\Desktop\VxKex\01-Extended DLLs\KxMi\x64\Release\KxMi.write.1.tlog
C:\Users\maik\Desktop\VxKex\01-Extended DLLs\KxMi\x64\Release\link.command.1.tlog
C:\Users\maik\Desktop\VxKex\01-Extended DLLs\KxMi\x64\Release\link.read.1.tlog
C:\Users\maik\Desktop\VxKex\01-Extended DLLs\KxMi\x64\Release\link.write.1.tlog
C:\Users\maik\Desktop\VxKex\01-Extended DLLs\KxMi\x64\Release\link-cvtres.read.1.tlog
C:\Users\maik\Desktop\VxKex\01-Extended DLLs\KxMi\x64\Release\link-cvtres.write.1.tlog
C:\Users\maik\Desktop\VxKex\01-Extended DLLs\KxMi\x64\Release\powrprof.obj
C:\Users\maik\Desktop\VxKex\01-Extended DLLs\KxMi\x64\Release\rc.command.1.tlog
C:\Users\maik\Desktop\VxKex\01-Extended DLLs\KxMi\x64\Release\rc.read.1.tlog
C:\Users\maik\Desktop\VxKex\01-Extended DLLs\KxMi\x64\Release\rc.write.1.tlog
C:\Users\maik\Desktop\VxKex\01-Extended DLLs\KxMi\x64\Release\userenv.obj
C:\USERS\MAIK\DESKTOP\VXKEX\01-EXTENDED DLLS\KXMI\X64\RELEASE\VC100.PDB
C:\Users\maik\Desktop\VxKex\01-Extended DLLs\KxMi\x64\Release\verspoof.obj
C:\Users\maik\Desktop\VxKex\01-Extended DLLs\KxMi\x64\Release\wldp.obj
C:\USERS\MAIK\DESKTOP\VXKEX\X64\RELEASE\KXMI.DLL
C:\Users\maik\Desktop\VxKex\x64\Release\KxMi.exp
C:\Users\maik\Desktop\VxKex\x64\Release\KxMi.lib
C:\USERS\MAIK\DESKTOP\VXKEX\X64\RELEASE\KXMI.PDB
