C:\Users\maik\Desktop\VxKex\01-Extended DLLs\KxNet\x64\Debug\CL.12748.read.1.tlog
C:\Users\maik\Desktop\VxKex\01-Extended DLLs\KxNet\x64\Debug\CL.12748.write.1.tlog
C:\Users\maik\Desktop\VxKex\01-Extended DLLs\KxNet\x64\Debug\CL.16260.read.1.tlog
C:\Users\maik\Desktop\VxKex\01-Extended DLLs\KxNet\x64\Debug\CL.16260.write.1.tlog
C:\Users\maik\Desktop\VxKex\01-Extended DLLs\KxNet\x64\Debug\CL.4240.read.1.tlog
C:\Users\maik\Desktop\VxKex\01-Extended DLLs\KxNet\x64\Debug\CL.4240.write.1.tlog
C:\Users\maik\Desktop\VxKex\01-Extended DLLs\KxNet\x64\Debug\CL.4716.read.1.tlog
C:\Users\maik\Desktop\VxKex\01-Extended DLLs\KxNet\x64\Debug\CL.4716.write.1.tlog
C:\Users\maik\Desktop\VxKex\01-Extended DLLs\KxNet\x64\Debug\CL.9260.read.1.tlog
C:\Users\maik\Desktop\VxKex\01-Extended DLLs\KxNet\x64\Debug\CL.9260.write.1.tlog
C:\Users\maik\Desktop\VxKex\01-Extended DLLs\KxNet\x64\Debug\cl.command.1.tlog
C:\Users\maik\Desktop\VxKex\01-Extended DLLs\KxNet\x64\Debug\CL.read.1.tlog
C:\Users\maik\Desktop\VxKex\01-Extended DLLs\KxNet\x64\Debug\cl.write.1.tlog
C:\Users\maik\Desktop\VxKex\01-Extended DLLs\KxNet\x64\Debug\dllmain.obj
C:\Users\maik\Desktop\VxKex\01-Extended DLLs\KxNet\x64\Debug\dns.obj
C:\Users\maik\Desktop\VxKex\01-Extended DLLs\KxNet\x64\Debug\forwards.obj
C:\USERS\MAIK\DESKTOP\VXKEX\01-EXTENDED DLLS\KXNET\X64\DEBUG\KXNET.RES
C:\Users\maik\Desktop\VxKex\01-Extended DLLs\KxNet\x64\Debug\KxNet.write.1.tlog
C:\Users\maik\Desktop\VxKex\01-Extended DLLs\KxNet\x64\Debug\link.command.1.tlog
C:\Users\maik\Desktop\VxKex\01-Extended DLLs\KxNet\x64\Debug\link.read.1.tlog
C:\Users\maik\Desktop\VxKex\01-Extended DLLs\KxNet\x64\Debug\link.write.1.tlog
C:\Users\maik\Desktop\VxKex\01-Extended DLLs\KxNet\x64\Debug\link-cvtres.read.1.tlog
C:\Users\maik\Desktop\VxKex\01-Extended DLLs\KxNet\x64\Debug\link-cvtres.write.1.tlog
C:\Users\maik\Desktop\VxKex\01-Extended DLLs\KxNet\x64\Debug\rc.command.1.tlog
C:\Users\maik\Desktop\VxKex\01-Extended DLLs\KxNet\x64\Debug\rc.read.1.tlog
C:\Users\maik\Desktop\VxKex\01-Extended DLLs\KxNet\x64\Debug\rc.write.1.tlog
C:\USERS\MAIK\DESKTOP\VXKEX\01-EXTENDED DLLS\KXNET\X64\DEBUG\VC100.PDB
C:\Users\maik\Desktop\VxKex\01-Extended DLLs\KxNet\x64\Debug\winhttp.obj
C:\Users\maik\Desktop\VxKex\01-Extended DLLs\KxNet\x64\Debug\winsock.obj
C:\USERS\MAIK\DESKTOP\VXKEX\X64\DEBUG\KXNET.DLL
C:\Users\maik\Desktop\VxKex\x64\Debug\KxNet.exp
C:\Users\maik\Desktop\VxKex\x64\Debug\KxNet.lib
C:\USERS\MAIK\DESKTOP\VXKEX\X64\DEBUG\KXNET.PDB
