Build started 1/2/2025 4:49:53 AM.
     1>Project "C:\Users\maik\Desktop\VxKex\01-Extended DLLs\KxNet\KxNet.vcxproj" on node 2 (rebuild target(s)).
     1>_PrepareForClean:
         Deleting file "x64\Debug\KxNet.lastbuildstate".
       InitializeBuildStatus:
         Creating "x64\Debug\KxNet.unsuccessfulbuild" because "AlwaysCreate" was specified.
       ClCompile:
         C:\Program Files (x86)\Microsoft Visual Studio 10.0\VC\bin\x86_amd64\CL.exe /c /I"C:\Users\maik\Desktop\VxKex\\00-Common Headers" /Zi /nologo /W3 /WX /MP /Od /D WIN32 /D _DEBUG /D _WINDOWS /D _USRDLL /D KXNET_EXPORTS /D _WINDLL /D _UNICODE /D UNICODE /GF /Gm- /MDd /GS- /fp:precise /Zc:wchar_t /Zc:forScope /Fo"x64\Debug\\" /Fd"x64\Debug\vc100.pdb" /Gz /TC /errorReport:prompt dllmain.c dns.c forwards.c winhttp.c winsock.c
         dllmain.c
         dns.c
         forwards.c
         winhttp.c
         winsock.c
       ResourceCompile:
         C:\Program Files (x86)\Microsoft SDKs\Windows\v7.0A\bin\rc.exe /D _UNICODE /D UNICODE /l"0x0409" /I"C:\Users\maik\Desktop\VxKex\\00-Common Headers" /nologo /fo"x64\Debug\kxnet.res" kxnet.rc 
       Link:
         C:\Program Files (x86)\Microsoft Visual Studio 10.0\VC\bin\x86_amd64\link.exe /ERRORREPORT:PROMPT /OUT:"C:\Users\maik\Desktop\VxKex\x64\Debug\KxNet.dll" /INCREMENTAL:NO /NOLOGO /LIBPATH:C:\Users\maik\Desktop\VxKex\x64\Debug\ /LIBPATH:"C:\Users\maik\Desktop\VxKex\\00-Import Libraries" /WX /DEF:"kxnet.def" /MANIFEST:NO /DEBUG /PDB:"C:\Users\maik\Desktop\VxKex\x64\Debug\KxNet.pdb" /SUBSYSTEM:WINDOWS /TLBID:1 /RELEASE /DYNAMICBASE /NXCOMPAT /IMPLIB:"C:\Users\maik\Desktop\VxKex\x64\Debug\KxNet.lib" /MACHINE:X64 /DLL x64\Debug\kxnet.res
         x64\Debug\dllmain.obj
         x64\Debug\dns.obj
         x64\Debug\forwards.obj
         x64\Debug\winhttp.obj
         x64\Debug\winsock.obj
            Creating library C:\Users\maik\Desktop\VxKex\x64\Debug\KxNet.lib and object C:\Users\maik\Desktop\VxKex\x64\Debug\KxNet.exp
         KxNet.vcxproj -> C:\Users\maik\Desktop\VxKex\x64\Debug\KxNet.dll
       FinalizeBuildStatus:
         Deleting file "x64\Debug\KxNet.unsuccessfulbuild".
         Touching "x64\Debug\KxNet.lastbuildstate".
     1>Done Building Project "C:\Users\maik\Desktop\VxKex\01-Extended DLLs\KxNet\KxNet.vcxproj" (rebuild target(s)).

Build succeeded.

Time Elapsed 00:00:04.07
