C:\Users\maik\Desktop\VxKex\KexCfg\x64\Release\CL.12488.read.1.tlog
C:\Users\maik\Desktop\VxKex\KexCfg\x64\Release\CL.12488.write.1.tlog
C:\Users\maik\Desktop\VxKex\KexCfg\x64\Release\CL.6064.read.1.tlog
C:\Users\maik\Desktop\VxKex\KexCfg\x64\Release\CL.6064.write.1.tlog
C:\Users\maik\Desktop\VxKex\KexCfg\x64\Release\CL.7152.read.1.tlog
C:\Users\maik\Desktop\VxKex\KexCfg\x64\Release\CL.7152.write.1.tlog
C:\Users\maik\Desktop\VxKex\KexCfg\x64\Release\CL.8732.read.1.tlog
C:\Users\maik\Desktop\VxKex\KexCfg\x64\Release\CL.8732.write.1.tlog
C:\Users\maik\Desktop\VxKex\KexCfg\x64\Release\cl.command.1.tlog
C:\Users\maik\Desktop\VxKex\KexCfg\x64\Release\CL.read.1.tlog
C:\Users\maik\Desktop\VxKex\KexCfg\x64\Release\cl.write.1.tlog
C:\Users\maik\Desktop\VxKex\KexCfg\x64\Release\cmdline.obj
C:\Users\maik\Desktop\VxKex\KexCfg\x64\Release\gui.obj
C:\USERS\MAIK\DESKTOP\VXKEX\KEXCFG\X64\RELEASE\KEXCFG.EXE.INTERMEDIATE.MANIFEST
C:\USERS\MAIK\DESKTOP\VXKEX\KEXCFG\X64\RELEASE\KEXCFG.RES
C:\Users\maik\Desktop\VxKex\KexCfg\x64\Release\KexCfg.write.1.tlog
C:\Users\maik\Desktop\VxKex\KexCfg\x64\Release\link.command.1.tlog
C:\Users\maik\Desktop\VxKex\KexCfg\x64\Release\link.read.1.tlog
C:\Users\maik\Desktop\VxKex\KexCfg\x64\Release\link.write.1.tlog
C:\Users\maik\Desktop\VxKex\KexCfg\x64\Release\link-cvtres.read.1.tlog
C:\Users\maik\Desktop\VxKex\KexCfg\x64\Release\link-cvtres.write.1.tlog
C:\Users\maik\Desktop\VxKex\KexCfg\x64\Release\main.obj
C:\Users\maik\Desktop\VxKex\KexCfg\x64\Release\mt.command.1.tlog
C:\Users\maik\Desktop\VxKex\KexCfg\x64\Release\mt.read.1.tlog
C:\Users\maik\Desktop\VxKex\KexCfg\x64\Release\mt.write.1.tlog
C:\Users\maik\Desktop\VxKex\KexCfg\x64\Release\rc.command.1.tlog
C:\Users\maik\Desktop\VxKex\KexCfg\x64\Release\rc.read.1.tlog
C:\Users\maik\Desktop\VxKex\KexCfg\x64\Release\rc.write.1.tlog
C:\Users\maik\Desktop\VxKex\KexCfg\x64\Release\util.obj
C:\USERS\MAIK\DESKTOP\VXKEX\KEXCFG\X64\RELEASE\VC100.PDB
C:\USERS\MAIK\DESKTOP\VXKEX\X64\RELEASE\KEXCFG.EXE
C:\USERS\MAIK\DESKTOP\VXKEX\X64\RELEASE\KEXCFG.PDB
