C:\Users\maik\Desktop\VxKex\KexDll\x64\Release\apiset.obj
C:\Users\maik\Desktop\VxKex\KexDll\x64\Release\ash.obj
C:\Users\maik\Desktop\VxKex\KexDll\x64\Release\ashcrsup.obj
C:\Users\maik\Desktop\VxKex\KexDll\x64\Release\ashselec.obj
C:\Users\maik\Desktop\VxKex\KexDll\x64\Release\avrf.obj
C:\Users\maik\Desktop\VxKex\KexDll\x64\Release\CL.11588.read.1.tlog
C:\Users\maik\Desktop\VxKex\KexDll\x64\Release\CL.11588.write.1.tlog
C:\Users\maik\Desktop\VxKex\KexDll\x64\Release\CL.12452.read.1.tlog
C:\Users\maik\Desktop\VxKex\KexDll\x64\Release\CL.12452.write.1.tlog
C:\Users\maik\Desktop\VxKex\KexDll\x64\Release\CL.1280.read.1.tlog
C:\Users\maik\Desktop\VxKex\KexDll\x64\Release\CL.1280.write.1.tlog
C:\Users\maik\Desktop\VxKex\KexDll\x64\Release\CL.1296.read.1.tlog
C:\Users\maik\Desktop\VxKex\KexDll\x64\Release\CL.1296.write.1.tlog
C:\Users\maik\Desktop\VxKex\KexDll\x64\Release\CL.4944.read.1.tlog
C:\Users\maik\Desktop\VxKex\KexDll\x64\Release\CL.4944.write.1.tlog
C:\Users\maik\Desktop\VxKex\KexDll\x64\Release\CL.6352.read.1.tlog
C:\Users\maik\Desktop\VxKex\KexDll\x64\Release\CL.6352.write.1.tlog
C:\Users\maik\Desktop\VxKex\KexDll\x64\Release\CL.6412.read.1.tlog
C:\Users\maik\Desktop\VxKex\KexDll\x64\Release\CL.6412.write.1.tlog
C:\Users\maik\Desktop\VxKex\KexDll\x64\Release\CL.9796.read.1.tlog
C:\Users\maik\Desktop\VxKex\KexDll\x64\Release\CL.9796.write.1.tlog
C:\Users\maik\Desktop\VxKex\KexDll\x64\Release\cl.command.1.tlog
C:\Users\maik\Desktop\VxKex\KexDll\x64\Release\CL.read.1.tlog
C:\Users\maik\Desktop\VxKex\KexDll\x64\Release\cl.write.1.tlog
C:\Users\maik\Desktop\VxKex\KexDll\x64\Release\cpiwbypa.obj
C:\Users\maik\Desktop\VxKex\KexDll\x64\Release\dllmain.obj
C:\Users\maik\Desktop\VxKex\KexDll\x64\Release\dllnotif.obj
C:\Users\maik\Desktop\VxKex\KexDll\x64\Release\dllpath.obj
C:\Users\maik\Desktop\VxKex\KexDll\x64\Release\dllrewrt.obj
C:\Users\maik\Desktop\VxKex\KexDll\x64\Release\dload.obj
C:\Users\maik\Desktop\VxKex\KexDll\x64\Release\etw.obj
C:\Users\maik\Desktop\VxKex\KexDll\x64\Release\except.obj
C:\Users\maik\Desktop\VxKex\KexDll\x64\Release\kexdata.obj
C:\USERS\MAIK\DESKTOP\VXKEX\KEXDLL\X64\RELEASE\KEXDLL.RES
C:\Users\maik\Desktop\VxKex\KexDll\x64\Release\KexDll.write.1.tlog
C:\Users\maik\Desktop\VxKex\KexDll\x64\Release\kexhe.obj
C:\Users\maik\Desktop\VxKex\KexDll\x64\Release\kexhk.obj
C:\Users\maik\Desktop\VxKex\KexDll\x64\Release\kexldr.obj
C:\Users\maik\Desktop\VxKex\KexDll\x64\Release\kexrtl.obj
C:\Users\maik\Desktop\VxKex\KexDll\x64\Release\link.command.1.tlog
C:\Users\maik\Desktop\VxKex\KexDll\x64\Release\link.read.1.tlog
C:\Users\maik\Desktop\VxKex\KexDll\x64\Release\link.write.1.tlog
C:\Users\maik\Desktop\VxKex\KexDll\x64\Release\link-cvtres.read.1.tlog
C:\Users\maik\Desktop\VxKex\KexDll\x64\Release\link-cvtres.write.1.tlog
C:\Users\maik\Desktop\VxKex\KexDll\x64\Release\logging.obj
C:\Users\maik\Desktop\VxKex\KexDll\x64\Release\ntjob.obj
C:\Users\maik\Desktop\VxKex\KexDll\x64\Release\ntpriv.obj
C:\Users\maik\Desktop\VxKex\KexDll\x64\Release\ntps.obj
C:\Users\maik\Desktop\VxKex\KexDll\x64\Release\ntreg.obj
C:\Users\maik\Desktop\VxKex\KexDll\x64\Release\ntsect.obj
C:\Users\maik\Desktop\VxKex\KexDll\x64\Release\ntthread.obj
C:\Users\maik\Desktop\VxKex\KexDll\x64\Release\propagte.obj
C:\Users\maik\Desktop\VxKex\KexDll\x64\Release\rc.command.1.tlog
C:\Users\maik\Desktop\VxKex\KexDll\x64\Release\rc.read.1.tlog
C:\Users\maik\Desktop\VxKex\KexDll\x64\Release\rc.write.1.tlog
C:\Users\maik\Desktop\VxKex\KexDll\x64\Release\rtlrng.obj
C:\Users\maik\Desktop\VxKex\KexDll\x64\Release\rtlwoa.obj
C:\Users\maik\Desktop\VxKex\KexDll\x64\Release\rtlwow64.obj
C:\Users\maik\Desktop\VxKex\KexDll\x64\Release\status.obj
C:\Users\maik\Desktop\VxKex\KexDll\x64\Release\strmap.obj
C:\Users\maik\Desktop\VxKex\KexDll\x64\Release\syscal32.obj
C:\Users\maik\Desktop\VxKex\KexDll\x64\Release\syscal64.obj
C:\USERS\MAIK\DESKTOP\VXKEX\KEXDLL\X64\RELEASE\VC100.PDB
C:\Users\maik\Desktop\VxKex\KexDll\x64\Release\verspoof.obj
C:\Users\maik\Desktop\VxKex\KexDll\x64\Release\vxlopcl.obj
C:\Users\maik\Desktop\VxKex\KexDll\x64\Release\vxlpriv.obj
C:\Users\maik\Desktop\VxKex\KexDll\x64\Release\vxlquery.obj
C:\Users\maik\Desktop\VxKex\KexDll\x64\Release\vxlread.obj
C:\Users\maik\Desktop\VxKex\KexDll\x64\Release\vxlsever.obj
C:\Users\maik\Desktop\VxKex\KexDll\x64\Release\vxlwrite.obj
C:\USERS\MAIK\DESKTOP\VXKEX\X64\RELEASE\KEXDLL.DLL
C:\Users\maik\Desktop\VxKex\x64\Release\KexDll.exp
C:\Users\maik\Desktop\VxKex\x64\Release\KexDll.lib
C:\USERS\MAIK\DESKTOP\VXKEX\X64\RELEASE\KEXDLL.PDB
