Build started 1/1/2025 7:45:50 PM.
     1>Project "C:\Users\maik\Desktop\VxKex\KexDll\KexDll.vcxproj" on node 2 (build target(s)).
     1>InitializeBuildStatus:
         Touching "x64\Release\KexDll.unsuccessfulbuild".
       _MASM:
       Skipping target "_MASM" because all output files are up-to-date with respect to the input files.
       ClCompile:
         All outputs are up-to-date.
       ResourceCompile:
         All outputs are up-to-date.
       Link:
         C:\Program Files (x86)\Microsoft Visual Studio 10.0\VC\bin\x86_amd64\link.exe /ERRORREPORT:PROMPT /OUT:"C:\Users\maik\Desktop\VxKex\x64\Release\KexDll.dll" /INCREMENTAL:NO /NOLOGO /LIBPATH:"C:\Users\maik\Desktop\VxKex\\00-Import Libraries" /LIBPATH:C:\Users\maik\Desktop\VxKex\x64\Release\ /NODEFAULTLIB:delayimp.lib /DEF:"KexDll.def" /MANIFEST:NO /DEBUG /PDB:"C:\Users\maik\Desktop\VxKex\x64\Release\KexDll.pdb" /SUBSYSTEM:NATIVE /OPT:REF /OPT:ICF /LTCG /TLBID:1 /ENTRY:"DllMain" /RELEASE /DYNAMICBASE /NXCOMPAT /IMPLIB:"C:\Users\maik\Desktop\VxKex\x64\Release\KexDll.lib" /MACHINE:X64 /DLL x64\Release\KexDll.res
         x64\Release\apiset.obj
         x64\Release\ash.obj
         x64\Release\ashcrsup.obj
         x64\Release\ashselec.obj
         x64\Release\avrf.obj
         x64\Release\cpiwbypa.obj
         x64\Release\dload.obj
         x64\Release\dllmain.obj
         x64\Release\dllnotif.obj
         x64\Release\dllpath.obj
         x64\Release\dllrewrt.obj
         x64\Release\etw.obj
         x64\Release\except.obj
         x64\Release\kexdata.obj
         x64\Release\kexhe.obj
         x64\Release\kexhk.obj
         x64\Release\kexldr.obj
         x64\Release\kexrtl.obj
         x64\Release\logging.obj
         x64\Release\ntjob.obj
         x64\Release\ntpriv.obj
         x64\Release\ntps.obj
         x64\Release\ntreg.obj
         x64\Release\ntsect.obj
         x64\Release\ntthread.obj
         x64\Release\propagte.obj
         x64\Release\rtlrng.obj
         x64\Release\rtlwoa.obj
         x64\Release\rtlwow64.obj
         x64\Release\status.obj
         x64\Release\strmap.obj
         x64\Release\syscal32.obj
         x64\Release\verspoof.obj
         x64\Release\vxlopcl.obj
         x64\Release\vxlpriv.obj
         x64\Release\vxlquery.obj
         x64\Release\vxlread.obj
         x64\Release\vxlsever.obj
         x64\Release\vxlwrite.obj
         x64\Release\syscal64.obj
            Creating library C:\Users\maik\Desktop\VxKex\x64\Release\KexDll.lib and object C:\Users\maik\Desktop\VxKex\x64\Release\KexDll.exp
         Generating code
         Finished generating code
         KexDll.vcxproj -> C:\Users\maik\Desktop\VxKex\x64\Release\KexDll.dll
       FinalizeBuildStatus:
         Deleting file "x64\Release\KexDll.unsuccessfulbuild".
         Touching "x64\Release\KexDll.lastbuildstate".
     1>Done Building Project "C:\Users\maik\Desktop\VxKex\KexDll\KexDll.vcxproj" (build target(s)).

Build succeeded.

Time Elapsed 00:00:00.87
