C:\Users\maik\Desktop\VxKex-main\01-Extended DLLs\KxAdvapi\Debug\CL.11388.read.1.tlog
C:\Users\maik\Desktop\VxKex-main\01-Extended DLLs\KxAdvapi\Debug\CL.11388.write.1.tlog
C:\Users\maik\Desktop\VxKex-main\01-Extended DLLs\KxAdvapi\Debug\CL.8320.read.1.tlog
C:\Users\maik\Desktop\VxKex-main\01-Extended DLLs\KxAdvapi\Debug\CL.8320.write.1.tlog
C:\Users\maik\Desktop\VxKex-main\01-Extended DLLs\KxAdvapi\Debug\cl.command.1.tlog
C:\Users\maik\Desktop\VxKex-main\01-Extended DLLs\KxAdvapi\Debug\CL.read.1.tlog
C:\Users\maik\Desktop\VxKex-main\01-Extended DLLs\KxAdvapi\Debug\cl.write.1.tlog
C:\Users\maik\Desktop\VxKex-main\01-Extended DLLs\KxAdvapi\Debug\dllmain.obj
C:\Users\maik\Desktop\VxKex-main\01-Extended DLLs\KxAdvapi\Debug\forwards.obj
C:\USERS\MAIK\DESKTOP\VXKEX-MAIN\01-EXTENDED DLLS\KXADVAPI\DEBUG\KXADVAPI.RES
C:\Users\maik\Desktop\VxKex-main\01-Extended DLLs\KxAdvapi\Debug\KxAdvapi.write.1.tlog
C:\Users\maik\Desktop\VxKex-main\01-Extended DLLs\KxAdvapi\Debug\link.command.1.tlog
C:\Users\maik\Desktop\VxKex-main\01-Extended DLLs\KxAdvapi\Debug\link.read.1.tlog
C:\Users\maik\Desktop\VxKex-main\01-Extended DLLs\KxAdvapi\Debug\link.write.1.tlog
C:\Users\maik\Desktop\VxKex-main\01-Extended DLLs\KxAdvapi\Debug\link-cvtres.read.1.tlog
C:\Users\maik\Desktop\VxKex-main\01-Extended DLLs\KxAdvapi\Debug\link-cvtres.write.1.tlog
C:\Users\maik\Desktop\VxKex-main\01-Extended DLLs\KxAdvapi\Debug\rc.command.1.tlog
C:\Users\maik\Desktop\VxKex-main\01-Extended DLLs\KxAdvapi\Debug\rc.read.1.tlog
C:\Users\maik\Desktop\VxKex-main\01-Extended DLLs\KxAdvapi\Debug\rc.write.1.tlog
C:\USERS\MAIK\DESKTOP\VXKEX-MAIN\01-EXTENDED DLLS\KXADVAPI\DEBUG\VC100.PDB
C:\USERS\MAIK\DESKTOP\VXKEX-MAIN\DEBUG\KXADVAPI.DLL
C:\Users\maik\Desktop\VxKex-main\Debug\KxAdvapi.exp
C:\Users\maik\Desktop\VxKex-main\Debug\KxAdvapi.lib
C:\USERS\MAIK\DESKTOP\VXKEX-MAIN\DEBUG\KXADVAPI.PDB
