C:\Users\maik\Desktop\VxKex-main\01-Extended DLLs\KxAdvapi\Release\CL.10512.read.1.tlog
C:\Users\maik\Desktop\VxKex-main\01-Extended DLLs\KxAdvapi\Release\CL.10512.write.1.tlog
C:\Users\maik\Desktop\VxKex-main\01-Extended DLLs\KxAdvapi\Release\CL.12088.read.1.tlog
C:\Users\maik\Desktop\VxKex-main\01-Extended DLLs\KxAdvapi\Release\CL.12088.write.1.tlog
C:\Users\maik\Desktop\VxKex-main\01-Extended DLLs\KxAdvapi\Release\cl.command.1.tlog
C:\Users\maik\Desktop\VxKex-main\01-Extended DLLs\KxAdvapi\Release\CL.read.1.tlog
C:\Users\maik\Desktop\VxKex-main\01-Extended DLLs\KxAdvapi\Release\cl.write.1.tlog
C:\Users\maik\Desktop\VxKex-main\01-Extended DLLs\KxAdvapi\Release\dllmain.obj
C:\Users\maik\Desktop\VxKex-main\01-Extended DLLs\KxAdvapi\Release\forwards.obj
C:\USERS\MAIK\DESKTOP\VXKEX-MAIN\01-EXTENDED DLLS\KXADVAPI\RELEASE\KXADVAPI.RES
C:\Users\maik\Desktop\VxKex-main\01-Extended DLLs\KxAdvapi\Release\KxAdvapi.write.1.tlog
C:\Users\maik\Desktop\VxKex-main\01-Extended DLLs\KxAdvapi\Release\link.command.1.tlog
C:\Users\maik\Desktop\VxKex-main\01-Extended DLLs\KxAdvapi\Release\link.read.1.tlog
C:\Users\maik\Desktop\VxKex-main\01-Extended DLLs\KxAdvapi\Release\link.write.1.tlog
C:\Users\maik\Desktop\VxKex-main\01-Extended DLLs\KxAdvapi\Release\link-cvtres.read.1.tlog
C:\Users\maik\Desktop\VxKex-main\01-Extended DLLs\KxAdvapi\Release\link-cvtres.write.1.tlog
C:\Users\maik\Desktop\VxKex-main\01-Extended DLLs\KxAdvapi\Release\rc.command.1.tlog
C:\Users\maik\Desktop\VxKex-main\01-Extended DLLs\KxAdvapi\Release\rc.read.1.tlog
C:\Users\maik\Desktop\VxKex-main\01-Extended DLLs\KxAdvapi\Release\rc.write.1.tlog
C:\USERS\MAIK\DESKTOP\VXKEX-MAIN\01-EXTENDED DLLS\KXADVAPI\RELEASE\VC100.PDB
C:\USERS\MAIK\DESKTOP\VXKEX-MAIN\RELEASE\KXADVAPI.DLL
C:\Users\maik\Desktop\VxKex-main\Release\KxAdvapi.exp
C:\Users\maik\Desktop\VxKex-main\Release\KxAdvapi.lib
C:\USERS\MAIK\DESKTOP\VXKEX-MAIN\RELEASE\KXADVAPI.PDB
