C:\Users\maik\Desktop\VxKex\KexSetup\Release\CL.12304.read.1.tlog
C:\Users\maik\Desktop\VxKex\KexSetup\Release\CL.12304.write.1.tlog
C:\Users\maik\Desktop\VxKex\KexSetup\Release\CL.12676.read.1.tlog
C:\Users\maik\Desktop\VxKex\KexSetup\Release\CL.12676.write.1.tlog
C:\Users\maik\Desktop\VxKex\KexSetup\Release\CL.13680.read.1.tlog
C:\Users\maik\Desktop\VxKex\KexSetup\Release\CL.13680.write.1.tlog
C:\Users\maik\Desktop\VxKex\KexSetup\Release\CL.15184.read.1.tlog
C:\Users\maik\Desktop\VxKex\KexSetup\Release\CL.15184.write.1.tlog
C:\Users\maik\Desktop\VxKex\KexSetup\Release\CL.16152.read.1.tlog
C:\Users\maik\Desktop\VxKex\KexSetup\Release\CL.16152.write.1.tlog
C:\Users\maik\Desktop\VxKex\KexSetup\Release\CL.8072.read.1.tlog
C:\Users\maik\Desktop\VxKex\KexSetup\Release\CL.8072.write.1.tlog
C:\Users\maik\Desktop\VxKex\KexSetup\Release\CL.9816.read.1.tlog
C:\Users\maik\Desktop\VxKex\KexSetup\Release\CL.9816.write.1.tlog
C:\Users\maik\Desktop\VxKex\KexSetup\Release\cl.command.1.tlog
C:\Users\maik\Desktop\VxKex\KexSetup\Release\CL.read.1.tlog
C:\Users\maik\Desktop\VxKex\KexSetup\Release\cl.write.1.tlog
C:\Users\maik\Desktop\VxKex\KexSetup\Release\cmdline.obj
C:\Users\maik\Desktop\VxKex\KexSetup\Release\gui.obj
C:\USERS\MAIK\DESKTOP\VXKEX\KEXSETUP\RELEASE\KEXSETUP.EXE.INTERMEDIATE.MANIFEST
C:\USERS\MAIK\DESKTOP\VXKEX\KEXSETUP\RELEASE\KEXSETUP.RES
C:\Users\maik\Desktop\VxKex\KexSetup\Release\KexSetup.write.1.tlog
C:\Users\maik\Desktop\VxKex\KexSetup\Release\link.command.1.tlog
C:\Users\maik\Desktop\VxKex\KexSetup\Release\link.read.1.tlog
C:\Users\maik\Desktop\VxKex\KexSetup\Release\link.write.1.tlog
C:\Users\maik\Desktop\VxKex\KexSetup\Release\link-cvtres.read.1.tlog
C:\Users\maik\Desktop\VxKex\KexSetup\Release\link-cvtres.write.1.tlog
C:\Users\maik\Desktop\VxKex\KexSetup\Release\main.obj
C:\Users\maik\Desktop\VxKex\KexSetup\Release\mt.command.1.tlog
C:\Users\maik\Desktop\VxKex\KexSetup\Release\mt.read.1.tlog
C:\Users\maik\Desktop\VxKex\KexSetup\Release\mt.write.1.tlog
C:\Users\maik\Desktop\VxKex\KexSetup\Release\perform.obj
C:\Users\maik\Desktop\VxKex\KexSetup\Release\prereq.obj
C:\Users\maik\Desktop\VxKex\KexSetup\Release\rc.command.1.tlog
C:\Users\maik\Desktop\VxKex\KexSetup\Release\rc.read.1.tlog
C:\Users\maik\Desktop\VxKex\KexSetup\Release\rc.write.1.tlog
C:\Users\maik\Desktop\VxKex\KexSetup\Release\util.obj
C:\USERS\MAIK\DESKTOP\VXKEX\KEXSETUP\RELEASE\VC100.PDB
C:\Users\maik\Desktop\VxKex\KexSetup\Release\version.obj
C:\Users\maik\Desktop\VxKex\KexSetup_Release.exe
C:\USERS\MAIK\DESKTOP\VXKEX\RELEASE\KEXSETUP.EXE
C:\USERS\MAIK\DESKTOP\VXKEX\RELEASE\KEXSETUP.PDB
