C:\USERS\MAIK\DESKTOP\VXKEX\01-EXTENDED DLLS\KXCRYP\X64\RELEASE\BCRYPT.OBJ
C:\Users\maik\Desktop\VxKex\01-Extended DLLs\KxCryp\x64\Release\CL.10188.read.1.tlog
C:\Users\maik\Desktop\VxKex\01-Extended DLLs\KxCryp\x64\Release\CL.10188.write.1.tlog
C:\Users\maik\Desktop\VxKex\01-Extended DLLs\KxCryp\x64\Release\CL.11348.read.1.tlog
C:\Users\maik\Desktop\VxKex\01-Extended DLLs\KxCryp\x64\Release\CL.11348.write.1.tlog
C:\Users\maik\Desktop\VxKex\01-Extended DLLs\KxCryp\x64\Release\CL.12504.read.1.tlog
C:\Users\maik\Desktop\VxKex\01-Extended DLLs\KxCryp\x64\Release\CL.12504.write.1.tlog
C:\Users\maik\Desktop\VxKex\01-Extended DLLs\KxCryp\x64\Release\CL.14564.read.1.tlog
C:\Users\maik\Desktop\VxKex\01-Extended DLLs\KxCryp\x64\Release\CL.14564.write.1.tlog
C:\Users\maik\Desktop\VxKex\01-Extended DLLs\KxCryp\x64\Release\CL.15896.read.1.tlog
C:\Users\maik\Desktop\VxKex\01-Extended DLLs\KxCryp\x64\Release\CL.15896.write.1.tlog
C:\Users\maik\Desktop\VxKex\01-Extended DLLs\KxCryp\x64\Release\CL.15964.read.1.tlog
C:\Users\maik\Desktop\VxKex\01-Extended DLLs\KxCryp\x64\Release\CL.15964.write.1.tlog
C:\Users\maik\Desktop\VxKex\01-Extended DLLs\KxCryp\x64\Release\CL.16344.read.1.tlog
C:\Users\maik\Desktop\VxKex\01-Extended DLLs\KxCryp\x64\Release\CL.16344.write.1.tlog
C:\Users\maik\Desktop\VxKex\01-Extended DLLs\KxCryp\x64\Release\CL.3952.read.1.tlog
C:\Users\maik\Desktop\VxKex\01-Extended DLLs\KxCryp\x64\Release\CL.3952.write.1.tlog
C:\Users\maik\Desktop\VxKex\01-Extended DLLs\KxCryp\x64\Release\CL.4936.read.1.tlog
C:\Users\maik\Desktop\VxKex\01-Extended DLLs\KxCryp\x64\Release\CL.4936.write.1.tlog
C:\Users\maik\Desktop\VxKex\01-Extended DLLs\KxCryp\x64\Release\cl.command.1.tlog
C:\Users\maik\Desktop\VxKex\01-Extended DLLs\KxCryp\x64\Release\CL.read.1.tlog
C:\Users\maik\Desktop\VxKex\01-Extended DLLs\KxCryp\x64\Release\cl.write.1.tlog
C:\USERS\MAIK\DESKTOP\VXKEX\01-EXTENDED DLLS\KXCRYP\X64\RELEASE\DLLMAIN.OBJ
C:\Users\maik\Desktop\VxKex\01-Extended DLLs\KxCryp\x64\Release\forwards.obj
C:\USERS\MAIK\DESKTOP\VXKEX\01-EXTENDED DLLS\KXCRYP\X64\RELEASE\KXCRYP.RES
C:\Users\maik\Desktop\VxKex\01-Extended DLLs\KxCryp\x64\Release\KxCryp.vcxprojResolveAssemblyReference.cache
C:\Users\maik\Desktop\VxKex\01-Extended DLLs\KxCryp\x64\Release\KxCryp.write.1.tlog
C:\Users\maik\Desktop\VxKex\01-Extended DLLs\KxCryp\x64\Release\link.command.1.tlog
C:\Users\maik\Desktop\VxKex\01-Extended DLLs\KxCryp\x64\Release\link.read.1.tlog
C:\Users\maik\Desktop\VxKex\01-Extended DLLs\KxCryp\x64\Release\link.write.1.tlog
C:\Users\maik\Desktop\VxKex\01-Extended DLLs\KxCryp\x64\Release\link-cvtres.read.1.tlog
C:\Users\maik\Desktop\VxKex\01-Extended DLLs\KxCryp\x64\Release\link-cvtres.write.1.tlog
C:\Users\maik\Desktop\VxKex\01-Extended DLLs\KxCryp\x64\Release\rc.command.1.tlog
C:\Users\maik\Desktop\VxKex\01-Extended DLLs\KxCryp\x64\Release\rc.read.1.tlog
C:\Users\maik\Desktop\VxKex\01-Extended DLLs\KxCryp\x64\Release\rc.write.1.tlog
C:\USERS\MAIK\DESKTOP\VXKEX\01-EXTENDED DLLS\KXCRYP\X64\RELEASE\RNG.OBJ
C:\USERS\MAIK\DESKTOP\VXKEX\01-EXTENDED DLLS\KXCRYP\X64\RELEASE\SCHANNEL.OBJ
C:\USERS\MAIK\DESKTOP\VXKEX\01-EXTENDED DLLS\KXCRYP\X64\RELEASE\VC100.PDB
C:\USERS\MAIK\DESKTOP\VXKEX\X64\RELEASE\KXCRYP.DLL
C:\Users\maik\Desktop\VxKex\x64\Release\KxCryp.exp
C:\Users\maik\Desktop\VxKex\x64\Release\KxCryp.lib
C:\USERS\MAIK\DESKTOP\VXKEX\X64\RELEASE\KXCRYP.PDB
