Build started 1/1/2025 7:46:39 PM.
     1>Project "C:\Users\maik\Desktop\VxKex\01-Extended DLLs\KxCryp\KxCryp.vcxproj" on node 2 (build target(s)).
     1>InitializeBuildStatus:
         Creating "x64\Release\KxCryp.unsuccessfulbuild" because "AlwaysCreate" was specified.
       ClCompile:
         All outputs are up-to-date.
       ResourceCompile:
         All outputs are up-to-date.
       Link:
         C:\Program Files (x86)\Microsoft Visual Studio 10.0\VC\bin\x86_amd64\link.exe /ERRORREPORT:PROMPT /OUT:"C:\Users\maik\Desktop\VxKex\x64\Release\KxCryp.dll" /INCREMENTAL:NO /NOLOGO /LIBPATH:C:\Users\maik\Desktop\VxKex\x64\Release\ /LIBPATH:"C:\Users\maik\Desktop\VxKex\\00-Import Libraries" /WX /DEF:"kxcryp.def" /MANIFEST:NO /DEBUG /PDB:"C:\Users\maik\Desktop\VxKex\x64\Release\KxCryp.pdb" /SUBSYSTEM:WINDOWS /OPT:REF /OPT:ICF /LTCG /TLBID:1 /RELEASE /DYNAMICBASE /NXCOMPAT /IMPLIB:"C:\Users\maik\Desktop\VxKex\x64\Release\KxCryp.lib" /MACHINE:X64 /DLL x64\Release\kxcryp.res
         x64\Release\bcrypt.obj
         x64\Release\dllmain.obj
         x64\Release\forwards.obj
         x64\Release\rng.obj
         x64\Release\schannel.obj
            Creating library C:\Users\maik\Desktop\VxKex\x64\Release\KxCryp.lib and object C:\Users\maik\Desktop\VxKex\x64\Release\KxCryp.exp
         Generating code
         Finished generating code
         KxCryp.vcxproj -> C:\Users\maik\Desktop\VxKex\x64\Release\KxCryp.dll
       FinalizeBuildStatus:
         Deleting file "x64\Release\KxCryp.unsuccessfulbuild".
         Touching "x64\Release\KxCryp.lastbuildstate".
     1>Done Building Project "C:\Users\maik\Desktop\VxKex\01-Extended DLLs\KxCryp\KxCryp.vcxproj" (build target(s)).

Build succeeded.

Time Elapsed 00:00:00.35
