C:\USERS\MAIK\DESKTOP\VXKEX\KEXSHLEX\RELEASE\CKXSHLEX.OBJ
C:\Users\maik\Desktop\VxKex\KexShlEx\Release\CL.10084.read.1.tlog
C:\Users\maik\Desktop\VxKex\KexShlEx\Release\CL.10084.write.1.tlog
C:\Users\maik\Desktop\VxKex\KexShlEx\Release\CL.10848.read.1.tlog
C:\Users\maik\Desktop\VxKex\KexShlEx\Release\CL.10848.write.1.tlog
C:\Users\maik\Desktop\VxKex\KexShlEx\Release\CL.11372.read.1.tlog
C:\Users\maik\Desktop\VxKex\KexShlEx\Release\CL.11372.write.1.tlog
C:\Users\maik\Desktop\VxKex\KexShlEx\Release\CL.13096.read.1.tlog
C:\Users\maik\Desktop\VxKex\KexShlEx\Release\CL.13096.write.1.tlog
C:\Users\maik\Desktop\VxKex\KexShlEx\Release\CL.15612.read.1.tlog
C:\Users\maik\Desktop\VxKex\KexShlEx\Release\CL.15612.write.1.tlog
C:\Users\maik\Desktop\VxKex\KexShlEx\Release\CL.17008.read.1.tlog
C:\Users\maik\Desktop\VxKex\KexShlEx\Release\CL.17008.write.1.tlog
C:\Users\maik\Desktop\VxKex\KexShlEx\Release\CL.17796.read.1.tlog
C:\Users\maik\Desktop\VxKex\KexShlEx\Release\CL.17796.write.1.tlog
C:\Users\maik\Desktop\VxKex\KexShlEx\Release\CL.4048.read.1.tlog
C:\Users\maik\Desktop\VxKex\KexShlEx\Release\CL.4048.write.1.tlog
C:\Users\maik\Desktop\VxKex\KexShlEx\Release\CL.5624.read.1.tlog
C:\Users\maik\Desktop\VxKex\KexShlEx\Release\CL.5624.write.1.tlog
C:\Users\maik\Desktop\VxKex\KexShlEx\Release\CL.9564.read.1.tlog
C:\Users\maik\Desktop\VxKex\KexShlEx\Release\CL.9564.write.1.tlog
C:\Users\maik\Desktop\VxKex\KexShlEx\Release\cl.command.1.tlog
C:\Users\maik\Desktop\VxKex\KexShlEx\Release\CL.read.1.tlog
C:\Users\maik\Desktop\VxKex\KexShlEx\Release\cl.write.1.tlog
C:\USERS\MAIK\DESKTOP\VXKEX\KEXSHLEX\RELEASE\CLSFCTRY.OBJ
C:\USERS\MAIK\DESKTOP\VXKEX\KEXSHLEX\RELEASE\DLLMAIN.OBJ
C:\USERS\MAIK\DESKTOP\VXKEX\KEXSHLEX\RELEASE\GUI.OBJ
C:\USERS\MAIK\DESKTOP\VXKEX\KEXSHLEX\RELEASE\KEXSHLEX.RES
C:\Users\maik\Desktop\VxKex\KexShlEx\Release\KexShlEx.write.1.tlog
C:\Users\maik\Desktop\VxKex\KexShlEx\Release\link.command.1.tlog
C:\Users\maik\Desktop\VxKex\KexShlEx\Release\link.read.1.tlog
C:\Users\maik\Desktop\VxKex\KexShlEx\Release\link.write.1.tlog
C:\Users\maik\Desktop\VxKex\KexShlEx\Release\link-cvtres.read.1.tlog
C:\Users\maik\Desktop\VxKex\KexShlEx\Release\link-cvtres.write.1.tlog
C:\USERS\MAIK\DESKTOP\VXKEX\KEXSHLEX\RELEASE\LNKFILE.OBJ
C:\Users\maik\Desktop\VxKex\KexShlEx\Release\rc.command.1.tlog
C:\Users\maik\Desktop\VxKex\KexShlEx\Release\rc.read.1.tlog
C:\Users\maik\Desktop\VxKex\KexShlEx\Release\rc.write.1.tlog
C:\USERS\MAIK\DESKTOP\VXKEX\KEXSHLEX\RELEASE\VC100.PDB
C:\USERS\MAIK\DESKTOP\VXKEX\RELEASE\KEXSHLEX.DLL
C:\Users\maik\Desktop\VxKex\Release\KexShlEx.exp
C:\Users\maik\Desktop\VxKex\Release\KexShlEx.lib
C:\USERS\MAIK\DESKTOP\VXKEX\RELEASE\KEXSHLEX.PDB
