C:\USERS\MAIK\DESKTOP\VXKEX\01-EXTENDED DLLS\KXCRYP\DEBUG\BCRYPT.OBJ
C:\Users\maik\Desktop\VxKex\01-Extended DLLs\KxCryp\Debug\CL.14444.read.1.tlog
C:\Users\maik\Desktop\VxKex\01-Extended DLLs\KxCryp\Debug\CL.14444.write.1.tlog
C:\Users\maik\Desktop\VxKex\01-Extended DLLs\KxCryp\Debug\CL.15748.read.1.tlog
C:\Users\maik\Desktop\VxKex\01-Extended DLLs\KxCryp\Debug\CL.15748.write.1.tlog
C:\Users\maik\Desktop\VxKex\01-Extended DLLs\KxCryp\Debug\CL.15900.read.1.tlog
C:\Users\maik\Desktop\VxKex\01-Extended DLLs\KxCryp\Debug\CL.15900.write.1.tlog
C:\Users\maik\Desktop\VxKex\01-Extended DLLs\KxCryp\Debug\CL.16600.read.1.tlog
C:\Users\maik\Desktop\VxKex\01-Extended DLLs\KxCryp\Debug\CL.16600.write.1.tlog
C:\Users\maik\Desktop\VxKex\01-Extended DLLs\KxCryp\Debug\CL.16876.read.1.tlog
C:\Users\maik\Desktop\VxKex\01-Extended DLLs\KxCryp\Debug\CL.16876.write.1.tlog
C:\Users\maik\Desktop\VxKex\01-Extended DLLs\KxCryp\Debug\CL.16892.read.1.tlog
C:\Users\maik\Desktop\VxKex\01-Extended DLLs\KxCryp\Debug\CL.16892.write.1.tlog
C:\Users\maik\Desktop\VxKex\01-Extended DLLs\KxCryp\Debug\CL.18660.read.1.tlog
C:\Users\maik\Desktop\VxKex\01-Extended DLLs\KxCryp\Debug\CL.18660.write.1.tlog
C:\Users\maik\Desktop\VxKex\01-Extended DLLs\KxCryp\Debug\CL.2432.read.1.tlog
C:\Users\maik\Desktop\VxKex\01-Extended DLLs\KxCryp\Debug\CL.2432.write.1.tlog
C:\Users\maik\Desktop\VxKex\01-Extended DLLs\KxCryp\Debug\CL.6980.read.1.tlog
C:\Users\maik\Desktop\VxKex\01-Extended DLLs\KxCryp\Debug\CL.6980.write.1.tlog
C:\Users\maik\Desktop\VxKex\01-Extended DLLs\KxCryp\Debug\cl.command.1.tlog
C:\Users\maik\Desktop\VxKex\01-Extended DLLs\KxCryp\Debug\CL.read.1.tlog
C:\Users\maik\Desktop\VxKex\01-Extended DLLs\KxCryp\Debug\cl.write.1.tlog
C:\USERS\MAIK\DESKTOP\VXKEX\01-EXTENDED DLLS\KXCRYP\DEBUG\DLLMAIN.OBJ
C:\Users\maik\Desktop\VxKex\01-Extended DLLs\KxCryp\Debug\forwards.obj
C:\USERS\MAIK\DESKTOP\VXKEX\01-EXTENDED DLLS\KXCRYP\DEBUG\KXCRYP.RES
C:\Users\maik\Desktop\VxKex\01-Extended DLLs\KxCryp\Debug\KxCryp.write.1.tlog
C:\Users\maik\Desktop\VxKex\01-Extended DLLs\KxCryp\Debug\link.command.1.tlog
C:\Users\maik\Desktop\VxKex\01-Extended DLLs\KxCryp\Debug\link.read.1.tlog
C:\Users\maik\Desktop\VxKex\01-Extended DLLs\KxCryp\Debug\link.write.1.tlog
C:\Users\maik\Desktop\VxKex\01-Extended DLLs\KxCryp\Debug\link-cvtres.read.1.tlog
C:\Users\maik\Desktop\VxKex\01-Extended DLLs\KxCryp\Debug\link-cvtres.write.1.tlog
C:\Users\maik\Desktop\VxKex\01-Extended DLLs\KxCryp\Debug\rc.command.1.tlog
C:\Users\maik\Desktop\VxKex\01-Extended DLLs\KxCryp\Debug\rc.read.1.tlog
C:\Users\maik\Desktop\VxKex\01-Extended DLLs\KxCryp\Debug\rc.write.1.tlog
C:\USERS\MAIK\DESKTOP\VXKEX\01-EXTENDED DLLS\KXCRYP\DEBUG\RNG.OBJ
C:\USERS\MAIK\DESKTOP\VXKEX\01-EXTENDED DLLS\KXCRYP\DEBUG\SCHANNEL.OBJ
C:\USERS\MAIK\DESKTOP\VXKEX\01-EXTENDED DLLS\KXCRYP\DEBUG\VC100.PDB
C:\USERS\MAIK\DESKTOP\VXKEX\DEBUG\KXCRYP.DLL
C:\Users\maik\Desktop\VxKex\Debug\KxCryp.exp
C:\Users\maik\Desktop\VxKex\Debug\KxCryp.lib
C:\USERS\MAIK\DESKTOP\VXKEX\DEBUG\KXCRYP.PDB
