Build started 1/2/2025 4:48:47 AM.
     1>Project "C:\Users\maik\Desktop\VxKex\01-Extended DLLs\KxCrt\KxCrt.vcxproj" on node 8 (rebuild target(s)).
     1>_PrepareForClean:
         Deleting file "Release\KxCrt.lastbuildstate".
       InitializeBuildStatus:
         Creating "Release\KxCrt.unsuccessfulbuild" because "AlwaysCreate" was specified.
       ClCompile:
         C:\Program Files (x86)\Microsoft Visual Studio 10.0\VC\bin\CL.exe /c /I"C:\Users\maik\Desktop\VxKex\\00-Common Headers" /Zi /nologo /W3 /WX /MP /O2 /Oi /Oy- /GL /D WIN32 /D NDEBUG /D _WINDOWS /D _USRDLL /D KXCRT_EXPORTS /D _WINDLL /D _UNICODE /D UNICODE /GF /Gm- /MD /GS- /Gy /fp:precise /Zc:wchar_t /Zc:forScope /Fo"Release\\" /Fd"Release\vc100.pdb" /Gd /TC /analyze- /errorReport:prompt dllmain.c forwards.c wcsftime.c
         dllmain.c
         forwards.c
         wcsftime.c
       ResourceCompile:
         C:\Program Files (x86)\Microsoft SDKs\Windows\v7.0A\bin\rc.exe /D _UNICODE /D UNICODE /l"0x0409" /I"C:\Users\maik\Desktop\VxKex\\00-Common Headers" /nologo /fo"Release\KxCrt.res" KxCrt.rc 
       Link:
         C:\Program Files (x86)\Microsoft Visual Studio 10.0\VC\bin\link.exe /ERRORREPORT:PROMPT /OUT:"C:\Users\maik\Desktop\VxKex\Release\KxCrt.dll" /INCREMENTAL:NO /NOLOGO /LIBPATH:C:\Users\maik\Desktop\VxKex\Release\ /LIBPATH:"C:\Users\maik\Desktop\VxKex\\00-Import Libraries" /DEF:"kxcrt.def" /MANIFEST:NO /DEBUG /PDB:"C:\Users\maik\Desktop\VxKex\Release\KxCrt.pdb" /SUBSYSTEM:WINDOWS /OPT:REF /OPT:ICF /LTCG /TLBID:1 /RELEASE /DYNAMICBASE /NXCOMPAT /IMPLIB:"C:\Users\maik\Desktop\VxKex\Release\KxCrt.lib" /MACHINE:X86 /DLL Release\KxCrt.res
         Release\dllmain.obj
         Release\forwards.obj
         Release\wcsftime.obj /ignore:4102 
            Creating library C:\Users\maik\Desktop\VxKex\Release\KxCrt.lib and object C:\Users\maik\Desktop\VxKex\Release\KxCrt.exp
         Generating code
         Finished generating code
         KxCrt.vcxproj -> C:\Users\maik\Desktop\VxKex\Release\KxCrt.dll
       FinalizeBuildStatus:
         Deleting file "Release\KxCrt.unsuccessfulbuild".
         Touching "Release\KxCrt.lastbuildstate".
     1>Done Building Project "C:\Users\maik\Desktop\VxKex\01-Extended DLLs\KxCrt\KxCrt.vcxproj" (rebuild target(s)).

Build succeeded.

Time Elapsed 00:00:06.43
