C:\Users\maik\Desktop\VxKex-main\01-Extended DLLs\KxCrt\Release\CL.12472.read.1.tlog
C:\Users\maik\Desktop\VxKex-main\01-Extended DLLs\KxCrt\Release\CL.12472.write.1.tlog
C:\Users\maik\Desktop\VxKex-main\01-Extended DLLs\KxCrt\Release\CL.12480.read.1.tlog
C:\Users\maik\Desktop\VxKex-main\01-Extended DLLs\KxCrt\Release\CL.12480.write.1.tlog
C:\Users\maik\Desktop\VxKex-main\01-Extended DLLs\KxCrt\Release\CL.12488.read.1.tlog
C:\Users\maik\Desktop\VxKex-main\01-Extended DLLs\KxCrt\Release\CL.12488.write.1.tlog
C:\Users\maik\Desktop\VxKex-main\01-Extended DLLs\KxCrt\Release\cl.command.1.tlog
C:\Users\maik\Desktop\VxKex-main\01-Extended DLLs\KxCrt\Release\CL.read.1.tlog
C:\Users\maik\Desktop\VxKex-main\01-Extended DLLs\KxCrt\Release\cl.write.1.tlog
C:\Users\maik\Desktop\VxKex-main\01-Extended DLLs\KxCrt\Release\dllmain.obj
C:\Users\maik\Desktop\VxKex-main\01-Extended DLLs\KxCrt\Release\forwards.obj
C:\USERS\MAIK\DESKTOP\VXKEX-MAIN\01-EXTENDED DLLS\KXCRT\RELEASE\KXCRT.RES
C:\Users\maik\Desktop\VxKex-main\01-Extended DLLs\KxCrt\Release\KxCrt.vcxprojResolveAssemblyReference.cache
C:\Users\maik\Desktop\VxKex-main\01-Extended DLLs\KxCrt\Release\KxCrt.write.1.tlog
C:\Users\maik\Desktop\VxKex-main\01-Extended DLLs\KxCrt\Release\link.command.1.tlog
C:\Users\maik\Desktop\VxKex-main\01-Extended DLLs\KxCrt\Release\link.read.1.tlog
C:\Users\maik\Desktop\VxKex-main\01-Extended DLLs\KxCrt\Release\link.write.1.tlog
C:\Users\maik\Desktop\VxKex-main\01-Extended DLLs\KxCrt\Release\link-cvtres.read.1.tlog
C:\Users\maik\Desktop\VxKex-main\01-Extended DLLs\KxCrt\Release\link-cvtres.write.1.tlog
C:\Users\maik\Desktop\VxKex-main\01-Extended DLLs\KxCrt\Release\rc.command.1.tlog
C:\Users\maik\Desktop\VxKex-main\01-Extended DLLs\KxCrt\Release\rc.read.1.tlog
C:\Users\maik\Desktop\VxKex-main\01-Extended DLLs\KxCrt\Release\rc.write.1.tlog
C:\USERS\MAIK\DESKTOP\VXKEX-MAIN\01-EXTENDED DLLS\KXCRT\RELEASE\VC100.PDB
C:\Users\maik\Desktop\VxKex-main\01-Extended DLLs\KxCrt\Release\wcsftime.obj
C:\USERS\MAIK\DESKTOP\VXKEX-MAIN\RELEASE\KXCRT.DLL
C:\Users\maik\Desktop\VxKex-main\Release\KxCrt.exp
C:\Users\maik\Desktop\VxKex-main\Release\KxCrt.lib
C:\USERS\MAIK\DESKTOP\VXKEX-MAIN\RELEASE\KXCRT.PDB
