C:\USERS\MAIK\DESKTOP\VXKEX-MAIN\DEBUG\KEXSHLEX.DLL
C:\Users\maik\Desktop\VxKex-main\Debug\KexShlEx.exp
C:\Users\maik\Desktop\VxKex-main\Debug\KexShlEx.lib
C:\USERS\MAIK\DESKTOP\VXKEX-MAIN\DEBUG\KEXSHLEX.PDB
C:\Users\maik\Desktop\VxKex-main\KexShlEx\Debug\ckxshlex.obj
C:\Users\maik\Desktop\VxKex-main\KexShlEx\Debug\CL.11304.read.1.tlog
C:\Users\maik\Desktop\VxKex-main\KexShlEx\Debug\CL.11304.write.1.tlog
C:\Users\maik\Desktop\VxKex-main\KexShlEx\Debug\CL.11896.read.1.tlog
C:\Users\maik\Desktop\VxKex-main\KexShlEx\Debug\CL.11896.write.1.tlog
C:\Users\maik\Desktop\VxKex-main\KexShlEx\Debug\CL.12216.read.1.tlog
C:\Users\maik\Desktop\VxKex-main\KexShlEx\Debug\CL.12216.write.1.tlog
C:\Users\maik\Desktop\VxKex-main\KexShlEx\Debug\CL.12284.read.1.tlog
C:\Users\maik\Desktop\VxKex-main\KexShlEx\Debug\CL.12284.write.1.tlog
C:\Users\maik\Desktop\VxKex-main\KexShlEx\Debug\CL.6624.read.1.tlog
C:\Users\maik\Desktop\VxKex-main\KexShlEx\Debug\CL.6624.write.1.tlog
C:\Users\maik\Desktop\VxKex-main\KexShlEx\Debug\cl.command.1.tlog
C:\Users\maik\Desktop\VxKex-main\KexShlEx\Debug\CL.read.1.tlog
C:\Users\maik\Desktop\VxKex-main\KexShlEx\Debug\cl.write.1.tlog
C:\Users\maik\Desktop\VxKex-main\KexShlEx\Debug\clsfctry.obj
C:\Users\maik\Desktop\VxKex-main\KexShlEx\Debug\dllmain.obj
C:\Users\maik\Desktop\VxKex-main\KexShlEx\Debug\gui.obj
C:\USERS\MAIK\DESKTOP\VXKEX-MAIN\KEXSHLEX\DEBUG\KEXSHLEX.RES
C:\Users\maik\Desktop\VxKex-main\KexShlEx\Debug\KexShlEx.write.1.tlog
C:\Users\maik\Desktop\VxKex-main\KexShlEx\Debug\link.command.1.tlog
C:\Users\maik\Desktop\VxKex-main\KexShlEx\Debug\link.read.1.tlog
C:\Users\maik\Desktop\VxKex-main\KexShlEx\Debug\link.write.1.tlog
C:\Users\maik\Desktop\VxKex-main\KexShlEx\Debug\link-cvtres.read.1.tlog
C:\Users\maik\Desktop\VxKex-main\KexShlEx\Debug\link-cvtres.write.1.tlog
C:\Users\maik\Desktop\VxKex-main\KexShlEx\Debug\lnkfile.obj
C:\Users\maik\Desktop\VxKex-main\KexShlEx\Debug\rc.command.1.tlog
C:\Users\maik\Desktop\VxKex-main\KexShlEx\Debug\rc.read.1.tlog
C:\Users\maik\Desktop\VxKex-main\KexShlEx\Debug\rc.write.1.tlog
C:\USERS\MAIK\DESKTOP\VXKEX-MAIN\KEXSHLEX\DEBUG\VC100.PDB
