Build started 3/10/2025 3:03:26 AM.
     1>Project "C:\Users\maik\Desktop\VxKex-main\KexShlEx\KexShlEx.vcxproj" on node 4 (build target(s)).
     1>InitializeBuildStatus:
         Creating "Debug\KexShlEx.unsuccessfulbuild" because "AlwaysCreate" was specified.
       ClCompile:
         All outputs are up-to-date.
       ResourceCompile:
         C:\Program Files (x86)\Microsoft SDKs\Windows\v7.0A\bin\rc.exe /D _UNICODE /D UNICODE /l"0x0409" /I"C:\Users\maik\Desktop\VxKex-main\\00-Common Headers" /nologo /fo"Debug\KexShlEx.res" KexShlEx.rc 
       Link:
         C:\Program Files (x86)\Microsoft Visual Studio 10.0\VC\bin\link.exe /ERRORREPORT:PROMPT /OUT:"C:\Users\maik\Desktop\VxKex-main\Debug\KexShlEx.dll" /INCREMENTAL:NO /NOLOGO /LIBPATH:"C:\Users\maik\Desktop\VxKex-main\\00-Import Libraries" /LIBPATH:"C:\Users\maik\Desktop\VxKex-main\Debug\\" /DEF:"KexShlEx.def" /MANIFEST:NO /DEBUG /PDB:"C:\Users\maik\Desktop\VxKex-main\Debug\KexShlEx.pdb" /SUBSYSTEM:WINDOWS /TLBID:1 /RELEASE /DYNAMICBASE /NXCOMPAT /IMPLIB:"C:\Users\maik\Desktop\VxKex-main\Debug\KexShlEx.lib" /MACHINE:X86 /DLL Debug\KexShlEx.res
         Debug\ckxshlex.obj
         Debug\clsfctry.obj
         Debug\dllmain.obj
         Debug\gui.obj
         Debug\lnkfile.obj
            Creating library C:\Users\maik\Desktop\VxKex-main\Debug\KexShlEx.lib and object C:\Users\maik\Desktop\VxKex-main\Debug\KexShlEx.exp
         KexShlEx.vcxproj -> C:\Users\maik\Desktop\VxKex-main\Debug\KexShlEx.dll
       FinalizeBuildStatus:
         Deleting file "Debug\KexShlEx.unsuccessfulbuild".
         Touching "Debug\KexShlEx.lastbuildstate".
     1>Done Building Project "C:\Users\maik\Desktop\VxKex-main\KexShlEx\KexShlEx.vcxproj" (build target(s)).

Build succeeded.

Time Elapsed 00:00:00.25
