C:\USERS\MAIK\DESKTOP\VXKEX\VXLVIEW\X64\RELEASE\BACKEND.OBJ
C:\USERS\MAIK\DESKTOP\VXKEX\VXLVIEW\X64\RELEASE\BACKENDP.OBJ
C:\Users\maik\Desktop\VxKex\VxlView\x64\Release\CL.12048.read.1.tlog
C:\Users\maik\Desktop\VxKex\VxlView\x64\Release\CL.12048.write.1.tlog
C:\Users\maik\Desktop\VxKex\VxlView\x64\Release\CL.12624.read.1.tlog
C:\Users\maik\Desktop\VxKex\VxlView\x64\Release\CL.12624.write.1.tlog
C:\Users\maik\Desktop\VxKex\VxlView\x64\Release\CL.12636.read.1.tlog
C:\Users\maik\Desktop\VxKex\VxlView\x64\Release\CL.12636.write.1.tlog
C:\Users\maik\Desktop\VxKex\VxlView\x64\Release\CL.13800.read.1.tlog
C:\Users\maik\Desktop\VxKex\VxlView\x64\Release\CL.13800.write.1.tlog
C:\Users\maik\Desktop\VxKex\VxlView\x64\Release\CL.14044.read.1.tlog
C:\Users\maik\Desktop\VxKex\VxlView\x64\Release\CL.14044.write.1.tlog
C:\Users\maik\Desktop\VxKex\VxlView\x64\Release\CL.14444.read.1.tlog
C:\Users\maik\Desktop\VxKex\VxlView\x64\Release\CL.14444.write.1.tlog
C:\Users\maik\Desktop\VxKex\VxlView\x64\Release\CL.15640.read.1.tlog
C:\Users\maik\Desktop\VxKex\VxlView\x64\Release\CL.15640.write.1.tlog
C:\Users\maik\Desktop\VxKex\VxlView\x64\Release\CL.15748.read.1.tlog
C:\Users\maik\Desktop\VxKex\VxlView\x64\Release\CL.15748.write.1.tlog
C:\Users\maik\Desktop\VxKex\VxlView\x64\Release\CL.17144.read.1.tlog
C:\Users\maik\Desktop\VxKex\VxlView\x64\Release\CL.17144.write.1.tlog
C:\Users\maik\Desktop\VxKex\VxlView\x64\Release\CL.17176.read.1.tlog
C:\Users\maik\Desktop\VxKex\VxlView\x64\Release\CL.17176.write.1.tlog
C:\Users\maik\Desktop\VxKex\VxlView\x64\Release\CL.17180.read.1.tlog
C:\Users\maik\Desktop\VxKex\VxlView\x64\Release\CL.17180.write.1.tlog
C:\Users\maik\Desktop\VxKex\VxlView\x64\Release\CL.2648.read.1.tlog
C:\Users\maik\Desktop\VxKex\VxlView\x64\Release\CL.2648.write.1.tlog
C:\Users\maik\Desktop\VxKex\VxlView\x64\Release\CL.3128.read.1.tlog
C:\Users\maik\Desktop\VxKex\VxlView\x64\Release\CL.3128.write.1.tlog
C:\Users\maik\Desktop\VxKex\VxlView\x64\Release\CL.4120.read.1.tlog
C:\Users\maik\Desktop\VxKex\VxlView\x64\Release\CL.4120.write.1.tlog
C:\Users\maik\Desktop\VxKex\VxlView\x64\Release\CL.6476.read.1.tlog
C:\Users\maik\Desktop\VxKex\VxlView\x64\Release\CL.6476.write.1.tlog
C:\Users\maik\Desktop\VxKex\VxlView\x64\Release\CL.7172.read.1.tlog
C:\Users\maik\Desktop\VxKex\VxlView\x64\Release\CL.7172.write.1.tlog
C:\Users\maik\Desktop\VxKex\VxlView\x64\Release\cl.command.1.tlog
C:\Users\maik\Desktop\VxKex\VxlView\x64\Release\CL.read.1.tlog
C:\Users\maik\Desktop\VxKex\VxlView\x64\Release\cl.write.1.tlog
C:\USERS\MAIK\DESKTOP\VXKEX\VXLVIEW\X64\RELEASE\CONFIG.OBJ
C:\USERS\MAIK\DESKTOP\VXKEX\VXLVIEW\X64\RELEASE\DETAILS.OBJ
C:\USERS\MAIK\DESKTOP\VXKEX\VXLVIEW\X64\RELEASE\FILTERS.OBJ
C:\USERS\MAIK\DESKTOP\VXKEX\VXLVIEW\X64\RELEASE\GLOBALS.OBJ
C:\USERS\MAIK\DESKTOP\VXKEX\VXLVIEW\X64\RELEASE\GOTO.OBJ
C:\USERS\MAIK\DESKTOP\VXKEX\VXLVIEW\X64\RELEASE\HELPABOUT.OBJ
C:\Users\maik\Desktop\VxKex\VxlView\x64\Release\link.command.1.tlog
C:\Users\maik\Desktop\VxKex\VxlView\x64\Release\link.read.1.tlog
C:\Users\maik\Desktop\VxKex\VxlView\x64\Release\link.write.1.tlog
C:\Users\maik\Desktop\VxKex\VxlView\x64\Release\link-cvtres.read.1.tlog
C:\Users\maik\Desktop\VxKex\VxlView\x64\Release\link-cvtres.write.1.tlog
C:\USERS\MAIK\DESKTOP\VXKEX\VXLVIEW\X64\RELEASE\LISTVIEW.OBJ
C:\Users\maik\Desktop\VxKex\VxlView\x64\Release\mt.command.1.tlog
C:\Users\maik\Desktop\VxKex\VxlView\x64\Release\mt.read.1.tlog
C:\Users\maik\Desktop\VxKex\VxlView\x64\Release\mt.write.1.tlog
C:\Users\maik\Desktop\VxKex\VxlView\x64\Release\rc.command.1.tlog
C:\Users\maik\Desktop\VxKex\VxlView\x64\Release\rc.read.1.tlog
C:\Users\maik\Desktop\VxKex\VxlView\x64\Release\rc.write.1.tlog
C:\USERS\MAIK\DESKTOP\VXKEX\VXLVIEW\X64\RELEASE\STATUSBAR.OBJ
C:\USERS\MAIK\DESKTOP\VXKEX\VXLVIEW\X64\RELEASE\VC100.PDB
C:\USERS\MAIK\DESKTOP\VXKEX\VXLVIEW\X64\RELEASE\VXLVIEW.EXE.INTERMEDIATE.MANIFEST
C:\USERS\MAIK\DESKTOP\VXKEX\VXLVIEW\X64\RELEASE\VXLVIEW.OBJ
C:\USERS\MAIK\DESKTOP\VXKEX\VXLVIEW\X64\RELEASE\VXLVIEW.RES
C:\Users\maik\Desktop\VxKex\VxlView\x64\Release\VxlView.write.1.tlog
C:\USERS\MAIK\DESKTOP\VXKEX\X64\RELEASE\VXLVIEW.EXE
C:\USERS\MAIK\DESKTOP\VXKEX\X64\RELEASE\VXLVIEW.PDB
