Build started 1/2/2025 4:50:14 AM.
     1>Project "C:\Users\maik\Desktop\VxKex\VxlView\VxlView.vcxproj" on node 7 (rebuild target(s)).
     1>_PrepareForClean:
         Deleting file "x64\Release\VxlView.lastbuildstate".
       InitializeBuildStatus:
         Creating "x64\Release\VxlView.unsuccessfulbuild" because "AlwaysCreate" was specified.
       ClCompile:
         C:\Program Files (x86)\Microsoft Visual Studio 10.0\VC\bin\x86_amd64\CL.exe /c /I"C:\Users\maik\Desktop\VxKex\\00-Common Headers" /Zi /nologo /W3 /WX /MP /O1 /Ob1 /Oi /Os /Oy /GL /D WIN32 /D NDEBUG /D _WINDOWS /D _UNICODE /D UNICODE /Gm- /MD /GS- /Gy /fp:precise /Zc:wchar_t /Zc:forScope /Fo"x64\Release\\" /Fd"x64\Release\vc100.pdb" /Gd /TC /errorReport:prompt backend.c backendp.c config.c details.c filters.c globals.c goto.c helpabout.c listview.c statusbar.c vxlview.c
         backend.c
         backendp.c
         config.c
         details.c
         filters.c
         globals.c
         goto.c
         helpabout.c
         listview.c
         statusbar.c
         vxlview.c
       ResourceCompile:
         C:\Program Files (x86)\Microsoft SDKs\Windows\v7.0A\bin\rc.exe /D _UNICODE /D UNICODE /l"0x0409" /I"C:\Users\maik\Desktop\VxKex\\00-Common Headers" /nologo /fo"x64\Release\VxlView.res" VxlView.rc 
       Link:
         C:\Program Files (x86)\Microsoft Visual Studio 10.0\VC\bin\x86_amd64\link.exe /ERRORREPORT:PROMPT /OUT:"C:\Users\maik\Desktop\VxKex\x64\Release\VxlView.exe" /INCREMENTAL:NO /NOLOGO /LIBPATH:C:\Users\maik\Desktop\VxKex\x64\Release\ /LIBPATH:"C:\Users\maik\Desktop\VxKex\\00-Import Libraries" Delayimp.lib /DELAYLOAD:comdlg32.dll /MANIFEST /ManifestFile:"x64\Release\VxlView.exe.intermediate.manifest" /MANIFESTUAC:"level='asInvoker' uiAccess='false'" /DEBUG /PDB:"C:\Users\maik\Desktop\VxKex\x64\Release\VxlView.pdb" /SUBSYSTEM:WINDOWS /OPT:REF /OPT:ICF /LTCG /TLBID:1 /RELEASE /DYNAMICBASE /NXCOMPAT /IMPLIB:"C:\Users\maik\Desktop\VxKex\x64\Release\VxlView.lib" /MACHINE:X64 x64\Release\VxlView.res
         x64\Release\backend.obj
         x64\Release\backendp.obj
         x64\Release\config.obj
         x64\Release\details.obj
         x64\Release\filters.obj
         x64\Release\globals.obj
         x64\Release\goto.obj
         x64\Release\helpabout.obj
         x64\Release\listview.obj
         x64\Release\statusbar.obj
         x64\Release\vxlview.obj
         Generating code
         Finished generating code
         VxlView.vcxproj -> C:\Users\maik\Desktop\VxKex\x64\Release\VxlView.exe
       Manifest:
         C:\Program Files (x86)\Microsoft SDKs\Windows\v7.0A\bin\mt.exe /nologo /verbose /outputresource:"C:\Users\maik\Desktop\VxKex\x64\Release\VxlView.exe;#1" /manifest x64\Release\VxlView.exe.intermediate.manifest "C:\Program Files (x86)\Microsoft Visual Studio 10.0\VC\Include\Manifest\dpiaware.manifest"
       FinalizeBuildStatus:
         Deleting file "x64\Release\VxlView.unsuccessfulbuild".
         Touching "x64\Release\VxlView.lastbuildstate".
     1>Done Building Project "C:\Users\maik\Desktop\VxKex\VxlView\VxlView.vcxproj" (rebuild target(s)).

Build succeeded.

Time Elapsed 00:00:04.40
