C:\Users\maik\Desktop\VxKex\01-Extended DLLs\KxCrt\x64\Release\CL.12320.read.1.tlog
C:\Users\maik\Desktop\VxKex\01-Extended DLLs\KxCrt\x64\Release\CL.12320.write.1.tlog
C:\Users\maik\Desktop\VxKex\01-Extended DLLs\KxCrt\x64\Release\CL.8836.read.1.tlog
C:\Users\maik\Desktop\VxKex\01-Extended DLLs\KxCrt\x64\Release\CL.8836.write.1.tlog
C:\Users\maik\Desktop\VxKex\01-Extended DLLs\KxCrt\x64\Release\CL.9896.read.1.tlog
C:\Users\maik\Desktop\VxKex\01-Extended DLLs\KxCrt\x64\Release\CL.9896.write.1.tlog
C:\Users\maik\Desktop\VxKex\01-Extended DLLs\KxCrt\x64\Release\cl.command.1.tlog
C:\Users\maik\Desktop\VxKex\01-Extended DLLs\KxCrt\x64\Release\CL.read.1.tlog
C:\Users\maik\Desktop\VxKex\01-Extended DLLs\KxCrt\x64\Release\cl.write.1.tlog
C:\Users\maik\Desktop\VxKex\01-Extended DLLs\KxCrt\x64\Release\dllmain.obj
C:\Users\maik\Desktop\VxKex\01-Extended DLLs\KxCrt\x64\Release\forwards.obj
C:\USERS\MAIK\DESKTOP\VXKEX\01-EXTENDED DLLS\KXCRT\X64\RELEASE\KXCRT.RES
C:\Users\maik\Desktop\VxKex\01-Extended DLLs\KxCrt\x64\Release\KxCrt.write.1.tlog
C:\Users\maik\Desktop\VxKex\01-Extended DLLs\KxCrt\x64\Release\link.command.1.tlog
C:\Users\maik\Desktop\VxKex\01-Extended DLLs\KxCrt\x64\Release\link.read.1.tlog
C:\Users\maik\Desktop\VxKex\01-Extended DLLs\KxCrt\x64\Release\link.write.1.tlog
C:\Users\maik\Desktop\VxKex\01-Extended DLLs\KxCrt\x64\Release\link-cvtres.read.1.tlog
C:\Users\maik\Desktop\VxKex\01-Extended DLLs\KxCrt\x64\Release\link-cvtres.write.1.tlog
C:\Users\maik\Desktop\VxKex\01-Extended DLLs\KxCrt\x64\Release\rc.command.1.tlog
C:\Users\maik\Desktop\VxKex\01-Extended DLLs\KxCrt\x64\Release\rc.read.1.tlog
C:\Users\maik\Desktop\VxKex\01-Extended DLLs\KxCrt\x64\Release\rc.write.1.tlog
C:\USERS\MAIK\DESKTOP\VXKEX\01-EXTENDED DLLS\KXCRT\X64\RELEASE\VC100.PDB
C:\Users\maik\Desktop\VxKex\01-Extended DLLs\KxCrt\x64\Release\wcsftime.obj
C:\USERS\MAIK\DESKTOP\VXKEX\X64\RELEASE\KXCRT.DLL
C:\Users\maik\Desktop\VxKex\x64\Release\KxCrt.exp
C:\Users\maik\Desktop\VxKex\x64\Release\KxCrt.lib
C:\USERS\MAIK\DESKTOP\VXKEX\X64\RELEASE\KXCRT.PDB
