Build started 3/24/2025 12:12:34 AM.
     1>Project "C:\Users\maik\Desktop\VxKex-main\01-Extended DLLs\KxCrt\KxCrt.vcxproj" on node 7 (build target(s)).
     1>InitializeBuildStatus:
         Creating "x64\Release\KxCrt.unsuccessfulbuild" because "AlwaysCreate" was specified.
       ClCompile:
         C:\Program Files (x86)\Microsoft Visual Studio 10.0\VC\bin\x86_amd64\CL.exe /c /I"C:\Users\maik\Desktop\VxKex-main\\00-Common Headers" /Zi /nologo /W3 /WX /MP /O2 /Oi /GL /D WIN32 /D NDEBUG /D _WINDOWS /D _USRDLL /D KXCRT_EXPORTS /D _WINDLL /D _UNICODE /D UNICODE /GF /Gm- /MD /GS- /Gy /fp:precise /Zc:wchar_t /Zc:forScope /Fo"x64\Release\\" /Fd"x64\Release\vc100.pdb" /Gd /TC /errorReport:prompt dllmain.c wcsftime.c
         dllmain.c
         wcsftime.c
       ResourceCompile:
         C:\Program Files (x86)\Microsoft SDKs\Windows\v7.0A\bin\rc.exe /D _UNICODE /D UNICODE /l"0x0409" /I"C:\Users\maik\Desktop\VxKex-main\\00-Common Headers" /nologo /fo"x64\Release\KxCrt.res" KxCrt.rc 
       Link:
         C:\Program Files (x86)\Microsoft Visual Studio 10.0\VC\bin\x86_amd64\link.exe /ERRORREPORT:PROMPT /OUT:"C:\Users\maik\Desktop\VxKex-main\x64\Release\KxCrt.dll" /INCREMENTAL:NO /NOLOGO /LIBPATH:"C:\Users\maik\Desktop\VxKex-main\x64\Release\\" /LIBPATH:"C:\Users\maik\Desktop\VxKex-main\\00-Import Libraries" /DEF:"kxcrt.def" /MANIFEST:NO /DEBUG /PDB:"C:\Users\maik\Desktop\VxKex-main\x64\Release\KxCrt.pdb" /SUBSYSTEM:WINDOWS /OPT:REF /OPT:ICF /LTCG /TLBID:1 /RELEASE /DYNAMICBASE /NXCOMPAT /IMPLIB:"C:\Users\maik\Desktop\VxKex-main\x64\Release\KxCrt.lib" /MACHINE:X64 /DLL x64\Release\KxCrt.res
         x64\Release\dllmain.obj
         x64\Release\forwards.obj
         x64\Release\wcsftime.obj /ignore:4102 
            Creating library C:\Users\maik\Desktop\VxKex-main\x64\Release\KxCrt.lib and object C:\Users\maik\Desktop\VxKex-main\x64\Release\KxCrt.exp
         Generating code
         Finished generating code
         KxCrt.vcxproj -> C:\Users\maik\Desktop\VxKex-main\x64\Release\KxCrt.dll
       FinalizeBuildStatus:
         Deleting file "x64\Release\KxCrt.unsuccessfulbuild".
         Touching "x64\Release\KxCrt.lastbuildstate".
     1>Done Building Project "C:\Users\maik\Desktop\VxKex-main\01-Extended DLLs\KxCrt\KxCrt.vcxproj" (build target(s)).

Build succeeded.

Time Elapsed 00:00:02.79
