Build started 1/1/2025 7:45:26 PM.
     1>Project "C:\Users\maik\Desktop\VxKex\01-Extended DLLs\KxDx\KxDx.vcxproj" on node 6 (build target(s)).
     1>InitializeBuildStatus:
         Creating "Release\KxDx.unsuccessfulbuild" because "AlwaysCreate" was specified.
       ClCompile:
         All outputs are up-to-date.
       ResourceCompile:
         C:\Program Files (x86)\Microsoft SDKs\Windows\v7.0A\bin\rc.exe /D _UNICODE /D UNICODE /l"0x0409" /I"C:\Users\maik\Desktop\VxKex\\00-Common Headers" /nologo /fo"Release\KxDx.res" KxDx.rc 
       Link:
         C:\Program Files (x86)\Microsoft Visual Studio 10.0\VC\bin\link.exe /ERRORREPORT:PROMPT /OUT:"C:\Users\maik\Desktop\VxKex\Release\KxDx.dll" /INCREMENTAL:NO /NOLOGO /LIBPATH:C:\Users\maik\Desktop\VxKex\Release\ /LIBPATH:"C:\Users\maik\Desktop\VxKex\\00-Import Libraries" /DEF:"kxdx.def" /MANIFEST:NO /DEBUG /PDB:"C:\Users\maik\Desktop\VxKex\Release\KxDx.pdb" /SUBSYSTEM:WINDOWS /OPT:REF /OPT:ICF /LTCG /TLBID:1 /ENTRY:"DllMain" /RELEASE /DYNAMICBASE /NXCOMPAT /IMPLIB:"C:\Users\maik\Desktop\VxKex\Release\KxDx.lib" /MACHINE:X86 /DLL Release\KxDx.res
         Release\dcmpstub.obj
         Release\dllmain.obj
         Release\dx12stub.obj
         Release\factory.obj
         Release\forwards.obj
         Release\iid.obj
            Creating library C:\Users\maik\Desktop\VxKex\Release\KxDx.lib and object C:\Users\maik\Desktop\VxKex\Release\KxDx.exp
         Generating code
         Finished generating code
         KxDx.vcxproj -> C:\Users\maik\Desktop\VxKex\Release\KxDx.dll
       FinalizeBuildStatus:
         Deleting file "Release\KxDx.unsuccessfulbuild".
         Touching "Release\KxDx.lastbuildstate".
     1>Done Building Project "C:\Users\maik\Desktop\VxKex\01-Extended DLLs\KxDx\KxDx.vcxproj" (build target(s)).

Build succeeded.

Time Elapsed 00:00:00.50
