C:\Users\maik\Desktop\VxKex-main\01-Extended DLLs\KxDx\Release\CL.10464.read.1.tlog
C:\Users\maik\Desktop\VxKex-main\01-Extended DLLs\KxDx\Release\CL.10464.write.1.tlog
C:\Users\maik\Desktop\VxKex-main\01-Extended DLLs\KxDx\Release\CL.10972.read.1.tlog
C:\Users\maik\Desktop\VxKex-main\01-Extended DLLs\KxDx\Release\CL.10972.write.1.tlog
C:\Users\maik\Desktop\VxKex-main\01-Extended DLLs\KxDx\Release\CL.11308.read.1.tlog
C:\Users\maik\Desktop\VxKex-main\01-Extended DLLs\KxDx\Release\CL.11308.write.1.tlog
C:\Users\maik\Desktop\VxKex-main\01-Extended DLLs\KxDx\Release\CL.11412.read.1.tlog
C:\Users\maik\Desktop\VxKex-main\01-Extended DLLs\KxDx\Release\CL.11412.write.1.tlog
C:\Users\maik\Desktop\VxKex-main\01-Extended DLLs\KxDx\Release\CL.11580.read.1.tlog
C:\Users\maik\Desktop\VxKex-main\01-Extended DLLs\KxDx\Release\CL.11580.write.1.tlog
C:\Users\maik\Desktop\VxKex-main\01-Extended DLLs\KxDx\Release\CL.11732.read.1.tlog
C:\Users\maik\Desktop\VxKex-main\01-Extended DLLs\KxDx\Release\CL.11732.write.1.tlog
C:\Users\maik\Desktop\VxKex-main\01-Extended DLLs\KxDx\Release\CL.3408.read.1.tlog
C:\Users\maik\Desktop\VxKex-main\01-Extended DLLs\KxDx\Release\CL.3408.write.1.tlog
C:\Users\maik\Desktop\VxKex-main\01-Extended DLLs\KxDx\Release\cl.command.1.tlog
C:\Users\maik\Desktop\VxKex-main\01-Extended DLLs\KxDx\Release\CL.read.1.tlog
C:\Users\maik\Desktop\VxKex-main\01-Extended DLLs\KxDx\Release\cl.write.1.tlog
C:\Users\maik\Desktop\VxKex-main\01-Extended DLLs\KxDx\Release\dcmpstub.obj
C:\Users\maik\Desktop\VxKex-main\01-Extended DLLs\KxDx\Release\dllmain.obj
C:\Users\maik\Desktop\VxKex-main\01-Extended DLLs\KxDx\Release\dx11.obj
C:\Users\maik\Desktop\VxKex-main\01-Extended DLLs\KxDx\Release\dx12stub.obj
C:\Users\maik\Desktop\VxKex-main\01-Extended DLLs\KxDx\Release\factory.obj
C:\Users\maik\Desktop\VxKex-main\01-Extended DLLs\KxDx\Release\forwards.obj
C:\Users\maik\Desktop\VxKex-main\01-Extended DLLs\KxDx\Release\iid.obj
C:\USERS\MAIK\DESKTOP\VXKEX-MAIN\01-EXTENDED DLLS\KXDX\RELEASE\KXDX.RES
C:\Users\maik\Desktop\VxKex-main\01-Extended DLLs\KxDx\Release\KxDx.write.1.tlog
C:\Users\maik\Desktop\VxKex-main\01-Extended DLLs\KxDx\Release\link.command.1.tlog
C:\Users\maik\Desktop\VxKex-main\01-Extended DLLs\KxDx\Release\link.read.1.tlog
C:\Users\maik\Desktop\VxKex-main\01-Extended DLLs\KxDx\Release\link.write.1.tlog
C:\Users\maik\Desktop\VxKex-main\01-Extended DLLs\KxDx\Release\link-cvtres.read.1.tlog
C:\Users\maik\Desktop\VxKex-main\01-Extended DLLs\KxDx\Release\link-cvtres.write.1.tlog
C:\Users\maik\Desktop\VxKex-main\01-Extended DLLs\KxDx\Release\rc.command.1.tlog
C:\Users\maik\Desktop\VxKex-main\01-Extended DLLs\KxDx\Release\rc.read.1.tlog
C:\Users\maik\Desktop\VxKex-main\01-Extended DLLs\KxDx\Release\rc.write.1.tlog
C:\USERS\MAIK\DESKTOP\VXKEX-MAIN\01-EXTENDED DLLS\KXDX\RELEASE\VC100.PDB
C:\USERS\MAIK\DESKTOP\VXKEX-MAIN\RELEASE\KXDX.DLL
C:\Users\maik\Desktop\VxKex-main\Release\KxDx.exp
C:\Users\maik\Desktop\VxKex-main\Release\KxDx.lib
C:\USERS\MAIK\DESKTOP\VXKEX-MAIN\RELEASE\KXDX.PDB
