C:\USERS\MAIK\DESKTOP\VXKEX\KEXDLL\RELEASE\APISET.OBJ
C:\USERS\MAIK\DESKTOP\VXKEX\KEXDLL\RELEASE\ASH.OBJ
C:\USERS\MAIK\DESKTOP\VXKEX\KEXDLL\RELEASE\ASHCRSUP.OBJ
C:\USERS\MAIK\DESKTOP\VXKEX\KEXDLL\RELEASE\ASHSELEC.OBJ
C:\USERS\MAIK\DESKTOP\VXKEX\KEXDLL\RELEASE\AVRF.OBJ
C:\Users\maik\Desktop\VxKex\KexDll\Release\CL.12040.read.1.tlog
C:\Users\maik\Desktop\VxKex\KexDll\Release\CL.12040.write.1.tlog
C:\Users\maik\Desktop\VxKex\KexDll\Release\CL.12532.read.1.tlog
C:\Users\maik\Desktop\VxKex\KexDll\Release\CL.12532.write.1.tlog
C:\Users\maik\Desktop\VxKex\KexDll\Release\CL.13848.read.1.tlog
C:\Users\maik\Desktop\VxKex\KexDll\Release\CL.13848.write.1.tlog
C:\Users\maik\Desktop\VxKex\KexDll\Release\CL.15488.read.1.tlog
C:\Users\maik\Desktop\VxKex\KexDll\Release\CL.15488.write.1.tlog
C:\Users\maik\Desktop\VxKex\KexDll\Release\CL.15832.read.1.tlog
C:\Users\maik\Desktop\VxKex\KexDll\Release\CL.15832.write.1.tlog
C:\Users\maik\Desktop\VxKex\KexDll\Release\CL.16348.read.1.tlog
C:\Users\maik\Desktop\VxKex\KexDll\Release\CL.16348.write.1.tlog
C:\Users\maik\Desktop\VxKex\KexDll\Release\CL.16452.read.1.tlog
C:\Users\maik\Desktop\VxKex\KexDll\Release\CL.16452.write.1.tlog
C:\Users\maik\Desktop\VxKex\KexDll\Release\CL.16596.read.1.tlog
C:\Users\maik\Desktop\VxKex\KexDll\Release\CL.16596.write.1.tlog
C:\Users\maik\Desktop\VxKex\KexDll\Release\CL.16924.read.1.tlog
C:\Users\maik\Desktop\VxKex\KexDll\Release\CL.16924.write.1.tlog
C:\Users\maik\Desktop\VxKex\KexDll\Release\CL.17276.read.1.tlog
C:\Users\maik\Desktop\VxKex\KexDll\Release\CL.17276.write.1.tlog
C:\Users\maik\Desktop\VxKex\KexDll\Release\CL.17532.read.1.tlog
C:\Users\maik\Desktop\VxKex\KexDll\Release\CL.17532.write.1.tlog
C:\Users\maik\Desktop\VxKex\KexDll\Release\CL.17956.read.1.tlog
C:\Users\maik\Desktop\VxKex\KexDll\Release\CL.17956.write.1.tlog
C:\Users\maik\Desktop\VxKex\KexDll\Release\CL.18396.read.1.tlog
C:\Users\maik\Desktop\VxKex\KexDll\Release\CL.18396.write.1.tlog
C:\Users\maik\Desktop\VxKex\KexDll\Release\CL.18668.read.1.tlog
C:\Users\maik\Desktop\VxKex\KexDll\Release\CL.18668.write.1.tlog
C:\Users\maik\Desktop\VxKex\KexDll\Release\CL.19340.read.1.tlog
C:\Users\maik\Desktop\VxKex\KexDll\Release\CL.19340.write.1.tlog
C:\Users\maik\Desktop\VxKex\KexDll\Release\CL.4144.read.1.tlog
C:\Users\maik\Desktop\VxKex\KexDll\Release\CL.4144.write.1.tlog
C:\Users\maik\Desktop\VxKex\KexDll\Release\CL.7652.read.1.tlog
C:\Users\maik\Desktop\VxKex\KexDll\Release\CL.7652.write.1.tlog
C:\Users\maik\Desktop\VxKex\KexDll\Release\CL.8388.read.1.tlog
C:\Users\maik\Desktop\VxKex\KexDll\Release\CL.8388.write.1.tlog
C:\Users\maik\Desktop\VxKex\KexDll\Release\cl.command.1.tlog
C:\Users\maik\Desktop\VxKex\KexDll\Release\CL.read.1.tlog
C:\Users\maik\Desktop\VxKex\KexDll\Release\cl.write.1.tlog
C:\USERS\MAIK\DESKTOP\VXKEX\KEXDLL\RELEASE\CPIWBYPA.OBJ
C:\USERS\MAIK\DESKTOP\VXKEX\KEXDLL\RELEASE\DLLMAIN.OBJ
C:\USERS\MAIK\DESKTOP\VXKEX\KEXDLL\RELEASE\DLLNOTIF.OBJ
C:\USERS\MAIK\DESKTOP\VXKEX\KEXDLL\RELEASE\DLLPATH.OBJ
C:\USERS\MAIK\DESKTOP\VXKEX\KEXDLL\RELEASE\DLLREWRT.OBJ
C:\USERS\MAIK\DESKTOP\VXKEX\KEXDLL\RELEASE\DLOAD.OBJ
C:\USERS\MAIK\DESKTOP\VXKEX\KEXDLL\RELEASE\ETW.OBJ
C:\USERS\MAIK\DESKTOP\VXKEX\KEXDLL\RELEASE\EXCEPT.OBJ
C:\USERS\MAIK\DESKTOP\VXKEX\KEXDLL\RELEASE\KEXDATA.OBJ
C:\USERS\MAIK\DESKTOP\VXKEX\KEXDLL\RELEASE\KEXDLL.RES
C:\Users\maik\Desktop\VxKex\KexDll\Release\KexDll.write.1.tlog
C:\USERS\MAIK\DESKTOP\VXKEX\KEXDLL\RELEASE\KEXHE.OBJ
C:\USERS\MAIK\DESKTOP\VXKEX\KEXDLL\RELEASE\KEXHK.OBJ
C:\USERS\MAIK\DESKTOP\VXKEX\KEXDLL\RELEASE\KEXLDR.OBJ
C:\USERS\MAIK\DESKTOP\VXKEX\KEXDLL\RELEASE\KEXRTL.OBJ
C:\Users\maik\Desktop\VxKex\KexDll\Release\link.command.1.tlog
C:\Users\maik\Desktop\VxKex\KexDll\Release\link.read.1.tlog
C:\Users\maik\Desktop\VxKex\KexDll\Release\link.write.1.tlog
C:\Users\maik\Desktop\VxKex\KexDll\Release\link-cvtres.read.1.tlog
C:\Users\maik\Desktop\VxKex\KexDll\Release\link-cvtres.write.1.tlog
C:\USERS\MAIK\DESKTOP\VXKEX\KEXDLL\RELEASE\LOGGING.OBJ
C:\USERS\MAIK\DESKTOP\VXKEX\KEXDLL\RELEASE\NTJOB.OBJ
C:\USERS\MAIK\DESKTOP\VXKEX\KEXDLL\RELEASE\NTPRIV.OBJ
C:\USERS\MAIK\DESKTOP\VXKEX\KEXDLL\RELEASE\NTPS.OBJ
C:\USERS\MAIK\DESKTOP\VXKEX\KEXDLL\RELEASE\NTREG.OBJ
C:\USERS\MAIK\DESKTOP\VXKEX\KEXDLL\RELEASE\NTSECT.OBJ
C:\USERS\MAIK\DESKTOP\VXKEX\KEXDLL\RELEASE\NTTHREAD.OBJ
C:\USERS\MAIK\DESKTOP\VXKEX\KEXDLL\RELEASE\PROPAGTE.OBJ
C:\Users\maik\Desktop\VxKex\KexDll\Release\rc.command.1.tlog
C:\Users\maik\Desktop\VxKex\KexDll\Release\rc.read.1.tlog
C:\Users\maik\Desktop\VxKex\KexDll\Release\rc.write.1.tlog
C:\USERS\MAIK\DESKTOP\VXKEX\KEXDLL\RELEASE\RTLRNG.OBJ
C:\USERS\MAIK\DESKTOP\VXKEX\KEXDLL\RELEASE\RTLWOA.OBJ
C:\USERS\MAIK\DESKTOP\VXKEX\KEXDLL\RELEASE\RTLWOW64.OBJ
C:\USERS\MAIK\DESKTOP\VXKEX\KEXDLL\RELEASE\STATUS.OBJ
C:\USERS\MAIK\DESKTOP\VXKEX\KEXDLL\RELEASE\STRMAP.OBJ
C:\USERS\MAIK\DESKTOP\VXKEX\KEXDLL\RELEASE\SYSCAL32.OBJ
C:\Users\maik\Desktop\VxKex\KexDll\Release\syscal64.obj
C:\USERS\MAIK\DESKTOP\VXKEX\KEXDLL\RELEASE\VC100.PDB
C:\USERS\MAIK\DESKTOP\VXKEX\KEXDLL\RELEASE\VERSPOOF.OBJ
C:\USERS\MAIK\DESKTOP\VXKEX\KEXDLL\RELEASE\VXLOPCL.OBJ
C:\USERS\MAIK\DESKTOP\VXKEX\KEXDLL\RELEASE\VXLPRIV.OBJ
C:\USERS\MAIK\DESKTOP\VXKEX\KEXDLL\RELEASE\VXLQUERY.OBJ
C:\USERS\MAIK\DESKTOP\VXKEX\KEXDLL\RELEASE\VXLREAD.OBJ
C:\USERS\MAIK\DESKTOP\VXKEX\KEXDLL\RELEASE\VXLSEVER.OBJ
C:\USERS\MAIK\DESKTOP\VXKEX\KEXDLL\RELEASE\VXLWRITE.OBJ
C:\USERS\MAIK\DESKTOP\VXKEX\RELEASE\KEXDLL.DLL
C:\Users\maik\Desktop\VxKex\Release\KexDll.exp
C:\Users\maik\Desktop\VxKex\Release\KexDll.lib
C:\USERS\MAIK\DESKTOP\VXKEX\RELEASE\KEXDLL.PDB
