Build started 1/2/2025 4:48:42 AM.
     1>Project "C:\Users\maik\Desktop\VxKex\KexDll\KexDll.vcxproj" on node 3 (rebuild target(s)).
     1>_PrepareForClean:
         Deleting file "Release\KexDll.lastbuildstate".
       InitializeBuildStatus:
         Creating "Release\KexDll.unsuccessfulbuild" because "AlwaysCreate" was specified.
       _MASM:
         Assembling [Inputs]...
         cmd.exe /C "C:\Users\maik\AppData\Local\Temp\tmp4719e449b3ce4d3488920e32d186554b.cmd"
         ml.exe /c /nologo /Zi /Fo"Release\syscal64.obj" /W3 /errorReport:prompt  /Tasyscal64.asm
       ClCompile:
         C:\Program Files (x86)\Microsoft Visual Studio 10.0\VC\bin\CL.exe /c /I"C:\Users\maik\Desktop\VxKex\\00-Common Headers" /Zi /nologo /W3 /WX /MP /O1 /Ob2 /Oi /Os /Oy /GL /D WIN32 /D NDEBUG /D _WINDOWS /D _USRDLL /D KEXDLL_EXPORTS /D _WINDLL /D _UNICODE /D UNICODE /GF /Gm- /MD /GS- /Gy /fp:precise /Zc:wchar_t /Zc:forScope /Fo"Release\\" /Fd"Release\vc100.pdb" /Gz /TC /analyze- /errorReport:prompt apiset.c ash.c ashcrsup.c ashselec.c avrf.c cpiwbypa.c dload.c dllmain.c dllnotif.c dllpath.c dllrewrt.c etw.c except.c kexdata.c kexhe.c kexhk.c kexldr.c kexrtl.c logging.c ntjob.c ntpriv.c ntps.c ntreg.c ntsect.c ntthread.c propagte.c rtlrng.c rtlwoa.c rtlwow64.c status.c strmap.c syscal32.c verspoof.c vxlopcl.c vxlpriv.c vxlquery.c vxlread.c vxlsever.c vxlwrite.c
         apiset.c
         ash.c
         ashcrsup.c
         ashselec.c
         avrf.c
         cpiwbypa.c
         dload.c
         dllmain.c
         dllnotif.c
         dllpath.c
         dllrewrt.c
         etw.c
         except.c
         kexdata.c
         kexhe.c
         kexhk.c
         kexldr.c
         kexrtl.c
         logging.c
         ntjob.c
         ntpriv.c
         ntps.c
         ntreg.c
         ntsect.c
         ntthread.c
         propagte.c
         rtlrng.c
         rtlwoa.c
         rtlwow64.c
         status.c
         strmap.c
         syscal32.c
         verspoof.c
         vxlopcl.c
         vxlpriv.c
         vxlquery.c
         vxlread.c
         vxlsever.c
         vxlwrite.c
       ResourceCompile:
         C:\Program Files (x86)\Microsoft SDKs\Windows\v7.0A\bin\rc.exe /D _UNICODE /D UNICODE /l"0x0409" /I"C:\Users\maik\Desktop\VxKex\\00-Common Headers" /nologo /fo"Release\KexDll.res" KexDll.rc 
       Link:
         C:\Program Files (x86)\Microsoft Visual Studio 10.0\VC\bin\link.exe /ERRORREPORT:PROMPT /OUT:"C:\Users\maik\Desktop\VxKex\Release\KexDll.dll" /INCREMENTAL:NO /NOLOGO /LIBPATH:"C:\Users\maik\Desktop\VxKex\\00-Import Libraries" /LIBPATH:C:\Users\maik\Desktop\VxKex\Release\ /NODEFAULTLIB:delayimp.lib /DEF:"KexDll.def" /MANIFEST:NO /DEBUG /PDB:"C:\Users\maik\Desktop\VxKex\Release\KexDll.pdb" /SUBSYSTEM:NATIVE /OPT:REF /OPT:ICF /LTCG /TLBID:1 /ENTRY:"DllMain" /RELEASE /DYNAMICBASE /NXCOMPAT /IMPLIB:"C:\Users\maik\Desktop\VxKex\Release\KexDll.lib" /MACHINE:X86 /DLL Release\KexDll.res
         Release\apiset.obj
         Release\ash.obj
         Release\ashcrsup.obj
         Release\ashselec.obj
         Release\avrf.obj
         Release\cpiwbypa.obj
         Release\dload.obj
         Release\dllmain.obj
         Release\dllnotif.obj
         Release\dllpath.obj
         Release\dllrewrt.obj
         Release\etw.obj
         Release\except.obj
         Release\kexdata.obj
         Release\kexhe.obj
         Release\kexhk.obj
         Release\kexldr.obj
         Release\kexrtl.obj
         Release\logging.obj
         Release\ntjob.obj
         Release\ntpriv.obj
         Release\ntps.obj
         Release\ntreg.obj
         Release\ntsect.obj
         Release\ntthread.obj
         Release\propagte.obj
         Release\rtlrng.obj
         Release\rtlwoa.obj
         Release\rtlwow64.obj
         Release\status.obj
         Release\strmap.obj
         Release\syscal32.obj
         Release\verspoof.obj
         Release\vxlopcl.obj
         Release\vxlpriv.obj
         Release\vxlquery.obj
         Release\vxlread.obj
         Release\vxlsever.obj
         Release\vxlwrite.obj
         Release\syscal64.obj
            Creating library C:\Users\maik\Desktop\VxKex\Release\KexDll.lib and object C:\Users\maik\Desktop\VxKex\Release\KexDll.exp
         Generating code
         Finished generating code
         KexDll.vcxproj -> C:\Users\maik\Desktop\VxKex\Release\KexDll.dll
       FinalizeBuildStatus:
         Deleting file "Release\KexDll.unsuccessfulbuild".
         Touching "Release\KexDll.lastbuildstate".
     1>Done Building Project "C:\Users\maik\Desktop\VxKex\KexDll\KexDll.vcxproj" (rebuild target(s)).

Build succeeded.

Time Elapsed 00:00:04.32
