C:\USERS\MAIK\DESKTOP\VXKEX\RELEASE\VXKEXLDR.EXE
C:\USERS\MAIK\DESKTOP\VXKEX\RELEASE\VXKEXLDR.PDB
C:\Users\maik\Desktop\VxKex\VxKexLdr\Release\CL.13460.read.1.tlog
C:\Users\maik\Desktop\VxKex\VxKexLdr\Release\CL.13460.write.1.tlog
C:\Users\maik\Desktop\VxKex\VxKexLdr\Release\CL.13564.read.1.tlog
C:\Users\maik\Desktop\VxKex\VxKexLdr\Release\CL.13564.write.1.tlog
C:\Users\maik\Desktop\VxKex\VxKexLdr\Release\CL.14396.read.1.tlog
C:\Users\maik\Desktop\VxKex\VxKexLdr\Release\CL.14396.write.1.tlog
C:\Users\maik\Desktop\VxKex\VxKexLdr\Release\CL.16008.read.1.tlog
C:\Users\maik\Desktop\VxKex\VxKexLdr\Release\CL.16008.write.1.tlog
C:\Users\maik\Desktop\VxKex\VxKexLdr\Release\CL.16104.read.1.tlog
C:\Users\maik\Desktop\VxKex\VxKexLdr\Release\CL.16104.write.1.tlog
C:\Users\maik\Desktop\VxKex\VxKexLdr\Release\CL.17716.read.1.tlog
C:\Users\maik\Desktop\VxKex\VxKexLdr\Release\CL.17716.write.1.tlog
C:\Users\maik\Desktop\VxKex\VxKexLdr\Release\cl.command.1.tlog
C:\Users\maik\Desktop\VxKex\VxKexLdr\Release\CL.read.1.tlog
C:\Users\maik\Desktop\VxKex\VxKexLdr\Release\cl.write.1.tlog
C:\USERS\MAIK\DESKTOP\VXKEX\VXKEXLDR\RELEASE\CREAPROC.OBJ
C:\USERS\MAIK\DESKTOP\VXKEX\VXKEXLDR\RELEASE\GUI.OBJ
C:\Users\maik\Desktop\VxKex\VxKexLdr\Release\link.command.1.tlog
C:\Users\maik\Desktop\VxKex\VxKexLdr\Release\link.read.1.tlog
C:\Users\maik\Desktop\VxKex\VxKexLdr\Release\link.write.1.tlog
C:\Users\maik\Desktop\VxKex\VxKexLdr\Release\link-cvtres.read.1.tlog
C:\Users\maik\Desktop\VxKex\VxKexLdr\Release\link-cvtres.write.1.tlog
C:\USERS\MAIK\DESKTOP\VXKEX\VXKEXLDR\RELEASE\MAIN.OBJ
C:\Users\maik\Desktop\VxKex\VxKexLdr\Release\mt.command.1.tlog
C:\Users\maik\Desktop\VxKex\VxKexLdr\Release\mt.read.1.tlog
C:\Users\maik\Desktop\VxKex\VxKexLdr\Release\mt.write.1.tlog
C:\Users\maik\Desktop\VxKex\VxKexLdr\Release\rc.command.1.tlog
C:\Users\maik\Desktop\VxKex\VxKexLdr\Release\rc.read.1.tlog
C:\Users\maik\Desktop\VxKex\VxKexLdr\Release\rc.write.1.tlog
C:\USERS\MAIK\DESKTOP\VXKEX\VXKEXLDR\RELEASE\VC100.PDB
C:\USERS\MAIK\DESKTOP\VXKEX\VXKEXLDR\RELEASE\VXKEXLDR.EXE.INTERMEDIATE.MANIFEST
C:\USERS\MAIK\DESKTOP\VXKEX\VXKEXLDR\RELEASE\VXKEXLDR.RES
C:\Users\maik\Desktop\VxKex\VxKexLdr\Release\VxKexLdr.write.1.tlog
