Build started 1/1/2025 7:45:27 PM.
     1>Project "C:\Users\maik\Desktop\VxKex\VxKexLdr\VxKexLdr.vcxproj" on node 7 (build target(s)).
     1>InitializeBuildStatus:
         Creating "Release\VxKexLdr.unsuccessfulbuild" because "AlwaysCreate" was specified.
       ClCompile:
         All outputs are up-to-date.
       ResourceCompile:
         C:\Program Files (x86)\Microsoft SDKs\Windows\v7.0A\bin\rc.exe /D _UNICODE /D UNICODE /l"0x0409" /I"C:\Users\maik\Desktop\VxKex\\00-Common Headers" /nologo /fo"Release\VxKexLdr.res" VxKexLdr.rc 
       Link:
         C:\Program Files (x86)\Microsoft Visual Studio 10.0\VC\bin\link.exe /ERRORREPORT:PROMPT /OUT:"C:\Users\maik\Desktop\VxKex\Release\VxKexLdr.exe" /INCREMENTAL:NO /NOLOGO /LIBPATH:C:\Users\maik\Desktop\VxKex\Release\ /LIBPATH:"C:\Users\maik\Desktop\VxKex\\00-Import Libraries" Delayimp.lib /DELAYLOAD:ole32.dll /DELAYLOAD:comdlg32.dll /DELAYLOAD:user32.dll /DELAYLOAD:shell32.dll /DELAYLOAD:comctl32.dll /DELAYLOAD:gdi32.dll /MANIFEST /ManifestFile:"Release\VxKexLdr.exe.intermediate.manifest" /MANIFESTUAC:"level='asInvoker' uiAccess='false'" /DEBUG /PDB:"C:\Users\maik\Desktop\VxKex\Release\VxKexLdr.pdb" /SUBSYSTEM:WINDOWS /OPT:REF /OPT:ICF /LTCG /TLBID:1 /RELEASE /DYNAMICBASE /NXCOMPAT /IMPLIB:"C:\Users\maik\Desktop\VxKex\Release\VxKexLdr.lib" /MACHINE:X86 Release\VxKexLdr.res
         Release\creaproc.obj
         Release\gui.obj
         Release\main.obj
         Generating code
         Finished generating code
         VxKexLdr.vcxproj -> C:\Users\maik\Desktop\VxKex\Release\VxKexLdr.exe
       Manifest:
         C:\Program Files (x86)\Microsoft SDKs\Windows\v7.0A\bin\mt.exe /nologo /verbose /outputresource:"C:\Users\maik\Desktop\VxKex\Release\VxKexLdr.exe;#1" /manifest Release\VxKexLdr.exe.intermediate.manifest "C:\Program Files (x86)\Microsoft Visual Studio 10.0\VC\Include\Manifest\dpiaware.manifest"
       FinalizeBuildStatus:
         Deleting file "Release\VxKexLdr.unsuccessfulbuild".
         Touching "Release\VxKexLdr.lastbuildstate".
     1>Done Building Project "C:\Users\maik\Desktop\VxKex\VxKexLdr\VxKexLdr.vcxproj" (build target(s)).

Build succeeded.

Time Elapsed 00:00:00.58
