C:\USERS\MAIK\DESKTOP\VXKEX-MAIN\DEBUG\KEXGUI.LIB
C:\Users\maik\Desktop\VxKex-main\KexGui\Debug\CL.11288.read.1.tlog
C:\Users\maik\Desktop\VxKex-main\KexGui\Debug\CL.11288.write.1.tlog
C:\Users\maik\Desktop\VxKex-main\KexGui\Debug\CL.11804.read.1.tlog
C:\Users\maik\Desktop\VxKex-main\KexGui\Debug\CL.11804.write.1.tlog
C:\Users\maik\Desktop\VxKex-main\KexGui\Debug\CL.11808.read.1.tlog
C:\Users\maik\Desktop\VxKex-main\KexGui\Debug\CL.11808.write.1.tlog
C:\Users\maik\Desktop\VxKex-main\KexGui\Debug\CL.11820.read.1.tlog
C:\Users\maik\Desktop\VxKex-main\KexGui\Debug\CL.11820.write.1.tlog
C:\Users\maik\Desktop\VxKex-main\KexGui\Debug\CL.11828.read.1.tlog
C:\Users\maik\Desktop\VxKex-main\KexGui\Debug\CL.11828.write.1.tlog
C:\Users\maik\Desktop\VxKex-main\KexGui\Debug\CL.11868.read.1.tlog
C:\Users\maik\Desktop\VxKex-main\KexGui\Debug\CL.11868.write.1.tlog
C:\Users\maik\Desktop\VxKex-main\KexGui\Debug\CL.11892.read.1.tlog
C:\Users\maik\Desktop\VxKex-main\KexGui\Debug\CL.11892.write.1.tlog
C:\Users\maik\Desktop\VxKex-main\KexGui\Debug\CL.12248.read.1.tlog
C:\Users\maik\Desktop\VxKex-main\KexGui\Debug\CL.12248.write.1.tlog
C:\Users\maik\Desktop\VxKex-main\KexGui\Debug\CL.12256.read.1.tlog
C:\Users\maik\Desktop\VxKex-main\KexGui\Debug\CL.12256.write.1.tlog
C:\Users\maik\Desktop\VxKex-main\KexGui\Debug\cl.command.1.tlog
C:\Users\maik\Desktop\VxKex-main\KexGui\Debug\CL.read.1.tlog
C:\Users\maik\Desktop\VxKex-main\KexGui\Debug\cl.write.1.tlog
C:\Users\maik\Desktop\VxKex-main\KexGui\Debug\ctlsx.obj
C:\Users\maik\Desktop\VxKex-main\KexGui\Debug\dpi.obj
C:\Users\maik\Desktop\VxKex-main\KexGui\Debug\fldrpkr.obj
C:\Users\maik\Desktop\VxKex-main\KexGui\Debug\kexgui.obj
C:\Users\maik\Desktop\VxKex-main\KexGui\Debug\KexGui.write.1.tlog
C:\Users\maik\Desktop\VxKex-main\KexGui\Debug\lib.command.1.tlog
C:\Users\maik\Desktop\VxKex-main\KexGui\Debug\Lib-link.read.1.tlog
C:\Users\maik\Desktop\VxKex-main\KexGui\Debug\Lib-link.write.1.tlog
C:\Users\maik\Desktop\VxKex-main\KexGui\Debug\locale.obj
C:\Users\maik\Desktop\VxKex-main\KexGui\Debug\msgbox.obj
C:\Users\maik\Desktop\VxKex-main\KexGui\Debug\shprops.obj
C:\USERS\MAIK\DESKTOP\VXKEX-MAIN\KEXGUI\DEBUG\VC100.PDB
C:\Users\maik\Desktop\VxKex-main\KexGui\Debug\window.obj
C:\Users\maik\Desktop\VxKex-main\KexGui\Debug\wndx.obj
