Build started 3/24/2025 12:13:22 AM.
     1>Project "C:\Users\maik\Desktop\VxKex-main\01-Extended DLLs\KxBase\kxbase.vcxproj" on node 6 (build target(s)).
     1>InitializeBuildStatus:
         Creating "Release\KxBase.unsuccessfulbuild" because "AlwaysCreate" was specified.
       ClCompile:
         C:\Program Files (x86)\Microsoft Visual Studio 10.0\VC\bin\CL.exe /c /I"C:\Users\maik\Desktop\VxKex-main\\00-Common Headers" /Zi /nologo /W3 /WX /MP /O2 /Oi /Oy- /GL /D WIN32 /D NDEBUG /D _WINDOWS /D _USRDLL /D KXBASE_EXPORTS /D _WINDLL /D _UNICODE /D UNICODE /Gm- /MD /GS- /Gy /fp:precise /Zc:wchar_t /Zc:forScope /Fo"Release\\" /Fd"Release\vc100.pdb" /Gz /TC /analyze- /errorReport:prompt appmodel.c cfgmgr.c dllmain.c file.c geoname.c heap.c misc.c module.c process.c pssapi.c security.c stubs.c support.c synch.c thread.c time.c token.c verspoof.c vmem.c wow64.c
         appmodel.c
         cfgmgr.c
         dllmain.c
         file.c
         geoname.c
         heap.c
         misc.c
         module.c
         process.c
         pssapi.c
         security.c
         stubs.c
         support.c
         synch.c
         thread.c
         time.c
         token.c
         verspoof.c
         vmem.c
         wow64.c
       ResourceCompile:
         C:\Program Files (x86)\Microsoft SDKs\Windows\v7.0A\bin\rc.exe /D _UNICODE /D UNICODE /l"0x0409" /I"C:\Users\maik\Desktop\VxKex-main\\00-Common Headers" /nologo /fo"Release\KxBase.res" KxBase.rc 
       Link:
         C:\Program Files (x86)\Microsoft Visual Studio 10.0\VC\bin\link.exe /ERRORREPORT:PROMPT /OUT:"C:\Users\maik\Desktop\VxKex-main\Release\KxBase.dll" /INCREMENTAL:NO /NOLOGO /LIBPATH:"C:\Users\maik\Desktop\VxKex-main\Release\\" /LIBPATH:"C:\Users\maik\Desktop\VxKex-main\\00-Import Libraries" /DEF:"kxbase.def" /MANIFEST:NO /DEBUG /PDB:"C:\Users\maik\Desktop\VxKex-main\Release\KxBase.pdb" /SUBSYSTEM:WINDOWS /OPT:REF /OPT:ICF /LTCG /TLBID:1 /RELEASE /DYNAMICBASE /NXCOMPAT /IMPLIB:"C:\Users\maik\Desktop\VxKex-main\Release\KxBase.lib" /MACHINE:X86 /DLL Release\KxBase.res
         Release\appmodel.obj
         Release\cfgmgr.obj
         Release\dllmain.obj
         Release\file.obj
         Release\forwards.obj
         Release\geoname.obj
         Release\heap.obj
         Release\misc.obj
         Release\module.obj
         Release\process.obj
         Release\pssapi.obj
         Release\security.obj
         Release\stubs.obj
         Release\support.obj
         Release\synch.obj
         Release\thread.obj
         Release\time.obj
         Release\token.obj
         Release\verspoof.obj
         Release\vmem.obj
         Release\wow64.obj
            Creating library C:\Users\maik\Desktop\VxKex-main\Release\KxBase.lib and object C:\Users\maik\Desktop\VxKex-main\Release\KxBase.exp
         Generating code
         Finished generating code
         kxbase.vcxproj -> C:\Users\maik\Desktop\VxKex-main\Release\KxBase.dll
       FinalizeBuildStatus:
         Deleting file "Release\KxBase.unsuccessfulbuild".
         Touching "Release\KxBase.lastbuildstate".
     1>Done Building Project "C:\Users\maik\Desktop\VxKex-main\01-Extended DLLs\KxBase\kxbase.vcxproj" (build target(s)).

Build succeeded.

Time Elapsed 00:00:01.53
