C:\Users\maik\Desktop\VxKex-main\01-Extended DLLs\KxBase\Release\appmodel.obj
C:\Users\maik\Desktop\VxKex-main\01-Extended DLLs\KxBase\Release\cfgmgr.obj
C:\Users\maik\Desktop\VxKex-main\01-Extended DLLs\KxBase\Release\CL.10432.read.1.tlog
C:\Users\maik\Desktop\VxKex-main\01-Extended DLLs\KxBase\Release\CL.10432.write.1.tlog
C:\Users\maik\Desktop\VxKex-main\01-Extended DLLs\KxBase\Release\CL.10688.read.1.tlog
C:\Users\maik\Desktop\VxKex-main\01-Extended DLLs\KxBase\Release\CL.10688.write.1.tlog
C:\Users\maik\Desktop\VxKex-main\01-Extended DLLs\KxBase\Release\CL.10816.read.1.tlog
C:\Users\maik\Desktop\VxKex-main\01-Extended DLLs\KxBase\Release\CL.10816.write.1.tlog
C:\Users\maik\Desktop\VxKex-main\01-Extended DLLs\KxBase\Release\CL.10828.read.1.tlog
C:\Users\maik\Desktop\VxKex-main\01-Extended DLLs\KxBase\Release\CL.10828.write.1.tlog
C:\Users\maik\Desktop\VxKex-main\01-Extended DLLs\KxBase\Release\CL.10940.read.1.tlog
C:\Users\maik\Desktop\VxKex-main\01-Extended DLLs\KxBase\Release\CL.10940.write.1.tlog
C:\Users\maik\Desktop\VxKex-main\01-Extended DLLs\KxBase\Release\CL.11252.read.1.tlog
C:\Users\maik\Desktop\VxKex-main\01-Extended DLLs\KxBase\Release\CL.11252.write.1.tlog
C:\Users\maik\Desktop\VxKex-main\01-Extended DLLs\KxBase\Release\CL.11620.read.1.tlog
C:\Users\maik\Desktop\VxKex-main\01-Extended DLLs\KxBase\Release\CL.11620.write.1.tlog
C:\Users\maik\Desktop\VxKex-main\01-Extended DLLs\KxBase\Release\CL.11628.read.1.tlog
C:\Users\maik\Desktop\VxKex-main\01-Extended DLLs\KxBase\Release\CL.11628.write.1.tlog
C:\Users\maik\Desktop\VxKex-main\01-Extended DLLs\KxBase\Release\CL.11648.read.1.tlog
C:\Users\maik\Desktop\VxKex-main\01-Extended DLLs\KxBase\Release\CL.11648.write.1.tlog
C:\Users\maik\Desktop\VxKex-main\01-Extended DLLs\KxBase\Release\CL.11836.read.1.tlog
C:\Users\maik\Desktop\VxKex-main\01-Extended DLLs\KxBase\Release\CL.11836.write.1.tlog
C:\Users\maik\Desktop\VxKex-main\01-Extended DLLs\KxBase\Release\CL.11960.read.1.tlog
C:\Users\maik\Desktop\VxKex-main\01-Extended DLLs\KxBase\Release\CL.11960.write.1.tlog
C:\Users\maik\Desktop\VxKex-main\01-Extended DLLs\KxBase\Release\CL.12320.read.1.tlog
C:\Users\maik\Desktop\VxKex-main\01-Extended DLLs\KxBase\Release\CL.12320.write.1.tlog
C:\Users\maik\Desktop\VxKex-main\01-Extended DLLs\KxBase\Release\CL.12356.read.1.tlog
C:\Users\maik\Desktop\VxKex-main\01-Extended DLLs\KxBase\Release\CL.12356.write.1.tlog
C:\Users\maik\Desktop\VxKex-main\01-Extended DLLs\KxBase\Release\CL.12360.read.1.tlog
C:\Users\maik\Desktop\VxKex-main\01-Extended DLLs\KxBase\Release\CL.12360.write.1.tlog
C:\Users\maik\Desktop\VxKex-main\01-Extended DLLs\KxBase\Release\CL.12396.read.1.tlog
C:\Users\maik\Desktop\VxKex-main\01-Extended DLLs\KxBase\Release\CL.12396.write.1.tlog
C:\Users\maik\Desktop\VxKex-main\01-Extended DLLs\KxBase\Release\CL.12400.read.1.tlog
C:\Users\maik\Desktop\VxKex-main\01-Extended DLLs\KxBase\Release\CL.12400.write.1.tlog
C:\Users\maik\Desktop\VxKex-main\01-Extended DLLs\KxBase\Release\CL.12464.read.1.tlog
C:\Users\maik\Desktop\VxKex-main\01-Extended DLLs\KxBase\Release\CL.12464.write.1.tlog
C:\Users\maik\Desktop\VxKex-main\01-Extended DLLs\KxBase\Release\CL.12492.read.1.tlog
C:\Users\maik\Desktop\VxKex-main\01-Extended DLLs\KxBase\Release\CL.12492.write.1.tlog
C:\Users\maik\Desktop\VxKex-main\01-Extended DLLs\KxBase\Release\CL.12620.read.1.tlog
C:\Users\maik\Desktop\VxKex-main\01-Extended DLLs\KxBase\Release\CL.12620.write.1.tlog
C:\Users\maik\Desktop\VxKex-main\01-Extended DLLs\KxBase\Release\CL.12808.read.1.tlog
C:\Users\maik\Desktop\VxKex-main\01-Extended DLLs\KxBase\Release\CL.12808.write.1.tlog
C:\Users\maik\Desktop\VxKex-main\01-Extended DLLs\KxBase\Release\CL.8732.read.1.tlog
C:\Users\maik\Desktop\VxKex-main\01-Extended DLLs\KxBase\Release\CL.8732.write.1.tlog
C:\Users\maik\Desktop\VxKex-main\01-Extended DLLs\KxBase\Release\cl.command.1.tlog
C:\Users\maik\Desktop\VxKex-main\01-Extended DLLs\KxBase\Release\CL.read.1.tlog
C:\Users\maik\Desktop\VxKex-main\01-Extended DLLs\KxBase\Release\cl.write.1.tlog
C:\Users\maik\Desktop\VxKex-main\01-Extended DLLs\KxBase\Release\dllmain.obj
C:\Users\maik\Desktop\VxKex-main\01-Extended DLLs\KxBase\Release\file.obj
C:\Users\maik\Desktop\VxKex-main\01-Extended DLLs\KxBase\Release\forwards.obj
C:\Users\maik\Desktop\VxKex-main\01-Extended DLLs\KxBase\Release\geoname.obj
C:\Users\maik\Desktop\VxKex-main\01-Extended DLLs\KxBase\Release\heap.obj
C:\USERS\MAIK\DESKTOP\VXKEX-MAIN\01-EXTENDED DLLS\KXBASE\RELEASE\KXBASE.RES
C:\Users\maik\Desktop\VxKex-main\01-Extended DLLs\KxBase\Release\KxBase.write.1.tlog
C:\Users\maik\Desktop\VxKex-main\01-Extended DLLs\KxBase\Release\link.command.1.tlog
C:\Users\maik\Desktop\VxKex-main\01-Extended DLLs\KxBase\Release\link.read.1.tlog
C:\Users\maik\Desktop\VxKex-main\01-Extended DLLs\KxBase\Release\link.write.1.tlog
C:\Users\maik\Desktop\VxKex-main\01-Extended DLLs\KxBase\Release\link-cvtres.read.1.tlog
C:\Users\maik\Desktop\VxKex-main\01-Extended DLLs\KxBase\Release\link-cvtres.write.1.tlog
C:\Users\maik\Desktop\VxKex-main\01-Extended DLLs\KxBase\Release\misc.obj
C:\Users\maik\Desktop\VxKex-main\01-Extended DLLs\KxBase\Release\module.obj
C:\Users\maik\Desktop\VxKex-main\01-Extended DLLs\KxBase\Release\process.obj
C:\Users\maik\Desktop\VxKex-main\01-Extended DLLs\KxBase\Release\pssapi.obj
C:\Users\maik\Desktop\VxKex-main\01-Extended DLLs\KxBase\Release\rc.command.1.tlog
C:\Users\maik\Desktop\VxKex-main\01-Extended DLLs\KxBase\Release\rc.read.1.tlog
C:\Users\maik\Desktop\VxKex-main\01-Extended DLLs\KxBase\Release\rc.write.1.tlog
C:\Users\maik\Desktop\VxKex-main\01-Extended DLLs\KxBase\Release\security.obj
C:\Users\maik\Desktop\VxKex-main\01-Extended DLLs\KxBase\Release\stubs.obj
C:\Users\maik\Desktop\VxKex-main\01-Extended DLLs\KxBase\Release\support.obj
C:\Users\maik\Desktop\VxKex-main\01-Extended DLLs\KxBase\Release\synch.obj
C:\Users\maik\Desktop\VxKex-main\01-Extended DLLs\KxBase\Release\thread.obj
C:\Users\maik\Desktop\VxKex-main\01-Extended DLLs\KxBase\Release\time.obj
C:\Users\maik\Desktop\VxKex-main\01-Extended DLLs\KxBase\Release\token.obj
C:\USERS\MAIK\DESKTOP\VXKEX-MAIN\01-EXTENDED DLLS\KXBASE\RELEASE\VC100.PDB
C:\Users\maik\Desktop\VxKex-main\01-Extended DLLs\KxBase\Release\verspoof.obj
C:\Users\maik\Desktop\VxKex-main\01-Extended DLLs\KxBase\Release\vmem.obj
C:\Users\maik\Desktop\VxKex-main\01-Extended DLLs\KxBase\Release\wow64.obj
C:\USERS\MAIK\DESKTOP\VXKEX-MAIN\RELEASE\KXBASE.DLL
C:\Users\maik\Desktop\VxKex-main\Release\KxBase.exp
C:\Users\maik\Desktop\VxKex-main\Release\KxBase.lib
C:\USERS\MAIK\DESKTOP\VXKEX-MAIN\RELEASE\KXBASE.PDB
