Build started 1/1/2025 7:34:04 PM.
     1>Project "C:\Users\maik\Desktop\VxKex\KexGui\KexGui.vcxproj" on node 2 (build target(s)).
     1>InitializeBuildStatus:
         Creating "x64\Debug\KexGui.unsuccessfulbuild" because "AlwaysCreate" was specified.
       ClCompile:
         All outputs are up-to-date.
       Lib:
         C:\Program Files (x86)\Microsoft Visual Studio 10.0\VC\bin\x86_amd64\Lib.exe /OUT:"C:\Users\maik\Desktop\VxKex\x64\Debug\KexGui.lib" /LIBPATH:"C:\Users\maik\Desktop\VxKex\\00-Import Libraries" /NOLOGO /NODEFAULTLIB /MACHINE:X64 x64\Debug\ctlsx.obj
         x64\Debug\dpi.obj
         x64\Debug\fldrpkr.obj
         x64\Debug\kexgui.obj
         x64\Debug\locale.obj
         x64\Debug\msgbox.obj
         x64\Debug\shprops.obj
         x64\Debug\window.obj
         x64\Debug\wndx.obj
         KexGui.vcxproj -> C:\Users\maik\Desktop\VxKex\x64\Debug\KexGui.lib
       FinalizeBuildStatus:
         Deleting file "x64\Debug\KexGui.unsuccessfulbuild".
         Touching "x64\Debug\KexGui.lastbuildstate".
     1>Done Building Project "C:\Users\maik\Desktop\VxKex\KexGui\KexGui.vcxproj" (build target(s)).

Build succeeded.

Time Elapsed 00:00:00.17
