C:\Users\maik\Desktop\VxKex\KexGui\x64\Debug\CL.16736.read.1.tlog
C:\Users\maik\Desktop\VxKex\KexGui\x64\Debug\CL.16736.write.1.tlog
C:\Users\maik\Desktop\VxKex\KexGui\x64\Debug\CL.17736.read.1.tlog
C:\Users\maik\Desktop\VxKex\KexGui\x64\Debug\CL.17736.write.1.tlog
C:\Users\maik\Desktop\VxKex\KexGui\x64\Debug\CL.17972.read.1.tlog
C:\Users\maik\Desktop\VxKex\KexGui\x64\Debug\CL.17972.write.1.tlog
C:\Users\maik\Desktop\VxKex\KexGui\x64\Debug\CL.19304.read.1.tlog
C:\Users\maik\Desktop\VxKex\KexGui\x64\Debug\CL.19304.write.1.tlog
C:\Users\maik\Desktop\VxKex\KexGui\x64\Debug\CL.2408.read.1.tlog
C:\Users\maik\Desktop\VxKex\KexGui\x64\Debug\CL.2408.write.1.tlog
C:\Users\maik\Desktop\VxKex\KexGui\x64\Debug\CL.3152.read.1.tlog
C:\Users\maik\Desktop\VxKex\KexGui\x64\Debug\CL.3152.write.1.tlog
C:\Users\maik\Desktop\VxKex\KexGui\x64\Debug\CL.6864.read.1.tlog
C:\Users\maik\Desktop\VxKex\KexGui\x64\Debug\CL.6864.write.1.tlog
C:\Users\maik\Desktop\VxKex\KexGui\x64\Debug\CL.9632.read.1.tlog
C:\Users\maik\Desktop\VxKex\KexGui\x64\Debug\CL.9632.write.1.tlog
C:\Users\maik\Desktop\VxKex\KexGui\x64\Debug\cl.command.1.tlog
C:\Users\maik\Desktop\VxKex\KexGui\x64\Debug\CL.read.1.tlog
C:\Users\maik\Desktop\VxKex\KexGui\x64\Debug\cl.write.1.tlog
C:\Users\maik\Desktop\VxKex\KexGui\x64\Debug\ctlsx.obj
C:\Users\maik\Desktop\VxKex\KexGui\x64\Debug\dpi.obj
C:\Users\maik\Desktop\VxKex\KexGui\x64\Debug\fldrpkr.obj
C:\Users\maik\Desktop\VxKex\KexGui\x64\Debug\kexgui.obj
C:\Users\maik\Desktop\VxKex\KexGui\x64\Debug\KexGui.write.1.tlog
C:\Users\maik\Desktop\VxKex\KexGui\x64\Debug\lib.command.1.tlog
C:\Users\maik\Desktop\VxKex\KexGui\x64\Debug\Lib-link.read.1.tlog
C:\Users\maik\Desktop\VxKex\KexGui\x64\Debug\Lib-link.write.1.tlog
C:\Users\maik\Desktop\VxKex\KexGui\x64\Debug\locale.obj
C:\Users\maik\Desktop\VxKex\KexGui\x64\Debug\msgbox.obj
C:\Users\maik\Desktop\VxKex\KexGui\x64\Debug\shprops.obj
C:\USERS\MAIK\DESKTOP\VXKEX\KEXGUI\X64\DEBUG\VC100.PDB
C:\Users\maik\Desktop\VxKex\KexGui\x64\Debug\window.obj
C:\Users\maik\Desktop\VxKex\KexGui\x64\Debug\wndx.obj
C:\USERS\MAIK\DESKTOP\VXKEX\X64\DEBUG\KEXGUI.LIB
