C:\USERS\MAIK\DESKTOP\VXKEX\DEBUG\KEXDLL.DLL
C:\Users\maik\Desktop\VxKex\Debug\KexDll.exp
C:\Users\maik\Desktop\VxKex\Debug\KexDll.lib
C:\USERS\MAIK\DESKTOP\VXKEX\DEBUG\KEXDLL.PDB
C:\USERS\MAIK\DESKTOP\VXKEX\KEXDLL\DEBUG\APISET.OBJ
C:\USERS\MAIK\DESKTOP\VXKEX\KEXDLL\DEBUG\ASH.OBJ
C:\USERS\MAIK\DESKTOP\VXKEX\KEXDLL\DEBUG\ASHCRSUP.OBJ
C:\USERS\MAIK\DESKTOP\VXKEX\KEXDLL\DEBUG\ASHSELEC.OBJ
C:\USERS\MAIK\DESKTOP\VXKEX\KEXDLL\DEBUG\AVRF.OBJ
C:\Users\maik\Desktop\VxKex\KexDll\Debug\CL.13816.read.1.tlog
C:\Users\maik\Desktop\VxKex\KexDll\Debug\CL.13816.write.1.tlog
C:\Users\maik\Desktop\VxKex\KexDll\Debug\CL.14616.read.1.tlog
C:\Users\maik\Desktop\VxKex\KexDll\Debug\CL.14616.write.1.tlog
C:\Users\maik\Desktop\VxKex\KexDll\Debug\CL.14800.read.1.tlog
C:\Users\maik\Desktop\VxKex\KexDll\Debug\CL.14800.write.1.tlog
C:\Users\maik\Desktop\VxKex\KexDll\Debug\CL.15312.read.1.tlog
C:\Users\maik\Desktop\VxKex\KexDll\Debug\CL.15312.write.1.tlog
C:\Users\maik\Desktop\VxKex\KexDll\Debug\CL.15476.read.1.tlog
C:\Users\maik\Desktop\VxKex\KexDll\Debug\CL.15476.write.1.tlog
C:\Users\maik\Desktop\VxKex\KexDll\Debug\CL.16984.read.1.tlog
C:\Users\maik\Desktop\VxKex\KexDll\Debug\CL.16984.write.1.tlog
C:\Users\maik\Desktop\VxKex\KexDll\Debug\CL.17236.read.1.tlog
C:\Users\maik\Desktop\VxKex\KexDll\Debug\CL.17236.write.1.tlog
C:\Users\maik\Desktop\VxKex\KexDll\Debug\CL.17244.read.1.tlog
C:\Users\maik\Desktop\VxKex\KexDll\Debug\CL.17244.write.1.tlog
C:\Users\maik\Desktop\VxKex\KexDll\Debug\CL.17288.read.1.tlog
C:\Users\maik\Desktop\VxKex\KexDll\Debug\CL.17288.write.1.tlog
C:\Users\maik\Desktop\VxKex\KexDll\Debug\CL.17292.read.1.tlog
C:\Users\maik\Desktop\VxKex\KexDll\Debug\CL.17292.write.1.tlog
C:\Users\maik\Desktop\VxKex\KexDll\Debug\CL.17380.read.1.tlog
C:\Users\maik\Desktop\VxKex\KexDll\Debug\CL.17380.write.1.tlog
C:\Users\maik\Desktop\VxKex\KexDll\Debug\CL.17864.read.1.tlog
C:\Users\maik\Desktop\VxKex\KexDll\Debug\CL.17864.write.1.tlog
C:\Users\maik\Desktop\VxKex\KexDll\Debug\CL.17924.read.1.tlog
C:\Users\maik\Desktop\VxKex\KexDll\Debug\CL.17924.write.1.tlog
C:\Users\maik\Desktop\VxKex\KexDll\Debug\CL.18764.read.1.tlog
C:\Users\maik\Desktop\VxKex\KexDll\Debug\CL.18764.write.1.tlog
C:\Users\maik\Desktop\VxKex\KexDll\Debug\CL.19392.read.1.tlog
C:\Users\maik\Desktop\VxKex\KexDll\Debug\CL.19392.write.1.tlog
C:\Users\maik\Desktop\VxKex\KexDll\Debug\CL.3412.read.1.tlog
C:\Users\maik\Desktop\VxKex\KexDll\Debug\CL.3412.write.1.tlog
C:\Users\maik\Desktop\VxKex\KexDll\Debug\CL.6136.read.1.tlog
C:\Users\maik\Desktop\VxKex\KexDll\Debug\CL.6136.write.1.tlog
C:\Users\maik\Desktop\VxKex\KexDll\Debug\CL.8292.read.1.tlog
C:\Users\maik\Desktop\VxKex\KexDll\Debug\CL.8292.write.1.tlog
C:\Users\maik\Desktop\VxKex\KexDll\Debug\cl.command.1.tlog
C:\Users\maik\Desktop\VxKex\KexDll\Debug\CL.read.1.tlog
C:\Users\maik\Desktop\VxKex\KexDll\Debug\cl.write.1.tlog
C:\USERS\MAIK\DESKTOP\VXKEX\KEXDLL\DEBUG\CPIWBYPA.OBJ
C:\USERS\MAIK\DESKTOP\VXKEX\KEXDLL\DEBUG\DLLMAIN.OBJ
C:\USERS\MAIK\DESKTOP\VXKEX\KEXDLL\DEBUG\DLLNOTIF.OBJ
C:\USERS\MAIK\DESKTOP\VXKEX\KEXDLL\DEBUG\DLLPATH.OBJ
C:\USERS\MAIK\DESKTOP\VXKEX\KEXDLL\DEBUG\DLLREWRT.OBJ
C:\USERS\MAIK\DESKTOP\VXKEX\KEXDLL\DEBUG\DLOAD.OBJ
C:\USERS\MAIK\DESKTOP\VXKEX\KEXDLL\DEBUG\ETW.OBJ
C:\USERS\MAIK\DESKTOP\VXKEX\KEXDLL\DEBUG\EXCEPT.OBJ
C:\USERS\MAIK\DESKTOP\VXKEX\KEXDLL\DEBUG\KEXDATA.OBJ
C:\USERS\MAIK\DESKTOP\VXKEX\KEXDLL\DEBUG\KEXDLL.RES
C:\Users\maik\Desktop\VxKex\KexDll\Debug\KexDll.write.1.tlog
C:\USERS\MAIK\DESKTOP\VXKEX\KEXDLL\DEBUG\KEXHE.OBJ
C:\USERS\MAIK\DESKTOP\VXKEX\KEXDLL\DEBUG\KEXHK.OBJ
C:\USERS\MAIK\DESKTOP\VXKEX\KEXDLL\DEBUG\KEXLDR.OBJ
C:\USERS\MAIK\DESKTOP\VXKEX\KEXDLL\DEBUG\KEXRTL.OBJ
C:\Users\maik\Desktop\VxKex\KexDll\Debug\link.command.1.tlog
C:\Users\maik\Desktop\VxKex\KexDll\Debug\link.read.1.tlog
C:\Users\maik\Desktop\VxKex\KexDll\Debug\link.write.1.tlog
C:\Users\maik\Desktop\VxKex\KexDll\Debug\link-cvtres.read.1.tlog
C:\Users\maik\Desktop\VxKex\KexDll\Debug\link-cvtres.write.1.tlog
C:\USERS\MAIK\DESKTOP\VXKEX\KEXDLL\DEBUG\LOGGING.OBJ
C:\USERS\MAIK\DESKTOP\VXKEX\KEXDLL\DEBUG\NTJOB.OBJ
C:\USERS\MAIK\DESKTOP\VXKEX\KEXDLL\DEBUG\NTPRIV.OBJ
C:\USERS\MAIK\DESKTOP\VXKEX\KEXDLL\DEBUG\NTPS.OBJ
C:\USERS\MAIK\DESKTOP\VXKEX\KEXDLL\DEBUG\NTREG.OBJ
C:\USERS\MAIK\DESKTOP\VXKEX\KEXDLL\DEBUG\NTSECT.OBJ
C:\USERS\MAIK\DESKTOP\VXKEX\KEXDLL\DEBUG\NTTHREAD.OBJ
C:\USERS\MAIK\DESKTOP\VXKEX\KEXDLL\DEBUG\PROPAGTE.OBJ
C:\Users\maik\Desktop\VxKex\KexDll\Debug\rc.command.1.tlog
C:\Users\maik\Desktop\VxKex\KexDll\Debug\rc.read.1.tlog
C:\Users\maik\Desktop\VxKex\KexDll\Debug\rc.write.1.tlog
C:\USERS\MAIK\DESKTOP\VXKEX\KEXDLL\DEBUG\RTLRNG.OBJ
C:\USERS\MAIK\DESKTOP\VXKEX\KEXDLL\DEBUG\RTLWOA.OBJ
C:\USERS\MAIK\DESKTOP\VXKEX\KEXDLL\DEBUG\RTLWOW64.OBJ
C:\USERS\MAIK\DESKTOP\VXKEX\KEXDLL\DEBUG\STATUS.OBJ
C:\USERS\MAIK\DESKTOP\VXKEX\KEXDLL\DEBUG\STRMAP.OBJ
C:\USERS\MAIK\DESKTOP\VXKEX\KEXDLL\DEBUG\SYSCAL32.OBJ
C:\Users\maik\Desktop\VxKex\KexDll\Debug\syscal64.obj
C:\USERS\MAIK\DESKTOP\VXKEX\KEXDLL\DEBUG\VC100.PDB
C:\USERS\MAIK\DESKTOP\VXKEX\KEXDLL\DEBUG\VERSPOOF.OBJ
C:\USERS\MAIK\DESKTOP\VXKEX\KEXDLL\DEBUG\VXLOPCL.OBJ
C:\USERS\MAIK\DESKTOP\VXKEX\KEXDLL\DEBUG\VXLPRIV.OBJ
C:\USERS\MAIK\DESKTOP\VXKEX\KEXDLL\DEBUG\VXLQUERY.OBJ
C:\USERS\MAIK\DESKTOP\VXKEX\KEXDLL\DEBUG\VXLREAD.OBJ
C:\USERS\MAIK\DESKTOP\VXKEX\KEXDLL\DEBUG\VXLSEVER.OBJ
C:\USERS\MAIK\DESKTOP\VXKEX\KEXDLL\DEBUG\VXLWRITE.OBJ
