Build started 3/24/2025 12:13:18 AM.
     1>Project "C:\Users\maik\Desktop\VxKex-main\CpiwBypa\CpiwBypa.vcxproj" on node 3 (build target(s)).
     1>InitializeBuildStatus:
         Creating "Release\CpiwBypa.unsuccessfulbuild" because "AlwaysCreate" was specified.
       ClCompile:
         C:\Program Files (x86)\Microsoft Visual Studio 10.0\VC\bin\CL.exe /c /I"C:\Users\maik\Desktop\VxKex-main\\00-Common Headers" /Zi /nologo /W3 /WX /MP /O1 /Oi /Os /Oy /GL /D WIN32 /D NDEBUG /D _WINDOWS /D _USRDLL /D CPIWBYPA_EXPORTS /D _WINDLL /D _UNICODE /D UNICODE /Gm- /GS- /Gy /fp:precise /Zc:wchar_t /Zc:forScope /Fo"Release\\" /Fd"Release\vc100.pdb" /Gz /TC /analyze- /errorReport:prompt dllmain.c
         dllmain.c
       ResourceCompile:
         C:\Program Files (x86)\Microsoft SDKs\Windows\v7.0A\bin\rc.exe /D _UNICODE /D UNICODE /l"0x0409" /I"C:\Users\maik\Desktop\VxKex-main\\00-Common Headers" /nologo /fo"Release\CpiwBypa.res" CpiwBypa.rc 
       Link:
         C:\Program Files (x86)\Microsoft Visual Studio 10.0\VC\bin\link.exe /ERRORREPORT:PROMPT /OUT:"C:\Users\maik\Desktop\VxKex-main\Release\CpiwBypa.dll" /INCREMENTAL:NO /NOLOGO /LIBPATH:"C:\Users\maik\Desktop\VxKex-main\Release\\" /LIBPATH:"C:\Users\maik\Desktop\VxKex-main\\00-Import Libraries" /MANIFEST:NO /DEBUG /PDB:"C:\Users\maik\Desktop\VxKex-main\Release\CpiwBypa.pdb" /SUBSYSTEM:WINDOWS /OPT:REF /OPT:ICF /LTCG /TLBID:1 /ENTRY:"DllMain" /RELEASE /DYNAMICBASE /NXCOMPAT /IMPLIB:"C:\Users\maik\Desktop\VxKex-main\Release\CpiwBypa.lib" /MACHINE:X86 /DLL Release\CpiwBypa.res
         Release\dllmain.obj
         Generating code
         Finished generating code
         CpiwBypa.vcxproj -> C:\Users\maik\Desktop\VxKex-main\Release\CpiwBypa.dll
       FinalizeBuildStatus:
         Deleting file "Release\CpiwBypa.unsuccessfulbuild".
         Touching "Release\CpiwBypa.lastbuildstate".
     1>Done Building Project "C:\Users\maik\Desktop\VxKex-main\CpiwBypa\CpiwBypa.vcxproj" (build target(s)).

Build succeeded.

Time Elapsed 00:00:02.03
