C:\Users\maik\Desktop\VxKex\KxCfgHlp\x64\Debug\CL.11968.read.1.tlog
C:\Users\maik\Desktop\VxKex\KxCfgHlp\x64\Debug\CL.11968.write.1.tlog
C:\Users\maik\Desktop\VxKex\KxCfgHlp\x64\Debug\CL.12328.read.1.tlog
C:\Users\maik\Desktop\VxKex\KxCfgHlp\x64\Debug\CL.12328.write.1.tlog
C:\Users\maik\Desktop\VxKex\KxCfgHlp\x64\Debug\CL.12600.read.1.tlog
C:\Users\maik\Desktop\VxKex\KxCfgHlp\x64\Debug\CL.12600.write.1.tlog
C:\Users\maik\Desktop\VxKex\KxCfgHlp\x64\Debug\CL.14736.read.1.tlog
C:\Users\maik\Desktop\VxKex\KxCfgHlp\x64\Debug\CL.14736.write.1.tlog
C:\Users\maik\Desktop\VxKex\KxCfgHlp\x64\Debug\CL.17520.read.1.tlog
C:\Users\maik\Desktop\VxKex\KxCfgHlp\x64\Debug\CL.17520.write.1.tlog
C:\Users\maik\Desktop\VxKex\KxCfgHlp\x64\Debug\CL.2024.read.1.tlog
C:\Users\maik\Desktop\VxKex\KxCfgHlp\x64\Debug\CL.2024.write.1.tlog
C:\Users\maik\Desktop\VxKex\KxCfgHlp\x64\Debug\CL.4192.read.1.tlog
C:\Users\maik\Desktop\VxKex\KxCfgHlp\x64\Debug\CL.4192.write.1.tlog
C:\Users\maik\Desktop\VxKex\KxCfgHlp\x64\Debug\CL.4352.read.1.tlog
C:\Users\maik\Desktop\VxKex\KxCfgHlp\x64\Debug\CL.4352.write.1.tlog
C:\Users\maik\Desktop\VxKex\KxCfgHlp\x64\Debug\cl.command.1.tlog
C:\Users\maik\Desktop\VxKex\KxCfgHlp\x64\Debug\CL.read.1.tlog
C:\Users\maik\Desktop\VxKex\KxCfgHlp\x64\Debug\cl.write.1.tlog
C:\Users\maik\Desktop\VxKex\KxCfgHlp\x64\Debug\cpiwbypa.obj
C:\Users\maik\Desktop\VxKex\KxCfgHlp\x64\Debug\ctxmenu.obj
C:\Users\maik\Desktop\VxKex\KxCfgHlp\x64\Debug\delcfg.obj
C:\Users\maik\Desktop\VxKex\KxCfgHlp\x64\Debug\dskclnup.obj
C:\Users\maik\Desktop\VxKex\KxCfgHlp\x64\Debug\elevate.obj
C:\Users\maik\Desktop\VxKex\KxCfgHlp\x64\Debug\getcfg.obj
C:\Users\maik\Desktop\VxKex\KxCfgHlp\x64\Debug\kexdir.obj
C:\Users\maik\Desktop\VxKex\KxCfgHlp\x64\Debug\KxCfgHlp.write.1.tlog
C:\Users\maik\Desktop\VxKex\KxCfgHlp\x64\Debug\kxcfgp.obj
C:\Users\maik\Desktop\VxKex\KxCfgHlp\x64\Debug\lib.command.1.tlog
C:\Users\maik\Desktop\VxKex\KxCfgHlp\x64\Debug\Lib-link.read.1.tlog
C:\Users\maik\Desktop\VxKex\KxCfgHlp\x64\Debug\Lib-link.write.1.tlog
C:\Users\maik\Desktop\VxKex\KxCfgHlp\x64\Debug\logging.obj
C:\Users\maik\Desktop\VxKex\KxCfgHlp\x64\Debug\msisup.obj
C:\Users\maik\Desktop\VxKex\KxCfgHlp\x64\Debug\openkey.obj
C:\Users\maik\Desktop\VxKex\KxCfgHlp\x64\Debug\setcfg.obj
C:\USERS\MAIK\DESKTOP\VXKEX\KXCFGHLP\X64\DEBUG\VC100.PDB
C:\USERS\MAIK\DESKTOP\VXKEX\X64\DEBUG\KXCFGHLP.LIB
