Build started 1/1/2025 7:34:04 PM.
     1>Project "C:\Users\maik\Desktop\VxKex\KxCfgHlp\KxCfgHlp.vcxproj" on node 4 (build target(s)).
     1>InitializeBuildStatus:
         Creating "x64\Debug\KxCfgHlp.unsuccessfulbuild" because "AlwaysCreate" was specified.
       ClCompile:
         All outputs are up-to-date.
       Lib:
         C:\Program Files (x86)\Microsoft Visual Studio 10.0\VC\bin\x86_amd64\Lib.exe /OUT:"C:\Users\maik\Desktop\VxKex\x64\Debug\KxCfgHlp.lib" /NOLOGO /NODEFAULTLIB x64\Debug\cpiwbypa.obj
         x64\Debug\ctxmenu.obj
         x64\Debug\delcfg.obj
         x64\Debug\dskclnup.obj
         x64\Debug\elevate.obj
         x64\Debug\getcfg.obj
         x64\Debug\kexdir.obj
         x64\Debug\logging.obj
         x64\Debug\msisup.obj
         x64\Debug\openkey.obj
         x64\Debug\kxcfgp.obj
         x64\Debug\setcfg.obj
         KxCfgHlp.vcxproj -> C:\Users\maik\Desktop\VxKex\x64\Debug\KxCfgHlp.lib
       FinalizeBuildStatus:
         Deleting file "x64\Debug\KxCfgHlp.unsuccessfulbuild".
         Touching "x64\Debug\KxCfgHlp.lastbuildstate".
     1>Done Building Project "C:\Users\maik\Desktop\VxKex\KxCfgHlp\KxCfgHlp.vcxproj" (build target(s)).

Build succeeded.

Time Elapsed 00:00:00.14
