C:\USERS\MAIK\DESKTOP\VXKEX-MAIN\DEBUG\VXLVIEW.EXE
C:\USERS\MAIK\DESKTOP\VXKEX-MAIN\DEBUG\VXLVIEW.PDB
C:\Users\maik\Desktop\VxKex-main\VxlView\Debug\backend.obj
C:\Users\maik\Desktop\VxKex-main\VxlView\Debug\backendp.obj
C:\Users\maik\Desktop\VxKex-main\VxlView\Debug\CL.11280.read.1.tlog
C:\Users\maik\Desktop\VxKex-main\VxlView\Debug\CL.11280.write.1.tlog
C:\Users\maik\Desktop\VxKex-main\VxlView\Debug\CL.11296.read.1.tlog
C:\Users\maik\Desktop\VxKex-main\VxlView\Debug\CL.11296.write.1.tlog
C:\Users\maik\Desktop\VxKex-main\VxlView\Debug\CL.11388.read.1.tlog
C:\Users\maik\Desktop\VxKex-main\VxlView\Debug\CL.11388.write.1.tlog
C:\Users\maik\Desktop\VxKex-main\VxlView\Debug\CL.11424.read.1.tlog
C:\Users\maik\Desktop\VxKex-main\VxlView\Debug\CL.11424.write.1.tlog
C:\Users\maik\Desktop\VxKex-main\VxlView\Debug\CL.11556.read.1.tlog
C:\Users\maik\Desktop\VxKex-main\VxlView\Debug\CL.11556.write.1.tlog
C:\Users\maik\Desktop\VxKex-main\VxlView\Debug\CL.11804.read.1.tlog
C:\Users\maik\Desktop\VxKex-main\VxlView\Debug\CL.11804.write.1.tlog
C:\Users\maik\Desktop\VxKex-main\VxlView\Debug\CL.11808.read.1.tlog
C:\Users\maik\Desktop\VxKex-main\VxlView\Debug\CL.11808.write.1.tlog
C:\Users\maik\Desktop\VxKex-main\VxlView\Debug\CL.11868.read.1.tlog
C:\Users\maik\Desktop\VxKex-main\VxlView\Debug\CL.11868.write.1.tlog
C:\Users\maik\Desktop\VxKex-main\VxlView\Debug\CL.12264.read.1.tlog
C:\Users\maik\Desktop\VxKex-main\VxlView\Debug\CL.12264.write.1.tlog
C:\Users\maik\Desktop\VxKex-main\VxlView\Debug\CL.7392.read.1.tlog
C:\Users\maik\Desktop\VxKex-main\VxlView\Debug\CL.7392.write.1.tlog
C:\Users\maik\Desktop\VxKex-main\VxlView\Debug\CL.7888.read.1.tlog
C:\Users\maik\Desktop\VxKex-main\VxlView\Debug\CL.7888.write.1.tlog
C:\Users\maik\Desktop\VxKex-main\VxlView\Debug\cl.command.1.tlog
C:\Users\maik\Desktop\VxKex-main\VxlView\Debug\CL.read.1.tlog
C:\Users\maik\Desktop\VxKex-main\VxlView\Debug\cl.write.1.tlog
C:\Users\maik\Desktop\VxKex-main\VxlView\Debug\config.obj
C:\Users\maik\Desktop\VxKex-main\VxlView\Debug\details.obj
C:\Users\maik\Desktop\VxKex-main\VxlView\Debug\filters.obj
C:\Users\maik\Desktop\VxKex-main\VxlView\Debug\globals.obj
C:\Users\maik\Desktop\VxKex-main\VxlView\Debug\goto.obj
C:\Users\maik\Desktop\VxKex-main\VxlView\Debug\helpabout.obj
C:\Users\maik\Desktop\VxKex-main\VxlView\Debug\link.command.1.tlog
C:\Users\maik\Desktop\VxKex-main\VxlView\Debug\link.read.1.tlog
C:\Users\maik\Desktop\VxKex-main\VxlView\Debug\link.write.1.tlog
C:\Users\maik\Desktop\VxKex-main\VxlView\Debug\link-cvtres.read.1.tlog
C:\Users\maik\Desktop\VxKex-main\VxlView\Debug\link-cvtres.write.1.tlog
C:\Users\maik\Desktop\VxKex-main\VxlView\Debug\listview.obj
C:\Users\maik\Desktop\VxKex-main\VxlView\Debug\mt.command.1.tlog
C:\Users\maik\Desktop\VxKex-main\VxlView\Debug\mt.read.1.tlog
C:\Users\maik\Desktop\VxKex-main\VxlView\Debug\mt.write.1.tlog
C:\Users\maik\Desktop\VxKex-main\VxlView\Debug\rc.command.1.tlog
C:\Users\maik\Desktop\VxKex-main\VxlView\Debug\rc.read.1.tlog
C:\Users\maik\Desktop\VxKex-main\VxlView\Debug\rc.write.1.tlog
C:\Users\maik\Desktop\VxKex-main\VxlView\Debug\statusbar.obj
C:\USERS\MAIK\DESKTOP\VXKEX-MAIN\VXLVIEW\DEBUG\VC100.PDB
C:\USERS\MAIK\DESKTOP\VXKEX-MAIN\VXLVIEW\DEBUG\VXLVIEW.EXE.INTERMEDIATE.MANIFEST
C:\Users\maik\Desktop\VxKex-main\VxlView\Debug\vxlview.obj
C:\USERS\MAIK\DESKTOP\VXKEX-MAIN\VXLVIEW\DEBUG\VXLVIEW.RES
C:\Users\maik\Desktop\VxKex-main\VxlView\Debug\VxlView.vcxprojResolveAssemblyReference.cache
C:\Users\maik\Desktop\VxKex-main\VxlView\Debug\VxlView.write.1.tlog
