Build started 1/1/2025 7:45:19 PM.
     1>Project "C:\Users\maik\Desktop\VxKex\VxlView\VxlView.vcxproj" on node 4 (build target(s)).
     1>InitializeBuildStatus:
         Creating "Debug\VxlView.unsuccessfulbuild" because "AlwaysCreate" was specified.
       ClCompile:
         All outputs are up-to-date.
       ResourceCompile:
         C:\Program Files (x86)\Microsoft SDKs\Windows\v7.0A\bin\rc.exe /D _DEBUG /D _UNICODE /D UNICODE /D _UNICODE /D UNICODE /l"0x0409" /I"C:\Users\maik\Desktop\VxKex\\00-Common Headers" /nologo /fo"Debug\VxlView.res" VxlView.rc 
       Link:
         C:\Program Files (x86)\Microsoft Visual Studio 10.0\VC\bin\link.exe /ERRORREPORT:PROMPT /OUT:"C:\Users\maik\Desktop\VxKex\Debug\VxlView.exe" /INCREMENTAL:NO /NOLOGO /LIBPATH:C:\Users\maik\Desktop\VxKex\Debug\ /LIBPATH:"C:\Users\maik\Desktop\VxKex\\00-Import Libraries" Delayimp.lib /DELAYLOAD:comdlg32.dll /MANIFEST /ManifestFile:"Debug\VxlView.exe.intermediate.manifest" /MANIFESTUAC:"level='asInvoker' uiAccess='false'" /DEBUG /PDB:"C:\Users\maik\Desktop\VxKex\Debug\VxlView.pdb" /SUBSYSTEM:WINDOWS /TLBID:1 /RELEASE /DYNAMICBASE /NXCOMPAT /IMPLIB:"C:\Users\maik\Desktop\VxKex\Debug\VxlView.lib" /MACHINE:X86 Debug\VxlView.res
         Debug\backend.obj
         Debug\backendp.obj
         Debug\config.obj
         Debug\details.obj
         Debug\filters.obj
         Debug\globals.obj
         Debug\goto.obj
         Debug\helpabout.obj
         Debug\listview.obj
         Debug\statusbar.obj
         Debug\vxlview.obj
         VxlView.vcxproj -> C:\Users\maik\Desktop\VxKex\Debug\VxlView.exe
       Manifest:
         C:\Program Files (x86)\Microsoft SDKs\Windows\v7.0A\bin\mt.exe /nologo /verbose /outputresource:"C:\Users\maik\Desktop\VxKex\Debug\VxlView.exe;#1" /manifest Debug\VxlView.exe.intermediate.manifest "C:\Program Files (x86)\Microsoft Visual Studio 10.0\VC\Include\Manifest\dpiaware.manifest"
       FinalizeBuildStatus:
         Deleting file "Debug\VxlView.unsuccessfulbuild".
         Touching "Debug\VxlView.lastbuildstate".
     1>Done Building Project "C:\Users\maik\Desktop\VxKex\VxlView\VxlView.vcxproj" (build target(s)).

Build succeeded.

Time Elapsed 00:00:00.44
