C:\Users\maik\Desktop\VxKex\01-Extended DLLs\KxNet\Debug\CL.12180.read.1.tlog
C:\Users\maik\Desktop\VxKex\01-Extended DLLs\KxNet\Debug\CL.12180.write.1.tlog
C:\Users\maik\Desktop\VxKex\01-Extended DLLs\KxNet\Debug\CL.13980.read.1.tlog
C:\Users\maik\Desktop\VxKex\01-Extended DLLs\KxNet\Debug\CL.13980.write.1.tlog
C:\Users\maik\Desktop\VxKex\01-Extended DLLs\KxNet\Debug\CL.14224.read.1.tlog
C:\Users\maik\Desktop\VxKex\01-Extended DLLs\KxNet\Debug\CL.14224.write.1.tlog
C:\Users\maik\Desktop\VxKex\01-Extended DLLs\KxNet\Debug\CL.15000.read.1.tlog
C:\Users\maik\Desktop\VxKex\01-Extended DLLs\KxNet\Debug\CL.15000.write.1.tlog
C:\Users\maik\Desktop\VxKex\01-Extended DLLs\KxNet\Debug\CL.16680.read.1.tlog
C:\Users\maik\Desktop\VxKex\01-Extended DLLs\KxNet\Debug\CL.16680.write.1.tlog
C:\Users\maik\Desktop\VxKex\01-Extended DLLs\KxNet\Debug\CL.16928.read.1.tlog
C:\Users\maik\Desktop\VxKex\01-Extended DLLs\KxNet\Debug\CL.16928.write.1.tlog
C:\Users\maik\Desktop\VxKex\01-Extended DLLs\KxNet\Debug\CL.17140.read.1.tlog
C:\Users\maik\Desktop\VxKex\01-Extended DLLs\KxNet\Debug\CL.17140.write.1.tlog
C:\Users\maik\Desktop\VxKex\01-Extended DLLs\KxNet\Debug\CL.4124.read.1.tlog
C:\Users\maik\Desktop\VxKex\01-Extended DLLs\KxNet\Debug\CL.4124.write.1.tlog
C:\Users\maik\Desktop\VxKex\01-Extended DLLs\KxNet\Debug\CL.6312.read.1.tlog
C:\Users\maik\Desktop\VxKex\01-Extended DLLs\KxNet\Debug\CL.6312.write.1.tlog
C:\Users\maik\Desktop\VxKex\01-Extended DLLs\KxNet\Debug\cl.command.1.tlog
C:\Users\maik\Desktop\VxKex\01-Extended DLLs\KxNet\Debug\CL.read.1.tlog
C:\Users\maik\Desktop\VxKex\01-Extended DLLs\KxNet\Debug\cl.write.1.tlog
C:\USERS\MAIK\DESKTOP\VXKEX\01-EXTENDED DLLS\KXNET\DEBUG\DLLMAIN.OBJ
C:\USERS\MAIK\DESKTOP\VXKEX\01-EXTENDED DLLS\KXNET\DEBUG\DNS.OBJ
C:\Users\maik\Desktop\VxKex\01-Extended DLLs\KxNet\Debug\forwards.obj
C:\USERS\MAIK\DESKTOP\VXKEX\01-EXTENDED DLLS\KXNET\DEBUG\KXNET.RES
C:\Users\maik\Desktop\VxKex\01-Extended DLLs\KxNet\Debug\KxNet.vcxprojResolveAssemblyReference.cache
C:\Users\maik\Desktop\VxKex\01-Extended DLLs\KxNet\Debug\KxNet.write.1.tlog
C:\Users\maik\Desktop\VxKex\01-Extended DLLs\KxNet\Debug\link.command.1.tlog
C:\Users\maik\Desktop\VxKex\01-Extended DLLs\KxNet\Debug\link.read.1.tlog
C:\Users\maik\Desktop\VxKex\01-Extended DLLs\KxNet\Debug\link.write.1.tlog
C:\Users\maik\Desktop\VxKex\01-Extended DLLs\KxNet\Debug\link-cvtres.read.1.tlog
C:\Users\maik\Desktop\VxKex\01-Extended DLLs\KxNet\Debug\link-cvtres.write.1.tlog
C:\Users\maik\Desktop\VxKex\01-Extended DLLs\KxNet\Debug\rc.command.1.tlog
C:\Users\maik\Desktop\VxKex\01-Extended DLLs\KxNet\Debug\rc.read.1.tlog
C:\Users\maik\Desktop\VxKex\01-Extended DLLs\KxNet\Debug\rc.write.1.tlog
C:\USERS\MAIK\DESKTOP\VXKEX\01-EXTENDED DLLS\KXNET\DEBUG\VC100.PDB
C:\USERS\MAIK\DESKTOP\VXKEX\01-EXTENDED DLLS\KXNET\DEBUG\WINHTTP.OBJ
C:\USERS\MAIK\DESKTOP\VXKEX\01-EXTENDED DLLS\KXNET\DEBUG\WINSOCK.OBJ
C:\USERS\MAIK\DESKTOP\VXKEX\DEBUG\KXNET.DLL
C:\Users\maik\Desktop\VxKex\Debug\KxNet.exp
C:\Users\maik\Desktop\VxKex\Debug\KxNet.lib
C:\USERS\MAIK\DESKTOP\VXKEX\DEBUG\KXNET.PDB
