C:\Users\maik\Desktop\VxKex\01-Extended DLLs\KxNt\x64\Debug\CL.13564.read.1.tlog
C:\Users\maik\Desktop\VxKex\01-Extended DLLs\KxNt\x64\Debug\CL.13564.write.1.tlog
C:\Users\maik\Desktop\VxKex\01-Extended DLLs\KxNt\x64\Debug\CL.9680.read.1.tlog
C:\Users\maik\Desktop\VxKex\01-Extended DLLs\KxNt\x64\Debug\CL.9680.write.1.tlog
C:\Users\maik\Desktop\VxKex\01-Extended DLLs\KxNt\x64\Debug\cl.command.1.tlog
C:\Users\maik\Desktop\VxKex\01-Extended DLLs\KxNt\x64\Debug\CL.read.1.tlog
C:\Users\maik\Desktop\VxKex\01-Extended DLLs\KxNt\x64\Debug\cl.write.1.tlog
C:\Users\maik\Desktop\VxKex\01-Extended DLLs\KxNt\x64\Debug\dllmain.obj
C:\Users\maik\Desktop\VxKex\01-Extended DLLs\KxNt\x64\Debug\forwards.obj
C:\USERS\MAIK\DESKTOP\VXKEX\01-EXTENDED DLLS\KXNT\X64\DEBUG\KXNT.RES
C:\Users\maik\Desktop\VxKex\01-Extended DLLs\KxNt\x64\Debug\KxNt.write.1.tlog
C:\Users\maik\Desktop\VxKex\01-Extended DLLs\KxNt\x64\Debug\link.command.1.tlog
C:\Users\maik\Desktop\VxKex\01-Extended DLLs\KxNt\x64\Debug\link.read.1.tlog
C:\Users\maik\Desktop\VxKex\01-Extended DLLs\KxNt\x64\Debug\link.write.1.tlog
C:\Users\maik\Desktop\VxKex\01-Extended DLLs\KxNt\x64\Debug\link-cvtres.read.1.tlog
C:\Users\maik\Desktop\VxKex\01-Extended DLLs\KxNt\x64\Debug\link-cvtres.write.1.tlog
C:\Users\maik\Desktop\VxKex\01-Extended DLLs\KxNt\x64\Debug\rc.command.1.tlog
C:\Users\maik\Desktop\VxKex\01-Extended DLLs\KxNt\x64\Debug\rc.read.1.tlog
C:\Users\maik\Desktop\VxKex\01-Extended DLLs\KxNt\x64\Debug\rc.write.1.tlog
C:\USERS\MAIK\DESKTOP\VXKEX\01-EXTENDED DLLS\KXNT\X64\DEBUG\VC100.PDB
C:\USERS\MAIK\DESKTOP\VXKEX\X64\DEBUG\KXNT.DLL
C:\Users\maik\Desktop\VxKex\x64\Debug\KxNt.exp
C:\Users\maik\Desktop\VxKex\x64\Debug\KxNt.lib
C:\USERS\MAIK\DESKTOP\VXKEX\X64\DEBUG\KXNT.PDB
