C:\Users\maik\Desktop\VxKex\KxCfgHlp\x64\Release\CL.10004.read.1.tlog
C:\Users\maik\Desktop\VxKex\KxCfgHlp\x64\Release\CL.10004.write.1.tlog
C:\Users\maik\Desktop\VxKex\KxCfgHlp\x64\Release\CL.11840.read.1.tlog
C:\Users\maik\Desktop\VxKex\KxCfgHlp\x64\Release\CL.11840.write.1.tlog
C:\Users\maik\Desktop\VxKex\KxCfgHlp\x64\Release\CL.12172.read.1.tlog
C:\Users\maik\Desktop\VxKex\KxCfgHlp\x64\Release\CL.12172.write.1.tlog
C:\Users\maik\Desktop\VxKex\KxCfgHlp\x64\Release\CL.12408.read.1.tlog
C:\Users\maik\Desktop\VxKex\KxCfgHlp\x64\Release\CL.12408.write.1.tlog
C:\Users\maik\Desktop\VxKex\KxCfgHlp\x64\Release\CL.1312.read.1.tlog
C:\Users\maik\Desktop\VxKex\KxCfgHlp\x64\Release\CL.1312.write.1.tlog
C:\Users\maik\Desktop\VxKex\KxCfgHlp\x64\Release\CL.2248.read.1.tlog
C:\Users\maik\Desktop\VxKex\KxCfgHlp\x64\Release\CL.2248.write.1.tlog
C:\Users\maik\Desktop\VxKex\KxCfgHlp\x64\Release\CL.4612.read.1.tlog
C:\Users\maik\Desktop\VxKex\KxCfgHlp\x64\Release\CL.4612.write.1.tlog
C:\Users\maik\Desktop\VxKex\KxCfgHlp\x64\Release\CL.8564.read.1.tlog
C:\Users\maik\Desktop\VxKex\KxCfgHlp\x64\Release\CL.8564.write.1.tlog
C:\Users\maik\Desktop\VxKex\KxCfgHlp\x64\Release\cl.command.1.tlog
C:\Users\maik\Desktop\VxKex\KxCfgHlp\x64\Release\CL.read.1.tlog
C:\Users\maik\Desktop\VxKex\KxCfgHlp\x64\Release\cl.write.1.tlog
C:\Users\maik\Desktop\VxKex\KxCfgHlp\x64\Release\cpiwbypa.obj
C:\Users\maik\Desktop\VxKex\KxCfgHlp\x64\Release\ctxmenu.obj
C:\Users\maik\Desktop\VxKex\KxCfgHlp\x64\Release\delcfg.obj
C:\Users\maik\Desktop\VxKex\KxCfgHlp\x64\Release\dskclnup.obj
C:\Users\maik\Desktop\VxKex\KxCfgHlp\x64\Release\elevate.obj
C:\Users\maik\Desktop\VxKex\KxCfgHlp\x64\Release\getcfg.obj
C:\Users\maik\Desktop\VxKex\KxCfgHlp\x64\Release\kexdir.obj
C:\Users\maik\Desktop\VxKex\KxCfgHlp\x64\Release\KxCfgHlp.write.1.tlog
C:\Users\maik\Desktop\VxKex\KxCfgHlp\x64\Release\kxcfgp.obj
C:\Users\maik\Desktop\VxKex\KxCfgHlp\x64\Release\lib.command.1.tlog
C:\Users\maik\Desktop\VxKex\KxCfgHlp\x64\Release\Lib-link.read.1.tlog
C:\Users\maik\Desktop\VxKex\KxCfgHlp\x64\Release\Lib-link.write.1.tlog
C:\Users\maik\Desktop\VxKex\KxCfgHlp\x64\Release\logging.obj
C:\Users\maik\Desktop\VxKex\KxCfgHlp\x64\Release\msisup.obj
C:\Users\maik\Desktop\VxKex\KxCfgHlp\x64\Release\openkey.obj
C:\Users\maik\Desktop\VxKex\KxCfgHlp\x64\Release\setcfg.obj
C:\USERS\MAIK\DESKTOP\VXKEX\KXCFGHLP\X64\RELEASE\VC100.PDB
C:\USERS\MAIK\DESKTOP\VXKEX\X64\RELEASE\KXCFGHLP.LIB
