C:\Users\maik\Desktop\VxKex-main\01-Extended DLLs\KxCom\Debug\actfact.obj
C:\Users\maik\Desktop\VxKex-main\01-Extended DLLs\KxCom\Debug\CL.10228.read.1.tlog
C:\Users\maik\Desktop\VxKex-main\01-Extended DLLs\KxCom\Debug\CL.10228.write.1.tlog
C:\Users\maik\Desktop\VxKex-main\01-Extended DLLs\KxCom\Debug\CL.10944.read.1.tlog
C:\Users\maik\Desktop\VxKex-main\01-Extended DLLs\KxCom\Debug\CL.10944.write.1.tlog
C:\Users\maik\Desktop\VxKex-main\01-Extended DLLs\KxCom\Debug\CL.10976.read.1.tlog
C:\Users\maik\Desktop\VxKex-main\01-Extended DLLs\KxCom\Debug\CL.10976.write.1.tlog
C:\Users\maik\Desktop\VxKex-main\01-Extended DLLs\KxCom\Debug\CL.11536.read.1.tlog
C:\Users\maik\Desktop\VxKex-main\01-Extended DLLs\KxCom\Debug\CL.11536.write.1.tlog
C:\Users\maik\Desktop\VxKex-main\01-Extended DLLs\KxCom\Debug\CL.11544.read.1.tlog
C:\Users\maik\Desktop\VxKex-main\01-Extended DLLs\KxCom\Debug\CL.11544.write.1.tlog
C:\Users\maik\Desktop\VxKex-main\01-Extended DLLs\KxCom\Debug\CL.11548.read.1.tlog
C:\Users\maik\Desktop\VxKex-main\01-Extended DLLs\KxCom\Debug\CL.11548.write.1.tlog
C:\Users\maik\Desktop\VxKex-main\01-Extended DLLs\KxCom\Debug\CL.11560.read.1.tlog
C:\Users\maik\Desktop\VxKex-main\01-Extended DLLs\KxCom\Debug\CL.11560.write.1.tlog
C:\Users\maik\Desktop\VxKex-main\01-Extended DLLs\KxCom\Debug\CL.3788.read.1.tlog
C:\Users\maik\Desktop\VxKex-main\01-Extended DLLs\KxCom\Debug\CL.3788.write.1.tlog
C:\Users\maik\Desktop\VxKex-main\01-Extended DLLs\KxCom\Debug\CL.4876.read.1.tlog
C:\Users\maik\Desktop\VxKex-main\01-Extended DLLs\KxCom\Debug\CL.4876.write.1.tlog
C:\Users\maik\Desktop\VxKex-main\01-Extended DLLs\KxCom\Debug\CL.6968.read.1.tlog
C:\Users\maik\Desktop\VxKex-main\01-Extended DLLs\KxCom\Debug\CL.6968.write.1.tlog
C:\Users\maik\Desktop\VxKex-main\01-Extended DLLs\KxCom\Debug\CL.7472.read.1.tlog
C:\Users\maik\Desktop\VxKex-main\01-Extended DLLs\KxCom\Debug\CL.7472.write.1.tlog
C:\Users\maik\Desktop\VxKex-main\01-Extended DLLs\KxCom\Debug\CL.780.read.1.tlog
C:\Users\maik\Desktop\VxKex-main\01-Extended DLLs\KxCom\Debug\CL.780.write.1.tlog
C:\Users\maik\Desktop\VxKex-main\01-Extended DLLs\KxCom\Debug\CL.8600.read.1.tlog
C:\Users\maik\Desktop\VxKex-main\01-Extended DLLs\KxCom\Debug\CL.8600.write.1.tlog
C:\Users\maik\Desktop\VxKex-main\01-Extended DLLs\KxCom\Debug\CL.8696.read.1.tlog
C:\Users\maik\Desktop\VxKex-main\01-Extended DLLs\KxCom\Debug\CL.8696.write.1.tlog
C:\Users\maik\Desktop\VxKex-main\01-Extended DLLs\KxCom\Debug\CL.8884.read.1.tlog
C:\Users\maik\Desktop\VxKex-main\01-Extended DLLs\KxCom\Debug\CL.8884.write.1.tlog
C:\Users\maik\Desktop\VxKex-main\01-Extended DLLs\KxCom\Debug\cl.command.1.tlog
C:\Users\maik\Desktop\VxKex-main\01-Extended DLLs\KxCom\Debug\CL.read.1.tlog
C:\Users\maik\Desktop\VxKex-main\01-Extended DLLs\KxCom\Debug\cl.write.1.tlog
C:\Users\maik\Desktop\VxKex-main\01-Extended DLLs\KxCom\Debug\dllmain.obj
C:\Users\maik\Desktop\VxKex-main\01-Extended DLLs\KxCom\Debug\forwards.obj
C:\Users\maik\Desktop\VxKex-main\01-Extended DLLs\KxCom\Debug\glprstat.obj
C:\USERS\MAIK\DESKTOP\VXKEX-MAIN\01-EXTENDED DLLS\KXCOM\DEBUG\KXCOM.RES
C:\Users\maik\Desktop\VxKex-main\01-Extended DLLs\KxCom\Debug\KxCom.write.1.tlog
C:\Users\maik\Desktop\VxKex-main\01-Extended DLLs\KxCom\Debug\launcher.obj
C:\Users\maik\Desktop\VxKex-main\01-Extended DLLs\KxCom\Debug\link.command.1.tlog
C:\Users\maik\Desktop\VxKex-main\01-Extended DLLs\KxCom\Debug\link.read.1.tlog
C:\Users\maik\Desktop\VxKex-main\01-Extended DLLs\KxCom\Debug\link.write.1.tlog
C:\Users\maik\Desktop\VxKex-main\01-Extended DLLs\KxCom\Debug\link-cvtres.read.1.tlog
C:\Users\maik\Desktop\VxKex-main\01-Extended DLLs\KxCom\Debug\link-cvtres.write.1.tlog
C:\Users\maik\Desktop\VxKex-main\01-Extended DLLs\KxCom\Debug\mta.obj
C:\Users\maik\Desktop\VxKex-main\01-Extended DLLs\KxCom\Debug\rc.command.1.tlog
C:\Users\maik\Desktop\VxKex-main\01-Extended DLLs\KxCom\Debug\rc.read.1.tlog
C:\Users\maik\Desktop\VxKex-main\01-Extended DLLs\KxCom\Debug\rc.write.1.tlog
C:\Users\maik\Desktop\VxKex-main\01-Extended DLLs\KxCom\Debug\roapi.obj
C:\Users\maik\Desktop\VxKex-main\01-Extended DLLs\KxCom\Debug\robuffer.obj
C:\Users\maik\Desktop\VxKex-main\01-Extended DLLs\KxCom\Debug\roerror.obj
C:\Users\maik\Desktop\VxKex-main\01-Extended DLLs\KxCom\Debug\rofactry.obj
C:\Users\maik\Desktop\VxKex-main\01-Extended DLLs\KxCom\Debug\roinit.obj
C:\Users\maik\Desktop\VxKex-main\01-Extended DLLs\KxCom\Debug\uisettings.obj
C:\Users\maik\Desktop\VxKex-main\01-Extended DLLs\KxCom\Debug\uiview.obj
C:\Users\maik\Desktop\VxKex-main\01-Extended DLLs\KxCom\Debug\uri.obj
C:\USERS\MAIK\DESKTOP\VXKEX-MAIN\01-EXTENDED DLLS\KXCOM\DEBUG\VC100.PDB
C:\Users\maik\Desktop\VxKex-main\01-Extended DLLs\KxCom\Debug\winrt.obj
C:\USERS\MAIK\DESKTOP\VXKEX-MAIN\DEBUG\KXCOM.DLL
C:\Users\maik\Desktop\VxKex-main\Debug\KxCom.exp
C:\Users\maik\Desktop\VxKex-main\Debug\KxCom.lib
C:\USERS\MAIK\DESKTOP\VXKEX-MAIN\DEBUG\KXCOM.PDB
