C:\Users\maik\Desktop\VxKex-main\01-Extended DLLs\KxNt\Release\CL.11692.read.1.tlog
C:\Users\maik\Desktop\VxKex-main\01-Extended DLLs\KxNt\Release\CL.11692.write.1.tlog
C:\Users\maik\Desktop\VxKex-main\01-Extended DLLs\KxNt\Release\CL.11832.read.1.tlog
C:\Users\maik\Desktop\VxKex-main\01-Extended DLLs\KxNt\Release\CL.11832.write.1.tlog
C:\Users\maik\Desktop\VxKex-main\01-Extended DLLs\KxNt\Release\cl.command.1.tlog
C:\Users\maik\Desktop\VxKex-main\01-Extended DLLs\KxNt\Release\CL.read.1.tlog
C:\Users\maik\Desktop\VxKex-main\01-Extended DLLs\KxNt\Release\cl.write.1.tlog
C:\Users\maik\Desktop\VxKex-main\01-Extended DLLs\KxNt\Release\dllmain.obj
C:\Users\maik\Desktop\VxKex-main\01-Extended DLLs\KxNt\Release\forwards.obj
C:\USERS\MAIK\DESKTOP\VXKEX-MAIN\01-EXTENDED DLLS\KXNT\RELEASE\KXNT.RES
C:\Users\maik\Desktop\VxKex-main\01-Extended DLLs\KxNt\Release\KxNt.write.1.tlog
C:\Users\maik\Desktop\VxKex-main\01-Extended DLLs\KxNt\Release\link.command.1.tlog
C:\Users\maik\Desktop\VxKex-main\01-Extended DLLs\KxNt\Release\link.read.1.tlog
C:\Users\maik\Desktop\VxKex-main\01-Extended DLLs\KxNt\Release\link.write.1.tlog
C:\Users\maik\Desktop\VxKex-main\01-Extended DLLs\KxNt\Release\link-cvtres.read.1.tlog
C:\Users\maik\Desktop\VxKex-main\01-Extended DLLs\KxNt\Release\link-cvtres.write.1.tlog
C:\Users\maik\Desktop\VxKex-main\01-Extended DLLs\KxNt\Release\rc.command.1.tlog
C:\Users\maik\Desktop\VxKex-main\01-Extended DLLs\KxNt\Release\rc.read.1.tlog
C:\Users\maik\Desktop\VxKex-main\01-Extended DLLs\KxNt\Release\rc.write.1.tlog
C:\USERS\MAIK\DESKTOP\VXKEX-MAIN\01-EXTENDED DLLS\KXNT\RELEASE\VC100.PDB
C:\USERS\MAIK\DESKTOP\VXKEX-MAIN\RELEASE\KXNT.DLL
C:\Users\maik\Desktop\VxKex-main\Release\KxNt.exp
C:\Users\maik\Desktop\VxKex-main\Release\KxNt.lib
C:\USERS\MAIK\DESKTOP\VXKEX-MAIN\RELEASE\KXNT.PDB
