C:\USERS\MAIK\DESKTOP\VXKEX-MAIN\RELEASE\VXLVIEW.EXE
C:\USERS\MAIK\DESKTOP\VXKEX-MAIN\RELEASE\VXLVIEW.PDB
C:\Users\maik\Desktop\VxKex-main\VxlView\Release\backend.obj
C:\Users\maik\Desktop\VxKex-main\VxlView\Release\backendp.obj
C:\Users\maik\Desktop\VxKex-main\VxlView\Release\CL.10692.read.1.tlog
C:\Users\maik\Desktop\VxKex-main\VxlView\Release\CL.10692.write.1.tlog
C:\Users\maik\Desktop\VxKex-main\VxlView\Release\CL.10972.read.1.tlog
C:\Users\maik\Desktop\VxKex-main\VxlView\Release\CL.10972.write.1.tlog
C:\Users\maik\Desktop\VxKex-main\VxlView\Release\CL.11580.read.1.tlog
C:\Users\maik\Desktop\VxKex-main\VxlView\Release\CL.11580.write.1.tlog
C:\Users\maik\Desktop\VxKex-main\VxlView\Release\CL.12052.read.1.tlog
C:\Users\maik\Desktop\VxKex-main\VxlView\Release\CL.12052.write.1.tlog
C:\Users\maik\Desktop\VxKex-main\VxlView\Release\CL.12300.read.1.tlog
C:\Users\maik\Desktop\VxKex-main\VxlView\Release\CL.12300.write.1.tlog
C:\Users\maik\Desktop\VxKex-main\VxlView\Release\CL.12308.read.1.tlog
C:\Users\maik\Desktop\VxKex-main\VxlView\Release\CL.12308.write.1.tlog
C:\Users\maik\Desktop\VxKex-main\VxlView\Release\CL.4200.read.1.tlog
C:\Users\maik\Desktop\VxKex-main\VxlView\Release\CL.4200.write.1.tlog
C:\Users\maik\Desktop\VxKex-main\VxlView\Release\CL.7900.read.1.tlog
C:\Users\maik\Desktop\VxKex-main\VxlView\Release\CL.7900.write.1.tlog
C:\Users\maik\Desktop\VxKex-main\VxlView\Release\CL.8348.read.1.tlog
C:\Users\maik\Desktop\VxKex-main\VxlView\Release\CL.8348.write.1.tlog
C:\Users\maik\Desktop\VxKex-main\VxlView\Release\CL.8524.read.1.tlog
C:\Users\maik\Desktop\VxKex-main\VxlView\Release\CL.8524.write.1.tlog
C:\Users\maik\Desktop\VxKex-main\VxlView\Release\CL.9076.read.1.tlog
C:\Users\maik\Desktop\VxKex-main\VxlView\Release\CL.9076.write.1.tlog
C:\Users\maik\Desktop\VxKex-main\VxlView\Release\cl.command.1.tlog
C:\Users\maik\Desktop\VxKex-main\VxlView\Release\CL.read.1.tlog
C:\Users\maik\Desktop\VxKex-main\VxlView\Release\cl.write.1.tlog
C:\Users\maik\Desktop\VxKex-main\VxlView\Release\config.obj
C:\Users\maik\Desktop\VxKex-main\VxlView\Release\details.obj
C:\Users\maik\Desktop\VxKex-main\VxlView\Release\filters.obj
C:\Users\maik\Desktop\VxKex-main\VxlView\Release\globals.obj
C:\Users\maik\Desktop\VxKex-main\VxlView\Release\goto.obj
C:\Users\maik\Desktop\VxKex-main\VxlView\Release\helpabout.obj
C:\Users\maik\Desktop\VxKex-main\VxlView\Release\link.command.1.tlog
C:\Users\maik\Desktop\VxKex-main\VxlView\Release\link.read.1.tlog
C:\Users\maik\Desktop\VxKex-main\VxlView\Release\link.write.1.tlog
C:\Users\maik\Desktop\VxKex-main\VxlView\Release\link-cvtres.read.1.tlog
C:\Users\maik\Desktop\VxKex-main\VxlView\Release\link-cvtres.write.1.tlog
C:\Users\maik\Desktop\VxKex-main\VxlView\Release\listview.obj
C:\Users\maik\Desktop\VxKex-main\VxlView\Release\mt.command.1.tlog
C:\Users\maik\Desktop\VxKex-main\VxlView\Release\mt.read.1.tlog
C:\Users\maik\Desktop\VxKex-main\VxlView\Release\mt.write.1.tlog
C:\Users\maik\Desktop\VxKex-main\VxlView\Release\rc.command.1.tlog
C:\Users\maik\Desktop\VxKex-main\VxlView\Release\rc.read.1.tlog
C:\Users\maik\Desktop\VxKex-main\VxlView\Release\rc.write.1.tlog
C:\Users\maik\Desktop\VxKex-main\VxlView\Release\statusbar.obj
C:\USERS\MAIK\DESKTOP\VXKEX-MAIN\VXLVIEW\RELEASE\VC100.PDB
C:\USERS\MAIK\DESKTOP\VXKEX-MAIN\VXLVIEW\RELEASE\VXLVIEW.EXE.INTERMEDIATE.MANIFEST
C:\Users\maik\Desktop\VxKex-main\VxlView\Release\vxlview.obj
C:\USERS\MAIK\DESKTOP\VXKEX-MAIN\VXLVIEW\RELEASE\VXLVIEW.RES
C:\Users\maik\Desktop\VxKex-main\VxlView\Release\VxlView.write.1.tlog
