Build started 1/1/2025 7:45:27 PM.
     1>Project "C:\Users\maik\Desktop\VxKex\VxlView\VxlView.vcxproj" on node 8 (build target(s)).
     1>InitializeBuildStatus:
         Creating "Release\VxlView.unsuccessfulbuild" because "AlwaysCreate" was specified.
       ClCompile:
         All outputs are up-to-date.
       ResourceCompile:
         C:\Program Files (x86)\Microsoft SDKs\Windows\v7.0A\bin\rc.exe /D _UNICODE /D UNICODE /l"0x0409" /I"C:\Users\maik\Desktop\VxKex\\00-Common Headers" /nologo /fo"Release\VxlView.res" VxlView.rc 
       Link:
         C:\Program Files (x86)\Microsoft Visual Studio 10.0\VC\bin\link.exe /ERRORREPORT:PROMPT /OUT:"C:\Users\maik\Desktop\VxKex\Release\VxlView.exe" /INCREMENTAL:NO /NOLOGO /LIBPATH:C:\Users\maik\Desktop\VxKex\Release\ /LIBPATH:"C:\Users\maik\Desktop\VxKex\\00-Import Libraries" Delayimp.lib /DELAYLOAD:comdlg32.dll /MANIFEST /ManifestFile:"Release\VxlView.exe.intermediate.manifest" /MANIFESTUAC:"level='asInvoker' uiAccess='false'" /DEBUG /PDB:"C:\Users\maik\Desktop\VxKex\Release\VxlView.pdb" /SUBSYSTEM:WINDOWS /OPT:REF /OPT:ICF /LTCG /TLBID:1 /RELEASE /DYNAMICBASE /NXCOMPAT /IMPLIB:"C:\Users\maik\Desktop\VxKex\Release\VxlView.lib" /MACHINE:X86 Release\VxlView.res
         Release\backend.obj
         Release\backendp.obj
         Release\config.obj
         Release\details.obj
         Release\filters.obj
         Release\globals.obj
         Release\goto.obj
         Release\helpabout.obj
         Release\listview.obj
         Release\statusbar.obj
         Release\vxlview.obj
         Generating code
         Finished generating code
         VxlView.vcxproj -> C:\Users\maik\Desktop\VxKex\Release\VxlView.exe
       Manifest:
         C:\Program Files (x86)\Microsoft SDKs\Windows\v7.0A\bin\mt.exe /nologo /verbose /outputresource:"C:\Users\maik\Desktop\VxKex\Release\VxlView.exe;#1" /manifest Release\VxlView.exe.intermediate.manifest "C:\Program Files (x86)\Microsoft Visual Studio 10.0\VC\Include\Manifest\dpiaware.manifest"
       FinalizeBuildStatus:
         Deleting file "Release\VxlView.unsuccessfulbuild".
         Touching "Release\VxlView.lastbuildstate".
     1>Done Building Project "C:\Users\maik\Desktop\VxKex\VxlView\VxlView.vcxproj" (build target(s)).

Build succeeded.

Time Elapsed 00:00:00.50
