C:\Users\maik\Desktop\VxKex\KexDll\x64\Debug\apiset.obj
C:\Users\maik\Desktop\VxKex\KexDll\x64\Debug\ash.obj
C:\Users\maik\Desktop\VxKex\KexDll\x64\Debug\ashcrsup.obj
C:\Users\maik\Desktop\VxKex\KexDll\x64\Debug\ashselec.obj
C:\Users\maik\Desktop\VxKex\KexDll\x64\Debug\avrf.obj
C:\Users\maik\Desktop\VxKex\KexDll\x64\Debug\CL.14424.read.1.tlog
C:\Users\maik\Desktop\VxKex\KexDll\x64\Debug\CL.14424.write.1.tlog
C:\Users\maik\Desktop\VxKex\KexDll\x64\Debug\CL.14876.read.1.tlog
C:\Users\maik\Desktop\VxKex\KexDll\x64\Debug\CL.14876.write.1.tlog
C:\Users\maik\Desktop\VxKex\KexDll\x64\Debug\CL.15096.read.1.tlog
C:\Users\maik\Desktop\VxKex\KexDll\x64\Debug\CL.15096.write.1.tlog
C:\Users\maik\Desktop\VxKex\KexDll\x64\Debug\CL.16044.read.1.tlog
C:\Users\maik\Desktop\VxKex\KexDll\x64\Debug\CL.16044.write.1.tlog
C:\Users\maik\Desktop\VxKex\KexDll\x64\Debug\CL.17540.read.1.tlog
C:\Users\maik\Desktop\VxKex\KexDll\x64\Debug\CL.17540.write.1.tlog
C:\Users\maik\Desktop\VxKex\KexDll\x64\Debug\CL.17712.read.1.tlog
C:\Users\maik\Desktop\VxKex\KexDll\x64\Debug\CL.17712.write.1.tlog
C:\Users\maik\Desktop\VxKex\KexDll\x64\Debug\CL.6648.read.1.tlog
C:\Users\maik\Desktop\VxKex\KexDll\x64\Debug\CL.6648.write.1.tlog
C:\Users\maik\Desktop\VxKex\KexDll\x64\Debug\CL.7028.read.1.tlog
C:\Users\maik\Desktop\VxKex\KexDll\x64\Debug\CL.7028.write.1.tlog
C:\Users\maik\Desktop\VxKex\KexDll\x64\Debug\cl.command.1.tlog
C:\Users\maik\Desktop\VxKex\KexDll\x64\Debug\CL.read.1.tlog
C:\Users\maik\Desktop\VxKex\KexDll\x64\Debug\cl.write.1.tlog
C:\Users\maik\Desktop\VxKex\KexDll\x64\Debug\cpiwbypa.obj
C:\Users\maik\Desktop\VxKex\KexDll\x64\Debug\dllmain.obj
C:\Users\maik\Desktop\VxKex\KexDll\x64\Debug\dllnotif.obj
C:\Users\maik\Desktop\VxKex\KexDll\x64\Debug\dllpath.obj
C:\Users\maik\Desktop\VxKex\KexDll\x64\Debug\dllrewrt.obj
C:\Users\maik\Desktop\VxKex\KexDll\x64\Debug\dload.obj
C:\Users\maik\Desktop\VxKex\KexDll\x64\Debug\etw.obj
C:\Users\maik\Desktop\VxKex\KexDll\x64\Debug\except.obj
C:\Users\maik\Desktop\VxKex\KexDll\x64\Debug\kexdata.obj
C:\USERS\MAIK\DESKTOP\VXKEX\KEXDLL\X64\DEBUG\KEXDLL.RES
C:\Users\maik\Desktop\VxKex\KexDll\x64\Debug\KexDll.write.1.tlog
C:\Users\maik\Desktop\VxKex\KexDll\x64\Debug\kexhe.obj
C:\Users\maik\Desktop\VxKex\KexDll\x64\Debug\kexhk.obj
C:\Users\maik\Desktop\VxKex\KexDll\x64\Debug\kexldr.obj
C:\Users\maik\Desktop\VxKex\KexDll\x64\Debug\kexrtl.obj
C:\Users\maik\Desktop\VxKex\KexDll\x64\Debug\link.command.1.tlog
C:\Users\maik\Desktop\VxKex\KexDll\x64\Debug\link.read.1.tlog
C:\Users\maik\Desktop\VxKex\KexDll\x64\Debug\link.write.1.tlog
C:\Users\maik\Desktop\VxKex\KexDll\x64\Debug\link-cvtres.read.1.tlog
C:\Users\maik\Desktop\VxKex\KexDll\x64\Debug\link-cvtres.write.1.tlog
C:\Users\maik\Desktop\VxKex\KexDll\x64\Debug\logging.obj
C:\Users\maik\Desktop\VxKex\KexDll\x64\Debug\ntjob.obj
C:\Users\maik\Desktop\VxKex\KexDll\x64\Debug\ntpriv.obj
C:\Users\maik\Desktop\VxKex\KexDll\x64\Debug\ntps.obj
C:\Users\maik\Desktop\VxKex\KexDll\x64\Debug\ntreg.obj
C:\Users\maik\Desktop\VxKex\KexDll\x64\Debug\ntsect.obj
C:\Users\maik\Desktop\VxKex\KexDll\x64\Debug\ntthread.obj
C:\Users\maik\Desktop\VxKex\KexDll\x64\Debug\propagte.obj
C:\Users\maik\Desktop\VxKex\KexDll\x64\Debug\rc.command.1.tlog
C:\Users\maik\Desktop\VxKex\KexDll\x64\Debug\rc.read.1.tlog
C:\Users\maik\Desktop\VxKex\KexDll\x64\Debug\rc.write.1.tlog
C:\Users\maik\Desktop\VxKex\KexDll\x64\Debug\rtlrng.obj
C:\Users\maik\Desktop\VxKex\KexDll\x64\Debug\rtlwoa.obj
C:\Users\maik\Desktop\VxKex\KexDll\x64\Debug\rtlwow64.obj
C:\Users\maik\Desktop\VxKex\KexDll\x64\Debug\status.obj
C:\Users\maik\Desktop\VxKex\KexDll\x64\Debug\strmap.obj
C:\Users\maik\Desktop\VxKex\KexDll\x64\Debug\syscal32.obj
C:\Users\maik\Desktop\VxKex\KexDll\x64\Debug\syscal64.obj
C:\USERS\MAIK\DESKTOP\VXKEX\KEXDLL\X64\DEBUG\VC100.PDB
C:\Users\maik\Desktop\VxKex\KexDll\x64\Debug\verspoof.obj
C:\Users\maik\Desktop\VxKex\KexDll\x64\Debug\vxlopcl.obj
C:\Users\maik\Desktop\VxKex\KexDll\x64\Debug\vxlpriv.obj
C:\Users\maik\Desktop\VxKex\KexDll\x64\Debug\vxlquery.obj
C:\Users\maik\Desktop\VxKex\KexDll\x64\Debug\vxlread.obj
C:\Users\maik\Desktop\VxKex\KexDll\x64\Debug\vxlsever.obj
C:\Users\maik\Desktop\VxKex\KexDll\x64\Debug\vxlwrite.obj
C:\USERS\MAIK\DESKTOP\VXKEX\X64\DEBUG\KEXDLL.DLL
C:\Users\maik\Desktop\VxKex\x64\Debug\KexDll.exp
C:\Users\maik\Desktop\VxKex\x64\Debug\KexDll.lib
C:\USERS\MAIK\DESKTOP\VXKEX\X64\DEBUG\KEXDLL.PDB
