C:\Users\maik\Desktop\VxKex\01-Extended DLLs\KxNet\x64\Release\CL.13128.read.1.tlog
C:\Users\maik\Desktop\VxKex\01-Extended DLLs\KxNet\x64\Release\CL.13128.write.1.tlog
C:\Users\maik\Desktop\VxKex\01-Extended DLLs\KxNet\x64\Release\CL.13204.read.1.tlog
C:\Users\maik\Desktop\VxKex\01-Extended DLLs\KxNet\x64\Release\CL.13204.write.1.tlog
C:\Users\maik\Desktop\VxKex\01-Extended DLLs\KxNet\x64\Release\CL.4308.read.1.tlog
C:\Users\maik\Desktop\VxKex\01-Extended DLLs\KxNet\x64\Release\CL.4308.write.1.tlog
C:\Users\maik\Desktop\VxKex\01-Extended DLLs\KxNet\x64\Release\CL.6164.read.1.tlog
C:\Users\maik\Desktop\VxKex\01-Extended DLLs\KxNet\x64\Release\CL.6164.write.1.tlog
C:\Users\maik\Desktop\VxKex\01-Extended DLLs\KxNet\x64\Release\CL.6868.read.1.tlog
C:\Users\maik\Desktop\VxKex\01-Extended DLLs\KxNet\x64\Release\CL.6868.write.1.tlog
C:\Users\maik\Desktop\VxKex\01-Extended DLLs\KxNet\x64\Release\cl.command.1.tlog
C:\Users\maik\Desktop\VxKex\01-Extended DLLs\KxNet\x64\Release\CL.read.1.tlog
C:\Users\maik\Desktop\VxKex\01-Extended DLLs\KxNet\x64\Release\cl.write.1.tlog
C:\Users\maik\Desktop\VxKex\01-Extended DLLs\KxNet\x64\Release\dllmain.obj
C:\Users\maik\Desktop\VxKex\01-Extended DLLs\KxNet\x64\Release\dns.obj
C:\Users\maik\Desktop\VxKex\01-Extended DLLs\KxNet\x64\Release\forwards.obj
C:\USERS\MAIK\DESKTOP\VXKEX\01-EXTENDED DLLS\KXNET\X64\RELEASE\KXNET.RES
C:\Users\maik\Desktop\VxKex\01-Extended DLLs\KxNet\x64\Release\KxNet.write.1.tlog
C:\Users\maik\Desktop\VxKex\01-Extended DLLs\KxNet\x64\Release\link.command.1.tlog
C:\Users\maik\Desktop\VxKex\01-Extended DLLs\KxNet\x64\Release\link.read.1.tlog
C:\Users\maik\Desktop\VxKex\01-Extended DLLs\KxNet\x64\Release\link.write.1.tlog
C:\Users\maik\Desktop\VxKex\01-Extended DLLs\KxNet\x64\Release\link-cvtres.read.1.tlog
C:\Users\maik\Desktop\VxKex\01-Extended DLLs\KxNet\x64\Release\link-cvtres.write.1.tlog
C:\Users\maik\Desktop\VxKex\01-Extended DLLs\KxNet\x64\Release\rc.command.1.tlog
C:\Users\maik\Desktop\VxKex\01-Extended DLLs\KxNet\x64\Release\rc.read.1.tlog
C:\Users\maik\Desktop\VxKex\01-Extended DLLs\KxNet\x64\Release\rc.write.1.tlog
C:\USERS\MAIK\DESKTOP\VXKEX\01-EXTENDED DLLS\KXNET\X64\RELEASE\VC100.PDB
C:\Users\maik\Desktop\VxKex\01-Extended DLLs\KxNet\x64\Release\winhttp.obj
C:\Users\maik\Desktop\VxKex\01-Extended DLLs\KxNet\x64\Release\winsock.obj
C:\USERS\MAIK\DESKTOP\VXKEX\X64\RELEASE\KXNET.DLL
C:\Users\maik\Desktop\VxKex\x64\Release\KxNet.exp
C:\Users\maik\Desktop\VxKex\x64\Release\KxNet.lib
C:\USERS\MAIK\DESKTOP\VXKEX\X64\RELEASE\KXNET.PDB
