C:\Users\maik\Desktop\VxKex\01-Extended DLLs\KxUia\x64\Release\CL.12076.read.1.tlog
C:\Users\maik\Desktop\VxKex\01-Extended DLLs\KxUia\x64\Release\CL.12076.write.1.tlog
C:\Users\maik\Desktop\VxKex\01-Extended DLLs\KxUia\x64\Release\CL.15816.read.1.tlog
C:\Users\maik\Desktop\VxKex\01-Extended DLLs\KxUia\x64\Release\CL.15816.write.1.tlog
C:\Users\maik\Desktop\VxKex\01-Extended DLLs\KxUia\x64\Release\CL.15876.read.1.tlog
C:\Users\maik\Desktop\VxKex\01-Extended DLLs\KxUia\x64\Release\CL.15876.write.1.tlog
C:\Users\maik\Desktop\VxKex\01-Extended DLLs\KxUia\x64\Release\CL.17480.read.1.tlog
C:\Users\maik\Desktop\VxKex\01-Extended DLLs\KxUia\x64\Release\CL.17480.write.1.tlog
C:\Users\maik\Desktop\VxKex\01-Extended DLLs\KxUia\x64\Release\CL.1824.read.1.tlog
C:\Users\maik\Desktop\VxKex\01-Extended DLLs\KxUia\x64\Release\CL.1824.write.1.tlog
C:\Users\maik\Desktop\VxKex\01-Extended DLLs\KxUia\x64\Release\cl.command.1.tlog
C:\Users\maik\Desktop\VxKex\01-Extended DLLs\KxUia\x64\Release\CL.read.1.tlog
C:\Users\maik\Desktop\VxKex\01-Extended DLLs\KxUia\x64\Release\cl.write.1.tlog
C:\USERS\MAIK\DESKTOP\VXKEX\01-EXTENDED DLLS\KXUIA\X64\RELEASE\DLLMAIN.OBJ
C:\USERS\MAIK\DESKTOP\VXKEX\01-EXTENDED DLLS\KXUIA\X64\RELEASE\FORWARDS.OBJ
C:\USERS\MAIK\DESKTOP\VXKEX\01-EXTENDED DLLS\KXUIA\X64\RELEASE\KXNET.RES
C:\USERS\MAIK\DESKTOP\VXKEX\01-EXTENDED DLLS\KXUIA\X64\RELEASE\KXUIA.RES
C:\Users\maik\Desktop\VxKex\01-Extended DLLs\KxUia\x64\Release\KxUia.vcxprojResolveAssemblyReference.cache
C:\Users\maik\Desktop\VxKex\01-Extended DLLs\KxUia\x64\Release\KxUia.write.1.tlog
C:\Users\maik\Desktop\VxKex\01-Extended DLLs\KxUia\x64\Release\link.command.1.tlog
C:\Users\maik\Desktop\VxKex\01-Extended DLLs\KxUia\x64\Release\link.read.1.tlog
C:\Users\maik\Desktop\VxKex\01-Extended DLLs\KxUia\x64\Release\link.write.1.tlog
C:\Users\maik\Desktop\VxKex\01-Extended DLLs\KxUia\x64\Release\link-cvtres.read.1.tlog
C:\Users\maik\Desktop\VxKex\01-Extended DLLs\KxUia\x64\Release\link-cvtres.write.1.tlog
C:\Users\maik\Desktop\VxKex\01-Extended DLLs\KxUia\x64\Release\rc.command.1.tlog
C:\Users\maik\Desktop\VxKex\01-Extended DLLs\KxUia\x64\Release\rc.read.1.tlog
C:\Users\maik\Desktop\VxKex\01-Extended DLLs\KxUia\x64\Release\rc.write.1.tlog
C:\USERS\MAIK\DESKTOP\VXKEX\01-EXTENDED DLLS\KXUIA\X64\RELEASE\UIA.OBJ
C:\USERS\MAIK\DESKTOP\VXKEX\01-EXTENDED DLLS\KXUIA\X64\RELEASE\VC100.PDB
C:\USERS\MAIK\DESKTOP\VXKEX\X64\RELEASE\KXUIA.DLL
C:\Users\maik\Desktop\VxKex\x64\Release\KxUia.exp
C:\Users\maik\Desktop\VxKex\x64\Release\KxUia.lib
C:\USERS\MAIK\DESKTOP\VXKEX\X64\RELEASE\KXUIA.PDB
