C:\Users\maik\Desktop\VxKex\01-Extended DLLs\KxCrt\Debug\CL.14616.read.1.tlog
C:\Users\maik\Desktop\VxKex\01-Extended DLLs\KxCrt\Debug\CL.14616.write.1.tlog
C:\Users\maik\Desktop\VxKex\01-Extended DLLs\KxCrt\Debug\CL.15552.read.1.tlog
C:\Users\maik\Desktop\VxKex\01-Extended DLLs\KxCrt\Debug\CL.15552.write.1.tlog
C:\Users\maik\Desktop\VxKex\01-Extended DLLs\KxCrt\Debug\CL.18700.read.1.tlog
C:\Users\maik\Desktop\VxKex\01-Extended DLLs\KxCrt\Debug\CL.18700.write.1.tlog
C:\Users\maik\Desktop\VxKex\01-Extended DLLs\KxCrt\Debug\CL.19020.read.1.tlog
C:\Users\maik\Desktop\VxKex\01-Extended DLLs\KxCrt\Debug\CL.19020.write.1.tlog
C:\Users\maik\Desktop\VxKex\01-Extended DLLs\KxCrt\Debug\CL.2980.read.1.tlog
C:\Users\maik\Desktop\VxKex\01-Extended DLLs\KxCrt\Debug\CL.2980.write.1.tlog
C:\Users\maik\Desktop\VxKex\01-Extended DLLs\KxCrt\Debug\cl.command.1.tlog
C:\Users\maik\Desktop\VxKex\01-Extended DLLs\KxCrt\Debug\CL.read.1.tlog
C:\Users\maik\Desktop\VxKex\01-Extended DLLs\KxCrt\Debug\cl.write.1.tlog
C:\USERS\MAIK\DESKTOP\VXKEX\01-EXTENDED DLLS\KXCRT\DEBUG\DLLMAIN.OBJ
C:\Users\maik\Desktop\VxKex\01-Extended DLLs\KxCrt\Debug\forwards.obj
C:\USERS\MAIK\DESKTOP\VXKEX\01-EXTENDED DLLS\KXCRT\DEBUG\KXCRT.RES
C:\Users\maik\Desktop\VxKex\01-Extended DLLs\KxCrt\Debug\KxCrt.vcxprojResolveAssemblyReference.cache
C:\Users\maik\Desktop\VxKex\01-Extended DLLs\KxCrt\Debug\KxCrt.write.1.tlog
C:\Users\maik\Desktop\VxKex\01-Extended DLLs\KxCrt\Debug\link.command.1.tlog
C:\Users\maik\Desktop\VxKex\01-Extended DLLs\KxCrt\Debug\link.read.1.tlog
C:\Users\maik\Desktop\VxKex\01-Extended DLLs\KxCrt\Debug\link.write.1.tlog
C:\Users\maik\Desktop\VxKex\01-Extended DLLs\KxCrt\Debug\link-cvtres.read.1.tlog
C:\Users\maik\Desktop\VxKex\01-Extended DLLs\KxCrt\Debug\link-cvtres.write.1.tlog
C:\Users\maik\Desktop\VxKex\01-Extended DLLs\KxCrt\Debug\rc.command.1.tlog
C:\Users\maik\Desktop\VxKex\01-Extended DLLs\KxCrt\Debug\rc.read.1.tlog
C:\Users\maik\Desktop\VxKex\01-Extended DLLs\KxCrt\Debug\rc.write.1.tlog
C:\USERS\MAIK\DESKTOP\VXKEX\01-EXTENDED DLLS\KXCRT\DEBUG\VC100.PDB
C:\USERS\MAIK\DESKTOP\VXKEX\01-EXTENDED DLLS\KXCRT\DEBUG\WCSFTIME.OBJ
C:\USERS\MAIK\DESKTOP\VXKEX\DEBUG\KXCRT.DLL
C:\Users\maik\Desktop\VxKex\Debug\KxCrt.exp
C:\Users\maik\Desktop\VxKex\Debug\KxCrt.lib
C:\USERS\MAIK\DESKTOP\VXKEX\DEBUG\KXCRT.PDB
