C:\Users\maik\Desktop\VxKex\01-Extended DLLs\KxCom\x64\Debug\actfact.obj
C:\Users\maik\Desktop\VxKex\01-Extended DLLs\KxCom\x64\Debug\CL.12732.read.1.tlog
C:\Users\maik\Desktop\VxKex\01-Extended DLLs\KxCom\x64\Debug\CL.12732.write.1.tlog
C:\Users\maik\Desktop\VxKex\01-Extended DLLs\KxCom\x64\Debug\CL.15324.read.1.tlog
C:\Users\maik\Desktop\VxKex\01-Extended DLLs\KxCom\x64\Debug\CL.15324.write.1.tlog
C:\Users\maik\Desktop\VxKex\01-Extended DLLs\KxCom\x64\Debug\CL.16088.read.1.tlog
C:\Users\maik\Desktop\VxKex\01-Extended DLLs\KxCom\x64\Debug\CL.16088.write.1.tlog
C:\Users\maik\Desktop\VxKex\01-Extended DLLs\KxCom\x64\Debug\CL.17452.read.1.tlog
C:\Users\maik\Desktop\VxKex\01-Extended DLLs\KxCom\x64\Debug\CL.17452.write.1.tlog
C:\Users\maik\Desktop\VxKex\01-Extended DLLs\KxCom\x64\Debug\CL.19092.read.1.tlog
C:\Users\maik\Desktop\VxKex\01-Extended DLLs\KxCom\x64\Debug\CL.19092.write.1.tlog
C:\Users\maik\Desktop\VxKex\01-Extended DLLs\KxCom\x64\Debug\CL.7688.read.1.tlog
C:\Users\maik\Desktop\VxKex\01-Extended DLLs\KxCom\x64\Debug\CL.7688.write.1.tlog
C:\Users\maik\Desktop\VxKex\01-Extended DLLs\KxCom\x64\Debug\CL.9068.read.1.tlog
C:\Users\maik\Desktop\VxKex\01-Extended DLLs\KxCom\x64\Debug\CL.9068.write.1.tlog
C:\Users\maik\Desktop\VxKex\01-Extended DLLs\KxCom\x64\Debug\CL.9768.read.1.tlog
C:\Users\maik\Desktop\VxKex\01-Extended DLLs\KxCom\x64\Debug\CL.9768.write.1.tlog
C:\Users\maik\Desktop\VxKex\01-Extended DLLs\KxCom\x64\Debug\cl.command.1.tlog
C:\Users\maik\Desktop\VxKex\01-Extended DLLs\KxCom\x64\Debug\CL.read.1.tlog
C:\Users\maik\Desktop\VxKex\01-Extended DLLs\KxCom\x64\Debug\cl.write.1.tlog
C:\Users\maik\Desktop\VxKex\01-Extended DLLs\KxCom\x64\Debug\dllmain.obj
C:\Users\maik\Desktop\VxKex\01-Extended DLLs\KxCom\x64\Debug\forwards.obj
C:\Users\maik\Desktop\VxKex\01-Extended DLLs\KxCom\x64\Debug\glprstat.obj
C:\USERS\MAIK\DESKTOP\VXKEX\01-EXTENDED DLLS\KXCOM\X64\DEBUG\KXCOM.RES
C:\Users\maik\Desktop\VxKex\01-Extended DLLs\KxCom\x64\Debug\KxCom.write.1.tlog
C:\Users\maik\Desktop\VxKex\01-Extended DLLs\KxCom\x64\Debug\launcher.obj
C:\Users\maik\Desktop\VxKex\01-Extended DLLs\KxCom\x64\Debug\link.command.1.tlog
C:\Users\maik\Desktop\VxKex\01-Extended DLLs\KxCom\x64\Debug\link.read.1.tlog
C:\Users\maik\Desktop\VxKex\01-Extended DLLs\KxCom\x64\Debug\link.write.1.tlog
C:\Users\maik\Desktop\VxKex\01-Extended DLLs\KxCom\x64\Debug\link-cvtres.read.1.tlog
C:\Users\maik\Desktop\VxKex\01-Extended DLLs\KxCom\x64\Debug\link-cvtres.write.1.tlog
C:\Users\maik\Desktop\VxKex\01-Extended DLLs\KxCom\x64\Debug\mta.obj
C:\Users\maik\Desktop\VxKex\01-Extended DLLs\KxCom\x64\Debug\rc.command.1.tlog
C:\Users\maik\Desktop\VxKex\01-Extended DLLs\KxCom\x64\Debug\rc.read.1.tlog
C:\Users\maik\Desktop\VxKex\01-Extended DLLs\KxCom\x64\Debug\rc.write.1.tlog
C:\Users\maik\Desktop\VxKex\01-Extended DLLs\KxCom\x64\Debug\roapi.obj
C:\Users\maik\Desktop\VxKex\01-Extended DLLs\KxCom\x64\Debug\robuffer.obj
C:\Users\maik\Desktop\VxKex\01-Extended DLLs\KxCom\x64\Debug\roerror.obj
C:\Users\maik\Desktop\VxKex\01-Extended DLLs\KxCom\x64\Debug\rofactry.obj
C:\Users\maik\Desktop\VxKex\01-Extended DLLs\KxCom\x64\Debug\roinit.obj
C:\Users\maik\Desktop\VxKex\01-Extended DLLs\KxCom\x64\Debug\uisettings.obj
C:\Users\maik\Desktop\VxKex\01-Extended DLLs\KxCom\x64\Debug\uiview.obj
C:\Users\maik\Desktop\VxKex\01-Extended DLLs\KxCom\x64\Debug\uri.obj
C:\USERS\MAIK\DESKTOP\VXKEX\01-EXTENDED DLLS\KXCOM\X64\DEBUG\VC100.PDB
C:\Users\maik\Desktop\VxKex\01-Extended DLLs\KxCom\x64\Debug\winrt.obj
C:\USERS\MAIK\DESKTOP\VXKEX\X64\DEBUG\KXCOM.DLL
C:\Users\maik\Desktop\VxKex\x64\Debug\KxCom.exp
C:\Users\maik\Desktop\VxKex\x64\Debug\KxCom.lib
C:\USERS\MAIK\DESKTOP\VXKEX\X64\DEBUG\KXCOM.PDB
