Build started 1/2/2025 4:49:54 AM.
     1>Project "C:\Users\maik\Desktop\VxKex\01-Extended DLLs\KxCom\KxCom.vcxproj" on node 7 (rebuild target(s)).
     1>_PrepareForClean:
         Deleting file "x64\Debug\KxCom.lastbuildstate".
       InitializeBuildStatus:
         Creating "x64\Debug\KxCom.unsuccessfulbuild" because "AlwaysCreate" was specified.
       ClCompile:
         C:\Program Files (x86)\Microsoft Visual Studio 10.0\VC\bin\x86_amd64\CL.exe /c /I"C:\Users\maik\Desktop\VxKex\\00-Common Headers" /Zi /nologo /W3 /WX /MP /Od /D WIN32 /D _DEBUG /D _WINDOWS /D _USRDLL /D KXCOM_EXPORTS /D _WINDLL /D _UNICODE /D UNICODE /Gm- /MDd /GS- /fp:precise /Zc:wchar_t /Zc:forScope /Fo"x64\Debug\\" /Fd"x64\Debug\vc100.pdb" /Gz /TC /errorReport:prompt actfact.c glprstat.c dllmain.c forwards.c launcher.c mta.c roapi.c robuffer.c roerror.c rofactry.c roinit.c uisettings.c uiview.c uri.c winrt.c
         actfact.c
         glprstat.c
         dllmain.c
         forwards.c
         launcher.c
         mta.c
         roapi.c
         robuffer.c
         roerror.c
         rofactry.c
         roinit.c
         uisettings.c
         uiview.c
         uri.c
         winrt.c
       ResourceCompile:
         C:\Program Files (x86)\Microsoft SDKs\Windows\v7.0A\bin\rc.exe /D _UNICODE /D UNICODE /l"0x0409" /I"C:\Users\maik\Desktop\VxKex\\00-Common Headers" /nologo /fo"x64\Debug\KxCom.res" KxCom.rc 
       Link:
         C:\Program Files (x86)\Microsoft Visual Studio 10.0\VC\bin\x86_amd64\link.exe /ERRORREPORT:PROMPT /OUT:"C:\Users\maik\Desktop\VxKex\x64\Debug\KxCom.dll" /INCREMENTAL:NO /NOLOGO /LIBPATH:C:\Users\maik\Desktop\VxKex\x64\Debug\ /LIBPATH:"C:\Users\maik\Desktop\VxKex\\00-Import Libraries" Delayimp.lib /DEF:"kxcom.def" /DELAYLOAD:urlmon.dll /DELAYLOAD:shell32.dll /MANIFEST:NO /DEBUG /PDB:"C:\Users\maik\Desktop\VxKex\x64\Debug\KxCom.pdb" /SUBSYSTEM:WINDOWS /TLBID:1 /ENTRY:"DllMain" /RELEASE /DYNAMICBASE /NXCOMPAT /IMPLIB:"C:\Users\maik\Desktop\VxKex\x64\Debug\KxCom.lib" /MACHINE:X64 /DLL x64\Debug\KxCom.res
         x64\Debug\actfact.obj
         x64\Debug\glprstat.obj
         x64\Debug\dllmain.obj
         x64\Debug\forwards.obj
         x64\Debug\launcher.obj
         x64\Debug\mta.obj
         x64\Debug\roapi.obj
         x64\Debug\robuffer.obj
         x64\Debug\roerror.obj
         x64\Debug\rofactry.obj
         x64\Debug\roinit.obj
         x64\Debug\uisettings.obj
         x64\Debug\uiview.obj
         x64\Debug\uri.obj
         x64\Debug\winrt.obj /ignore:4104 
            Creating library C:\Users\maik\Desktop\VxKex\x64\Debug\KxCom.lib and object C:\Users\maik\Desktop\VxKex\x64\Debug\KxCom.exp
         KxCom.vcxproj -> C:\Users\maik\Desktop\VxKex\x64\Debug\KxCom.dll
       FinalizeBuildStatus:
         Deleting file "x64\Debug\KxCom.unsuccessfulbuild".
         Touching "x64\Debug\KxCom.lastbuildstate".
     1>Done Building Project "C:\Users\maik\Desktop\VxKex\01-Extended DLLs\KxCom\KxCom.vcxproj" (rebuild target(s)).

Build succeeded.

Time Elapsed 00:00:04.27
