Build started 1/2/2025 4:49:02 AM.
     1>Project "C:\Users\maik\Desktop\VxKex\01-Extended DLLs\KxCryp\KxCryp.vcxproj" on node 2 (build target(s)).
     1>InitializeBuildStatus:
         Touching "Release\KxCryp.unsuccessfulbuild".
       ClCompile:
         All outputs are up-to-date.
       ResourceCompile:
         All outputs are up-to-date.
       Link:
         C:\Program Files (x86)\Microsoft Visual Studio 10.0\VC\bin\link.exe /ERRORREPORT:PROMPT /OUT:"C:\Users\maik\Desktop\VxKex\Release\KxCryp.dll" /INCREMENTAL:NO /NOLOGO /LIBPATH:C:\Users\maik\Desktop\VxKex\Release\ /LIBPATH:"C:\Users\maik\Desktop\VxKex\\00-Import Libraries" /WX /DEF:"kxcryp.def" /MANIFEST:NO /DEBUG /PDB:"C:\Users\maik\Desktop\VxKex\Release\KxCryp.pdb" /SUBSYSTEM:WINDOWS /OPT:REF /OPT:ICF /LTCG /TLBID:1 /RELEASE /DYNAMICBASE /NXCOMPAT /IMPLIB:"C:\Users\maik\Desktop\VxKex\Release\KxCryp.lib" /MACHINE:X86 /DLL Release\kxcryp.res
         Release\bcrypt.obj
         Release\dllmain.obj
         Release\forwards.obj
         Release\rng.obj
         Release\schannel.obj
            Creating library C:\Users\maik\Desktop\VxKex\Release\KxCryp.lib and object C:\Users\maik\Desktop\VxKex\Release\KxCryp.exp
         Generating code
         Finished generating code
         KxCryp.vcxproj -> C:\Users\maik\Desktop\VxKex\Release\KxCryp.dll
       FinalizeBuildStatus:
         Deleting file "Release\KxCryp.unsuccessfulbuild".
         Touching "Release\KxCryp.lastbuildstate".
     1>Done Building Project "C:\Users\maik\Desktop\VxKex\01-Extended DLLs\KxCryp\KxCryp.vcxproj" (build target(s)).

Build succeeded.

Time Elapsed 00:00:00.21
