C:\Users\maik\Desktop\VxKex-main\01-Extended DLLs\KxCryp\Release\bcrypt.obj
C:\Users\maik\Desktop\VxKex-main\01-Extended DLLs\KxCryp\Release\CL.11252.read.1.tlog
C:\Users\maik\Desktop\VxKex-main\01-Extended DLLs\KxCryp\Release\CL.11252.write.1.tlog
C:\Users\maik\Desktop\VxKex-main\01-Extended DLLs\KxCryp\Release\CL.11948.read.1.tlog
C:\Users\maik\Desktop\VxKex-main\01-Extended DLLs\KxCryp\Release\CL.11948.write.1.tlog
C:\Users\maik\Desktop\VxKex-main\01-Extended DLLs\KxCryp\Release\CL.4876.read.1.tlog
C:\Users\maik\Desktop\VxKex-main\01-Extended DLLs\KxCryp\Release\CL.4876.write.1.tlog
C:\Users\maik\Desktop\VxKex-main\01-Extended DLLs\KxCryp\Release\CL.7812.read.1.tlog
C:\Users\maik\Desktop\VxKex-main\01-Extended DLLs\KxCryp\Release\CL.7812.write.1.tlog
C:\Users\maik\Desktop\VxKex-main\01-Extended DLLs\KxCryp\Release\CL.9156.read.1.tlog
C:\Users\maik\Desktop\VxKex-main\01-Extended DLLs\KxCryp\Release\CL.9156.write.1.tlog
C:\Users\maik\Desktop\VxKex-main\01-Extended DLLs\KxCryp\Release\cl.command.1.tlog
C:\Users\maik\Desktop\VxKex-main\01-Extended DLLs\KxCryp\Release\CL.read.1.tlog
C:\Users\maik\Desktop\VxKex-main\01-Extended DLLs\KxCryp\Release\cl.write.1.tlog
C:\Users\maik\Desktop\VxKex-main\01-Extended DLLs\KxCryp\Release\dllmain.obj
C:\Users\maik\Desktop\VxKex-main\01-Extended DLLs\KxCryp\Release\forwards.obj
C:\USERS\MAIK\DESKTOP\VXKEX-MAIN\01-EXTENDED DLLS\KXCRYP\RELEASE\KXCRYP.RES
C:\Users\maik\Desktop\VxKex-main\01-Extended DLLs\KxCryp\Release\KxCryp.write.1.tlog
C:\Users\maik\Desktop\VxKex-main\01-Extended DLLs\KxCryp\Release\link.command.1.tlog
C:\Users\maik\Desktop\VxKex-main\01-Extended DLLs\KxCryp\Release\link.read.1.tlog
C:\Users\maik\Desktop\VxKex-main\01-Extended DLLs\KxCryp\Release\link.write.1.tlog
C:\Users\maik\Desktop\VxKex-main\01-Extended DLLs\KxCryp\Release\link-cvtres.read.1.tlog
C:\Users\maik\Desktop\VxKex-main\01-Extended DLLs\KxCryp\Release\link-cvtres.write.1.tlog
C:\Users\maik\Desktop\VxKex-main\01-Extended DLLs\KxCryp\Release\rc.command.1.tlog
C:\Users\maik\Desktop\VxKex-main\01-Extended DLLs\KxCryp\Release\rc.read.1.tlog
C:\Users\maik\Desktop\VxKex-main\01-Extended DLLs\KxCryp\Release\rc.write.1.tlog
C:\Users\maik\Desktop\VxKex-main\01-Extended DLLs\KxCryp\Release\rng.obj
C:\Users\maik\Desktop\VxKex-main\01-Extended DLLs\KxCryp\Release\schannel.obj
C:\USERS\MAIK\DESKTOP\VXKEX-MAIN\01-EXTENDED DLLS\KXCRYP\RELEASE\VC100.PDB
C:\USERS\MAIK\DESKTOP\VXKEX-MAIN\RELEASE\KXCRYP.DLL
C:\Users\maik\Desktop\VxKex-main\Release\KxCryp.exp
C:\Users\maik\Desktop\VxKex-main\Release\KxCryp.lib
C:\USERS\MAIK\DESKTOP\VXKEX-MAIN\RELEASE\KXCRYP.PDB
