C:\Users\maik\Desktop\VxKex\01-Extended DLLs\KxCrt\x64\Debug\CL.11636.read.1.tlog
C:\Users\maik\Desktop\VxKex\01-Extended DLLs\KxCrt\x64\Debug\CL.11636.write.1.tlog
C:\Users\maik\Desktop\VxKex\01-Extended DLLs\KxCrt\x64\Debug\CL.12936.read.1.tlog
C:\Users\maik\Desktop\VxKex\01-Extended DLLs\KxCrt\x64\Debug\CL.12936.write.1.tlog
C:\Users\maik\Desktop\VxKex\01-Extended DLLs\KxCrt\x64\Debug\CL.13716.read.1.tlog
C:\Users\maik\Desktop\VxKex\01-Extended DLLs\KxCrt\x64\Debug\CL.13716.write.1.tlog
C:\Users\maik\Desktop\VxKex\01-Extended DLLs\KxCrt\x64\Debug\cl.command.1.tlog
C:\Users\maik\Desktop\VxKex\01-Extended DLLs\KxCrt\x64\Debug\CL.read.1.tlog
C:\Users\maik\Desktop\VxKex\01-Extended DLLs\KxCrt\x64\Debug\cl.write.1.tlog
C:\Users\maik\Desktop\VxKex\01-Extended DLLs\KxCrt\x64\Debug\dllmain.obj
C:\Users\maik\Desktop\VxKex\01-Extended DLLs\KxCrt\x64\Debug\forwards.obj
C:\USERS\MAIK\DESKTOP\VXKEX\01-EXTENDED DLLS\KXCRT\X64\DEBUG\KXCRT.RES
C:\Users\maik\Desktop\VxKex\01-Extended DLLs\KxCrt\x64\Debug\KxCrt.write.1.tlog
C:\Users\maik\Desktop\VxKex\01-Extended DLLs\KxCrt\x64\Debug\link.command.1.tlog
C:\Users\maik\Desktop\VxKex\01-Extended DLLs\KxCrt\x64\Debug\link.read.1.tlog
C:\Users\maik\Desktop\VxKex\01-Extended DLLs\KxCrt\x64\Debug\link.write.1.tlog
C:\Users\maik\Desktop\VxKex\01-Extended DLLs\KxCrt\x64\Debug\link-cvtres.read.1.tlog
C:\Users\maik\Desktop\VxKex\01-Extended DLLs\KxCrt\x64\Debug\link-cvtres.write.1.tlog
C:\Users\maik\Desktop\VxKex\01-Extended DLLs\KxCrt\x64\Debug\rc.command.1.tlog
C:\Users\maik\Desktop\VxKex\01-Extended DLLs\KxCrt\x64\Debug\rc.read.1.tlog
C:\Users\maik\Desktop\VxKex\01-Extended DLLs\KxCrt\x64\Debug\rc.write.1.tlog
C:\USERS\MAIK\DESKTOP\VXKEX\01-EXTENDED DLLS\KXCRT\X64\DEBUG\VC100.PDB
C:\Users\maik\Desktop\VxKex\01-Extended DLLs\KxCrt\x64\Debug\wcsftime.obj
C:\USERS\MAIK\DESKTOP\VXKEX\X64\DEBUG\KXCRT.DLL
C:\Users\maik\Desktop\VxKex\x64\Debug\KxCrt.exp
C:\Users\maik\Desktop\VxKex\x64\Debug\KxCrt.lib
C:\USERS\MAIK\DESKTOP\VXKEX\X64\DEBUG\KXCRT.PDB
