C:\USERS\MAIK\DESKTOP\VXKEX-MAIN\DEBUG\KEXSETUP.EXE
C:\USERS\MAIK\DESKTOP\VXKEX-MAIN\DEBUG\KEXSETUP.PDB
C:\Users\maik\Desktop\VxKex-main\KexSetup\Debug\CL.10364.read.1.tlog
C:\Users\maik\Desktop\VxKex-main\KexSetup\Debug\CL.10364.write.1.tlog
C:\Users\maik\Desktop\VxKex-main\KexSetup\Debug\CL.10924.read.1.tlog
C:\Users\maik\Desktop\VxKex-main\KexSetup\Debug\CL.10924.write.1.tlog
C:\Users\maik\Desktop\VxKex-main\KexSetup\Debug\CL.11040.read.1.tlog
C:\Users\maik\Desktop\VxKex-main\KexSetup\Debug\CL.11040.write.1.tlog
C:\Users\maik\Desktop\VxKex-main\KexSetup\Debug\CL.11364.read.1.tlog
C:\Users\maik\Desktop\VxKex-main\KexSetup\Debug\CL.11364.write.1.tlog
C:\Users\maik\Desktop\VxKex-main\KexSetup\Debug\CL.11968.read.1.tlog
C:\Users\maik\Desktop\VxKex-main\KexSetup\Debug\CL.11968.write.1.tlog
C:\Users\maik\Desktop\VxKex-main\KexSetup\Debug\CL.12164.read.1.tlog
C:\Users\maik\Desktop\VxKex-main\KexSetup\Debug\CL.12164.write.1.tlog
C:\Users\maik\Desktop\VxKex-main\KexSetup\Debug\CL.12284.read.1.tlog
C:\Users\maik\Desktop\VxKex-main\KexSetup\Debug\CL.12284.write.1.tlog
C:\Users\maik\Desktop\VxKex-main\KexSetup\Debug\CL.5812.read.1.tlog
C:\Users\maik\Desktop\VxKex-main\KexSetup\Debug\CL.5812.write.1.tlog
C:\Users\maik\Desktop\VxKex-main\KexSetup\Debug\CL.5848.read.1.tlog
C:\Users\maik\Desktop\VxKex-main\KexSetup\Debug\CL.5848.write.1.tlog
C:\Users\maik\Desktop\VxKex-main\KexSetup\Debug\CL.5876.read.1.tlog
C:\Users\maik\Desktop\VxKex-main\KexSetup\Debug\CL.5876.write.1.tlog
C:\Users\maik\Desktop\VxKex-main\KexSetup\Debug\CL.6096.read.1.tlog
C:\Users\maik\Desktop\VxKex-main\KexSetup\Debug\CL.6096.write.1.tlog
C:\Users\maik\Desktop\VxKex-main\KexSetup\Debug\CL.6108.read.1.tlog
C:\Users\maik\Desktop\VxKex-main\KexSetup\Debug\CL.6108.write.1.tlog
C:\Users\maik\Desktop\VxKex-main\KexSetup\Debug\CL.6120.read.1.tlog
C:\Users\maik\Desktop\VxKex-main\KexSetup\Debug\CL.6120.write.1.tlog
C:\Users\maik\Desktop\VxKex-main\KexSetup\Debug\CL.8428.read.1.tlog
C:\Users\maik\Desktop\VxKex-main\KexSetup\Debug\CL.8428.write.1.tlog
C:\Users\maik\Desktop\VxKex-main\KexSetup\Debug\cl.command.1.tlog
C:\Users\maik\Desktop\VxKex-main\KexSetup\Debug\CL.read.1.tlog
C:\Users\maik\Desktop\VxKex-main\KexSetup\Debug\cl.write.1.tlog
C:\Users\maik\Desktop\VxKex-main\KexSetup\Debug\cmdline.obj
C:\Users\maik\Desktop\VxKex-main\KexSetup\Debug\gui.obj
C:\USERS\MAIK\DESKTOP\VXKEX-MAIN\KEXSETUP\DEBUG\KEXSETUP.EXE.INTERMEDIATE.MANIFEST
C:\USERS\MAIK\DESKTOP\VXKEX-MAIN\KEXSETUP\DEBUG\KEXSETUP.RES
C:\Users\maik\Desktop\VxKex-main\KexSetup\Debug\KexSetup.write.1.tlog
C:\Users\maik\Desktop\VxKex-main\KexSetup\Debug\link.command.1.tlog
C:\Users\maik\Desktop\VxKex-main\KexSetup\Debug\link.read.1.tlog
C:\Users\maik\Desktop\VxKex-main\KexSetup\Debug\link.write.1.tlog
C:\Users\maik\Desktop\VxKex-main\KexSetup\Debug\link-cvtres.read.1.tlog
C:\Users\maik\Desktop\VxKex-main\KexSetup\Debug\link-cvtres.write.1.tlog
C:\USERS\MAIK\DESKTOP\VXKEX-MAIN\KEXSETUP\DEBUG\MAIN.OBJ
C:\Users\maik\Desktop\VxKex-main\KexSetup\Debug\mt.command.1.tlog
C:\Users\maik\Desktop\VxKex-main\KexSetup\Debug\mt.read.1.tlog
C:\Users\maik\Desktop\VxKex-main\KexSetup\Debug\mt.write.1.tlog
C:\USERS\MAIK\DESKTOP\VXKEX-MAIN\KEXSETUP\DEBUG\PERFORM.OBJ
C:\Users\maik\Desktop\VxKex-main\KexSetup\Debug\prereq.obj
C:\Users\maik\Desktop\VxKex-main\KexSetup\Debug\rc.command.1.tlog
C:\Users\maik\Desktop\VxKex-main\KexSetup\Debug\rc.read.1.tlog
C:\Users\maik\Desktop\VxKex-main\KexSetup\Debug\rc.write.1.tlog
C:\Users\maik\Desktop\VxKex-main\KexSetup\Debug\util.obj
C:\USERS\MAIK\DESKTOP\VXKEX-MAIN\KEXSETUP\DEBUG\VC100.PDB
C:\Users\maik\Desktop\VxKex-main\KexSetup\Debug\version.obj
C:\Users\maik\Desktop\VxKex-main\KexSetup_Debug.exe
