Build started 3/10/2025 3:03:28 AM.
     1>Project "C:\Users\maik\Desktop\VxKex-main\KexSetup\KexSetup.vcxproj" on node 6 (build target(s)).
     1>InitializeBuildStatus:
         Creating "Debug\KexSetup.unsuccessfulbuild" because "AlwaysCreate" was specified.
       ClCompile:
         C:\Program Files (x86)\Microsoft Visual Studio 10.0\VC\bin\CL.exe /c /I"C:\Users\maik\Desktop\VxKex-main\\00-Common Headers" /Zi /nologo /W3 /WX /MP /Od /Oy- /D WIN32 /D _DEBUG /D _WINDOWS /D _UNICODE /D UNICODE /Gm- /MDd /GS- /fp:precise /Zc:wchar_t /Zc:forScope /Fo"Debug\\" /Fd"Debug\vc100.pdb" /Gz /TC /analyze- /errorReport:prompt main.c perform.c
         main.c
         perform.c
       ResourceCompile:
         C:\Program Files (x86)\Microsoft SDKs\Windows\v7.0A\bin\rc.exe /D _DEBUG /D _UNICODE /D UNICODE /D _UNICODE /D UNICODE /l"0x0409" /I"C:\Users\maik\Desktop\VxKex-main\\00-Common Headers" /I"C:\Users\maik\Desktop\VxKex-main\\" /nologo /fo"Debug\KexSetup.res" KexSetup.rc 
       Link:
         C:\Program Files (x86)\Microsoft Visual Studio 10.0\VC\bin\link.exe /ERRORREPORT:PROMPT /OUT:"C:\Users\maik\Desktop\VxKex-main\Debug\KexSetup.exe" /INCREMENTAL:NO /NOLOGO /LIBPATH:"C:\Users\maik\Desktop\VxKex-main\Debug\\" /LIBPATH:"C:\Users\maik\Desktop\VxKex-main\\00-Import Libraries" /MANIFEST /ManifestFile:"Debug\KexSetup.exe.intermediate.manifest" /MANIFESTUAC:"level='asInvoker' uiAccess='false'" /DEBUG /PDB:"C:\Users\maik\Desktop\VxKex-main\Debug\KexSetup.pdb" /SUBSYSTEM:WINDOWS /TLBID:1 /ENTRY:"EntryPoint" /RELEASE /DYNAMICBASE /NXCOMPAT /IMPLIB:"C:\Users\maik\Desktop\VxKex-main\Debug\KexSetup.lib" /MACHINE:X86 Debug\KexSetup.res
         Debug\cmdline.obj
         Debug\gui.obj
         Debug\main.obj
         Debug\perform.obj
         Debug\prereq.obj
         Debug\util.obj
         Debug\version.obj
         KexSetup.vcxproj -> C:\Users\maik\Desktop\VxKex-main\Debug\KexSetup.exe
       Manifest:
         C:\Program Files (x86)\Microsoft SDKs\Windows\v7.0A\bin\mt.exe /nologo /verbose /outputresource:"C:\Users\maik\Desktop\VxKex-main\Debug\KexSetup.exe;#1" /manifest Debug\KexSetup.exe.intermediate.manifest KexSetup.manifest "C:\Program Files (x86)\Microsoft Visual Studio 10.0\VC\Include\Manifest\dpiaware.manifest"
         
     1>KexSetup.manifest : manifest authoring warning 81010002: Unrecognized Element "compatibility" in namespace "urn:schemas-microsoft-com:compatibility.v1".
         
       FinalizeBuildStatus:
         Deleting file "Debug\KexSetup.unsuccessfulbuild".
         Touching "Debug\KexSetup.lastbuildstate".
       CustomBuildStep:
         Description: Building Self-Extracting Executable (SFX)
         "C:\Users\maik\Desktop\VxKex-main\\01-Development Utilities\7zSfx\makesfx.bat" /Debug
         :VCEnd
         The system cannot find the file specified.
         The system cannot find the file specified.
         
         7-Zip (r) 23.01 (x86) : Igor Pavlov : Public domain : 2023-06-20
         
         Scanning the drive:
         5 folders, 44 files, 18543257 bytes (18 MiB)
         
         Creating archive: Archive.7z
         
         Add new data to archive: 5 folders, 44 files, 18543257 bytes (18 MiB)
         
         
         Files read from disk: 44
         Archive size: 4804477 bytes (4692 KiB)
         Everything is Ok
     1>Done Building Project "C:\Users\maik\Desktop\VxKex-main\KexSetup\KexSetup.vcxproj" (build target(s)).

Build succeeded.

Time Elapsed 00:00:02.70
