C:\Users\maik\Desktop\VxKex-main\01-Extended DLLs\KxUia\Debug\CL.10308.read.1.tlog
C:\Users\maik\Desktop\VxKex-main\01-Extended DLLs\KxUia\Debug\CL.10308.write.1.tlog
C:\Users\maik\Desktop\VxKex-main\01-Extended DLLs\KxUia\Debug\CL.11256.read.1.tlog
C:\Users\maik\Desktop\VxKex-main\01-Extended DLLs\KxUia\Debug\CL.11256.write.1.tlog
C:\Users\maik\Desktop\VxKex-main\01-Extended DLLs\KxUia\Debug\CL.784.read.1.tlog
C:\Users\maik\Desktop\VxKex-main\01-Extended DLLs\KxUia\Debug\CL.784.write.1.tlog
C:\Users\maik\Desktop\VxKex-main\01-Extended DLLs\KxUia\Debug\cl.command.1.tlog
C:\Users\maik\Desktop\VxKex-main\01-Extended DLLs\KxUia\Debug\CL.read.1.tlog
C:\Users\maik\Desktop\VxKex-main\01-Extended DLLs\KxUia\Debug\cl.write.1.tlog
C:\Users\maik\Desktop\VxKex-main\01-Extended DLLs\KxUia\Debug\dllmain.obj
C:\Users\maik\Desktop\VxKex-main\01-Extended DLLs\KxUia\Debug\forwards.obj
C:\USERS\MAIK\DESKTOP\VXKEX-MAIN\01-EXTENDED DLLS\KXUIA\DEBUG\KXUIA.RES
C:\Users\maik\Desktop\VxKex-main\01-Extended DLLs\KxUia\Debug\KxUia.vcxprojResolveAssemblyReference.cache
C:\Users\maik\Desktop\VxKex-main\01-Extended DLLs\KxUia\Debug\KxUia.write.1.tlog
C:\Users\maik\Desktop\VxKex-main\01-Extended DLLs\KxUia\Debug\link.command.1.tlog
C:\Users\maik\Desktop\VxKex-main\01-Extended DLLs\KxUia\Debug\link.read.1.tlog
C:\Users\maik\Desktop\VxKex-main\01-Extended DLLs\KxUia\Debug\link.write.1.tlog
C:\Users\maik\Desktop\VxKex-main\01-Extended DLLs\KxUia\Debug\link-cvtres.read.1.tlog
C:\Users\maik\Desktop\VxKex-main\01-Extended DLLs\KxUia\Debug\link-cvtres.write.1.tlog
C:\Users\maik\Desktop\VxKex-main\01-Extended DLLs\KxUia\Debug\rc.command.1.tlog
C:\Users\maik\Desktop\VxKex-main\01-Extended DLLs\KxUia\Debug\rc.read.1.tlog
C:\Users\maik\Desktop\VxKex-main\01-Extended DLLs\KxUia\Debug\rc.write.1.tlog
C:\Users\maik\Desktop\VxKex-main\01-Extended DLLs\KxUia\Debug\uia.obj
C:\USERS\MAIK\DESKTOP\VXKEX-MAIN\01-EXTENDED DLLS\KXUIA\DEBUG\VC100.PDB
C:\USERS\MAIK\DESKTOP\VXKEX-MAIN\DEBUG\KXUIA.DLL
C:\Users\maik\Desktop\VxKex-main\Debug\KxUia.exp
C:\Users\maik\Desktop\VxKex-main\Debug\KxUia.lib
C:\USERS\MAIK\DESKTOP\VXKEX-MAIN\DEBUG\KXUIA.PDB
