Build started 2/17/2025 2:00:30 PM.
     1>Project "C:\Users\maik\Desktop\VxKex-main\01-Extended DLLs\KxUia\KxUia.vcxproj" on node 4 (build target(s)).
     1>InitializeBuildStatus:
         Creating "Debug\KxUia.unsuccessfulbuild" because "AlwaysCreate" was specified.
       ClCompile:
         All outputs are up-to-date.
       ResourceCompile:
         All outputs are up-to-date.
       Link:
         C:\Program Files (x86)\Microsoft Visual Studio 10.0\VC\bin\link.exe /ERRORREPORT:PROMPT /OUT:"C:\Users\maik\Desktop\VxKex-main\Debug\KxUia.dll" /INCREMENTAL:NO /NOLOGO /LIBPATH:"C:\Users\maik\Desktop\VxKex-main\Debug\\" /LIBPATH:"C:\Users\maik\Desktop\VxKex-main\\00-Import Libraries" /WX /DEF:"kxuia.def" /MANIFEST:NO /DEBUG /PDB:"C:\Users\maik\Desktop\VxKex-main\Debug\KxUia.pdb" /SUBSYSTEM:WINDOWS /TLBID:1 /RELEASE /DYNAMICBASE /NXCOMPAT /IMPLIB:"C:\Users\maik\Desktop\VxKex-main\Debug\KxUia.lib" /MACHINE:X86 /DLL Debug\kxuia.res
         Debug\dllmain.obj
         Debug\forwards.obj
         Debug\uia.obj
            Creating library C:\Users\maik\Desktop\VxKex-main\Debug\KxUia.lib and object C:\Users\maik\Desktop\VxKex-main\Debug\KxUia.exp
         KxUia.vcxproj -> C:\Users\maik\Desktop\VxKex-main\Debug\KxUia.dll
       FinalizeBuildStatus:
         Deleting file "Debug\KxUia.unsuccessfulbuild".
         Touching "Debug\KxUia.lastbuildstate".
     1>Done Building Project "C:\Users\maik\Desktop\VxKex-main\01-Extended DLLs\KxUia\KxUia.vcxproj" (build target(s)).

Build succeeded.

Time Elapsed 00:00:00.10
