C:\Users\maik\Desktop\VxKex\01-Extended DLLs\KxBase\x64\Release\appmodel.obj
C:\Users\maik\Desktop\VxKex\01-Extended DLLs\KxBase\x64\Release\cfgmgr.obj
C:\Users\maik\Desktop\VxKex\01-Extended DLLs\KxBase\x64\Release\CL.10060.read.1.tlog
C:\Users\maik\Desktop\VxKex\01-Extended DLLs\KxBase\x64\Release\CL.10060.write.1.tlog
C:\Users\maik\Desktop\VxKex\01-Extended DLLs\KxBase\x64\Release\CL.12768.read.1.tlog
C:\Users\maik\Desktop\VxKex\01-Extended DLLs\KxBase\x64\Release\CL.12768.write.1.tlog
C:\Users\maik\Desktop\VxKex\01-Extended DLLs\KxBase\x64\Release\CL.1296.read.1.tlog
C:\Users\maik\Desktop\VxKex\01-Extended DLLs\KxBase\x64\Release\CL.1296.write.1.tlog
C:\Users\maik\Desktop\VxKex\01-Extended DLLs\KxBase\x64\Release\CL.2404.read.1.tlog
C:\Users\maik\Desktop\VxKex\01-Extended DLLs\KxBase\x64\Release\CL.2404.write.1.tlog
C:\Users\maik\Desktop\VxKex\01-Extended DLLs\KxBase\x64\Release\CL.3660.read.1.tlog
C:\Users\maik\Desktop\VxKex\01-Extended DLLs\KxBase\x64\Release\CL.3660.write.1.tlog
C:\Users\maik\Desktop\VxKex\01-Extended DLLs\KxBase\x64\Release\CL.4288.read.1.tlog
C:\Users\maik\Desktop\VxKex\01-Extended DLLs\KxBase\x64\Release\CL.4288.write.1.tlog
C:\Users\maik\Desktop\VxKex\01-Extended DLLs\KxBase\x64\Release\CL.4352.read.1.tlog
C:\Users\maik\Desktop\VxKex\01-Extended DLLs\KxBase\x64\Release\CL.4352.write.1.tlog
C:\Users\maik\Desktop\VxKex\01-Extended DLLs\KxBase\x64\Release\CL.5848.read.1.tlog
C:\Users\maik\Desktop\VxKex\01-Extended DLLs\KxBase\x64\Release\CL.5848.write.1.tlog
C:\Users\maik\Desktop\VxKex\01-Extended DLLs\KxBase\x64\Release\cl.command.1.tlog
C:\Users\maik\Desktop\VxKex\01-Extended DLLs\KxBase\x64\Release\CL.read.1.tlog
C:\Users\maik\Desktop\VxKex\01-Extended DLLs\KxBase\x64\Release\cl.write.1.tlog
C:\Users\maik\Desktop\VxKex\01-Extended DLLs\KxBase\x64\Release\dllmain.obj
C:\Users\maik\Desktop\VxKex\01-Extended DLLs\KxBase\x64\Release\file.obj
C:\Users\maik\Desktop\VxKex\01-Extended DLLs\KxBase\x64\Release\forwards.obj
C:\Users\maik\Desktop\VxKex\01-Extended DLLs\KxBase\x64\Release\geoname.obj
C:\Users\maik\Desktop\VxKex\01-Extended DLLs\KxBase\x64\Release\heap.obj
C:\USERS\MAIK\DESKTOP\VXKEX\01-EXTENDED DLLS\KXBASE\X64\RELEASE\KXBASE.RES
C:\Users\maik\Desktop\VxKex\01-Extended DLLs\KxBase\x64\Release\KxBase.write.1.tlog
C:\Users\maik\Desktop\VxKex\01-Extended DLLs\KxBase\x64\Release\link.command.1.tlog
C:\Users\maik\Desktop\VxKex\01-Extended DLLs\KxBase\x64\Release\link.read.1.tlog
C:\Users\maik\Desktop\VxKex\01-Extended DLLs\KxBase\x64\Release\link.write.1.tlog
C:\Users\maik\Desktop\VxKex\01-Extended DLLs\KxBase\x64\Release\link-cvtres.read.1.tlog
C:\Users\maik\Desktop\VxKex\01-Extended DLLs\KxBase\x64\Release\link-cvtres.write.1.tlog
C:\Users\maik\Desktop\VxKex\01-Extended DLLs\KxBase\x64\Release\misc.obj
C:\Users\maik\Desktop\VxKex\01-Extended DLLs\KxBase\x64\Release\module.obj
C:\Users\maik\Desktop\VxKex\01-Extended DLLs\KxBase\x64\Release\process.obj
C:\Users\maik\Desktop\VxKex\01-Extended DLLs\KxBase\x64\Release\pssapi.obj
C:\Users\maik\Desktop\VxKex\01-Extended DLLs\KxBase\x64\Release\rc.command.1.tlog
C:\Users\maik\Desktop\VxKex\01-Extended DLLs\KxBase\x64\Release\rc.read.1.tlog
C:\Users\maik\Desktop\VxKex\01-Extended DLLs\KxBase\x64\Release\rc.write.1.tlog
C:\Users\maik\Desktop\VxKex\01-Extended DLLs\KxBase\x64\Release\security.obj
C:\Users\maik\Desktop\VxKex\01-Extended DLLs\KxBase\x64\Release\stubs.obj
C:\Users\maik\Desktop\VxKex\01-Extended DLLs\KxBase\x64\Release\support.obj
C:\Users\maik\Desktop\VxKex\01-Extended DLLs\KxBase\x64\Release\synch.obj
C:\Users\maik\Desktop\VxKex\01-Extended DLLs\KxBase\x64\Release\thread.obj
C:\Users\maik\Desktop\VxKex\01-Extended DLLs\KxBase\x64\Release\time.obj
C:\Users\maik\Desktop\VxKex\01-Extended DLLs\KxBase\x64\Release\token.obj
C:\USERS\MAIK\DESKTOP\VXKEX\01-EXTENDED DLLS\KXBASE\X64\RELEASE\VC100.PDB
C:\Users\maik\Desktop\VxKex\01-Extended DLLs\KxBase\x64\Release\verspoof.obj
C:\Users\maik\Desktop\VxKex\01-Extended DLLs\KxBase\x64\Release\vmem.obj
C:\Users\maik\Desktop\VxKex\01-Extended DLLs\KxBase\x64\Release\wow64.obj
C:\USERS\MAIK\DESKTOP\VXKEX\X64\RELEASE\KXBASE.DLL
C:\Users\maik\Desktop\VxKex\x64\Release\KxBase.exp
C:\Users\maik\Desktop\VxKex\x64\Release\KxBase.lib
C:\USERS\MAIK\DESKTOP\VXKEX\X64\RELEASE\KXBASE.PDB
