Build started 2/17/2025 2:01:26 PM.
     1>Project "C:\Users\maik\Desktop\VxKex-main\01-Extended DLLs\KxDx\KxDx.vcxproj" on node 6 (build target(s)).
     1>InitializeBuildStatus:
         Creating "Debug\KxDx.unsuccessfulbuild" because "AlwaysCreate" was specified.
       ClCompile:
         All outputs are up-to-date.
       ResourceCompile:
         C:\Program Files (x86)\Microsoft SDKs\Windows\v7.0A\bin\rc.exe /D _UNICODE /D UNICODE /l"0x0409" /I"C:\Users\maik\Desktop\VxKex-main\\00-Common Headers" /nologo /fo"Debug\KxDx.res" KxDx.rc 
       Link:
         C:\Program Files (x86)\Microsoft Visual Studio 10.0\VC\bin\link.exe /ERRORREPORT:PROMPT /OUT:"C:\Users\maik\Desktop\VxKex-main\Debug\KxDx.dll" /INCREMENTAL:NO /NOLOGO /LIBPATH:"C:\Users\maik\Desktop\VxKex-main\Debug\\" /LIBPATH:"C:\Users\maik\Desktop\VxKex-main\\00-Import Libraries" D3D11.lib /DEF:"kxdx.def" /MANIFEST:NO /DEBUG /PDB:"C:\Users\maik\Desktop\VxKex-main\Debug\KxDx.pdb" /SUBSYSTEM:WINDOWS /TLBID:1 /ENTRY:"DllMain" /RELEASE /DYNAMICBASE /NXCOMPAT /IMPLIB:"C:\Users\maik\Desktop\VxKex-main\Debug\KxDx.lib" /MACHINE:X86 /DLL Debug\KxDx.res
         Debug\dcmpstub.obj
         Debug\dllmain.obj
         Debug\dx11.obj
         Debug\dx12stub.obj
         Debug\factory.obj
         Debug\forwards.obj
         Debug\iid.obj
         Debug\mfplat.obj
            Creating library C:\Users\maik\Desktop\VxKex-main\Debug\KxDx.lib and object C:\Users\maik\Desktop\VxKex-main\Debug\KxDx.exp
         KxDx.vcxproj -> C:\Users\maik\Desktop\VxKex-main\Debug\KxDx.dll
       FinalizeBuildStatus:
         Deleting file "Debug\KxDx.unsuccessfulbuild".
         Touching "Debug\KxDx.lastbuildstate".
     1>Done Building Project "C:\Users\maik\Desktop\VxKex-main\01-Extended DLLs\KxDx\KxDx.vcxproj" (build target(s)).

Build succeeded.

Time Elapsed 00:00:00.17
