C:\Users\maik\Desktop\VxKex\01-Extended DLLs\KxDx\Debug\CL.13344.read.1.tlog
C:\Users\maik\Desktop\VxKex\01-Extended DLLs\KxDx\Debug\CL.13344.write.1.tlog
C:\Users\maik\Desktop\VxKex\01-Extended DLLs\KxDx\Debug\CL.14056.read.1.tlog
C:\Users\maik\Desktop\VxKex\01-Extended DLLs\KxDx\Debug\CL.14056.write.1.tlog
C:\Users\maik\Desktop\VxKex\01-Extended DLLs\KxDx\Debug\CL.16204.read.1.tlog
C:\Users\maik\Desktop\VxKex\01-Extended DLLs\KxDx\Debug\CL.16204.write.1.tlog
C:\Users\maik\Desktop\VxKex\01-Extended DLLs\KxDx\Debug\CL.16272.read.1.tlog
C:\Users\maik\Desktop\VxKex\01-Extended DLLs\KxDx\Debug\CL.16272.write.1.tlog
C:\Users\maik\Desktop\VxKex\01-Extended DLLs\KxDx\Debug\CL.16440.read.1.tlog
C:\Users\maik\Desktop\VxKex\01-Extended DLLs\KxDx\Debug\CL.16440.write.1.tlog
C:\Users\maik\Desktop\VxKex\01-Extended DLLs\KxDx\Debug\CL.16696.read.1.tlog
C:\Users\maik\Desktop\VxKex\01-Extended DLLs\KxDx\Debug\CL.16696.write.1.tlog
C:\Users\maik\Desktop\VxKex\01-Extended DLLs\KxDx\Debug\CL.17212.read.1.tlog
C:\Users\maik\Desktop\VxKex\01-Extended DLLs\KxDx\Debug\CL.17212.write.1.tlog
C:\Users\maik\Desktop\VxKex\01-Extended DLLs\KxDx\Debug\CL.17648.read.1.tlog
C:\Users\maik\Desktop\VxKex\01-Extended DLLs\KxDx\Debug\CL.17648.write.1.tlog
C:\Users\maik\Desktop\VxKex\01-Extended DLLs\KxDx\Debug\CL.6060.read.1.tlog
C:\Users\maik\Desktop\VxKex\01-Extended DLLs\KxDx\Debug\CL.6060.write.1.tlog
C:\Users\maik\Desktop\VxKex\01-Extended DLLs\KxDx\Debug\CL.6808.read.1.tlog
C:\Users\maik\Desktop\VxKex\01-Extended DLLs\KxDx\Debug\CL.6808.write.1.tlog
C:\Users\maik\Desktop\VxKex\01-Extended DLLs\KxDx\Debug\cl.command.1.tlog
C:\Users\maik\Desktop\VxKex\01-Extended DLLs\KxDx\Debug\CL.read.1.tlog
C:\Users\maik\Desktop\VxKex\01-Extended DLLs\KxDx\Debug\cl.write.1.tlog
C:\USERS\MAIK\DESKTOP\VXKEX\01-EXTENDED DLLS\KXDX\DEBUG\DCMPSTUB.OBJ
C:\USERS\MAIK\DESKTOP\VXKEX\01-EXTENDED DLLS\KXDX\DEBUG\DLLMAIN.OBJ
C:\USERS\MAIK\DESKTOP\VXKEX\01-EXTENDED DLLS\KXDX\DEBUG\DX12STUB.OBJ
C:\USERS\MAIK\DESKTOP\VXKEX\01-EXTENDED DLLS\KXDX\DEBUG\FACTORY.OBJ
C:\Users\maik\Desktop\VxKex\01-Extended DLLs\KxDx\Debug\forwards.obj
C:\Users\maik\Desktop\VxKex\01-Extended DLLs\KxDx\Debug\iid.obj
C:\USERS\MAIK\DESKTOP\VXKEX\01-EXTENDED DLLS\KXDX\DEBUG\KXDX.RES
C:\Users\maik\Desktop\VxKex\01-Extended DLLs\KxDx\Debug\KxDx.write.1.tlog
C:\Users\maik\Desktop\VxKex\01-Extended DLLs\KxDx\Debug\link.command.1.tlog
C:\Users\maik\Desktop\VxKex\01-Extended DLLs\KxDx\Debug\link.read.1.tlog
C:\Users\maik\Desktop\VxKex\01-Extended DLLs\KxDx\Debug\link.write.1.tlog
C:\Users\maik\Desktop\VxKex\01-Extended DLLs\KxDx\Debug\link-cvtres.read.1.tlog
C:\Users\maik\Desktop\VxKex\01-Extended DLLs\KxDx\Debug\link-cvtres.write.1.tlog
C:\Users\maik\Desktop\VxKex\01-Extended DLLs\KxDx\Debug\rc.command.1.tlog
C:\Users\maik\Desktop\VxKex\01-Extended DLLs\KxDx\Debug\rc.read.1.tlog
C:\Users\maik\Desktop\VxKex\01-Extended DLLs\KxDx\Debug\rc.write.1.tlog
C:\USERS\MAIK\DESKTOP\VXKEX\01-EXTENDED DLLS\KXDX\DEBUG\VC100.PDB
C:\USERS\MAIK\DESKTOP\VXKEX\DEBUG\KXDX.DLL
C:\Users\maik\Desktop\VxKex\Debug\KxDx.exp
C:\Users\maik\Desktop\VxKex\Debug\KxDx.lib
C:\USERS\MAIK\DESKTOP\VXKEX\DEBUG\KXDX.PDB
