C:\Users\maik\Desktop\VxKex\KexGui\Release\CL.12992.read.1.tlog
C:\Users\maik\Desktop\VxKex\KexGui\Release\CL.12992.write.1.tlog
C:\Users\maik\Desktop\VxKex\KexGui\Release\CL.13240.read.1.tlog
C:\Users\maik\Desktop\VxKex\KexGui\Release\CL.13240.write.1.tlog
C:\Users\maik\Desktop\VxKex\KexGui\Release\CL.14044.read.1.tlog
C:\Users\maik\Desktop\VxKex\KexGui\Release\CL.14044.write.1.tlog
C:\Users\maik\Desktop\VxKex\KexGui\Release\CL.15416.read.1.tlog
C:\Users\maik\Desktop\VxKex\KexGui\Release\CL.15416.write.1.tlog
C:\Users\maik\Desktop\VxKex\KexGui\Release\CL.16572.read.1.tlog
C:\Users\maik\Desktop\VxKex\KexGui\Release\CL.16572.write.1.tlog
C:\Users\maik\Desktop\VxKex\KexGui\Release\CL.16692.read.1.tlog
C:\Users\maik\Desktop\VxKex\KexGui\Release\CL.16692.write.1.tlog
C:\Users\maik\Desktop\VxKex\KexGui\Release\CL.16740.read.1.tlog
C:\Users\maik\Desktop\VxKex\KexGui\Release\CL.16740.write.1.tlog
C:\Users\maik\Desktop\VxKex\KexGui\Release\CL.17180.read.1.tlog
C:\Users\maik\Desktop\VxKex\KexGui\Release\CL.17180.write.1.tlog
C:\Users\maik\Desktop\VxKex\KexGui\Release\CL.17384.read.1.tlog
C:\Users\maik\Desktop\VxKex\KexGui\Release\CL.17384.write.1.tlog
C:\Users\maik\Desktop\VxKex\KexGui\Release\CL.17688.read.1.tlog
C:\Users\maik\Desktop\VxKex\KexGui\Release\CL.17688.write.1.tlog
C:\Users\maik\Desktop\VxKex\KexGui\Release\CL.18280.read.1.tlog
C:\Users\maik\Desktop\VxKex\KexGui\Release\CL.18280.write.1.tlog
C:\Users\maik\Desktop\VxKex\KexGui\Release\CL.19436.read.1.tlog
C:\Users\maik\Desktop\VxKex\KexGui\Release\CL.19436.write.1.tlog
C:\Users\maik\Desktop\VxKex\KexGui\Release\CL.6160.read.1.tlog
C:\Users\maik\Desktop\VxKex\KexGui\Release\CL.6160.write.1.tlog
C:\Users\maik\Desktop\VxKex\KexGui\Release\CL.7332.read.1.tlog
C:\Users\maik\Desktop\VxKex\KexGui\Release\CL.7332.write.1.tlog
C:\Users\maik\Desktop\VxKex\KexGui\Release\CL.7828.read.1.tlog
C:\Users\maik\Desktop\VxKex\KexGui\Release\CL.7828.write.1.tlog
C:\Users\maik\Desktop\VxKex\KexGui\Release\CL.8600.read.1.tlog
C:\Users\maik\Desktop\VxKex\KexGui\Release\CL.8600.write.1.tlog
C:\Users\maik\Desktop\VxKex\KexGui\Release\cl.command.1.tlog
C:\Users\maik\Desktop\VxKex\KexGui\Release\CL.read.1.tlog
C:\Users\maik\Desktop\VxKex\KexGui\Release\cl.write.1.tlog
C:\USERS\MAIK\DESKTOP\VXKEX\KEXGUI\RELEASE\CTLSX.OBJ
C:\USERS\MAIK\DESKTOP\VXKEX\KEXGUI\RELEASE\DPI.OBJ
C:\USERS\MAIK\DESKTOP\VXKEX\KEXGUI\RELEASE\FLDRPKR.OBJ
C:\USERS\MAIK\DESKTOP\VXKEX\KEXGUI\RELEASE\KEXGUI.OBJ
C:\Users\maik\Desktop\VxKex\KexGui\Release\KexGui.write.1.tlog
C:\Users\maik\Desktop\VxKex\KexGui\Release\lib.command.1.tlog
C:\Users\maik\Desktop\VxKex\KexGui\Release\Lib-link.read.1.tlog
C:\Users\maik\Desktop\VxKex\KexGui\Release\Lib-link.write.1.tlog
C:\USERS\MAIK\DESKTOP\VXKEX\KEXGUI\RELEASE\LOCALE.OBJ
C:\USERS\MAIK\DESKTOP\VXKEX\KEXGUI\RELEASE\MSGBOX.OBJ
C:\USERS\MAIK\DESKTOP\VXKEX\KEXGUI\RELEASE\SHPROPS.OBJ
C:\USERS\MAIK\DESKTOP\VXKEX\KEXGUI\RELEASE\VC100.PDB
C:\USERS\MAIK\DESKTOP\VXKEX\KEXGUI\RELEASE\WINDOW.OBJ
C:\USERS\MAIK\DESKTOP\VXKEX\KEXGUI\RELEASE\WNDX.OBJ
C:\USERS\MAIK\DESKTOP\VXKEX\RELEASE\KEXGUI.LIB
