Build started 1/1/2025 7:34:54 PM.
     1>Project "C:\Users\maik\Desktop\VxKex\KexGui\KexGui.vcxproj" on node 5 (build target(s)).
     1>InitializeBuildStatus:
         Creating "Release\KexGui.unsuccessfulbuild" because "AlwaysCreate" was specified.
       ClCompile:
         All outputs are up-to-date.
       Lib:
         C:\Program Files (x86)\Microsoft Visual Studio 10.0\VC\bin\Lib.exe /OUT:"C:\Users\maik\Desktop\VxKex\Release\KexGui.lib" /LIBPATH:"C:\Users\maik\Desktop\VxKex\\00-Import Libraries" /NOLOGO /NODEFAULTLIB /MACHINE:X86 /LTCG Release\ctlsx.obj
         Release\dpi.obj
         Release\fldrpkr.obj
         Release\kexgui.obj
         Release\locale.obj
         Release\msgbox.obj
         Release\shprops.obj
         Release\window.obj
         Release\wndx.obj
         KexGui.vcxproj -> C:\Users\maik\Desktop\VxKex\Release\KexGui.lib
       FinalizeBuildStatus:
         Deleting file "Release\KexGui.unsuccessfulbuild".
         Touching "Release\KexGui.lastbuildstate".
     1>Done Building Project "C:\Users\maik\Desktop\VxKex\KexGui\KexGui.vcxproj" (build target(s)).

Build succeeded.

Time Elapsed 00:00:00.08
