C:\Users\maik\Desktop\VxKex\01-Extended DLLs\KxMi\Debug\CL.12748.read.1.tlog
C:\Users\maik\Desktop\VxKex\01-Extended DLLs\KxMi\Debug\CL.12748.write.1.tlog
C:\Users\maik\Desktop\VxKex\01-Extended DLLs\KxMi\Debug\CL.15392.read.1.tlog
C:\Users\maik\Desktop\VxKex\01-Extended DLLs\KxMi\Debug\CL.15392.write.1.tlog
C:\Users\maik\Desktop\VxKex\01-Extended DLLs\KxMi\Debug\CL.16160.read.1.tlog
C:\Users\maik\Desktop\VxKex\01-Extended DLLs\KxMi\Debug\CL.16160.write.1.tlog
C:\Users\maik\Desktop\VxKex\01-Extended DLLs\KxMi\Debug\CL.16164.read.1.tlog
C:\Users\maik\Desktop\VxKex\01-Extended DLLs\KxMi\Debug\CL.16164.write.1.tlog
C:\Users\maik\Desktop\VxKex\01-Extended DLLs\KxMi\Debug\CL.16564.read.1.tlog
C:\Users\maik\Desktop\VxKex\01-Extended DLLs\KxMi\Debug\CL.16564.write.1.tlog
C:\Users\maik\Desktop\VxKex\01-Extended DLLs\KxMi\Debug\CL.17012.read.1.tlog
C:\Users\maik\Desktop\VxKex\01-Extended DLLs\KxMi\Debug\CL.17012.write.1.tlog
C:\Users\maik\Desktop\VxKex\01-Extended DLLs\KxMi\Debug\CL.17316.read.1.tlog
C:\Users\maik\Desktop\VxKex\01-Extended DLLs\KxMi\Debug\CL.17316.write.1.tlog
C:\Users\maik\Desktop\VxKex\01-Extended DLLs\KxMi\Debug\CL.17596.read.1.tlog
C:\Users\maik\Desktop\VxKex\01-Extended DLLs\KxMi\Debug\CL.17596.write.1.tlog
C:\Users\maik\Desktop\VxKex\01-Extended DLLs\KxMi\Debug\CL.18916.read.1.tlog
C:\Users\maik\Desktop\VxKex\01-Extended DLLs\KxMi\Debug\CL.18916.write.1.tlog
C:\Users\maik\Desktop\VxKex\01-Extended DLLs\KxMi\Debug\CL.19088.read.1.tlog
C:\Users\maik\Desktop\VxKex\01-Extended DLLs\KxMi\Debug\CL.19088.write.1.tlog
C:\Users\maik\Desktop\VxKex\01-Extended DLLs\KxMi\Debug\CL.7588.read.1.tlog
C:\Users\maik\Desktop\VxKex\01-Extended DLLs\KxMi\Debug\CL.7588.write.1.tlog
C:\Users\maik\Desktop\VxKex\01-Extended DLLs\KxMi\Debug\cl.command.1.tlog
C:\Users\maik\Desktop\VxKex\01-Extended DLLs\KxMi\Debug\CL.read.1.tlog
C:\Users\maik\Desktop\VxKex\01-Extended DLLs\KxMi\Debug\cl.write.1.tlog
C:\USERS\MAIK\DESKTOP\VXKEX\01-EXTENDED DLLS\KXMI\DEBUG\DLLMAIN.OBJ
C:\Users\maik\Desktop\VxKex\01-Extended DLLs\KxMi\Debug\forwards.obj
C:\USERS\MAIK\DESKTOP\VXKEX\01-EXTENDED DLLS\KXMI\DEBUG\KXMI.RES
C:\Users\maik\Desktop\VxKex\01-Extended DLLs\KxMi\Debug\KxMi.write.1.tlog
C:\Users\maik\Desktop\VxKex\01-Extended DLLs\KxMi\Debug\link.command.1.tlog
C:\Users\maik\Desktop\VxKex\01-Extended DLLs\KxMi\Debug\link.read.1.tlog
C:\Users\maik\Desktop\VxKex\01-Extended DLLs\KxMi\Debug\link.write.1.tlog
C:\Users\maik\Desktop\VxKex\01-Extended DLLs\KxMi\Debug\link-cvtres.read.1.tlog
C:\Users\maik\Desktop\VxKex\01-Extended DLLs\KxMi\Debug\link-cvtres.write.1.tlog
C:\USERS\MAIK\DESKTOP\VXKEX\01-EXTENDED DLLS\KXMI\DEBUG\POWRPROF.OBJ
C:\Users\maik\Desktop\VxKex\01-Extended DLLs\KxMi\Debug\rc.command.1.tlog
C:\Users\maik\Desktop\VxKex\01-Extended DLLs\KxMi\Debug\rc.read.1.tlog
C:\Users\maik\Desktop\VxKex\01-Extended DLLs\KxMi\Debug\rc.write.1.tlog
C:\USERS\MAIK\DESKTOP\VXKEX\01-EXTENDED DLLS\KXMI\DEBUG\USERENV.OBJ
C:\USERS\MAIK\DESKTOP\VXKEX\01-EXTENDED DLLS\KXMI\DEBUG\VC100.PDB
C:\USERS\MAIK\DESKTOP\VXKEX\01-EXTENDED DLLS\KXMI\DEBUG\VERSPOOF.OBJ
C:\USERS\MAIK\DESKTOP\VXKEX\01-EXTENDED DLLS\KXMI\DEBUG\WLDP.OBJ
C:\USERS\MAIK\DESKTOP\VXKEX\DEBUG\KXMI.DLL
C:\Users\maik\Desktop\VxKex\Debug\KxMi.exp
C:\Users\maik\Desktop\VxKex\Debug\KxMi.lib
C:\USERS\MAIK\DESKTOP\VXKEX\DEBUG\KXMI.PDB
