C:\Users\maik\Desktop\VxKex\01-Extended DLLs\KxBase\x64\Debug\appmodel.obj
C:\Users\maik\Desktop\VxKex\01-Extended DLLs\KxBase\x64\Debug\cfgmgr.obj
C:\Users\maik\Desktop\VxKex\01-Extended DLLs\KxBase\x64\Debug\CL.10588.read.1.tlog
C:\Users\maik\Desktop\VxKex\01-Extended DLLs\KxBase\x64\Debug\CL.10588.write.1.tlog
C:\Users\maik\Desktop\VxKex\01-Extended DLLs\KxBase\x64\Debug\CL.11472.read.1.tlog
C:\Users\maik\Desktop\VxKex\01-Extended DLLs\KxBase\x64\Debug\CL.11472.write.1.tlog
C:\Users\maik\Desktop\VxKex\01-Extended DLLs\KxBase\x64\Debug\CL.13876.read.1.tlog
C:\Users\maik\Desktop\VxKex\01-Extended DLLs\KxBase\x64\Debug\CL.13876.write.1.tlog
C:\Users\maik\Desktop\VxKex\01-Extended DLLs\KxBase\x64\Debug\CL.17752.read.1.tlog
C:\Users\maik\Desktop\VxKex\01-Extended DLLs\KxBase\x64\Debug\CL.17752.write.1.tlog
C:\Users\maik\Desktop\VxKex\01-Extended DLLs\KxBase\x64\Debug\CL.3444.read.1.tlog
C:\Users\maik\Desktop\VxKex\01-Extended DLLs\KxBase\x64\Debug\CL.3444.write.1.tlog
C:\Users\maik\Desktop\VxKex\01-Extended DLLs\KxBase\x64\Debug\CL.8268.read.1.tlog
C:\Users\maik\Desktop\VxKex\01-Extended DLLs\KxBase\x64\Debug\CL.8268.write.1.tlog
C:\Users\maik\Desktop\VxKex\01-Extended DLLs\KxBase\x64\Debug\CL.8640.read.1.tlog
C:\Users\maik\Desktop\VxKex\01-Extended DLLs\KxBase\x64\Debug\CL.8640.write.1.tlog
C:\Users\maik\Desktop\VxKex\01-Extended DLLs\KxBase\x64\Debug\CL.8864.read.1.tlog
C:\Users\maik\Desktop\VxKex\01-Extended DLLs\KxBase\x64\Debug\CL.8864.write.1.tlog
C:\Users\maik\Desktop\VxKex\01-Extended DLLs\KxBase\x64\Debug\cl.command.1.tlog
C:\Users\maik\Desktop\VxKex\01-Extended DLLs\KxBase\x64\Debug\CL.read.1.tlog
C:\Users\maik\Desktop\VxKex\01-Extended DLLs\KxBase\x64\Debug\cl.write.1.tlog
C:\Users\maik\Desktop\VxKex\01-Extended DLLs\KxBase\x64\Debug\dllmain.obj
C:\Users\maik\Desktop\VxKex\01-Extended DLLs\KxBase\x64\Debug\file.obj
C:\Users\maik\Desktop\VxKex\01-Extended DLLs\KxBase\x64\Debug\forwards.obj
C:\Users\maik\Desktop\VxKex\01-Extended DLLs\KxBase\x64\Debug\geoname.obj
C:\Users\maik\Desktop\VxKex\01-Extended DLLs\KxBase\x64\Debug\heap.obj
C:\USERS\MAIK\DESKTOP\VXKEX\01-EXTENDED DLLS\KXBASE\X64\DEBUG\KXBASE.RES
C:\Users\maik\Desktop\VxKex\01-Extended DLLs\KxBase\x64\Debug\KxBase.write.1.tlog
C:\Users\maik\Desktop\VxKex\01-Extended DLLs\KxBase\x64\Debug\link.command.1.tlog
C:\Users\maik\Desktop\VxKex\01-Extended DLLs\KxBase\x64\Debug\link.read.1.tlog
C:\Users\maik\Desktop\VxKex\01-Extended DLLs\KxBase\x64\Debug\link.write.1.tlog
C:\Users\maik\Desktop\VxKex\01-Extended DLLs\KxBase\x64\Debug\link-cvtres.read.1.tlog
C:\Users\maik\Desktop\VxKex\01-Extended DLLs\KxBase\x64\Debug\link-cvtres.write.1.tlog
C:\Users\maik\Desktop\VxKex\01-Extended DLLs\KxBase\x64\Debug\misc.obj
C:\Users\maik\Desktop\VxKex\01-Extended DLLs\KxBase\x64\Debug\module.obj
C:\Users\maik\Desktop\VxKex\01-Extended DLLs\KxBase\x64\Debug\process.obj
C:\Users\maik\Desktop\VxKex\01-Extended DLLs\KxBase\x64\Debug\pssapi.obj
C:\Users\maik\Desktop\VxKex\01-Extended DLLs\KxBase\x64\Debug\rc.command.1.tlog
C:\Users\maik\Desktop\VxKex\01-Extended DLLs\KxBase\x64\Debug\rc.read.1.tlog
C:\Users\maik\Desktop\VxKex\01-Extended DLLs\KxBase\x64\Debug\rc.write.1.tlog
C:\Users\maik\Desktop\VxKex\01-Extended DLLs\KxBase\x64\Debug\security.obj
C:\Users\maik\Desktop\VxKex\01-Extended DLLs\KxBase\x64\Debug\stubs.obj
C:\Users\maik\Desktop\VxKex\01-Extended DLLs\KxBase\x64\Debug\support.obj
C:\Users\maik\Desktop\VxKex\01-Extended DLLs\KxBase\x64\Debug\synch.obj
C:\Users\maik\Desktop\VxKex\01-Extended DLLs\KxBase\x64\Debug\thread.obj
C:\Users\maik\Desktop\VxKex\01-Extended DLLs\KxBase\x64\Debug\time.obj
C:\Users\maik\Desktop\VxKex\01-Extended DLLs\KxBase\x64\Debug\token.obj
C:\USERS\MAIK\DESKTOP\VXKEX\01-EXTENDED DLLS\KXBASE\X64\DEBUG\VC100.PDB
C:\Users\maik\Desktop\VxKex\01-Extended DLLs\KxBase\x64\Debug\verspoof.obj
C:\Users\maik\Desktop\VxKex\01-Extended DLLs\KxBase\x64\Debug\vmem.obj
C:\Users\maik\Desktop\VxKex\01-Extended DLLs\KxBase\x64\Debug\wow64.obj
C:\USERS\MAIK\DESKTOP\VXKEX\X64\DEBUG\KXBASE.DLL
C:\Users\maik\Desktop\VxKex\x64\Debug\KxBase.exp
C:\Users\maik\Desktop\VxKex\x64\Debug\KxBase.lib
C:\USERS\MAIK\DESKTOP\VXKEX\X64\DEBUG\KXBASE.PDB
