Build started 1/2/2025 4:49:53 AM.
     1>Project "C:\Users\maik\Desktop\VxKex\01-Extended DLLs\KxBase\kxbase.vcxproj" on node 3 (rebuild target(s)).
     1>_PrepareForClean:
         Deleting file "x64\Debug\KxBase.lastbuildstate".
       InitializeBuildStatus:
         Creating "x64\Debug\KxBase.unsuccessfulbuild" because "AlwaysCreate" was specified.
       ClCompile:
         C:\Program Files (x86)\Microsoft Visual Studio 10.0\VC\bin\x86_amd64\CL.exe /c /I"C:\Users\maik\Desktop\VxKex\\00-Common Headers" /Zi /nologo /W3 /WX /MP /Od /D WIN32 /D _DEBUG /D _WINDOWS /D _USRDLL /D KXBASE_EXPORTS /D _WINDLL /D _UNICODE /D UNICODE /Gm- /MDd /GS- /fp:precise /Zc:wchar_t /Zc:forScope /Fo"x64\Debug\\" /Fd"x64\Debug\vc100.pdb" /Gz /TC /errorReport:prompt appmodel.c cfgmgr.c dllmain.c file.c forwards.c geoname.c heap.c misc.c module.c process.c pssapi.c security.c stubs.c support.c synch.c thread.c time.c token.c verspoof.c vmem.c wow64.c
         appmodel.c
         cfgmgr.c
         dllmain.c
         file.c
         forwards.c
         geoname.c
         heap.c
         misc.c
         module.c
         process.c
         pssapi.c
         security.c
         stubs.c
         support.c
         synch.c
         thread.c
         time.c
         token.c
         verspoof.c
         vmem.c
         wow64.c
       ResourceCompile:
         C:\Program Files (x86)\Microsoft SDKs\Windows\v7.0A\bin\rc.exe /D _UNICODE /D UNICODE /l"0x0409" /I"C:\Users\maik\Desktop\VxKex\\00-Common Headers" /nologo /fo"x64\Debug\KxBase.res" KxBase.rc 
       Link:
         C:\Program Files (x86)\Microsoft Visual Studio 10.0\VC\bin\x86_amd64\link.exe /ERRORREPORT:PROMPT /OUT:"C:\Users\maik\Desktop\VxKex\x64\Debug\KxBase.dll" /INCREMENTAL:NO /NOLOGO /LIBPATH:C:\Users\maik\Desktop\VxKex\x64\Debug\ /LIBPATH:"C:\Users\maik\Desktop\VxKex\\00-Import Libraries" /DEF:"kxbase.def" /MANIFEST:NO /DEBUG /PDB:"C:\Users\maik\Desktop\VxKex\x64\Debug\KxBase.pdb" /SUBSYSTEM:WINDOWS /TLBID:1 /RELEASE /DYNAMICBASE /NXCOMPAT /IMPLIB:"C:\Users\maik\Desktop\VxKex\x64\Debug\KxBase.lib" /MACHINE:X64 /DLL x64\Debug\KxBase.res
         x64\Debug\appmodel.obj
         x64\Debug\cfgmgr.obj
         x64\Debug\dllmain.obj
         x64\Debug\file.obj
         x64\Debug\forwards.obj
         x64\Debug\geoname.obj
         x64\Debug\heap.obj
         x64\Debug\misc.obj
         x64\Debug\module.obj
         x64\Debug\process.obj
         x64\Debug\pssapi.obj
         x64\Debug\security.obj
         x64\Debug\stubs.obj
         x64\Debug\support.obj
         x64\Debug\synch.obj
         x64\Debug\thread.obj
         x64\Debug\time.obj
         x64\Debug\token.obj
         x64\Debug\verspoof.obj
         x64\Debug\vmem.obj
         x64\Debug\wow64.obj
            Creating library C:\Users\maik\Desktop\VxKex\x64\Debug\KxBase.lib and object C:\Users\maik\Desktop\VxKex\x64\Debug\KxBase.exp
         kxbase.vcxproj -> C:\Users\maik\Desktop\VxKex\x64\Debug\KxBase.dll
       FinalizeBuildStatus:
         Deleting file "x64\Debug\KxBase.unsuccessfulbuild".
         Touching "x64\Debug\KxBase.lastbuildstate".
     1>Done Building Project "C:\Users\maik\Desktop\VxKex\01-Extended DLLs\KxBase\kxbase.vcxproj" (rebuild target(s)).

Build succeeded.

Time Elapsed 00:00:04.78
