Build started 2/17/2025 2:01:05 PM.
     1>Project "C:\Users\maik\Desktop\VxKex-main\KexShlEx\KexShlEx.vcxproj" on node 11 (build target(s)).
     1>InitializeBuildStatus:
         Creating "x64\Release\KexShlEx.unsuccessfulbuild" because "AlwaysCreate" was specified.
       ClCompile:
         All outputs are up-to-date.
       ResourceCompile:
         All outputs are up-to-date.
       Link:
         C:\Program Files (x86)\Microsoft Visual Studio 10.0\VC\bin\x86_amd64\link.exe /ERRORREPORT:PROMPT /OUT:"C:\Users\maik\Desktop\VxKex-main\x64\Release\KexShlEx.dll" /INCREMENTAL:NO /NOLOGO /LIBPATH:"C:\Users\maik\Desktop\VxKex-main\\00-Import Libraries" /LIBPATH:"C:\Users\maik\Desktop\VxKex-main\x64\Release\\" /DEF:"KexShlEx.def" /MANIFEST:NO /DEBUG /PDB:"C:\Users\maik\Desktop\VxKex-main\x64\Release\KexShlEx.pdb" /SUBSYSTEM:WINDOWS /OPT:REF /OPT:ICF /LTCG /TLBID:1 /RELEASE /DYNAMICBASE /NXCOMPAT /IMPLIB:"C:\Users\maik\Desktop\VxKex-main\x64\Release\KexShlEx.lib" /MACHINE:X64 /DLL x64\Release\KexShlEx.res
         x64\Release\ckxshlex.obj
         x64\Release\clsfctry.obj
         x64\Release\dllmain.obj
         x64\Release\gui.obj
         x64\Release\lnkfile.obj
            Creating library C:\Users\maik\Desktop\VxKex-main\x64\Release\KexShlEx.lib and object C:\Users\maik\Desktop\VxKex-main\x64\Release\KexShlEx.exp
         Generating code
         Finished generating code
         KexShlEx.vcxproj -> C:\Users\maik\Desktop\VxKex-main\x64\Release\KexShlEx.dll
       FinalizeBuildStatus:
         Deleting file "x64\Release\KexShlEx.unsuccessfulbuild".
         Touching "x64\Release\KexShlEx.lastbuildstate".
     1>Done Building Project "C:\Users\maik\Desktop\VxKex-main\KexShlEx\KexShlEx.vcxproj" (build target(s)).

Build succeeded.

Time Elapsed 00:00:00.54
