C:\USERS\MAIK\DESKTOP\VXKEX\KEXSHLEX\X64\RELEASE\CKXSHLEX.OBJ
C:\Users\maik\Desktop\VxKex\KexShlEx\x64\Release\CL.12532.read.1.tlog
C:\Users\maik\Desktop\VxKex\KexShlEx\x64\Release\CL.12532.write.1.tlog
C:\Users\maik\Desktop\VxKex\KexShlEx\x64\Release\CL.14728.read.1.tlog
C:\Users\maik\Desktop\VxKex\KexShlEx\x64\Release\CL.14728.write.1.tlog
C:\Users\maik\Desktop\VxKex\KexShlEx\x64\Release\CL.15884.read.1.tlog
C:\Users\maik\Desktop\VxKex\KexShlEx\x64\Release\CL.15884.write.1.tlog
C:\Users\maik\Desktop\VxKex\KexShlEx\x64\Release\CL.16164.read.1.tlog
C:\Users\maik\Desktop\VxKex\KexShlEx\x64\Release\CL.16164.write.1.tlog
C:\Users\maik\Desktop\VxKex\KexShlEx\x64\Release\CL.16780.read.1.tlog
C:\Users\maik\Desktop\VxKex\KexShlEx\x64\Release\CL.16780.write.1.tlog
C:\Users\maik\Desktop\VxKex\KexShlEx\x64\Release\CL.17180.read.1.tlog
C:\Users\maik\Desktop\VxKex\KexShlEx\x64\Release\CL.17180.write.1.tlog
C:\Users\maik\Desktop\VxKex\KexShlEx\x64\Release\CL.18868.read.1.tlog
C:\Users\maik\Desktop\VxKex\KexShlEx\x64\Release\CL.18868.write.1.tlog
C:\Users\maik\Desktop\VxKex\KexShlEx\x64\Release\CL.19108.read.1.tlog
C:\Users\maik\Desktop\VxKex\KexShlEx\x64\Release\CL.19108.write.1.tlog
C:\Users\maik\Desktop\VxKex\KexShlEx\x64\Release\CL.3828.read.1.tlog
C:\Users\maik\Desktop\VxKex\KexShlEx\x64\Release\CL.3828.write.1.tlog
C:\Users\maik\Desktop\VxKex\KexShlEx\x64\Release\CL.6476.read.1.tlog
C:\Users\maik\Desktop\VxKex\KexShlEx\x64\Release\CL.6476.write.1.tlog
C:\Users\maik\Desktop\VxKex\KexShlEx\x64\Release\cl.command.1.tlog
C:\Users\maik\Desktop\VxKex\KexShlEx\x64\Release\CL.read.1.tlog
C:\Users\maik\Desktop\VxKex\KexShlEx\x64\Release\cl.write.1.tlog
C:\USERS\MAIK\DESKTOP\VXKEX\KEXSHLEX\X64\RELEASE\CLSFCTRY.OBJ
C:\USERS\MAIK\DESKTOP\VXKEX\KEXSHLEX\X64\RELEASE\DLLMAIN.OBJ
C:\USERS\MAIK\DESKTOP\VXKEX\KEXSHLEX\X64\RELEASE\GUI.OBJ
C:\USERS\MAIK\DESKTOP\VXKEX\KEXSHLEX\X64\RELEASE\KEXSHLEX.RES
C:\Users\maik\Desktop\VxKex\KexShlEx\x64\Release\KexShlEx.write.1.tlog
C:\Users\maik\Desktop\VxKex\KexShlEx\x64\Release\link.command.1.tlog
C:\Users\maik\Desktop\VxKex\KexShlEx\x64\Release\link.read.1.tlog
C:\Users\maik\Desktop\VxKex\KexShlEx\x64\Release\link.write.1.tlog
C:\Users\maik\Desktop\VxKex\KexShlEx\x64\Release\link-cvtres.read.1.tlog
C:\Users\maik\Desktop\VxKex\KexShlEx\x64\Release\link-cvtres.write.1.tlog
C:\USERS\MAIK\DESKTOP\VXKEX\KEXSHLEX\X64\RELEASE\LNKFILE.OBJ
C:\Users\maik\Desktop\VxKex\KexShlEx\x64\Release\rc.command.1.tlog
C:\Users\maik\Desktop\VxKex\KexShlEx\x64\Release\rc.read.1.tlog
C:\Users\maik\Desktop\VxKex\KexShlEx\x64\Release\rc.write.1.tlog
C:\USERS\MAIK\DESKTOP\VXKEX\KEXSHLEX\X64\RELEASE\VC100.PDB
C:\USERS\MAIK\DESKTOP\VXKEX\X64\RELEASE\KEXSHLEX.DLL
C:\Users\maik\Desktop\VxKex\x64\Release\KexShlEx.exp
C:\Users\maik\Desktop\VxKex\x64\Release\KexShlEx.lib
C:\USERS\MAIK\DESKTOP\VXKEX\X64\RELEASE\KEXSHLEX.PDB
