C:\USERS\MAIK\DESKTOP\VXKEX-MAIN\DEBUG\KEXCFG.EXE
C:\USERS\MAIK\DESKTOP\VXKEX-MAIN\DEBUG\KEXCFG.PDB
C:\Users\maik\Desktop\VxKex-main\KexCfg\Debug\CL.10224.read.1.tlog
C:\Users\maik\Desktop\VxKex-main\KexCfg\Debug\CL.10224.write.1.tlog
C:\Users\maik\Desktop\VxKex-main\KexCfg\Debug\CL.11720.read.1.tlog
C:\Users\maik\Desktop\VxKex-main\KexCfg\Debug\CL.11720.write.1.tlog
C:\Users\maik\Desktop\VxKex-main\KexCfg\Debug\CL.11836.read.1.tlog
C:\Users\maik\Desktop\VxKex-main\KexCfg\Debug\CL.11836.write.1.tlog
C:\Users\maik\Desktop\VxKex-main\KexCfg\Debug\CL.8520.read.1.tlog
C:\Users\maik\Desktop\VxKex-main\KexCfg\Debug\CL.8520.write.1.tlog
C:\Users\maik\Desktop\VxKex-main\KexCfg\Debug\cl.command.1.tlog
C:\Users\maik\Desktop\VxKex-main\KexCfg\Debug\CL.read.1.tlog
C:\Users\maik\Desktop\VxKex-main\KexCfg\Debug\cl.write.1.tlog
C:\Users\maik\Desktop\VxKex-main\KexCfg\Debug\cmdline.obj
C:\Users\maik\Desktop\VxKex-main\KexCfg\Debug\gui.obj
C:\USERS\MAIK\DESKTOP\VXKEX-MAIN\KEXCFG\DEBUG\KEXCFG.EXE.INTERMEDIATE.MANIFEST
C:\USERS\MAIK\DESKTOP\VXKEX-MAIN\KEXCFG\DEBUG\KEXCFG.RES
C:\Users\maik\Desktop\VxKex-main\KexCfg\Debug\KexCfg.write.1.tlog
C:\Users\maik\Desktop\VxKex-main\KexCfg\Debug\link.command.1.tlog
C:\Users\maik\Desktop\VxKex-main\KexCfg\Debug\link.read.1.tlog
C:\Users\maik\Desktop\VxKex-main\KexCfg\Debug\link.write.1.tlog
C:\Users\maik\Desktop\VxKex-main\KexCfg\Debug\link-cvtres.read.1.tlog
C:\Users\maik\Desktop\VxKex-main\KexCfg\Debug\link-cvtres.write.1.tlog
C:\Users\maik\Desktop\VxKex-main\KexCfg\Debug\main.obj
C:\Users\maik\Desktop\VxKex-main\KexCfg\Debug\mt.command.1.tlog
C:\Users\maik\Desktop\VxKex-main\KexCfg\Debug\mt.read.1.tlog
C:\Users\maik\Desktop\VxKex-main\KexCfg\Debug\mt.write.1.tlog
C:\Users\maik\Desktop\VxKex-main\KexCfg\Debug\rc.command.1.tlog
C:\Users\maik\Desktop\VxKex-main\KexCfg\Debug\rc.read.1.tlog
C:\Users\maik\Desktop\VxKex-main\KexCfg\Debug\rc.write.1.tlog
C:\Users\maik\Desktop\VxKex-main\KexCfg\Debug\util.obj
C:\USERS\MAIK\DESKTOP\VXKEX-MAIN\KEXCFG\DEBUG\VC100.PDB
