Build started 1/2/2025 4:48:34 AM.
     1>Project "C:\Users\maik\Desktop\VxKex\KexCfg\KexCfg.vcxproj" on node 9 (build target(s)).
     1>InitializeBuildStatus:
         Creating "Debug\KexCfg.unsuccessfulbuild" because "AlwaysCreate" was specified.
       ClCompile:
         All outputs are up-to-date.
       ResourceCompile:
         C:\Program Files (x86)\Microsoft SDKs\Windows\v7.0A\bin\rc.exe /D _UNICODE /D UNICODE /l"0x0409" /I"C:\Users\maik\Desktop\VxKex\\00-Common Headers" /nologo /fo"Debug\KexCfg.res" KexCfg.rc 
       Link:
         C:\Program Files (x86)\Microsoft Visual Studio 10.0\VC\bin\link.exe /ERRORREPORT:PROMPT /OUT:"C:\Users\maik\Desktop\VxKex\Debug\KexCfg.exe" /INCREMENTAL:NO /NOLOGO /LIBPATH:C:\Users\maik\Desktop\VxKex\Debug\ /LIBPATH:"C:\Users\maik\Desktop\VxKex\\00-Import Libraries" Delayimp.lib /DELAYLOAD:wtsapi32.dll /DELAYLOAD:uxtheme.dll /DELAYLOAD:user32.dll /DELAYLOAD:shell32.dll /DELAYLOAD:ole32.dll /DELAYLOAD:oleaut32.dll /DELAYLOAD:comctl32.dll /DELAYLOAD:comdlg32.dll /MANIFEST /ManifestFile:"Debug\KexCfg.exe.intermediate.manifest" /MANIFESTUAC:"level='asInvoker' uiAccess='false'" /DEBUG /PDB:"C:\Users\maik\Desktop\VxKex\Debug\KexCfg.pdb" /SUBSYSTEM:WINDOWS /TLBID:1 /ENTRY:"EntryPoint" /RELEASE /DYNAMICBASE /NXCOMPAT /IMPLIB:"C:\Users\maik\Desktop\VxKex\Debug\KexCfg.lib" /MACHINE:X86 Debug\KexCfg.res
         Debug\cmdline.obj
         Debug\gui.obj
         Debug\main.obj
         Debug\util.obj
         KexCfg.vcxproj -> C:\Users\maik\Desktop\VxKex\Debug\KexCfg.exe
       Manifest:
         C:\Program Files (x86)\Microsoft SDKs\Windows\v7.0A\bin\mt.exe /nologo /verbose /outputresource:"C:\Users\maik\Desktop\VxKex\Debug\KexCfg.exe;#1" /manifest Debug\KexCfg.exe.intermediate.manifest "C:\Program Files (x86)\Microsoft Visual Studio 10.0\VC\Include\Manifest\dpiaware.manifest"
       FinalizeBuildStatus:
         Deleting file "Debug\KexCfg.unsuccessfulbuild".
         Touching "Debug\KexCfg.lastbuildstate".
     1>Done Building Project "C:\Users\maik\Desktop\VxKex\KexCfg\KexCfg.vcxproj" (build target(s)).

Build succeeded.

Time Elapsed 00:00:00.34
