C:\Users\maik\Desktop\VxKex\01-Extended DLLs\KxNt\x64\Release\CL.12028.read.1.tlog
C:\Users\maik\Desktop\VxKex\01-Extended DLLs\KxNt\x64\Release\CL.12028.write.1.tlog
C:\Users\maik\Desktop\VxKex\01-Extended DLLs\KxNt\x64\Release\CL.12768.read.1.tlog
C:\Users\maik\Desktop\VxKex\01-Extended DLLs\KxNt\x64\Release\CL.12768.write.1.tlog
C:\Users\maik\Desktop\VxKex\01-Extended DLLs\KxNt\x64\Release\cl.command.1.tlog
C:\Users\maik\Desktop\VxKex\01-Extended DLLs\KxNt\x64\Release\CL.read.1.tlog
C:\Users\maik\Desktop\VxKex\01-Extended DLLs\KxNt\x64\Release\cl.write.1.tlog
C:\Users\maik\Desktop\VxKex\01-Extended DLLs\KxNt\x64\Release\dllmain.obj
C:\Users\maik\Desktop\VxKex\01-Extended DLLs\KxNt\x64\Release\forwards.obj
C:\USERS\MAIK\DESKTOP\VXKEX\01-EXTENDED DLLS\KXNT\X64\RELEASE\KXNT.RES
C:\Users\maik\Desktop\VxKex\01-Extended DLLs\KxNt\x64\Release\KxNt.write.1.tlog
C:\Users\maik\Desktop\VxKex\01-Extended DLLs\KxNt\x64\Release\link.command.1.tlog
C:\Users\maik\Desktop\VxKex\01-Extended DLLs\KxNt\x64\Release\link.read.1.tlog
C:\Users\maik\Desktop\VxKex\01-Extended DLLs\KxNt\x64\Release\link.write.1.tlog
C:\Users\maik\Desktop\VxKex\01-Extended DLLs\KxNt\x64\Release\link-cvtres.read.1.tlog
C:\Users\maik\Desktop\VxKex\01-Extended DLLs\KxNt\x64\Release\link-cvtres.write.1.tlog
C:\Users\maik\Desktop\VxKex\01-Extended DLLs\KxNt\x64\Release\rc.command.1.tlog
C:\Users\maik\Desktop\VxKex\01-Extended DLLs\KxNt\x64\Release\rc.read.1.tlog
C:\Users\maik\Desktop\VxKex\01-Extended DLLs\KxNt\x64\Release\rc.write.1.tlog
C:\USERS\MAIK\DESKTOP\VXKEX\01-EXTENDED DLLS\KXNT\X64\RELEASE\VC100.PDB
C:\USERS\MAIK\DESKTOP\VXKEX\X64\RELEASE\KXNT.DLL
C:\Users\maik\Desktop\VxKex\x64\Release\KxNt.exp
C:\Users\maik\Desktop\VxKex\x64\Release\KxNt.lib
C:\USERS\MAIK\DESKTOP\VXKEX\X64\RELEASE\KXNT.PDB
