Build started 1/2/2025 4:50:11 AM.
     1>Project "C:\Users\maik\Desktop\VxKex\01-Extended DLLs\KxNt\KxNt.vcxproj" on node 5 (rebuild target(s)).
     1>_PrepareForClean:
         Deleting file "x64\Release\KxNt.lastbuildstate".
       InitializeBuildStatus:
         Creating "x64\Release\KxNt.unsuccessfulbuild" because "AlwaysCreate" was specified.
       ClCompile:
         C:\Program Files (x86)\Microsoft Visual Studio 10.0\VC\bin\x86_amd64\CL.exe /c /I"C:\Users\maik\Desktop\VxKex\\00-Common Headers" /Zi /nologo /W3 /WX /MP /O1 /Ob1 /Oi /Os /Oy /GL /D WIN32 /D NDEBUG /D _WINDOWS /D _USRDLL /D KXNT_EXPORTS /D _WINDLL /D _UNICODE /D UNICODE /Gm- /MD /GS- /Gy /fp:precise /Zc:wchar_t /Zc:forScope /Fo"x64\Release\\" /Fd"x64\Release\vc100.pdb" /Gz /TC /errorReport:prompt dllmain.c forwards.c
         dllmain.c
         forwards.c
       ResourceCompile:
         C:\Program Files (x86)\Microsoft SDKs\Windows\v7.0A\bin\rc.exe /D _UNICODE /D UNICODE /l"0x0409" /I"C:\Users\maik\Desktop\VxKex\\00-Common Headers" /nologo /fo"x64\Release\KxNt.res" KxNt.rc 
       Link:
         C:\Program Files (x86)\Microsoft Visual Studio 10.0\VC\bin\x86_amd64\link.exe /ERRORREPORT:PROMPT /OUT:"C:\Users\maik\Desktop\VxKex\x64\Release\KxNt.dll" /INCREMENTAL:NO /NOLOGO /LIBPATH:C:\Users\maik\Desktop\VxKex\x64\Release\ /LIBPATH:"C:\Users\maik\Desktop\VxKex\\00-Import Libraries" /WX KexDll.lib /DEF:"kxnt.def" /MANIFEST:NO /DEBUG /PDB:"C:\Users\maik\Desktop\VxKex\x64\Release\KxNt.pdb" /SUBSYSTEM:WINDOWS /OPT:REF /OPT:ICF /LTCG /TLBID:1 /ENTRY:"DllMain" /RELEASE /DYNAMICBASE /NXCOMPAT /IMPLIB:"C:\Users\maik\Desktop\VxKex\x64\Release\KxNt.lib" /MACHINE:X64 /DLL x64\Release\KxNt.res
         x64\Release\dllmain.obj
         x64\Release\forwards.obj
            Creating library C:\Users\maik\Desktop\VxKex\x64\Release\KxNt.lib and object C:\Users\maik\Desktop\VxKex\x64\Release\KxNt.exp
         Generating code
         Finished generating code
         KxNt.vcxproj -> C:\Users\maik\Desktop\VxKex\x64\Release\KxNt.dll
       FinalizeBuildStatus:
         Deleting file "x64\Release\KxNt.unsuccessfulbuild".
         Touching "x64\Release\KxNt.lastbuildstate".
     1>Done Building Project "C:\Users\maik\Desktop\VxKex\01-Extended DLLs\KxNt\KxNt.vcxproj" (rebuild target(s)).

Build succeeded.

Time Elapsed 00:00:01.33
