Build started 1/2/2025 4:48:47 AM.
     1>Project "C:\Users\maik\Desktop\VxKex\01-Extended DLLs\KxMi\KxMi.vcxproj" on node 3 (rebuild target(s)).
     1>_PrepareForClean:
         Deleting file "Release\KxMi.lastbuildstate".
       InitializeBuildStatus:
         Creating "Release\KxMi.unsuccessfulbuild" because "AlwaysCreate" was specified.
       ClCompile:
         C:\Program Files (x86)\Microsoft Visual Studio 10.0\VC\bin\CL.exe /c /I"C:\Users\maik\Desktop\VxKex\\00-Common Headers" /Zi /nologo /W3 /WX /MP /O2 /Oi /Oy- /GL /D WIN32 /D NDEBUG /D _WINDOWS /D _USRDLL /D KXMI_EXPORTS /D _WINDLL /D _UNICODE /D UNICODE /GF /Gm- /MD /GS- /Gy /fp:precise /Zc:wchar_t /Zc:forScope /Fo"Release\\" /Fd"Release\vc100.pdb" /Gz /TC /analyze- /errorReport:prompt dllmain.c forwards.c powrprof.c userenv.c verspoof.c wldp.c
         dllmain.c
         forwards.c
         powrprof.c
         userenv.c
         verspoof.c
         wldp.c
       ResourceCompile:
         C:\Program Files (x86)\Microsoft SDKs\Windows\v7.0A\bin\rc.exe /D _UNICODE /D UNICODE /l"0x0409" /I"C:\Users\maik\Desktop\VxKex\\00-Common Headers" /nologo /fo"Release\kxmi.res" kxmi.rc 
       Link:
         C:\Program Files (x86)\Microsoft Visual Studio 10.0\VC\bin\link.exe /ERRORREPORT:PROMPT /OUT:"C:\Users\maik\Desktop\VxKex\Release\KxMi.dll" /INCREMENTAL:NO /NOLOGO /LIBPATH:C:\Users\maik\Desktop\VxKex\Release\ /LIBPATH:"C:\Users\maik\Desktop\VxKex\\00-Import Libraries" /WX /DEF:"kxmi.def" /MANIFEST:NO /DEBUG /PDB:"C:\Users\maik\Desktop\VxKex\Release\KxMi.pdb" /SUBSYSTEM:WINDOWS /OPT:REF /OPT:ICF /LTCG /TLBID:1 /RELEASE /DYNAMICBASE /NXCOMPAT /IMPLIB:"C:\Users\maik\Desktop\VxKex\Release\KxMi.lib" /MACHINE:X86 /DLL Release\kxmi.res
         Release\dllmain.obj
         Release\forwards.obj
         Release\powrprof.obj
         Release\userenv.obj
         Release\verspoof.obj
         Release\wldp.obj
            Creating library C:\Users\maik\Desktop\VxKex\Release\KxMi.lib and object C:\Users\maik\Desktop\VxKex\Release\KxMi.exp
         Generating code
         Finished generating code
         KxMi.vcxproj -> C:\Users\maik\Desktop\VxKex\Release\KxMi.dll
       FinalizeBuildStatus:
         Deleting file "Release\KxMi.unsuccessfulbuild".
         Touching "Release\KxMi.lastbuildstate".
     1>Done Building Project "C:\Users\maik\Desktop\VxKex\01-Extended DLLs\KxMi\KxMi.vcxproj" (rebuild target(s)).

Build succeeded.

Time Elapsed 00:00:04.24
