C:\Users\maik\Desktop\VxKex\01-Extended DLLs\KxMi\Release\CL.12392.read.1.tlog
C:\Users\maik\Desktop\VxKex\01-Extended DLLs\KxMi\Release\CL.12392.write.1.tlog
C:\Users\maik\Desktop\VxKex\01-Extended DLLs\KxMi\Release\CL.15228.read.1.tlog
C:\Users\maik\Desktop\VxKex\01-Extended DLLs\KxMi\Release\CL.15228.write.1.tlog
C:\Users\maik\Desktop\VxKex\01-Extended DLLs\KxMi\Release\CL.16724.read.1.tlog
C:\Users\maik\Desktop\VxKex\01-Extended DLLs\KxMi\Release\CL.16724.write.1.tlog
C:\Users\maik\Desktop\VxKex\01-Extended DLLs\KxMi\Release\CL.17588.read.1.tlog
C:\Users\maik\Desktop\VxKex\01-Extended DLLs\KxMi\Release\CL.17588.write.1.tlog
C:\Users\maik\Desktop\VxKex\01-Extended DLLs\KxMi\Release\CL.1764.read.1.tlog
C:\Users\maik\Desktop\VxKex\01-Extended DLLs\KxMi\Release\CL.1764.write.1.tlog
C:\Users\maik\Desktop\VxKex\01-Extended DLLs\KxMi\Release\CL.18100.read.1.tlog
C:\Users\maik\Desktop\VxKex\01-Extended DLLs\KxMi\Release\CL.18100.write.1.tlog
C:\Users\maik\Desktop\VxKex\01-Extended DLLs\KxMi\Release\CL.1824.read.1.tlog
C:\Users\maik\Desktop\VxKex\01-Extended DLLs\KxMi\Release\CL.1824.write.1.tlog
C:\Users\maik\Desktop\VxKex\01-Extended DLLs\KxMi\Release\CL.18788.read.1.tlog
C:\Users\maik\Desktop\VxKex\01-Extended DLLs\KxMi\Release\CL.18788.write.1.tlog
C:\Users\maik\Desktop\VxKex\01-Extended DLLs\KxMi\Release\CL.3008.read.1.tlog
C:\Users\maik\Desktop\VxKex\01-Extended DLLs\KxMi\Release\CL.3008.write.1.tlog
C:\Users\maik\Desktop\VxKex\01-Extended DLLs\KxMi\Release\CL.7356.read.1.tlog
C:\Users\maik\Desktop\VxKex\01-Extended DLLs\KxMi\Release\CL.7356.write.1.tlog
C:\Users\maik\Desktop\VxKex\01-Extended DLLs\KxMi\Release\CL.9436.read.1.tlog
C:\Users\maik\Desktop\VxKex\01-Extended DLLs\KxMi\Release\CL.9436.write.1.tlog
C:\Users\maik\Desktop\VxKex\01-Extended DLLs\KxMi\Release\cl.command.1.tlog
C:\Users\maik\Desktop\VxKex\01-Extended DLLs\KxMi\Release\CL.read.1.tlog
C:\Users\maik\Desktop\VxKex\01-Extended DLLs\KxMi\Release\cl.write.1.tlog
C:\USERS\MAIK\DESKTOP\VXKEX\01-EXTENDED DLLS\KXMI\RELEASE\DLLMAIN.OBJ
C:\Users\maik\Desktop\VxKex\01-Extended DLLs\KxMi\Release\forwards.obj
C:\USERS\MAIK\DESKTOP\VXKEX\01-EXTENDED DLLS\KXMI\RELEASE\KXMI.RES
C:\Users\maik\Desktop\VxKex\01-Extended DLLs\KxMi\Release\KxMi.vcxprojResolveAssemblyReference.cache
C:\Users\maik\Desktop\VxKex\01-Extended DLLs\KxMi\Release\KxMi.write.1.tlog
C:\Users\maik\Desktop\VxKex\01-Extended DLLs\KxMi\Release\link.command.1.tlog
C:\Users\maik\Desktop\VxKex\01-Extended DLLs\KxMi\Release\link.read.1.tlog
C:\Users\maik\Desktop\VxKex\01-Extended DLLs\KxMi\Release\link.write.1.tlog
C:\Users\maik\Desktop\VxKex\01-Extended DLLs\KxMi\Release\link-cvtres.read.1.tlog
C:\Users\maik\Desktop\VxKex\01-Extended DLLs\KxMi\Release\link-cvtres.write.1.tlog
C:\USERS\MAIK\DESKTOP\VXKEX\01-EXTENDED DLLS\KXMI\RELEASE\POWRPROF.OBJ
C:\Users\maik\Desktop\VxKex\01-Extended DLLs\KxMi\Release\rc.command.1.tlog
C:\Users\maik\Desktop\VxKex\01-Extended DLLs\KxMi\Release\rc.read.1.tlog
C:\Users\maik\Desktop\VxKex\01-Extended DLLs\KxMi\Release\rc.write.1.tlog
C:\USERS\MAIK\DESKTOP\VXKEX\01-EXTENDED DLLS\KXMI\RELEASE\USERENV.OBJ
C:\USERS\MAIK\DESKTOP\VXKEX\01-EXTENDED DLLS\KXMI\RELEASE\VC100.PDB
C:\USERS\MAIK\DESKTOP\VXKEX\01-EXTENDED DLLS\KXMI\RELEASE\VERSPOOF.OBJ
C:\USERS\MAIK\DESKTOP\VXKEX\01-EXTENDED DLLS\KXMI\RELEASE\WLDP.OBJ
C:\USERS\MAIK\DESKTOP\VXKEX\RELEASE\KXMI.DLL
C:\Users\maik\Desktop\VxKex\Release\KxMi.exp
C:\Users\maik\Desktop\VxKex\Release\KxMi.lib
C:\USERS\MAIK\DESKTOP\VXKEX\RELEASE\KXMI.PDB
