Build started 2/17/2025 2:00:39 PM.
     1>Project "C:\Users\maik\Desktop\VxKex-main\01-Extended DLLs\KxUser\KxUser.vcxproj" on node 8 (build target(s)).
     1>InitializeBuildStatus:
         Creating "Release\KxUser.unsuccessfulbuild" because "AlwaysCreate" was specified.
       ClCompile:
         All outputs are up-to-date.
       ResourceCompile:
         All outputs are up-to-date.
       Link:
         C:\Program Files (x86)\Microsoft Visual Studio 10.0\VC\bin\link.exe /ERRORREPORT:PROMPT /OUT:"C:\Users\maik\Desktop\VxKex-main\Release\KxUser.dll" /INCREMENTAL:NO /NOLOGO /LIBPATH:"C:\Users\maik\Desktop\VxKex-main\Release\\" /LIBPATH:"C:\Users\maik\Desktop\VxKex-main\\00-Import Libraries" /DEF:"kxuser.def" /MANIFEST:NO /DEBUG /PDB:"C:\Users\maik\Desktop\VxKex-main\Release\KxUser.pdb" /SUBSYSTEM:WINDOWS /OPT:REF /OPT:ICF /LTCG /TLBID:1 /ENTRY:"DllMain" /RELEASE /DYNAMICBASE /NXCOMPAT /IMPLIB:"C:\Users\maik\Desktop\VxKex-main\Release\KxUser.lib" /MACHINE:X86 /DLL Release\KxUser.res
         Release\autorot.obj
         Release\blutooth.obj
         Release\dllmain.obj
         Release\forwards.obj
         Release\misc.obj
         Release\pointer.obj
         Release\pwrnotfy.obj
         Release\scaling.obj
         Release\sysmetrc.obj
         Release\timer.obj /ignore:4104 /ignore:4197 
            Creating library C:\Users\maik\Desktop\VxKex-main\Release\KxUser.lib and object C:\Users\maik\Desktop\VxKex-main\Release\KxUser.exp
         Generating code
         Finished generating code
         KxUser.vcxproj -> C:\Users\maik\Desktop\VxKex-main\Release\KxUser.dll
       FinalizeBuildStatus:
         Deleting file "Release\KxUser.unsuccessfulbuild".
         Touching "Release\KxUser.lastbuildstate".
     1>Done Building Project "C:\Users\maik\Desktop\VxKex-main\01-Extended DLLs\KxUser\KxUser.vcxproj" (build target(s)).

Build succeeded.

Time Elapsed 00:00:00.18
