C:\USERS\MAIK\DESKTOP\VXKEX\01-EXTENDED DLLS\KXUSER\RELEASE\AUTOROT.OBJ
C:\USERS\MAIK\DESKTOP\VXKEX\01-EXTENDED DLLS\KXUSER\RELEASE\BLUTOOTH.OBJ
C:\Users\maik\Desktop\VxKex\01-Extended DLLs\KxUser\Release\CL.11176.read.1.tlog
C:\Users\maik\Desktop\VxKex\01-Extended DLLs\KxUser\Release\CL.11176.write.1.tlog
C:\Users\maik\Desktop\VxKex\01-Extended DLLs\KxUser\Release\CL.11196.read.1.tlog
C:\Users\maik\Desktop\VxKex\01-Extended DLLs\KxUser\Release\CL.11196.write.1.tlog
C:\Users\maik\Desktop\VxKex\01-Extended DLLs\KxUser\Release\CL.11356.read.1.tlog
C:\Users\maik\Desktop\VxKex\01-Extended DLLs\KxUser\Release\CL.11356.write.1.tlog
C:\Users\maik\Desktop\VxKex\01-Extended DLLs\KxUser\Release\CL.13644.read.1.tlog
C:\Users\maik\Desktop\VxKex\01-Extended DLLs\KxUser\Release\CL.13644.write.1.tlog
C:\Users\maik\Desktop\VxKex\01-Extended DLLs\KxUser\Release\CL.15228.read.1.tlog
C:\Users\maik\Desktop\VxKex\01-Extended DLLs\KxUser\Release\CL.15228.write.1.tlog
C:\Users\maik\Desktop\VxKex\01-Extended DLLs\KxUser\Release\CL.16004.read.1.tlog
C:\Users\maik\Desktop\VxKex\01-Extended DLLs\KxUser\Release\CL.16004.write.1.tlog
C:\Users\maik\Desktop\VxKex\01-Extended DLLs\KxUser\Release\CL.16148.read.1.tlog
C:\Users\maik\Desktop\VxKex\01-Extended DLLs\KxUser\Release\CL.16148.write.1.tlog
C:\Users\maik\Desktop\VxKex\01-Extended DLLs\KxUser\Release\CL.16348.read.1.tlog
C:\Users\maik\Desktop\VxKex\01-Extended DLLs\KxUser\Release\CL.16348.write.1.tlog
C:\Users\maik\Desktop\VxKex\01-Extended DLLs\KxUser\Release\CL.16432.read.1.tlog
C:\Users\maik\Desktop\VxKex\01-Extended DLLs\KxUser\Release\CL.16432.write.1.tlog
C:\Users\maik\Desktop\VxKex\01-Extended DLLs\KxUser\Release\CL.17124.read.1.tlog
C:\Users\maik\Desktop\VxKex\01-Extended DLLs\KxUser\Release\CL.17124.write.1.tlog
C:\Users\maik\Desktop\VxKex\01-Extended DLLs\KxUser\Release\CL.17704.read.1.tlog
C:\Users\maik\Desktop\VxKex\01-Extended DLLs\KxUser\Release\CL.17704.write.1.tlog
C:\Users\maik\Desktop\VxKex\01-Extended DLLs\KxUser\Release\CL.18128.read.1.tlog
C:\Users\maik\Desktop\VxKex\01-Extended DLLs\KxUser\Release\CL.18128.write.1.tlog
C:\Users\maik\Desktop\VxKex\01-Extended DLLs\KxUser\Release\CL.18164.read.1.tlog
C:\Users\maik\Desktop\VxKex\01-Extended DLLs\KxUser\Release\CL.18164.write.1.tlog
C:\Users\maik\Desktop\VxKex\01-Extended DLLs\KxUser\Release\CL.18468.read.1.tlog
C:\Users\maik\Desktop\VxKex\01-Extended DLLs\KxUser\Release\CL.18468.write.1.tlog
C:\Users\maik\Desktop\VxKex\01-Extended DLLs\KxUser\Release\CL.2608.read.1.tlog
C:\Users\maik\Desktop\VxKex\01-Extended DLLs\KxUser\Release\CL.2608.write.1.tlog
C:\Users\maik\Desktop\VxKex\01-Extended DLLs\KxUser\Release\CL.5832.read.1.tlog
C:\Users\maik\Desktop\VxKex\01-Extended DLLs\KxUser\Release\CL.5832.write.1.tlog
C:\Users\maik\Desktop\VxKex\01-Extended DLLs\KxUser\Release\cl.command.1.tlog
C:\Users\maik\Desktop\VxKex\01-Extended DLLs\KxUser\Release\CL.read.1.tlog
C:\Users\maik\Desktop\VxKex\01-Extended DLLs\KxUser\Release\cl.write.1.tlog
C:\USERS\MAIK\DESKTOP\VXKEX\01-EXTENDED DLLS\KXUSER\RELEASE\DLLMAIN.OBJ
C:\Users\maik\Desktop\VxKex\01-Extended DLLs\KxUser\Release\forwards.obj
C:\USERS\MAIK\DESKTOP\VXKEX\01-EXTENDED DLLS\KXUSER\RELEASE\KXUSER.RES
C:\Users\maik\Desktop\VxKex\01-Extended DLLs\KxUser\Release\KxUser.write.1.tlog
C:\Users\maik\Desktop\VxKex\01-Extended DLLs\KxUser\Release\link.command.1.tlog
C:\Users\maik\Desktop\VxKex\01-Extended DLLs\KxUser\Release\link.read.1.tlog
C:\Users\maik\Desktop\VxKex\01-Extended DLLs\KxUser\Release\link.write.1.tlog
C:\Users\maik\Desktop\VxKex\01-Extended DLLs\KxUser\Release\link-cvtres.read.1.tlog
C:\Users\maik\Desktop\VxKex\01-Extended DLLs\KxUser\Release\link-cvtres.write.1.tlog
C:\USERS\MAIK\DESKTOP\VXKEX\01-EXTENDED DLLS\KXUSER\RELEASE\MISC.OBJ
C:\USERS\MAIK\DESKTOP\VXKEX\01-EXTENDED DLLS\KXUSER\RELEASE\POINTER.OBJ
C:\USERS\MAIK\DESKTOP\VXKEX\01-EXTENDED DLLS\KXUSER\RELEASE\PWRNOTFY.OBJ
C:\Users\maik\Desktop\VxKex\01-Extended DLLs\KxUser\Release\rc.command.1.tlog
C:\Users\maik\Desktop\VxKex\01-Extended DLLs\KxUser\Release\rc.read.1.tlog
C:\Users\maik\Desktop\VxKex\01-Extended DLLs\KxUser\Release\rc.write.1.tlog
C:\USERS\MAIK\DESKTOP\VXKEX\01-EXTENDED DLLS\KXUSER\RELEASE\SCALING.OBJ
C:\USERS\MAIK\DESKTOP\VXKEX\01-EXTENDED DLLS\KXUSER\RELEASE\SYSMETRC.OBJ
C:\USERS\MAIK\DESKTOP\VXKEX\01-EXTENDED DLLS\KXUSER\RELEASE\TIMER.OBJ
C:\USERS\MAIK\DESKTOP\VXKEX\01-EXTENDED DLLS\KXUSER\RELEASE\VC100.PDB
C:\USERS\MAIK\DESKTOP\VXKEX\RELEASE\KXUSER.DLL
C:\Users\maik\Desktop\VxKex\Release\KxUser.exp
C:\Users\maik\Desktop\VxKex\Release\KxUser.lib
C:\USERS\MAIK\DESKTOP\VXKEX\RELEASE\KXUSER.PDB
