C:\Users\maik\Desktop\VxKex\01-Extended DLLs\KxUia\x64\Debug\CL.16756.read.1.tlog
C:\Users\maik\Desktop\VxKex\01-Extended DLLs\KxUia\x64\Debug\CL.16756.write.1.tlog
C:\Users\maik\Desktop\VxKex\01-Extended DLLs\KxUia\x64\Debug\CL.16852.read.1.tlog
C:\Users\maik\Desktop\VxKex\01-Extended DLLs\KxUia\x64\Debug\CL.16852.write.1.tlog
C:\Users\maik\Desktop\VxKex\01-Extended DLLs\KxUia\x64\Debug\CL.1824.read.1.tlog
C:\Users\maik\Desktop\VxKex\01-Extended DLLs\KxUia\x64\Debug\CL.1824.write.1.tlog
C:\Users\maik\Desktop\VxKex\01-Extended DLLs\KxUia\x64\Debug\cl.command.1.tlog
C:\Users\maik\Desktop\VxKex\01-Extended DLLs\KxUia\x64\Debug\CL.read.1.tlog
C:\Users\maik\Desktop\VxKex\01-Extended DLLs\KxUia\x64\Debug\cl.write.1.tlog
C:\Users\maik\Desktop\VxKex\01-Extended DLLs\KxUia\x64\Debug\dllmain.obj
C:\Users\maik\Desktop\VxKex\01-Extended DLLs\KxUia\x64\Debug\forwards.obj
C:\USERS\MAIK\DESKTOP\VXKEX\01-EXTENDED DLLS\KXUIA\X64\DEBUG\KXUIA.RES
C:\Users\maik\Desktop\VxKex\01-Extended DLLs\KxUia\x64\Debug\KxUia.write.1.tlog
C:\Users\maik\Desktop\VxKex\01-Extended DLLs\KxUia\x64\Debug\link.command.1.tlog
C:\Users\maik\Desktop\VxKex\01-Extended DLLs\KxUia\x64\Debug\link.read.1.tlog
C:\Users\maik\Desktop\VxKex\01-Extended DLLs\KxUia\x64\Debug\link.write.1.tlog
C:\Users\maik\Desktop\VxKex\01-Extended DLLs\KxUia\x64\Debug\link-cvtres.read.1.tlog
C:\Users\maik\Desktop\VxKex\01-Extended DLLs\KxUia\x64\Debug\link-cvtres.write.1.tlog
C:\Users\maik\Desktop\VxKex\01-Extended DLLs\KxUia\x64\Debug\rc.command.1.tlog
C:\Users\maik\Desktop\VxKex\01-Extended DLLs\KxUia\x64\Debug\rc.read.1.tlog
C:\Users\maik\Desktop\VxKex\01-Extended DLLs\KxUia\x64\Debug\rc.write.1.tlog
C:\Users\maik\Desktop\VxKex\01-Extended DLLs\KxUia\x64\Debug\uia.obj
C:\USERS\MAIK\DESKTOP\VXKEX\01-EXTENDED DLLS\KXUIA\X64\DEBUG\VC100.PDB
C:\USERS\MAIK\DESKTOP\VXKEX\X64\DEBUG\KXUIA.DLL
C:\Users\maik\Desktop\VxKex\x64\Debug\KxUia.exp
C:\Users\maik\Desktop\VxKex\x64\Debug\KxUia.lib
C:\USERS\MAIK\DESKTOP\VXKEX\X64\DEBUG\KXUIA.PDB
