Build started 1/2/2025 4:50:02 AM.
     1>Project "C:\Users\maik\Desktop\VxKex\01-Extended DLLs\KxUia\KxUia.vcxproj" on node 3 (build target(s)).
     1>InitializeBuildStatus:
         Touching "x64\Debug\KxUia.unsuccessfulbuild".
       ClCompile:
         All outputs are up-to-date.
       ResourceCompile:
         All outputs are up-to-date.
       Link:
         C:\Program Files (x86)\Microsoft Visual Studio 10.0\VC\bin\x86_amd64\link.exe /ERRORREPORT:PROMPT /OUT:"C:\Users\maik\Desktop\VxKex\x64\Debug\KxUia.dll" /INCREMENTAL:NO /NOLOGO /LIBPATH:C:\Users\maik\Desktop\VxKex\x64\Debug\ /LIBPATH:"C:\Users\maik\Desktop\VxKex\\00-Import Libraries" /WX /DEF:"kxuia.def" /MANIFEST:NO /DEBUG /PDB:"C:\Users\maik\Desktop\VxKex\x64\Debug\KxUia.pdb" /SUBSYSTEM:WINDOWS /TLBID:1 /RELEASE /DYNAMICBASE /NXCOMPAT /IMPLIB:"C:\Users\maik\Desktop\VxKex\x64\Debug\KxUia.lib" /MACHINE:X64 /DLL x64\Debug\kxuia.res
         x64\Debug\dllmain.obj
         x64\Debug\forwards.obj
         x64\Debug\uia.obj
            Creating library C:\Users\maik\Desktop\VxKex\x64\Debug\KxUia.lib and object C:\Users\maik\Desktop\VxKex\x64\Debug\KxUia.exp
         KxUia.vcxproj -> C:\Users\maik\Desktop\VxKex\x64\Debug\KxUia.dll
       FinalizeBuildStatus:
         Deleting file "x64\Debug\KxUia.unsuccessfulbuild".
         Touching "x64\Debug\KxUia.lastbuildstate".
     1>Done Building Project "C:\Users\maik\Desktop\VxKex\01-Extended DLLs\KxUia\KxUia.vcxproj" (build target(s)).

Build succeeded.

Time Elapsed 00:00:00.14
