Build started 1/1/2025 7:45:19 PM.
     1>Project "C:\Users\maik\Desktop\VxKex\01-Extended DLLs\KxBase\kxbase.vcxproj" on node 6 (build target(s)).
     1>InitializeBuildStatus:
         Creating "Debug\KxBase.unsuccessfulbuild" because "AlwaysCreate" was specified.
       ClCompile:
         All outputs are up-to-date.
       ResourceCompile:
         C:\Program Files (x86)\Microsoft SDKs\Windows\v7.0A\bin\rc.exe /D _UNICODE /D UNICODE /l"0x0409" /I"C:\Users\maik\Desktop\VxKex\\00-Common Headers" /nologo /fo"Debug\KxBase.res" KxBase.rc 
       Link:
         C:\Program Files (x86)\Microsoft Visual Studio 10.0\VC\bin\link.exe /ERRORREPORT:PROMPT /OUT:"C:\Users\maik\Desktop\VxKex\Debug\KxBase.dll" /INCREMENTAL:NO /NOLOGO /LIBPATH:C:\Users\maik\Desktop\VxKex\Debug\ /LIBPATH:"C:\Users\maik\Desktop\VxKex\\00-Import Libraries" /DEF:"kxbase.def" /MANIFEST:NO /DEBUG /PDB:"C:\Users\maik\Desktop\VxKex\Debug\KxBase.pdb" /SUBSYSTEM:WINDOWS /TLBID:1 /RELEASE /DYNAMICBASE /NXCOMPAT /IMPLIB:"C:\Users\maik\Desktop\VxKex\Debug\KxBase.lib" /MACHINE:X86 /DLL Debug\KxBase.res
         Debug\appmodel.obj
         Debug\cfgmgr.obj
         Debug\dllmain.obj
         Debug\file.obj
         Debug\forwards.obj
         Debug\geoname.obj
         Debug\heap.obj
         Debug\misc.obj
         Debug\module.obj
         Debug\process.obj
         Debug\pssapi.obj
         Debug\security.obj
         Debug\stubs.obj
         Debug\support.obj
         Debug\synch.obj
         Debug\thread.obj
         Debug\time.obj
         Debug\token.obj
         Debug\verspoof.obj
         Debug\vmem.obj
         Debug\wow64.obj
            Creating library C:\Users\maik\Desktop\VxKex\Debug\KxBase.lib and object C:\Users\maik\Desktop\VxKex\Debug\KxBase.exp
         kxbase.vcxproj -> C:\Users\maik\Desktop\VxKex\Debug\KxBase.dll
       FinalizeBuildStatus:
         Deleting file "Debug\KxBase.unsuccessfulbuild".
         Touching "Debug\KxBase.lastbuildstate".
     1>Done Building Project "C:\Users\maik\Desktop\VxKex\01-Extended DLLs\KxBase\kxbase.vcxproj" (build target(s)).

Build succeeded.

Time Elapsed 00:00:00.32
