C:\USERS\MAIK\DESKTOP\VXKEX\01-EXTENDED DLLS\KXBASE\DEBUG\APPMODEL.OBJ
C:\USERS\MAIK\DESKTOP\VXKEX\01-EXTENDED DLLS\KXBASE\DEBUG\CFGMGR.OBJ
C:\Users\maik\Desktop\VxKex\01-Extended DLLs\KxBase\Debug\CL.12064.read.1.tlog
C:\Users\maik\Desktop\VxKex\01-Extended DLLs\KxBase\Debug\CL.12064.write.1.tlog
C:\Users\maik\Desktop\VxKex\01-Extended DLLs\KxBase\Debug\CL.12144.read.1.tlog
C:\Users\maik\Desktop\VxKex\01-Extended DLLs\KxBase\Debug\CL.12144.write.1.tlog
C:\Users\maik\Desktop\VxKex\01-Extended DLLs\KxBase\Debug\CL.13528.read.1.tlog
C:\Users\maik\Desktop\VxKex\01-Extended DLLs\KxBase\Debug\CL.13528.write.1.tlog
C:\Users\maik\Desktop\VxKex\01-Extended DLLs\KxBase\Debug\CL.15484.read.1.tlog
C:\Users\maik\Desktop\VxKex\01-Extended DLLs\KxBase\Debug\CL.15484.write.1.tlog
C:\Users\maik\Desktop\VxKex\01-Extended DLLs\KxBase\Debug\CL.15500.read.1.tlog
C:\Users\maik\Desktop\VxKex\01-Extended DLLs\KxBase\Debug\CL.15500.write.1.tlog
C:\Users\maik\Desktop\VxKex\01-Extended DLLs\KxBase\Debug\CL.15936.read.1.tlog
C:\Users\maik\Desktop\VxKex\01-Extended DLLs\KxBase\Debug\CL.15936.write.1.tlog
C:\Users\maik\Desktop\VxKex\01-Extended DLLs\KxBase\Debug\CL.16012.read.1.tlog
C:\Users\maik\Desktop\VxKex\01-Extended DLLs\KxBase\Debug\CL.16012.write.1.tlog
C:\Users\maik\Desktop\VxKex\01-Extended DLLs\KxBase\Debug\CL.16040.read.1.tlog
C:\Users\maik\Desktop\VxKex\01-Extended DLLs\KxBase\Debug\CL.16040.write.1.tlog
C:\Users\maik\Desktop\VxKex\01-Extended DLLs\KxBase\Debug\CL.16288.read.1.tlog
C:\Users\maik\Desktop\VxKex\01-Extended DLLs\KxBase\Debug\CL.16288.write.1.tlog
C:\Users\maik\Desktop\VxKex\01-Extended DLLs\KxBase\Debug\CL.16688.read.1.tlog
C:\Users\maik\Desktop\VxKex\01-Extended DLLs\KxBase\Debug\CL.16688.write.1.tlog
C:\Users\maik\Desktop\VxKex\01-Extended DLLs\KxBase\Debug\CL.17012.read.1.tlog
C:\Users\maik\Desktop\VxKex\01-Extended DLLs\KxBase\Debug\CL.17012.write.1.tlog
C:\Users\maik\Desktop\VxKex\01-Extended DLLs\KxBase\Debug\CL.17028.read.1.tlog
C:\Users\maik\Desktop\VxKex\01-Extended DLLs\KxBase\Debug\CL.17028.write.1.tlog
C:\Users\maik\Desktop\VxKex\01-Extended DLLs\KxBase\Debug\CL.17044.read.1.tlog
C:\Users\maik\Desktop\VxKex\01-Extended DLLs\KxBase\Debug\CL.17044.write.1.tlog
C:\Users\maik\Desktop\VxKex\01-Extended DLLs\KxBase\Debug\CL.17088.read.1.tlog
C:\Users\maik\Desktop\VxKex\01-Extended DLLs\KxBase\Debug\CL.17088.write.1.tlog
C:\Users\maik\Desktop\VxKex\01-Extended DLLs\KxBase\Debug\CL.2472.read.1.tlog
C:\Users\maik\Desktop\VxKex\01-Extended DLLs\KxBase\Debug\CL.2472.write.1.tlog
C:\Users\maik\Desktop\VxKex\01-Extended DLLs\KxBase\Debug\CL.484.read.1.tlog
C:\Users\maik\Desktop\VxKex\01-Extended DLLs\KxBase\Debug\CL.484.write.1.tlog
C:\Users\maik\Desktop\VxKex\01-Extended DLLs\KxBase\Debug\cl.command.1.tlog
C:\Users\maik\Desktop\VxKex\01-Extended DLLs\KxBase\Debug\CL.read.1.tlog
C:\Users\maik\Desktop\VxKex\01-Extended DLLs\KxBase\Debug\cl.write.1.tlog
C:\USERS\MAIK\DESKTOP\VXKEX\01-EXTENDED DLLS\KXBASE\DEBUG\DLLMAIN.OBJ
C:\USERS\MAIK\DESKTOP\VXKEX\01-EXTENDED DLLS\KXBASE\DEBUG\FILE.OBJ
C:\Users\maik\Desktop\VxKex\01-Extended DLLs\KxBase\Debug\forwards.obj
C:\USERS\MAIK\DESKTOP\VXKEX\01-EXTENDED DLLS\KXBASE\DEBUG\GEONAME.OBJ
C:\USERS\MAIK\DESKTOP\VXKEX\01-EXTENDED DLLS\KXBASE\DEBUG\HEAP.OBJ
C:\USERS\MAIK\DESKTOP\VXKEX\01-EXTENDED DLLS\KXBASE\DEBUG\KXBASE.RES
C:\Users\maik\Desktop\VxKex\01-Extended DLLs\KxBase\Debug\KxBase.write.1.tlog
C:\Users\maik\Desktop\VxKex\01-Extended DLLs\KxBase\Debug\link.command.1.tlog
C:\Users\maik\Desktop\VxKex\01-Extended DLLs\KxBase\Debug\link.read.1.tlog
C:\Users\maik\Desktop\VxKex\01-Extended DLLs\KxBase\Debug\link.write.1.tlog
C:\Users\maik\Desktop\VxKex\01-Extended DLLs\KxBase\Debug\link-cvtres.read.1.tlog
C:\Users\maik\Desktop\VxKex\01-Extended DLLs\KxBase\Debug\link-cvtres.write.1.tlog
C:\USERS\MAIK\DESKTOP\VXKEX\01-EXTENDED DLLS\KXBASE\DEBUG\MISC.OBJ
C:\USERS\MAIK\DESKTOP\VXKEX\01-EXTENDED DLLS\KXBASE\DEBUG\MODULE.OBJ
C:\USERS\MAIK\DESKTOP\VXKEX\01-EXTENDED DLLS\KXBASE\DEBUG\PROCESS.OBJ
C:\USERS\MAIK\DESKTOP\VXKEX\01-EXTENDED DLLS\KXBASE\DEBUG\PSSAPI.OBJ
C:\Users\maik\Desktop\VxKex\01-Extended DLLs\KxBase\Debug\rc.command.1.tlog
C:\Users\maik\Desktop\VxKex\01-Extended DLLs\KxBase\Debug\rc.read.1.tlog
C:\Users\maik\Desktop\VxKex\01-Extended DLLs\KxBase\Debug\rc.write.1.tlog
C:\USERS\MAIK\DESKTOP\VXKEX\01-EXTENDED DLLS\KXBASE\DEBUG\SECURITY.OBJ
C:\USERS\MAIK\DESKTOP\VXKEX\01-EXTENDED DLLS\KXBASE\DEBUG\STUBS.OBJ
C:\USERS\MAIK\DESKTOP\VXKEX\01-EXTENDED DLLS\KXBASE\DEBUG\SUPPORT.OBJ
C:\USERS\MAIK\DESKTOP\VXKEX\01-EXTENDED DLLS\KXBASE\DEBUG\SYNCH.OBJ
C:\USERS\MAIK\DESKTOP\VXKEX\01-EXTENDED DLLS\KXBASE\DEBUG\THREAD.OBJ
C:\USERS\MAIK\DESKTOP\VXKEX\01-EXTENDED DLLS\KXBASE\DEBUG\TIME.OBJ
C:\USERS\MAIK\DESKTOP\VXKEX\01-EXTENDED DLLS\KXBASE\DEBUG\TOKEN.OBJ
C:\USERS\MAIK\DESKTOP\VXKEX\01-EXTENDED DLLS\KXBASE\DEBUG\VC100.PDB
C:\USERS\MAIK\DESKTOP\VXKEX\01-EXTENDED DLLS\KXBASE\DEBUG\VERSPOOF.OBJ
C:\USERS\MAIK\DESKTOP\VXKEX\01-EXTENDED DLLS\KXBASE\DEBUG\VMEM.OBJ
C:\USERS\MAIK\DESKTOP\VXKEX\01-EXTENDED DLLS\KXBASE\DEBUG\WOW64.OBJ
C:\USERS\MAIK\DESKTOP\VXKEX\DEBUG\KXBASE.DLL
C:\Users\maik\Desktop\VxKex\Debug\KxBase.exp
C:\Users\maik\Desktop\VxKex\Debug\KxBase.lib
C:\USERS\MAIK\DESKTOP\VXKEX\DEBUG\KXBASE.PDB
