C:\USERS\MAIK\DESKTOP\VXKEX-MAIN\DEBUG\KXCFGHLP.LIB
C:\Users\maik\Desktop\VxKex-main\KxCfgHlp\Debug\CL.11844.read.1.tlog
C:\Users\maik\Desktop\VxKex-main\KxCfgHlp\Debug\CL.11844.write.1.tlog
C:\Users\maik\Desktop\VxKex-main\KxCfgHlp\Debug\CL.11852.read.1.tlog
C:\Users\maik\Desktop\VxKex-main\KxCfgHlp\Debug\CL.11852.write.1.tlog
C:\Users\maik\Desktop\VxKex-main\KxCfgHlp\Debug\CL.11860.read.1.tlog
C:\Users\maik\Desktop\VxKex-main\KxCfgHlp\Debug\CL.11860.write.1.tlog
C:\Users\maik\Desktop\VxKex-main\KxCfgHlp\Debug\CL.11868.read.1.tlog
C:\Users\maik\Desktop\VxKex-main\KxCfgHlp\Debug\CL.11868.write.1.tlog
C:\Users\maik\Desktop\VxKex-main\KxCfgHlp\Debug\CL.11876.read.1.tlog
C:\Users\maik\Desktop\VxKex-main\KxCfgHlp\Debug\CL.11876.write.1.tlog
C:\Users\maik\Desktop\VxKex-main\KxCfgHlp\Debug\CL.11884.read.1.tlog
C:\Users\maik\Desktop\VxKex-main\KxCfgHlp\Debug\CL.11884.write.1.tlog
C:\Users\maik\Desktop\VxKex-main\KxCfgHlp\Debug\CL.11892.read.1.tlog
C:\Users\maik\Desktop\VxKex-main\KxCfgHlp\Debug\CL.11892.write.1.tlog
C:\Users\maik\Desktop\VxKex-main\KxCfgHlp\Debug\CL.11900.read.1.tlog
C:\Users\maik\Desktop\VxKex-main\KxCfgHlp\Debug\CL.11900.write.1.tlog
C:\Users\maik\Desktop\VxKex-main\KxCfgHlp\Debug\CL.11908.read.1.tlog
C:\Users\maik\Desktop\VxKex-main\KxCfgHlp\Debug\CL.11908.write.1.tlog
C:\Users\maik\Desktop\VxKex-main\KxCfgHlp\Debug\CL.11916.read.1.tlog
C:\Users\maik\Desktop\VxKex-main\KxCfgHlp\Debug\CL.11916.write.1.tlog
C:\Users\maik\Desktop\VxKex-main\KxCfgHlp\Debug\CL.11924.read.1.tlog
C:\Users\maik\Desktop\VxKex-main\KxCfgHlp\Debug\CL.11924.write.1.tlog
C:\Users\maik\Desktop\VxKex-main\KxCfgHlp\Debug\CL.11932.read.1.tlog
C:\Users\maik\Desktop\VxKex-main\KxCfgHlp\Debug\CL.11932.write.1.tlog
C:\Users\maik\Desktop\VxKex-main\KxCfgHlp\Debug\cl.command.1.tlog
C:\Users\maik\Desktop\VxKex-main\KxCfgHlp\Debug\CL.read.1.tlog
C:\Users\maik\Desktop\VxKex-main\KxCfgHlp\Debug\cl.write.1.tlog
C:\Users\maik\Desktop\VxKex-main\KxCfgHlp\Debug\cpiwbypa.obj
C:\Users\maik\Desktop\VxKex-main\KxCfgHlp\Debug\ctxmenu.obj
C:\Users\maik\Desktop\VxKex-main\KxCfgHlp\Debug\delcfg.obj
C:\Users\maik\Desktop\VxKex-main\KxCfgHlp\Debug\dskclnup.obj
C:\Users\maik\Desktop\VxKex-main\KxCfgHlp\Debug\elevate.obj
C:\Users\maik\Desktop\VxKex-main\KxCfgHlp\Debug\getcfg.obj
C:\Users\maik\Desktop\VxKex-main\KxCfgHlp\Debug\kexdir.obj
C:\Users\maik\Desktop\VxKex-main\KxCfgHlp\Debug\KxCfgHlp.write.1.tlog
C:\Users\maik\Desktop\VxKex-main\KxCfgHlp\Debug\kxcfgp.obj
C:\Users\maik\Desktop\VxKex-main\KxCfgHlp\Debug\lib.command.1.tlog
C:\Users\maik\Desktop\VxKex-main\KxCfgHlp\Debug\Lib-link.read.1.tlog
C:\Users\maik\Desktop\VxKex-main\KxCfgHlp\Debug\Lib-link.write.1.tlog
C:\Users\maik\Desktop\VxKex-main\KxCfgHlp\Debug\logging.obj
C:\Users\maik\Desktop\VxKex-main\KxCfgHlp\Debug\msisup.obj
C:\Users\maik\Desktop\VxKex-main\KxCfgHlp\Debug\openkey.obj
C:\Users\maik\Desktop\VxKex-main\KxCfgHlp\Debug\setcfg.obj
C:\USERS\MAIK\DESKTOP\VXKEX-MAIN\KXCFGHLP\DEBUG\VC100.PDB
