C:\Users\maik\Desktop\VxKex-main\KxCfgHlp\Release\CL.10148.read.1.tlog
C:\Users\maik\Desktop\VxKex-main\KxCfgHlp\Release\CL.10148.write.1.tlog
C:\Users\maik\Desktop\VxKex-main\KxCfgHlp\Release\CL.10840.read.1.tlog
C:\Users\maik\Desktop\VxKex-main\KxCfgHlp\Release\CL.10840.write.1.tlog
C:\Users\maik\Desktop\VxKex-main\KxCfgHlp\Release\CL.11268.read.1.tlog
C:\Users\maik\Desktop\VxKex-main\KxCfgHlp\Release\CL.11268.write.1.tlog
C:\Users\maik\Desktop\VxKex-main\KxCfgHlp\Release\CL.11308.read.1.tlog
C:\Users\maik\Desktop\VxKex-main\KxCfgHlp\Release\CL.11308.write.1.tlog
C:\Users\maik\Desktop\VxKex-main\KxCfgHlp\Release\CL.11580.read.1.tlog
C:\Users\maik\Desktop\VxKex-main\KxCfgHlp\Release\CL.11580.write.1.tlog
C:\Users\maik\Desktop\VxKex-main\KxCfgHlp\Release\CL.11724.read.1.tlog
C:\Users\maik\Desktop\VxKex-main\KxCfgHlp\Release\CL.11724.write.1.tlog
C:\Users\maik\Desktop\VxKex-main\KxCfgHlp\Release\CL.11736.read.1.tlog
C:\Users\maik\Desktop\VxKex-main\KxCfgHlp\Release\CL.11736.write.1.tlog
C:\Users\maik\Desktop\VxKex-main\KxCfgHlp\Release\CL.11748.read.1.tlog
C:\Users\maik\Desktop\VxKex-main\KxCfgHlp\Release\CL.11748.write.1.tlog
C:\Users\maik\Desktop\VxKex-main\KxCfgHlp\Release\CL.11784.read.1.tlog
C:\Users\maik\Desktop\VxKex-main\KxCfgHlp\Release\CL.11784.write.1.tlog
C:\Users\maik\Desktop\VxKex-main\KxCfgHlp\Release\CL.12276.read.1.tlog
C:\Users\maik\Desktop\VxKex-main\KxCfgHlp\Release\CL.12276.write.1.tlog
C:\Users\maik\Desktop\VxKex-main\KxCfgHlp\Release\CL.7504.read.1.tlog
C:\Users\maik\Desktop\VxKex-main\KxCfgHlp\Release\CL.7504.write.1.tlog
C:\Users\maik\Desktop\VxKex-main\KxCfgHlp\Release\CL.8320.read.1.tlog
C:\Users\maik\Desktop\VxKex-main\KxCfgHlp\Release\CL.8320.write.1.tlog
C:\Users\maik\Desktop\VxKex-main\KxCfgHlp\Release\cl.command.1.tlog
C:\Users\maik\Desktop\VxKex-main\KxCfgHlp\Release\CL.read.1.tlog
C:\Users\maik\Desktop\VxKex-main\KxCfgHlp\Release\cl.write.1.tlog
C:\Users\maik\Desktop\VxKex-main\KxCfgHlp\Release\cpiwbypa.obj
C:\Users\maik\Desktop\VxKex-main\KxCfgHlp\Release\ctxmenu.obj
C:\Users\maik\Desktop\VxKex-main\KxCfgHlp\Release\delcfg.obj
C:\Users\maik\Desktop\VxKex-main\KxCfgHlp\Release\dskclnup.obj
C:\Users\maik\Desktop\VxKex-main\KxCfgHlp\Release\elevate.obj
C:\Users\maik\Desktop\VxKex-main\KxCfgHlp\Release\getcfg.obj
C:\Users\maik\Desktop\VxKex-main\KxCfgHlp\Release\kexdir.obj
C:\Users\maik\Desktop\VxKex-main\KxCfgHlp\Release\KxCfgHlp.write.1.tlog
C:\Users\maik\Desktop\VxKex-main\KxCfgHlp\Release\kxcfgp.obj
C:\Users\maik\Desktop\VxKex-main\KxCfgHlp\Release\lib.command.1.tlog
C:\Users\maik\Desktop\VxKex-main\KxCfgHlp\Release\Lib-link.read.1.tlog
C:\Users\maik\Desktop\VxKex-main\KxCfgHlp\Release\Lib-link.write.1.tlog
C:\Users\maik\Desktop\VxKex-main\KxCfgHlp\Release\logging.obj
C:\Users\maik\Desktop\VxKex-main\KxCfgHlp\Release\msisup.obj
C:\Users\maik\Desktop\VxKex-main\KxCfgHlp\Release\openkey.obj
C:\Users\maik\Desktop\VxKex-main\KxCfgHlp\Release\setcfg.obj
C:\USERS\MAIK\DESKTOP\VXKEX-MAIN\KXCFGHLP\RELEASE\VC100.PDB
C:\USERS\MAIK\DESKTOP\VXKEX-MAIN\RELEASE\KXCFGHLP.LIB
