C:\Users\maik\Desktop\VxKex\01-Extended DLLs\KxDx\x64\Debug\CL.12152.read.1.tlog
C:\Users\maik\Desktop\VxKex\01-Extended DLLs\KxDx\x64\Debug\CL.12152.write.1.tlog
C:\Users\maik\Desktop\VxKex\01-Extended DLLs\KxDx\x64\Debug\CL.12184.read.1.tlog
C:\Users\maik\Desktop\VxKex\01-Extended DLLs\KxDx\x64\Debug\CL.12184.write.1.tlog
C:\Users\maik\Desktop\VxKex\01-Extended DLLs\KxDx\x64\Debug\CL.1380.read.1.tlog
C:\Users\maik\Desktop\VxKex\01-Extended DLLs\KxDx\x64\Debug\CL.1380.write.1.tlog
C:\Users\maik\Desktop\VxKex\01-Extended DLLs\KxDx\x64\Debug\CL.14740.read.1.tlog
C:\Users\maik\Desktop\VxKex\01-Extended DLLs\KxDx\x64\Debug\CL.14740.write.1.tlog
C:\Users\maik\Desktop\VxKex\01-Extended DLLs\KxDx\x64\Debug\CL.15208.read.1.tlog
C:\Users\maik\Desktop\VxKex\01-Extended DLLs\KxDx\x64\Debug\CL.15208.write.1.tlog
C:\Users\maik\Desktop\VxKex\01-Extended DLLs\KxDx\x64\Debug\CL.9484.read.1.tlog
C:\Users\maik\Desktop\VxKex\01-Extended DLLs\KxDx\x64\Debug\CL.9484.write.1.tlog
C:\Users\maik\Desktop\VxKex\01-Extended DLLs\KxDx\x64\Debug\cl.command.1.tlog
C:\Users\maik\Desktop\VxKex\01-Extended DLLs\KxDx\x64\Debug\CL.read.1.tlog
C:\Users\maik\Desktop\VxKex\01-Extended DLLs\KxDx\x64\Debug\cl.write.1.tlog
C:\Users\maik\Desktop\VxKex\01-Extended DLLs\KxDx\x64\Debug\dcmpstub.obj
C:\Users\maik\Desktop\VxKex\01-Extended DLLs\KxDx\x64\Debug\dllmain.obj
C:\Users\maik\Desktop\VxKex\01-Extended DLLs\KxDx\x64\Debug\dx12stub.obj
C:\Users\maik\Desktop\VxKex\01-Extended DLLs\KxDx\x64\Debug\factory.obj
C:\Users\maik\Desktop\VxKex\01-Extended DLLs\KxDx\x64\Debug\forwards.obj
C:\Users\maik\Desktop\VxKex\01-Extended DLLs\KxDx\x64\Debug\iid.obj
C:\USERS\MAIK\DESKTOP\VXKEX\01-EXTENDED DLLS\KXDX\X64\DEBUG\KXDX.RES
C:\Users\maik\Desktop\VxKex\01-Extended DLLs\KxDx\x64\Debug\KxDx.write.1.tlog
C:\Users\maik\Desktop\VxKex\01-Extended DLLs\KxDx\x64\Debug\link.command.1.tlog
C:\Users\maik\Desktop\VxKex\01-Extended DLLs\KxDx\x64\Debug\link.read.1.tlog
C:\Users\maik\Desktop\VxKex\01-Extended DLLs\KxDx\x64\Debug\link.write.1.tlog
C:\Users\maik\Desktop\VxKex\01-Extended DLLs\KxDx\x64\Debug\link-cvtres.read.1.tlog
C:\Users\maik\Desktop\VxKex\01-Extended DLLs\KxDx\x64\Debug\link-cvtres.write.1.tlog
C:\Users\maik\Desktop\VxKex\01-Extended DLLs\KxDx\x64\Debug\rc.command.1.tlog
C:\Users\maik\Desktop\VxKex\01-Extended DLLs\KxDx\x64\Debug\rc.read.1.tlog
C:\Users\maik\Desktop\VxKex\01-Extended DLLs\KxDx\x64\Debug\rc.write.1.tlog
C:\USERS\MAIK\DESKTOP\VXKEX\01-EXTENDED DLLS\KXDX\X64\DEBUG\VC100.PDB
C:\USERS\MAIK\DESKTOP\VXKEX\X64\DEBUG\KXDX.DLL
C:\Users\maik\Desktop\VxKex\x64\Debug\KxDx.exp
C:\Users\maik\Desktop\VxKex\x64\Debug\KxDx.lib
C:\USERS\MAIK\DESKTOP\VXKEX\X64\DEBUG\KXDX.PDB
