Build started 1/2/2025 4:49:52 AM.
     1>Project "C:\Users\maik\Desktop\VxKex\01-Extended DLLs\KxDx\KxDx.vcxproj" on node 6 (rebuild target(s)).
     1>_PrepareForClean:
         Deleting file "x64\Debug\KxDx.lastbuildstate".
       InitializeBuildStatus:
         Creating "x64\Debug\KxDx.unsuccessfulbuild" because "AlwaysCreate" was specified.
       ClCompile:
         C:\Program Files (x86)\Microsoft Visual Studio 10.0\VC\bin\x86_amd64\CL.exe /c /I"C:\Users\maik\Desktop\VxKex\\00-Common Headers" /Zi /nologo /W3 /WX /MP /Od /D WIN32 /D _DEBUG /D _WINDOWS /D _USRDLL /D KXDX_EXPORTS /D _WINDLL /D _UNICODE /D UNICODE /Gm- /MDd /GS- /fp:precise /Zc:wchar_t /Zc:forScope /Fo"x64\Debug\\" /Fd"x64\Debug\vc100.pdb" /Gz /TC /errorReport:prompt dcmpstub.c dllmain.c dx12stub.c factory.c forwards.c iid.c
         dcmpstub.c
         dllmain.c
         dx12stub.c
         factory.c
         forwards.c
         iid.c
       ResourceCompile:
         C:\Program Files (x86)\Microsoft SDKs\Windows\v7.0A\bin\rc.exe /D _UNICODE /D UNICODE /l"0x0409" /I"C:\Users\maik\Desktop\VxKex\\00-Common Headers" /nologo /fo"x64\Debug\KxDx.res" KxDx.rc 
       Link:
         C:\Program Files (x86)\Microsoft Visual Studio 10.0\VC\bin\x86_amd64\link.exe /ERRORREPORT:PROMPT /OUT:"C:\Users\maik\Desktop\VxKex\x64\Debug\KxDx.dll" /INCREMENTAL:NO /NOLOGO /LIBPATH:C:\Users\maik\Desktop\VxKex\x64\Debug\ /LIBPATH:"C:\Users\maik\Desktop\VxKex\\00-Import Libraries" /DEF:"kxdx.def" /MANIFEST:NO /DEBUG /PDB:"C:\Users\maik\Desktop\VxKex\x64\Debug\KxDx.pdb" /SUBSYSTEM:WINDOWS /TLBID:1 /ENTRY:"DllMain" /RELEASE /DYNAMICBASE /NXCOMPAT /IMPLIB:"C:\Users\maik\Desktop\VxKex\x64\Debug\KxDx.lib" /MACHINE:X64 /DLL x64\Debug\KxDx.res
         x64\Debug\dcmpstub.obj
         x64\Debug\dllmain.obj
         x64\Debug\dx12stub.obj
         x64\Debug\factory.obj
         x64\Debug\forwards.obj
         x64\Debug\iid.obj
            Creating library C:\Users\maik\Desktop\VxKex\x64\Debug\KxDx.lib and object C:\Users\maik\Desktop\VxKex\x64\Debug\KxDx.exp
         KxDx.vcxproj -> C:\Users\maik\Desktop\VxKex\x64\Debug\KxDx.dll
       FinalizeBuildStatus:
         Deleting file "x64\Debug\KxDx.unsuccessfulbuild".
         Touching "x64\Debug\KxDx.lastbuildstate".
     1>Done Building Project "C:\Users\maik\Desktop\VxKex\01-Extended DLLs\KxDx\KxDx.vcxproj" (rebuild target(s)).

Build succeeded.

Time Elapsed 00:00:02.01
