C:\USERS\MAIK\DESKTOP\VXKEX\01-EXTENDED DLLS\KXCOM\X64\RELEASE\ACTFACT.OBJ
C:\Users\maik\Desktop\VxKex\01-Extended DLLs\KxCom\x64\Release\CL.10216.read.1.tlog
C:\Users\maik\Desktop\VxKex\01-Extended DLLs\KxCom\x64\Release\CL.10216.write.1.tlog
C:\Users\maik\Desktop\VxKex\01-Extended DLLs\KxCom\x64\Release\CL.10988.read.1.tlog
C:\Users\maik\Desktop\VxKex\01-Extended DLLs\KxCom\x64\Release\CL.10988.write.1.tlog
C:\Users\maik\Desktop\VxKex\01-Extended DLLs\KxCom\x64\Release\CL.16616.read.1.tlog
C:\Users\maik\Desktop\VxKex\01-Extended DLLs\KxCom\x64\Release\CL.16616.write.1.tlog
C:\Users\maik\Desktop\VxKex\01-Extended DLLs\KxCom\x64\Release\CL.16624.read.1.tlog
C:\Users\maik\Desktop\VxKex\01-Extended DLLs\KxCom\x64\Release\CL.16624.write.1.tlog
C:\Users\maik\Desktop\VxKex\01-Extended DLLs\KxCom\x64\Release\CL.16632.read.1.tlog
C:\Users\maik\Desktop\VxKex\01-Extended DLLs\KxCom\x64\Release\CL.16632.write.1.tlog
C:\Users\maik\Desktop\VxKex\01-Extended DLLs\KxCom\x64\Release\CL.16640.read.1.tlog
C:\Users\maik\Desktop\VxKex\01-Extended DLLs\KxCom\x64\Release\CL.16640.write.1.tlog
C:\Users\maik\Desktop\VxKex\01-Extended DLLs\KxCom\x64\Release\CL.16648.read.1.tlog
C:\Users\maik\Desktop\VxKex\01-Extended DLLs\KxCom\x64\Release\CL.16648.write.1.tlog
C:\Users\maik\Desktop\VxKex\01-Extended DLLs\KxCom\x64\Release\CL.16656.read.1.tlog
C:\Users\maik\Desktop\VxKex\01-Extended DLLs\KxCom\x64\Release\CL.16656.write.1.tlog
C:\Users\maik\Desktop\VxKex\01-Extended DLLs\KxCom\x64\Release\CL.16664.read.1.tlog
C:\Users\maik\Desktop\VxKex\01-Extended DLLs\KxCom\x64\Release\CL.16664.write.1.tlog
C:\Users\maik\Desktop\VxKex\01-Extended DLLs\KxCom\x64\Release\CL.16672.read.1.tlog
C:\Users\maik\Desktop\VxKex\01-Extended DLLs\KxCom\x64\Release\CL.16672.write.1.tlog
C:\Users\maik\Desktop\VxKex\01-Extended DLLs\KxCom\x64\Release\CL.17636.read.1.tlog
C:\Users\maik\Desktop\VxKex\01-Extended DLLs\KxCom\x64\Release\CL.17636.write.1.tlog
C:\Users\maik\Desktop\VxKex\01-Extended DLLs\KxCom\x64\Release\CL.1772.read.1.tlog
C:\Users\maik\Desktop\VxKex\01-Extended DLLs\KxCom\x64\Release\CL.1772.write.1.tlog
C:\Users\maik\Desktop\VxKex\01-Extended DLLs\KxCom\x64\Release\CL.5084.read.1.tlog
C:\Users\maik\Desktop\VxKex\01-Extended DLLs\KxCom\x64\Release\CL.5084.write.1.tlog
C:\Users\maik\Desktop\VxKex\01-Extended DLLs\KxCom\x64\Release\CL.5696.read.1.tlog
C:\Users\maik\Desktop\VxKex\01-Extended DLLs\KxCom\x64\Release\CL.5696.write.1.tlog
C:\Users\maik\Desktop\VxKex\01-Extended DLLs\KxCom\x64\Release\CL.9060.read.1.tlog
C:\Users\maik\Desktop\VxKex\01-Extended DLLs\KxCom\x64\Release\CL.9060.write.1.tlog
C:\Users\maik\Desktop\VxKex\01-Extended DLLs\KxCom\x64\Release\CL.9316.read.1.tlog
C:\Users\maik\Desktop\VxKex\01-Extended DLLs\KxCom\x64\Release\CL.9316.write.1.tlog
C:\Users\maik\Desktop\VxKex\01-Extended DLLs\KxCom\x64\Release\cl.command.1.tlog
C:\Users\maik\Desktop\VxKex\01-Extended DLLs\KxCom\x64\Release\CL.read.1.tlog
C:\Users\maik\Desktop\VxKex\01-Extended DLLs\KxCom\x64\Release\cl.write.1.tlog
C:\USERS\MAIK\DESKTOP\VXKEX\01-EXTENDED DLLS\KXCOM\X64\RELEASE\DLLMAIN.OBJ
C:\Users\maik\Desktop\VxKex\01-Extended DLLs\KxCom\x64\Release\forwards.obj
C:\USERS\MAIK\DESKTOP\VXKEX\01-EXTENDED DLLS\KXCOM\X64\RELEASE\GLPRSTAT.OBJ
C:\USERS\MAIK\DESKTOP\VXKEX\01-EXTENDED DLLS\KXCOM\X64\RELEASE\KXCOM.RES
C:\Users\maik\Desktop\VxKex\01-Extended DLLs\KxCom\x64\Release\KxCom.vcxprojResolveAssemblyReference.cache
C:\Users\maik\Desktop\VxKex\01-Extended DLLs\KxCom\x64\Release\KxCom.write.1.tlog
C:\USERS\MAIK\DESKTOP\VXKEX\01-EXTENDED DLLS\KXCOM\X64\RELEASE\LAUNCHER.OBJ
C:\Users\maik\Desktop\VxKex\01-Extended DLLs\KxCom\x64\Release\link.command.1.tlog
C:\Users\maik\Desktop\VxKex\01-Extended DLLs\KxCom\x64\Release\link.read.1.tlog
C:\Users\maik\Desktop\VxKex\01-Extended DLLs\KxCom\x64\Release\link.write.1.tlog
C:\Users\maik\Desktop\VxKex\01-Extended DLLs\KxCom\x64\Release\link-cvtres.read.1.tlog
C:\Users\maik\Desktop\VxKex\01-Extended DLLs\KxCom\x64\Release\link-cvtres.write.1.tlog
C:\USERS\MAIK\DESKTOP\VXKEX\01-EXTENDED DLLS\KXCOM\X64\RELEASE\MTA.OBJ
C:\Users\maik\Desktop\VxKex\01-Extended DLLs\KxCom\x64\Release\rc.command.1.tlog
C:\Users\maik\Desktop\VxKex\01-Extended DLLs\KxCom\x64\Release\rc.read.1.tlog
C:\Users\maik\Desktop\VxKex\01-Extended DLLs\KxCom\x64\Release\rc.write.1.tlog
C:\USERS\MAIK\DESKTOP\VXKEX\01-EXTENDED DLLS\KXCOM\X64\RELEASE\ROAPI.OBJ
C:\USERS\MAIK\DESKTOP\VXKEX\01-EXTENDED DLLS\KXCOM\X64\RELEASE\ROBUFFER.OBJ
C:\USERS\MAIK\DESKTOP\VXKEX\01-EXTENDED DLLS\KXCOM\X64\RELEASE\ROERROR.OBJ
C:\USERS\MAIK\DESKTOP\VXKEX\01-EXTENDED DLLS\KXCOM\X64\RELEASE\ROFACTRY.OBJ
C:\USERS\MAIK\DESKTOP\VXKEX\01-EXTENDED DLLS\KXCOM\X64\RELEASE\ROINIT.OBJ
C:\USERS\MAIK\DESKTOP\VXKEX\01-EXTENDED DLLS\KXCOM\X64\RELEASE\UISETTINGS.OBJ
C:\USERS\MAIK\DESKTOP\VXKEX\01-EXTENDED DLLS\KXCOM\X64\RELEASE\UIVIEW.OBJ
C:\USERS\MAIK\DESKTOP\VXKEX\01-EXTENDED DLLS\KXCOM\X64\RELEASE\URI.OBJ
C:\USERS\MAIK\DESKTOP\VXKEX\01-EXTENDED DLLS\KXCOM\X64\RELEASE\VC100.PDB
C:\USERS\MAIK\DESKTOP\VXKEX\01-EXTENDED DLLS\KXCOM\X64\RELEASE\WINRT.OBJ
C:\USERS\MAIK\DESKTOP\VXKEX\X64\RELEASE\KXCOM.DLL
C:\Users\maik\Desktop\VxKex\x64\Release\KxCom.exp
C:\Users\maik\Desktop\VxKex\x64\Release\KxCom.lib
C:\USERS\MAIK\DESKTOP\VXKEX\X64\RELEASE\KXCOM.PDB
