C:\Users\maik\Desktop\VxKex\01-Extended DLLs\KxUser\x64\Debug\autorot.obj
C:\Users\maik\Desktop\VxKex\01-Extended DLLs\KxUser\x64\Debug\blutooth.obj
C:\Users\maik\Desktop\VxKex\01-Extended DLLs\KxUser\x64\Debug\CL.10416.read.1.tlog
C:\Users\maik\Desktop\VxKex\01-Extended DLLs\KxUser\x64\Debug\CL.10416.write.1.tlog
C:\Users\maik\Desktop\VxKex\01-Extended DLLs\KxUser\x64\Debug\CL.12380.read.1.tlog
C:\Users\maik\Desktop\VxKex\01-Extended DLLs\KxUser\x64\Debug\CL.12380.write.1.tlog
C:\Users\maik\Desktop\VxKex\01-Extended DLLs\KxUser\x64\Debug\CL.12912.read.1.tlog
C:\Users\maik\Desktop\VxKex\01-Extended DLLs\KxUser\x64\Debug\CL.12912.write.1.tlog
C:\Users\maik\Desktop\VxKex\01-Extended DLLs\KxUser\x64\Debug\CL.15400.read.1.tlog
C:\Users\maik\Desktop\VxKex\01-Extended DLLs\KxUser\x64\Debug\CL.15400.write.1.tlog
C:\Users\maik\Desktop\VxKex\01-Extended DLLs\KxUser\x64\Debug\CL.7540.read.1.tlog
C:\Users\maik\Desktop\VxKex\01-Extended DLLs\KxUser\x64\Debug\CL.7540.write.1.tlog
C:\Users\maik\Desktop\VxKex\01-Extended DLLs\KxUser\x64\Debug\CL.8848.read.1.tlog
C:\Users\maik\Desktop\VxKex\01-Extended DLLs\KxUser\x64\Debug\CL.8848.write.1.tlog
C:\Users\maik\Desktop\VxKex\01-Extended DLLs\KxUser\x64\Debug\CL.8940.read.1.tlog
C:\Users\maik\Desktop\VxKex\01-Extended DLLs\KxUser\x64\Debug\CL.8940.write.1.tlog
C:\Users\maik\Desktop\VxKex\01-Extended DLLs\KxUser\x64\Debug\CL.9872.read.1.tlog
C:\Users\maik\Desktop\VxKex\01-Extended DLLs\KxUser\x64\Debug\CL.9872.write.1.tlog
C:\Users\maik\Desktop\VxKex\01-Extended DLLs\KxUser\x64\Debug\cl.command.1.tlog
C:\Users\maik\Desktop\VxKex\01-Extended DLLs\KxUser\x64\Debug\CL.read.1.tlog
C:\Users\maik\Desktop\VxKex\01-Extended DLLs\KxUser\x64\Debug\cl.write.1.tlog
C:\Users\maik\Desktop\VxKex\01-Extended DLLs\KxUser\x64\Debug\dllmain.obj
C:\Users\maik\Desktop\VxKex\01-Extended DLLs\KxUser\x64\Debug\forwards.obj
C:\USERS\MAIK\DESKTOP\VXKEX\01-EXTENDED DLLS\KXUSER\X64\DEBUG\KXUSER.RES
C:\Users\maik\Desktop\VxKex\01-Extended DLLs\KxUser\x64\Debug\KxUser.write.1.tlog
C:\Users\maik\Desktop\VxKex\01-Extended DLLs\KxUser\x64\Debug\link.command.1.tlog
C:\Users\maik\Desktop\VxKex\01-Extended DLLs\KxUser\x64\Debug\link.read.1.tlog
C:\Users\maik\Desktop\VxKex\01-Extended DLLs\KxUser\x64\Debug\link.write.1.tlog
C:\Users\maik\Desktop\VxKex\01-Extended DLLs\KxUser\x64\Debug\link-cvtres.read.1.tlog
C:\Users\maik\Desktop\VxKex\01-Extended DLLs\KxUser\x64\Debug\link-cvtres.write.1.tlog
C:\Users\maik\Desktop\VxKex\01-Extended DLLs\KxUser\x64\Debug\misc.obj
C:\Users\maik\Desktop\VxKex\01-Extended DLLs\KxUser\x64\Debug\pointer.obj
C:\Users\maik\Desktop\VxKex\01-Extended DLLs\KxUser\x64\Debug\pwrnotfy.obj
C:\Users\maik\Desktop\VxKex\01-Extended DLLs\KxUser\x64\Debug\rc.command.1.tlog
C:\Users\maik\Desktop\VxKex\01-Extended DLLs\KxUser\x64\Debug\rc.read.1.tlog
C:\Users\maik\Desktop\VxKex\01-Extended DLLs\KxUser\x64\Debug\rc.write.1.tlog
C:\Users\maik\Desktop\VxKex\01-Extended DLLs\KxUser\x64\Debug\scaling.obj
C:\Users\maik\Desktop\VxKex\01-Extended DLLs\KxUser\x64\Debug\sysmetrc.obj
C:\Users\maik\Desktop\VxKex\01-Extended DLLs\KxUser\x64\Debug\timer.obj
C:\USERS\MAIK\DESKTOP\VXKEX\01-EXTENDED DLLS\KXUSER\X64\DEBUG\VC100.PDB
C:\USERS\MAIK\DESKTOP\VXKEX\X64\DEBUG\KXUSER.DLL
C:\Users\maik\Desktop\VxKex\x64\Debug\KxUser.exp
C:\Users\maik\Desktop\VxKex\x64\Debug\KxUser.lib
C:\USERS\MAIK\DESKTOP\VXKEX\X64\DEBUG\KXUSER.PDB
