Build started 1/2/2025 4:49:58 AM.
     1>Project "C:\Users\maik\Desktop\VxKex\01-Extended DLLs\KxUser\KxUser.vcxproj" on node 7 (rebuild target(s)).
     1>_PrepareForClean:
         Deleting file "x64\Debug\KxUser.lastbuildstate".
       InitializeBuildStatus:
         Creating "x64\Debug\KxUser.unsuccessfulbuild" because "AlwaysCreate" was specified.
       ClCompile:
         C:\Program Files (x86)\Microsoft Visual Studio 10.0\VC\bin\x86_amd64\CL.exe /c /I"C:\Users\maik\Desktop\VxKex\\00-Common Headers" /Zi /nologo /W3 /WX /MP /Od /D WIN32 /D _DEBUG /D _WINDOWS /D _USRDLL /D KXUSER_EXPORTS /D _WINDLL /D _UNICODE /D UNICODE /Gm- /MDd /GS- /fp:precise /Zc:wchar_t /Zc:forScope /Fo"x64\Debug\\" /Fd"x64\Debug\vc100.pdb" /Gz /TC /errorReport:prompt autorot.c blutooth.c dllmain.c misc.c pointer.c pwrnotfy.c scaling.c forwards.c sysmetrc.c timer.c
         autorot.c
         blutooth.c
         dllmain.c
         misc.c
         pointer.c
         pwrnotfy.c
         scaling.c
         forwards.c
         sysmetrc.c
         timer.c
       ResourceCompile:
         C:\Program Files (x86)\Microsoft SDKs\Windows\v7.0A\bin\rc.exe /D _UNICODE /D UNICODE /l"0x0409" /I"C:\Users\maik\Desktop\VxKex\\00-Common Headers" /nologo /fo"x64\Debug\KxUser.res" KxUser.rc 
       Link:
         C:\Program Files (x86)\Microsoft Visual Studio 10.0\VC\bin\x86_amd64\link.exe /ERRORREPORT:PROMPT /OUT:"C:\Users\maik\Desktop\VxKex\x64\Debug\KxUser.dll" /INCREMENTAL:NO /NOLOGO /LIBPATH:C:\Users\maik\Desktop\VxKex\x64\Debug\ /LIBPATH:"C:\Users\maik\Desktop\VxKex\\00-Import Libraries" /DEF:"kxuser.def" /MANIFEST:NO /DEBUG /PDB:"C:\Users\maik\Desktop\VxKex\x64\Debug\KxUser.pdb" /SUBSYSTEM:WINDOWS /TLBID:1 /ENTRY:"DllMain" /RELEASE /DYNAMICBASE /NXCOMPAT /IMPLIB:"C:\Users\maik\Desktop\VxKex\x64\Debug\KxUser.lib" /MACHINE:X64 /DLL x64\Debug\KxUser.res
         x64\Debug\autorot.obj
         x64\Debug\blutooth.obj
         x64\Debug\dllmain.obj
         x64\Debug\misc.obj
         x64\Debug\pointer.obj
         x64\Debug\pwrnotfy.obj
         x64\Debug\scaling.obj
         x64\Debug\forwards.obj
         x64\Debug\sysmetrc.obj
         x64\Debug\timer.obj /ignore:4104 /ignore:4197 
            Creating library C:\Users\maik\Desktop\VxKex\x64\Debug\KxUser.lib and object C:\Users\maik\Desktop\VxKex\x64\Debug\KxUser.exp
         KxUser.vcxproj -> C:\Users\maik\Desktop\VxKex\x64\Debug\KxUser.dll
       FinalizeBuildStatus:
         Deleting file "x64\Debug\KxUser.unsuccessfulbuild".
         Touching "x64\Debug\KxUser.lastbuildstate".
     1>Done Building Project "C:\Users\maik\Desktop\VxKex\01-Extended DLLs\KxUser\KxUser.vcxproj" (rebuild target(s)).

Build succeeded.

Time Elapsed 00:00:00.94
