Build started 2/17/2025 2:01:05 PM.
     1>Project "C:\Users\maik\Desktop\VxKex-main\01-Extended DLLs\KxNet\KxNet.vcxproj" on node 10 (build target(s)).
     1>InitializeBuildStatus:
         Creating "x64\Release\KxNet.unsuccessfulbuild" because "AlwaysCreate" was specified.
       ClCompile:
         All outputs are up-to-date.
       ResourceCompile:
         All outputs are up-to-date.
       Link:
         C:\Program Files (x86)\Microsoft Visual Studio 10.0\VC\bin\x86_amd64\link.exe /ERRORREPORT:PROMPT /OUT:"C:\Users\maik\Desktop\VxKex-main\x64\Release\KxNet.dll" /INCREMENTAL:NO /NOLOGO /LIBPATH:"C:\Users\maik\Desktop\VxKex-main\x64\Release\\" /LIBPATH:"C:\Users\maik\Desktop\VxKex-main\\00-Import Libraries" /WX /DEF:"kxnet.def" /MANIFEST:NO /DEBUG /PDB:"C:\Users\maik\Desktop\VxKex-main\x64\Release\KxNet.pdb" /SUBSYSTEM:WINDOWS /OPT:REF /OPT:ICF /LTCG /TLBID:1 /RELEASE /DYNAMICBASE /NXCOMPAT /IMPLIB:"C:\Users\maik\Desktop\VxKex-main\x64\Release\KxNet.lib" /MACHINE:X64 /DLL x64\Release\kxnet.res
         x64\Release\dllmain.obj
         x64\Release\dns.obj
         x64\Release\forwards.obj
         x64\Release\winhttp.obj
         x64\Release\winsock.obj
            Creating library C:\Users\maik\Desktop\VxKex-main\x64\Release\KxNet.lib and object C:\Users\maik\Desktop\VxKex-main\x64\Release\KxNet.exp
         Generating code
         Finished generating code
         KxNet.vcxproj -> C:\Users\maik\Desktop\VxKex-main\x64\Release\KxNet.dll
       FinalizeBuildStatus:
         Deleting file "x64\Release\KxNet.unsuccessfulbuild".
         Touching "x64\Release\KxNet.lastbuildstate".
     1>Done Building Project "C:\Users\maik\Desktop\VxKex-main\01-Extended DLLs\KxNet\KxNet.vcxproj" (build target(s)).

Build succeeded.

Time Elapsed 00:00:00.15
