C:\Users\maik\Desktop\VxKex\01-Extended DLLs\KxNet\x64\Release\CL.16452.read.1.tlog
C:\Users\maik\Desktop\VxKex\01-Extended DLLs\KxNet\x64\Release\CL.16452.write.1.tlog
C:\Users\maik\Desktop\VxKex\01-Extended DLLs\KxNet\x64\Release\CL.17268.read.1.tlog
C:\Users\maik\Desktop\VxKex\01-Extended DLLs\KxNet\x64\Release\CL.17268.write.1.tlog
C:\Users\maik\Desktop\VxKex\01-Extended DLLs\KxNet\x64\Release\CL.17276.read.1.tlog
C:\Users\maik\Desktop\VxKex\01-Extended DLLs\KxNet\x64\Release\CL.17276.write.1.tlog
C:\Users\maik\Desktop\VxKex\01-Extended DLLs\KxNet\x64\Release\CL.17284.read.1.tlog
C:\Users\maik\Desktop\VxKex\01-Extended DLLs\KxNet\x64\Release\CL.17284.write.1.tlog
C:\Users\maik\Desktop\VxKex\01-Extended DLLs\KxNet\x64\Release\CL.17308.read.1.tlog
C:\Users\maik\Desktop\VxKex\01-Extended DLLs\KxNet\x64\Release\CL.17308.write.1.tlog
C:\Users\maik\Desktop\VxKex\01-Extended DLLs\KxNet\x64\Release\CL.17332.read.1.tlog
C:\Users\maik\Desktop\VxKex\01-Extended DLLs\KxNet\x64\Release\CL.17332.write.1.tlog
C:\Users\maik\Desktop\VxKex\01-Extended DLLs\KxNet\x64\Release\CL.18744.read.1.tlog
C:\Users\maik\Desktop\VxKex\01-Extended DLLs\KxNet\x64\Release\CL.18744.write.1.tlog
C:\Users\maik\Desktop\VxKex\01-Extended DLLs\KxNet\x64\Release\CL.456.read.1.tlog
C:\Users\maik\Desktop\VxKex\01-Extended DLLs\KxNet\x64\Release\CL.456.write.1.tlog
C:\Users\maik\Desktop\VxKex\01-Extended DLLs\KxNet\x64\Release\CL.6928.read.1.tlog
C:\Users\maik\Desktop\VxKex\01-Extended DLLs\KxNet\x64\Release\CL.6928.write.1.tlog
C:\Users\maik\Desktop\VxKex\01-Extended DLLs\KxNet\x64\Release\cl.command.1.tlog
C:\Users\maik\Desktop\VxKex\01-Extended DLLs\KxNet\x64\Release\CL.read.1.tlog
C:\Users\maik\Desktop\VxKex\01-Extended DLLs\KxNet\x64\Release\cl.write.1.tlog
C:\USERS\MAIK\DESKTOP\VXKEX\01-EXTENDED DLLS\KXNET\X64\RELEASE\DLLMAIN.OBJ
C:\USERS\MAIK\DESKTOP\VXKEX\01-EXTENDED DLLS\KXNET\X64\RELEASE\DNS.OBJ
C:\Users\maik\Desktop\VxKex\01-Extended DLLs\KxNet\x64\Release\forwards.obj
C:\USERS\MAIK\DESKTOP\VXKEX\01-EXTENDED DLLS\KXNET\X64\RELEASE\KXNET.RES
C:\Users\maik\Desktop\VxKex\01-Extended DLLs\KxNet\x64\Release\KxNet.write.1.tlog
C:\Users\maik\Desktop\VxKex\01-Extended DLLs\KxNet\x64\Release\link.command.1.tlog
C:\Users\maik\Desktop\VxKex\01-Extended DLLs\KxNet\x64\Release\link.read.1.tlog
C:\Users\maik\Desktop\VxKex\01-Extended DLLs\KxNet\x64\Release\link.write.1.tlog
C:\Users\maik\Desktop\VxKex\01-Extended DLLs\KxNet\x64\Release\link-cvtres.read.1.tlog
C:\Users\maik\Desktop\VxKex\01-Extended DLLs\KxNet\x64\Release\link-cvtres.write.1.tlog
C:\Users\maik\Desktop\VxKex\01-Extended DLLs\KxNet\x64\Release\rc.command.1.tlog
C:\Users\maik\Desktop\VxKex\01-Extended DLLs\KxNet\x64\Release\rc.read.1.tlog
C:\Users\maik\Desktop\VxKex\01-Extended DLLs\KxNet\x64\Release\rc.write.1.tlog
C:\USERS\MAIK\DESKTOP\VXKEX\01-EXTENDED DLLS\KXNET\X64\RELEASE\VC100.PDB
C:\USERS\MAIK\DESKTOP\VXKEX\01-EXTENDED DLLS\KXNET\X64\RELEASE\WINHTTP.OBJ
C:\USERS\MAIK\DESKTOP\VXKEX\01-EXTENDED DLLS\KXNET\X64\RELEASE\WINSOCK.OBJ
C:\USERS\MAIK\DESKTOP\VXKEX\X64\RELEASE\KXNET.DLL
C:\Users\maik\Desktop\VxKex\x64\Release\KxNet.exp
C:\Users\maik\Desktop\VxKex\x64\Release\KxNet.lib
C:\USERS\MAIK\DESKTOP\VXKEX\X64\RELEASE\KXNET.PDB
