C:\USERS\MAIK\DESKTOP\VXKEX\01-EXTENDED DLLS\KXUSER\DEBUG\AUTOROT.OBJ
C:\USERS\MAIK\DESKTOP\VXKEX\01-EXTENDED DLLS\KXUSER\DEBUG\BLUTOOTH.OBJ
C:\Users\maik\Desktop\VxKex\01-Extended DLLs\KxUser\Debug\CL.11084.read.1.tlog
C:\Users\maik\Desktop\VxKex\01-Extended DLLs\KxUser\Debug\CL.11084.write.1.tlog
C:\Users\maik\Desktop\VxKex\01-Extended DLLs\KxUser\Debug\CL.13520.read.1.tlog
C:\Users\maik\Desktop\VxKex\01-Extended DLLs\KxUser\Debug\CL.13520.write.1.tlog
C:\Users\maik\Desktop\VxKex\01-Extended DLLs\KxUser\Debug\CL.13944.read.1.tlog
C:\Users\maik\Desktop\VxKex\01-Extended DLLs\KxUser\Debug\CL.13944.write.1.tlog
C:\Users\maik\Desktop\VxKex\01-Extended DLLs\KxUser\Debug\CL.14468.read.1.tlog
C:\Users\maik\Desktop\VxKex\01-Extended DLLs\KxUser\Debug\CL.14468.write.1.tlog
C:\Users\maik\Desktop\VxKex\01-Extended DLLs\KxUser\Debug\CL.14568.read.1.tlog
C:\Users\maik\Desktop\VxKex\01-Extended DLLs\KxUser\Debug\CL.14568.write.1.tlog
C:\Users\maik\Desktop\VxKex\01-Extended DLLs\KxUser\Debug\CL.14868.read.1.tlog
C:\Users\maik\Desktop\VxKex\01-Extended DLLs\KxUser\Debug\CL.14868.write.1.tlog
C:\Users\maik\Desktop\VxKex\01-Extended DLLs\KxUser\Debug\CL.14892.read.1.tlog
C:\Users\maik\Desktop\VxKex\01-Extended DLLs\KxUser\Debug\CL.14892.write.1.tlog
C:\Users\maik\Desktop\VxKex\01-Extended DLLs\KxUser\Debug\CL.15680.read.1.tlog
C:\Users\maik\Desktop\VxKex\01-Extended DLLs\KxUser\Debug\CL.15680.write.1.tlog
C:\Users\maik\Desktop\VxKex\01-Extended DLLs\KxUser\Debug\CL.15864.read.1.tlog
C:\Users\maik\Desktop\VxKex\01-Extended DLLs\KxUser\Debug\CL.15864.write.1.tlog
C:\Users\maik\Desktop\VxKex\01-Extended DLLs\KxUser\Debug\CL.16872.read.1.tlog
C:\Users\maik\Desktop\VxKex\01-Extended DLLs\KxUser\Debug\CL.16872.write.1.tlog
C:\Users\maik\Desktop\VxKex\01-Extended DLLs\KxUser\Debug\CL.16960.read.1.tlog
C:\Users\maik\Desktop\VxKex\01-Extended DLLs\KxUser\Debug\CL.16960.write.1.tlog
C:\Users\maik\Desktop\VxKex\01-Extended DLLs\KxUser\Debug\CL.16972.read.1.tlog
C:\Users\maik\Desktop\VxKex\01-Extended DLLs\KxUser\Debug\CL.16972.write.1.tlog
C:\Users\maik\Desktop\VxKex\01-Extended DLLs\KxUser\Debug\CL.17764.read.1.tlog
C:\Users\maik\Desktop\VxKex\01-Extended DLLs\KxUser\Debug\CL.17764.write.1.tlog
C:\Users\maik\Desktop\VxKex\01-Extended DLLs\KxUser\Debug\CL.19128.read.1.tlog
C:\Users\maik\Desktop\VxKex\01-Extended DLLs\KxUser\Debug\CL.19128.write.1.tlog
C:\Users\maik\Desktop\VxKex\01-Extended DLLs\KxUser\Debug\CL.6476.read.1.tlog
C:\Users\maik\Desktop\VxKex\01-Extended DLLs\KxUser\Debug\CL.6476.write.1.tlog
C:\Users\maik\Desktop\VxKex\01-Extended DLLs\KxUser\Debug\CL.9656.read.1.tlog
C:\Users\maik\Desktop\VxKex\01-Extended DLLs\KxUser\Debug\CL.9656.write.1.tlog
C:\Users\maik\Desktop\VxKex\01-Extended DLLs\KxUser\Debug\cl.command.1.tlog
C:\Users\maik\Desktop\VxKex\01-Extended DLLs\KxUser\Debug\CL.read.1.tlog
C:\Users\maik\Desktop\VxKex\01-Extended DLLs\KxUser\Debug\cl.write.1.tlog
C:\USERS\MAIK\DESKTOP\VXKEX\01-EXTENDED DLLS\KXUSER\DEBUG\DLLMAIN.OBJ
C:\Users\maik\Desktop\VxKex\01-Extended DLLs\KxUser\Debug\forwards.obj
C:\USERS\MAIK\DESKTOP\VXKEX\01-EXTENDED DLLS\KXUSER\DEBUG\KXUSER.RES
C:\Users\maik\Desktop\VxKex\01-Extended DLLs\KxUser\Debug\KxUser.write.1.tlog
C:\Users\maik\Desktop\VxKex\01-Extended DLLs\KxUser\Debug\link.command.1.tlog
C:\Users\maik\Desktop\VxKex\01-Extended DLLs\KxUser\Debug\link.read.1.tlog
C:\Users\maik\Desktop\VxKex\01-Extended DLLs\KxUser\Debug\link.write.1.tlog
C:\Users\maik\Desktop\VxKex\01-Extended DLLs\KxUser\Debug\link-cvtres.read.1.tlog
C:\Users\maik\Desktop\VxKex\01-Extended DLLs\KxUser\Debug\link-cvtres.write.1.tlog
C:\USERS\MAIK\DESKTOP\VXKEX\01-EXTENDED DLLS\KXUSER\DEBUG\MISC.OBJ
C:\USERS\MAIK\DESKTOP\VXKEX\01-EXTENDED DLLS\KXUSER\DEBUG\POINTER.OBJ
C:\USERS\MAIK\DESKTOP\VXKEX\01-EXTENDED DLLS\KXUSER\DEBUG\PWRNOTFY.OBJ
C:\Users\maik\Desktop\VxKex\01-Extended DLLs\KxUser\Debug\rc.command.1.tlog
C:\Users\maik\Desktop\VxKex\01-Extended DLLs\KxUser\Debug\rc.read.1.tlog
C:\Users\maik\Desktop\VxKex\01-Extended DLLs\KxUser\Debug\rc.write.1.tlog
C:\USERS\MAIK\DESKTOP\VXKEX\01-EXTENDED DLLS\KXUSER\DEBUG\SCALING.OBJ
C:\USERS\MAIK\DESKTOP\VXKEX\01-EXTENDED DLLS\KXUSER\DEBUG\SYSMETRC.OBJ
C:\USERS\MAIK\DESKTOP\VXKEX\01-EXTENDED DLLS\KXUSER\DEBUG\TIMER.OBJ
C:\USERS\MAIK\DESKTOP\VXKEX\01-EXTENDED DLLS\KXUSER\DEBUG\VC100.PDB
C:\USERS\MAIK\DESKTOP\VXKEX\DEBUG\KXUSER.DLL
C:\Users\maik\Desktop\VxKex\Debug\KxUser.exp
C:\Users\maik\Desktop\VxKex\Debug\KxUser.lib
C:\USERS\MAIK\DESKTOP\VXKEX\DEBUG\KXUSER.PDB
