Build started 1/1/2025 7:45:20 PM.
     1>Project "C:\Users\maik\Desktop\VxKex\01-Extended DLLs\KxUser\KxUser.vcxproj" on node 7 (build target(s)).
     1>InitializeBuildStatus:
         Creating "Debug\KxUser.unsuccessfulbuild" because "AlwaysCreate" was specified.
       ClCompile:
         All outputs are up-to-date.
       ResourceCompile:
         C:\Program Files (x86)\Microsoft SDKs\Windows\v7.0A\bin\rc.exe /D _UNICODE /D UNICODE /l"0x0409" /I"C:\Users\maik\Desktop\VxKex\\00-Common Headers" /nologo /fo"Debug\KxUser.res" KxUser.rc 
       Link:
         C:\Program Files (x86)\Microsoft Visual Studio 10.0\VC\bin\link.exe /ERRORREPORT:PROMPT /OUT:"C:\Users\maik\Desktop\VxKex\Debug\KxUser.dll" /INCREMENTAL:NO /NOLOGO /LIBPATH:C:\Users\maik\Desktop\VxKex\Debug\ /LIBPATH:"C:\Users\maik\Desktop\VxKex\\00-Import Libraries" /DEF:"kxuser.def" /MANIFEST:NO /DEBUG /PDB:"C:\Users\maik\Desktop\VxKex\Debug\KxUser.pdb" /SUBSYSTEM:WINDOWS /TLBID:1 /ENTRY:"DllMain" /RELEASE /DYNAMICBASE /NXCOMPAT /IMPLIB:"C:\Users\maik\Desktop\VxKex\Debug\KxUser.lib" /MACHINE:X86 /DLL Debug\KxUser.res
         Debug\autorot.obj
         Debug\blutooth.obj
         Debug\dllmain.obj
         Debug\misc.obj
         Debug\pointer.obj
         Debug\pwrnotfy.obj
         Debug\scaling.obj
         Debug\forwards.obj
         Debug\sysmetrc.obj
         Debug\timer.obj /ignore:4104 /ignore:4197 
            Creating library C:\Users\maik\Desktop\VxKex\Debug\KxUser.lib and object C:\Users\maik\Desktop\VxKex\Debug\KxUser.exp
         KxUser.vcxproj -> C:\Users\maik\Desktop\VxKex\Debug\KxUser.dll
       FinalizeBuildStatus:
         Deleting file "Debug\KxUser.unsuccessfulbuild".
         Touching "Debug\KxUser.lastbuildstate".
     1>Done Building Project "C:\Users\maik\Desktop\VxKex\01-Extended DLLs\KxUser\KxUser.vcxproj" (build target(s)).

Build succeeded.

Time Elapsed 00:00:00.24
