Build started 1/2/2025 4:49:53 AM.
     1>Project "C:\Users\maik\Desktop\VxKex\KexCfg\KexCfg.vcxproj" on node 2 (rebuild target(s)).
     1>_PrepareForClean:
         Deleting file "x64\Debug\KexCfg.lastbuildstate".
       InitializeBuildStatus:
         Creating "x64\Debug\KexCfg.unsuccessfulbuild" because "AlwaysCreate" was specified.
       ClCompile:
         C:\Program Files (x86)\Microsoft Visual Studio 10.0\VC\bin\x86_amd64\CL.exe /c /I"C:\Users\maik\Desktop\VxKex\\00-Common Headers" /Zi /nologo /W3 /WX /MP /Od /D WIN32 /D _DEBUG /D _WINDOWS /D _UNICODE /D UNICODE /Gm- /GS- /fp:precise /Zc:wchar_t /Zc:forScope /Fo"x64\Debug\\" /Fd"x64\Debug\vc100.pdb" /Gz /TC /errorReport:prompt cmdline.c gui.c main.c util.c
         cmdline.c
         gui.c
         main.c
         util.c
       ResourceCompile:
         C:\Program Files (x86)\Microsoft SDKs\Windows\v7.0A\bin\rc.exe /D _UNICODE /D UNICODE /l"0x0409" /I"C:\Users\maik\Desktop\VxKex\\00-Common Headers" /nologo /fo"x64\Debug\KexCfg.res" KexCfg.rc 
       Link:
         C:\Program Files (x86)\Microsoft Visual Studio 10.0\VC\bin\x86_amd64\link.exe /ERRORREPORT:PROMPT /OUT:"C:\Users\maik\Desktop\VxKex\x64\Debug\KexCfg.exe" /INCREMENTAL:NO /NOLOGO /LIBPATH:C:\Users\maik\Desktop\VxKex\x64\Debug\ /LIBPATH:"C:\Users\maik\Desktop\VxKex\\00-Import Libraries" Delayimp.lib /DELAYLOAD:wtsapi32.dll /DELAYLOAD:uxtheme.dll /DELAYLOAD:user32.dll /DELAYLOAD:shell32.dll /DELAYLOAD:ole32.dll /DELAYLOAD:oleaut32.dll /DELAYLOAD:comctl32.dll /DELAYLOAD:comdlg32.dll /MANIFEST /ManifestFile:"x64\Debug\KexCfg.exe.intermediate.manifest" /MANIFESTUAC:"level='asInvoker' uiAccess='false'" /DEBUG /PDB:"C:\Users\maik\Desktop\VxKex\x64\Debug\KexCfg.pdb" /SUBSYSTEM:WINDOWS /TLBID:1 /ENTRY:"EntryPoint" /RELEASE /DYNAMICBASE /NXCOMPAT /IMPLIB:"C:\Users\maik\Desktop\VxKex\x64\Debug\KexCfg.lib" /MACHINE:X64 x64\Debug\KexCfg.res
         x64\Debug\cmdline.obj
         x64\Debug\gui.obj
         x64\Debug\main.obj
         x64\Debug\util.obj
         KexCfg.vcxproj -> C:\Users\maik\Desktop\VxKex\x64\Debug\KexCfg.exe
       Manifest:
         C:\Program Files (x86)\Microsoft SDKs\Windows\v7.0A\bin\mt.exe /nologo /verbose /outputresource:"C:\Users\maik\Desktop\VxKex\x64\Debug\KexCfg.exe;#1" /manifest x64\Debug\KexCfg.exe.intermediate.manifest "C:\Program Files (x86)\Microsoft Visual Studio 10.0\VC\Include\Manifest\dpiaware.manifest"
       FinalizeBuildStatus:
         Deleting file "x64\Debug\KexCfg.unsuccessfulbuild".
         Touching "x64\Debug\KexCfg.lastbuildstate".
     1>Done Building Project "C:\Users\maik\Desktop\VxKex\KexCfg\KexCfg.vcxproj" (rebuild target(s)).

Build succeeded.

Time Elapsed 00:00:04.33
