C:\Users\maik\Desktop\VxKex\KexCfg\x64\Debug\CL.12616.read.1.tlog
C:\Users\maik\Desktop\VxKex\KexCfg\x64\Debug\CL.12616.write.1.tlog
C:\Users\maik\Desktop\VxKex\KexCfg\x64\Debug\CL.14080.read.1.tlog
C:\Users\maik\Desktop\VxKex\KexCfg\x64\Debug\CL.14080.write.1.tlog
C:\Users\maik\Desktop\VxKex\KexCfg\x64\Debug\CL.5912.read.1.tlog
C:\Users\maik\Desktop\VxKex\KexCfg\x64\Debug\CL.5912.write.1.tlog
C:\Users\maik\Desktop\VxKex\KexCfg\x64\Debug\CL.5916.read.1.tlog
C:\Users\maik\Desktop\VxKex\KexCfg\x64\Debug\CL.5916.write.1.tlog
C:\Users\maik\Desktop\VxKex\KexCfg\x64\Debug\cl.command.1.tlog
C:\Users\maik\Desktop\VxKex\KexCfg\x64\Debug\CL.read.1.tlog
C:\Users\maik\Desktop\VxKex\KexCfg\x64\Debug\cl.write.1.tlog
C:\Users\maik\Desktop\VxKex\KexCfg\x64\Debug\cmdline.obj
C:\Users\maik\Desktop\VxKex\KexCfg\x64\Debug\gui.obj
C:\USERS\MAIK\DESKTOP\VXKEX\KEXCFG\X64\DEBUG\KEXCFG.EXE.INTERMEDIATE.MANIFEST
C:\USERS\MAIK\DESKTOP\VXKEX\KEXCFG\X64\DEBUG\KEXCFG.RES
C:\Users\maik\Desktop\VxKex\KexCfg\x64\Debug\KexCfg.write.1.tlog
C:\Users\maik\Desktop\VxKex\KexCfg\x64\Debug\link.command.1.tlog
C:\Users\maik\Desktop\VxKex\KexCfg\x64\Debug\link.read.1.tlog
C:\Users\maik\Desktop\VxKex\KexCfg\x64\Debug\link.write.1.tlog
C:\Users\maik\Desktop\VxKex\KexCfg\x64\Debug\link-cvtres.read.1.tlog
C:\Users\maik\Desktop\VxKex\KexCfg\x64\Debug\link-cvtres.write.1.tlog
C:\Users\maik\Desktop\VxKex\KexCfg\x64\Debug\main.obj
C:\Users\maik\Desktop\VxKex\KexCfg\x64\Debug\mt.command.1.tlog
C:\Users\maik\Desktop\VxKex\KexCfg\x64\Debug\mt.read.1.tlog
C:\Users\maik\Desktop\VxKex\KexCfg\x64\Debug\mt.write.1.tlog
C:\Users\maik\Desktop\VxKex\KexCfg\x64\Debug\rc.command.1.tlog
C:\Users\maik\Desktop\VxKex\KexCfg\x64\Debug\rc.read.1.tlog
C:\Users\maik\Desktop\VxKex\KexCfg\x64\Debug\rc.write.1.tlog
C:\Users\maik\Desktop\VxKex\KexCfg\x64\Debug\util.obj
C:\USERS\MAIK\DESKTOP\VXKEX\KEXCFG\X64\DEBUG\VC100.PDB
C:\USERS\MAIK\DESKTOP\VXKEX\X64\DEBUG\KEXCFG.EXE
C:\USERS\MAIK\DESKTOP\VXKEX\X64\DEBUG\KEXCFG.PDB
