Build started 3/24/2025 12:12:32 AM.
     1>Project "C:\Users\maik\Desktop\VxKex-main\01-Extended DLLs\KxDx\KxDx.vcxproj" on node 7 (build target(s)).
     1>InitializeBuildStatus:
         Creating "x64\Release\KxDx.unsuccessfulbuild" because "AlwaysCreate" was specified.
       ClCompile:
         C:\Program Files (x86)\Microsoft Visual Studio 10.0\VC\bin\x86_amd64\CL.exe /c /I"C:\Users\maik\Desktop\VxKex-main\\00-Common Headers" /Zi /nologo /W3 /WX /MP /O1 /Ob1 /Oi /Os /Oy /GL /D WIN32 /D NDEBUG /D _WINDOWS /D _USRDLL /D KXDX_EXPORTS /D _WINDLL /D _UNICODE /D UNICODE /Gm- /MD /GS- /Gy /fp:precise /Zc:wchar_t /Zc:forScope /Fo"x64\Release\\" /Fd"x64\Release\vc100.pdb" /Gz /TC /errorReport:prompt dcmpstub.c dllmain.c dx12stub.c factory.c mfplat.c
         dcmpstub.c
         dllmain.c
         dx12stub.c
         factory.c
         mfplat.c
       ResourceCompile:
         C:\Program Files (x86)\Microsoft SDKs\Windows\v7.0A\bin\rc.exe /D _UNICODE /D UNICODE /l"0x0409" /I"C:\Users\maik\Desktop\VxKex-main\\00-Common Headers" /nologo /fo"x64\Release\KxDx.res" KxDx.rc 
       Link:
         C:\Program Files (x86)\Microsoft Visual Studio 10.0\VC\bin\x86_amd64\link.exe /ERRORREPORT:PROMPT /OUT:"C:\Users\maik\Desktop\VxKex-main\x64\Release\KxDx.dll" /INCREMENTAL:NO /NOLOGO /LIBPATH:"C:\Users\maik\Desktop\VxKex-main\x64\Release\\" /LIBPATH:"C:\Users\maik\Desktop\VxKex-main\\00-Import Libraries" D3D11.lib /DEF:"kxdx.def" /MANIFEST:NO /DEBUG /PDB:"C:\Users\maik\Desktop\VxKex-main\x64\Release\KxDx.pdb" /SUBSYSTEM:WINDOWS /OPT:REF /OPT:ICF /LTCG /TLBID:1 /ENTRY:"DllMain" /RELEASE /DYNAMICBASE /NXCOMPAT /IMPLIB:"C:\Users\maik\Desktop\VxKex-main\x64\Release\KxDx.lib" /MACHINE:X64 /DLL x64\Release\KxDx.res
         x64\Release\dcmpstub.obj
         x64\Release\dllmain.obj
         x64\Release\dx11.obj
         x64\Release\dx12stub.obj
         x64\Release\factory.obj
         x64\Release\forwards.obj
         x64\Release\iid.obj
         x64\Release\mfplat.obj
            Creating library C:\Users\maik\Desktop\VxKex-main\x64\Release\KxDx.lib and object C:\Users\maik\Desktop\VxKex-main\x64\Release\KxDx.exp
         Generating code
         Finished generating code
         KxDx.vcxproj -> C:\Users\maik\Desktop\VxKex-main\x64\Release\KxDx.dll
       FinalizeBuildStatus:
         Deleting file "x64\Release\KxDx.unsuccessfulbuild".
         Touching "x64\Release\KxDx.lastbuildstate".
     1>Done Building Project "C:\Users\maik\Desktop\VxKex-main\01-Extended DLLs\KxDx\KxDx.vcxproj" (build target(s)).

Build succeeded.

Time Elapsed 00:00:02.15
