C:\Users\maik\Desktop\VxKex\01-Extended DLLs\KxDx\x64\Release\CL.10036.read.1.tlog
C:\Users\maik\Desktop\VxKex\01-Extended DLLs\KxDx\x64\Release\CL.10036.write.1.tlog
C:\Users\maik\Desktop\VxKex\01-Extended DLLs\KxDx\x64\Release\CL.12780.read.1.tlog
C:\Users\maik\Desktop\VxKex\01-Extended DLLs\KxDx\x64\Release\CL.12780.write.1.tlog
C:\Users\maik\Desktop\VxKex\01-Extended DLLs\KxDx\x64\Release\CL.12800.read.1.tlog
C:\Users\maik\Desktop\VxKex\01-Extended DLLs\KxDx\x64\Release\CL.12800.write.1.tlog
C:\Users\maik\Desktop\VxKex\01-Extended DLLs\KxDx\x64\Release\CL.1512.read.1.tlog
C:\Users\maik\Desktop\VxKex\01-Extended DLLs\KxDx\x64\Release\CL.1512.write.1.tlog
C:\Users\maik\Desktop\VxKex\01-Extended DLLs\KxDx\x64\Release\CL.1652.read.1.tlog
C:\Users\maik\Desktop\VxKex\01-Extended DLLs\KxDx\x64\Release\CL.1652.write.1.tlog
C:\Users\maik\Desktop\VxKex\01-Extended DLLs\KxDx\x64\Release\CL.4476.read.1.tlog
C:\Users\maik\Desktop\VxKex\01-Extended DLLs\KxDx\x64\Release\CL.4476.write.1.tlog
C:\Users\maik\Desktop\VxKex\01-Extended DLLs\KxDx\x64\Release\cl.command.1.tlog
C:\Users\maik\Desktop\VxKex\01-Extended DLLs\KxDx\x64\Release\CL.read.1.tlog
C:\Users\maik\Desktop\VxKex\01-Extended DLLs\KxDx\x64\Release\cl.write.1.tlog
C:\Users\maik\Desktop\VxKex\01-Extended DLLs\KxDx\x64\Release\dcmpstub.obj
C:\Users\maik\Desktop\VxKex\01-Extended DLLs\KxDx\x64\Release\dllmain.obj
C:\Users\maik\Desktop\VxKex\01-Extended DLLs\KxDx\x64\Release\dx12stub.obj
C:\Users\maik\Desktop\VxKex\01-Extended DLLs\KxDx\x64\Release\factory.obj
C:\Users\maik\Desktop\VxKex\01-Extended DLLs\KxDx\x64\Release\forwards.obj
C:\Users\maik\Desktop\VxKex\01-Extended DLLs\KxDx\x64\Release\iid.obj
C:\USERS\MAIK\DESKTOP\VXKEX\01-EXTENDED DLLS\KXDX\X64\RELEASE\KXDX.RES
C:\Users\maik\Desktop\VxKex\01-Extended DLLs\KxDx\x64\Release\KxDx.write.1.tlog
C:\Users\maik\Desktop\VxKex\01-Extended DLLs\KxDx\x64\Release\link.command.1.tlog
C:\Users\maik\Desktop\VxKex\01-Extended DLLs\KxDx\x64\Release\link.read.1.tlog
C:\Users\maik\Desktop\VxKex\01-Extended DLLs\KxDx\x64\Release\link.write.1.tlog
C:\Users\maik\Desktop\VxKex\01-Extended DLLs\KxDx\x64\Release\link-cvtres.read.1.tlog
C:\Users\maik\Desktop\VxKex\01-Extended DLLs\KxDx\x64\Release\link-cvtres.write.1.tlog
C:\Users\maik\Desktop\VxKex\01-Extended DLLs\KxDx\x64\Release\rc.command.1.tlog
C:\Users\maik\Desktop\VxKex\01-Extended DLLs\KxDx\x64\Release\rc.read.1.tlog
C:\Users\maik\Desktop\VxKex\01-Extended DLLs\KxDx\x64\Release\rc.write.1.tlog
C:\USERS\MAIK\DESKTOP\VXKEX\01-EXTENDED DLLS\KXDX\X64\RELEASE\VC100.PDB
C:\USERS\MAIK\DESKTOP\VXKEX\X64\RELEASE\KXDX.DLL
C:\Users\maik\Desktop\VxKex\x64\Release\KxDx.exp
C:\Users\maik\Desktop\VxKex\x64\Release\KxDx.lib
C:\USERS\MAIK\DESKTOP\VXKEX\X64\RELEASE\KXDX.PDB
