C:\Users\maik\Desktop\VxKex\KexW32ML\x64\Debug\CL.14388.read.1.tlog
C:\Users\maik\Desktop\VxKex\KexW32ML\x64\Debug\CL.14388.write.1.tlog
C:\Users\maik\Desktop\VxKex\KexW32ML\x64\Debug\CL.17976.read.1.tlog
C:\Users\maik\Desktop\VxKex\KexW32ML\x64\Debug\CL.17976.write.1.tlog
C:\Users\maik\Desktop\VxKex\KexW32ML\x64\Debug\CL.9264.read.1.tlog
C:\Users\maik\Desktop\VxKex\KexW32ML\x64\Debug\CL.9264.write.1.tlog
C:\Users\maik\Desktop\VxKex\KexW32ML\x64\Debug\CL.9996.read.1.tlog
C:\Users\maik\Desktop\VxKex\KexW32ML\x64\Debug\CL.9996.write.1.tlog
C:\Users\maik\Desktop\VxKex\KexW32ML\x64\Debug\cl.command.1.tlog
C:\Users\maik\Desktop\VxKex\KexW32ML\x64\Debug\CL.read.1.tlog
C:\Users\maik\Desktop\VxKex\KexW32ML\x64\Debug\cl.write.1.tlog
C:\Users\maik\Desktop\VxKex\KexW32ML\x64\Debug\file.obj
C:\Users\maik\Desktop\VxKex\KexW32ML\x64\Debug\kexw32ml.obj
C:\Users\maik\Desktop\VxKex\KexW32ML\x64\Debug\KexW32ML.write.1.tlog
C:\Users\maik\Desktop\VxKex\KexW32ML\x64\Debug\lib.command.1.tlog
C:\Users\maik\Desktop\VxKex\KexW32ML\x64\Debug\Lib-link.read.1.tlog
C:\Users\maik\Desktop\VxKex\KexW32ML\x64\Debug\Lib-link.write.1.tlog
C:\Users\maik\Desktop\VxKex\KexW32ML\x64\Debug\registry.obj
C:\Users\maik\Desktop\VxKex\KexW32ML\x64\Debug\txapi.obj
C:\USERS\MAIK\DESKTOP\VXKEX\KEXW32ML\X64\DEBUG\VC100.PDB
C:\USERS\MAIK\DESKTOP\VXKEX\X64\DEBUG\KEXW32ML.LIB
