Build started 1/2/2025 4:49:54 AM.
     1>Project "C:\Users\maik\Desktop\VxKex\VxlView\VxlView.vcxproj" on node 8 (rebuild target(s)).
     1>_PrepareForClean:
         Deleting file "x64\Debug\VxlView.lastbuildstate".
       InitializeBuildStatus:
         Creating "x64\Debug\VxlView.unsuccessfulbuild" because "AlwaysCreate" was specified.
       ClCompile:
         C:\Program Files (x86)\Microsoft Visual Studio 10.0\VC\bin\x86_amd64\CL.exe /c /I"C:\Users\maik\Desktop\VxKex\\00-Common Headers" /Zi /nologo /W3 /WX /MP /Od /D WIN32 /D _DEBUG /D _WINDOWS /D _UNICODE /D UNICODE /Gm- /MDd /GS- /fp:precise /Zc:wchar_t /Zc:forScope /Fo"x64\Debug\\" /Fd"x64\Debug\vc100.pdb" /Gd /TC /errorReport:prompt backend.c backendp.c config.c details.c filters.c globals.c goto.c helpabout.c listview.c statusbar.c vxlview.c
         backend.c
         backendp.c
         config.c
         details.c
         filters.c
         globals.c
         goto.c
         helpabout.c
         listview.c
         statusbar.c
         vxlview.c
       ResourceCompile:
         C:\Program Files (x86)\Microsoft SDKs\Windows\v7.0A\bin\rc.exe /D _DEBUG /D _UNICODE /D UNICODE /D _UNICODE /D UNICODE /l"0x0409" /I"C:\Users\maik\Desktop\VxKex\\00-Common Headers" /nologo /fo"x64\Debug\VxlView.res" VxlView.rc 
       Link:
         C:\Program Files (x86)\Microsoft Visual Studio 10.0\VC\bin\x86_amd64\link.exe /ERRORREPORT:PROMPT /OUT:"C:\Users\maik\Desktop\VxKex\x64\Debug\VxlView.exe" /INCREMENTAL:NO /NOLOGO /LIBPATH:C:\Users\maik\Desktop\VxKex\x64\Debug\ /LIBPATH:"C:\Users\maik\Desktop\VxKex\\00-Import Libraries" Delayimp.lib /DELAYLOAD:comdlg32.dll /MANIFEST /ManifestFile:"x64\Debug\VxlView.exe.intermediate.manifest" /MANIFESTUAC:"level='asInvoker' uiAccess='false'" /DEBUG /PDB:"C:\Users\maik\Desktop\VxKex\x64\Debug\VxlView.pdb" /SUBSYSTEM:WINDOWS /TLBID:1 /RELEASE /DYNAMICBASE /NXCOMPAT /IMPLIB:"C:\Users\maik\Desktop\VxKex\x64\Debug\VxlView.lib" /MACHINE:X64 x64\Debug\VxlView.res
         x64\Debug\backend.obj
         x64\Debug\backendp.obj
         x64\Debug\config.obj
         x64\Debug\details.obj
         x64\Debug\filters.obj
         x64\Debug\globals.obj
         x64\Debug\goto.obj
         x64\Debug\helpabout.obj
         x64\Debug\listview.obj
         x64\Debug\statusbar.obj
         x64\Debug\vxlview.obj
         VxlView.vcxproj -> C:\Users\maik\Desktop\VxKex\x64\Debug\VxlView.exe
       Manifest:
         C:\Program Files (x86)\Microsoft SDKs\Windows\v7.0A\bin\mt.exe /nologo /verbose /outputresource:"C:\Users\maik\Desktop\VxKex\x64\Debug\VxlView.exe;#1" /manifest x64\Debug\VxlView.exe.intermediate.manifest "C:\Program Files (x86)\Microsoft Visual Studio 10.0\VC\Include\Manifest\dpiaware.manifest"
       FinalizeBuildStatus:
         Deleting file "x64\Debug\VxlView.unsuccessfulbuild".
         Touching "x64\Debug\VxlView.lastbuildstate".
     1>Done Building Project "C:\Users\maik\Desktop\VxKex\VxlView\VxlView.vcxproj" (rebuild target(s)).

Build succeeded.

Time Elapsed 00:00:03.86
