C:\Users\maik\Desktop\VxKex\VxlView\x64\Debug\backend.obj
C:\Users\maik\Desktop\VxKex\VxlView\x64\Debug\backendp.obj
C:\Users\maik\Desktop\VxKex\VxlView\x64\Debug\CL.11548.read.1.tlog
C:\Users\maik\Desktop\VxKex\VxlView\x64\Debug\CL.11548.write.1.tlog
C:\Users\maik\Desktop\VxKex\VxlView\x64\Debug\CL.13832.read.1.tlog
C:\Users\maik\Desktop\VxKex\VxlView\x64\Debug\CL.13832.write.1.tlog
C:\Users\maik\Desktop\VxKex\VxlView\x64\Debug\CL.14196.read.1.tlog
C:\Users\maik\Desktop\VxKex\VxlView\x64\Debug\CL.14196.write.1.tlog
C:\Users\maik\Desktop\VxKex\VxlView\x64\Debug\CL.15508.read.1.tlog
C:\Users\maik\Desktop\VxKex\VxlView\x64\Debug\CL.15508.write.1.tlog
C:\Users\maik\Desktop\VxKex\VxlView\x64\Debug\CL.3692.read.1.tlog
C:\Users\maik\Desktop\VxKex\VxlView\x64\Debug\CL.3692.write.1.tlog
C:\Users\maik\Desktop\VxKex\VxlView\x64\Debug\CL.4936.read.1.tlog
C:\Users\maik\Desktop\VxKex\VxlView\x64\Debug\CL.4936.write.1.tlog
C:\Users\maik\Desktop\VxKex\VxlView\x64\Debug\CL.9384.read.1.tlog
C:\Users\maik\Desktop\VxKex\VxlView\x64\Debug\CL.9384.write.1.tlog
C:\Users\maik\Desktop\VxKex\VxlView\x64\Debug\CL.9948.read.1.tlog
C:\Users\maik\Desktop\VxKex\VxlView\x64\Debug\CL.9948.write.1.tlog
C:\Users\maik\Desktop\VxKex\VxlView\x64\Debug\cl.command.1.tlog
C:\Users\maik\Desktop\VxKex\VxlView\x64\Debug\CL.read.1.tlog
C:\Users\maik\Desktop\VxKex\VxlView\x64\Debug\cl.write.1.tlog
C:\Users\maik\Desktop\VxKex\VxlView\x64\Debug\config.obj
C:\Users\maik\Desktop\VxKex\VxlView\x64\Debug\details.obj
C:\Users\maik\Desktop\VxKex\VxlView\x64\Debug\filters.obj
C:\Users\maik\Desktop\VxKex\VxlView\x64\Debug\globals.obj
C:\Users\maik\Desktop\VxKex\VxlView\x64\Debug\goto.obj
C:\Users\maik\Desktop\VxKex\VxlView\x64\Debug\helpabout.obj
C:\Users\maik\Desktop\VxKex\VxlView\x64\Debug\link.command.1.tlog
C:\Users\maik\Desktop\VxKex\VxlView\x64\Debug\link.read.1.tlog
C:\Users\maik\Desktop\VxKex\VxlView\x64\Debug\link.write.1.tlog
C:\Users\maik\Desktop\VxKex\VxlView\x64\Debug\link-cvtres.read.1.tlog
C:\Users\maik\Desktop\VxKex\VxlView\x64\Debug\link-cvtres.write.1.tlog
C:\Users\maik\Desktop\VxKex\VxlView\x64\Debug\listview.obj
C:\Users\maik\Desktop\VxKex\VxlView\x64\Debug\mt.command.1.tlog
C:\Users\maik\Desktop\VxKex\VxlView\x64\Debug\mt.read.1.tlog
C:\Users\maik\Desktop\VxKex\VxlView\x64\Debug\mt.write.1.tlog
C:\Users\maik\Desktop\VxKex\VxlView\x64\Debug\rc.command.1.tlog
C:\Users\maik\Desktop\VxKex\VxlView\x64\Debug\rc.read.1.tlog
C:\Users\maik\Desktop\VxKex\VxlView\x64\Debug\rc.write.1.tlog
C:\Users\maik\Desktop\VxKex\VxlView\x64\Debug\statusbar.obj
C:\USERS\MAIK\DESKTOP\VXKEX\VXLVIEW\X64\DEBUG\VC100.PDB
C:\USERS\MAIK\DESKTOP\VXKEX\VXLVIEW\X64\DEBUG\VXLVIEW.EXE.INTERMEDIATE.MANIFEST
C:\Users\maik\Desktop\VxKex\VxlView\x64\Debug\vxlview.obj
C:\USERS\MAIK\DESKTOP\VXKEX\VXLVIEW\X64\DEBUG\VXLVIEW.RES
C:\Users\maik\Desktop\VxKex\VxlView\x64\Debug\VxlView.write.1.tlog
C:\USERS\MAIK\DESKTOP\VXKEX\X64\DEBUG\VXLVIEW.EXE
C:\USERS\MAIK\DESKTOP\VXKEX\X64\DEBUG\VXLVIEW.PDB
